{"/home/ppl_insight_hub/fantasy-football-pi/fantasy-football-pi/frontend/src/api/draftAnalyzerApi.js": {"path":"/home/ppl_insight_hub/fantasy-football-pi/fantasy-football-pi/frontend/src/api/draftAnalyzerApi.js","statementMap":{"0":{"start":{"line":3,"column":22},"end":{"line":3,"column":67}},"1":{"start":{"line":6,"column":2},"end":{"line":6,"column":null}},"2":{"start":{"line":10,"column":18},"end":{"line":10,"column":73}},"3":{"start":{"line":11,"column":15},"end":{"line":11,"column":50}},"4":{"start":{"line":12,"column":2},"end":{"line":14,"column":null}},"5":{"start":{"line":13,"column":4},"end":{"line":13,"column":null}},"6":{"start":{"line":15,"column":2},"end":{"line":23,"column":null}},"7":{"start":{"line":16,"column":14},"end":{"line":16,"column":15}},"8":{"start":{"line":17,"column":4},"end":{"line":19,"column":null}},"9":{"start":{"line":18,"column":6},"end":{"line":18,"column":null}},"10":{"start":{"line":20,"column":4},"end":{"line":22,"column":null}},"11":{"start":{"line":21,"column":6},"end":{"line":21,"column":null}},"12":{"start":{"line":24,"column":2},"end":{"line":24,"column":null}},"13":{"start":{"line":28,"column":17},"end":{"line":28,"column":47}},"14":{"start":{"line":29,"column":2},"end":{"line":29,"column":null}},"15":{"start":{"line":29,"column":14},"end":{"line":29,"column":null}},"16":{"start":{"line":31,"column":17},"end":{"line":31,"column":47}},"17":{"start":{"line":32,"column":2},"end":{"line":32,"column":null}},"18":{"start":{"line":32,"column":14},"end":{"line":32,"column":null}},"19":{"start":{"line":34,"column":2},"end":{"line":38,"column":null}},"20":{"start":{"line":42,"column":15},"end":{"line":42,"column":52}},"21":{"start":{"line":43,"column":15},"end":{"line":43,"column":24}},"22":{"start":{"line":45,"column":2},"end":{"line":63,"column":null}},"23":{"start":{"line":46,"column":21},"end":{"line":46,"column":44}},"24":{"start":{"line":47,"column":4},"end":{"line":47,"column":null}},"25":{"start":{"line":47,"column":19},"end":{"line":47,"column":null}},"26":{"start":{"line":48,"column":24},"end":{"line":48,"column":42}},"27":{"start":{"line":49,"column":30},"end":{"line":49,"column":73}},"28":{"start":{"line":50,"column":31},"end":{"line":50,"column":84}},"29":{"start":{"line":51,"column":31},"end":{"line":51,"column":71}},"30":{"start":{"line":52,"column":32},"end":{"line":52,"column":77}},"31":{"start":{"line":55,"column":6},"end":{"line":58,"column":152}},"32":{"start":{"line":60,"column":4},"end":{"line":62,"column":null}},"33":{"start":{"line":61,"column":6},"end":{"line":61,"column":null}},"34":{"start":{"line":65,"column":24},"end":{"line":65,"column":49}},"35":{"start":{"line":66,"column":19},"end":{"line":66,"column":28}},"36":{"start":{"line":68,"column":2},"end":{"line":85,"column":null}},"37":{"start":{"line":69,"column":16},"end":{"line":69,"column":46}},"38":{"start":{"line":70,"column":20},"end":{"line":70,"column":37}},"39":{"start":{"line":71,"column":30},"end":{"line":71,"column":73}},"40":{"start":{"line":72,"column":31},"end":{"line":72,"column":76}},"41":{"start":{"line":73,"column":31},"end":{"line":73,"column":71}},"42":{"start":{"line":74,"column":32},"end":{"line":74,"column":73}},"43":{"start":{"line":77,"column":6},"end":{"line":80,"column":148}},"44":{"start":{"line":82,"column":4},"end":{"line":84,"column":null}},"45":{"start":{"line":83,"column":6},"end":{"line":83,"column":null}},"46":{"start":{"line":87,"column":2},"end":{"line":87,"column":null}},"47":{"start":{"line":91,"column":2},"end":{"line":91,"column":null}},"48":{"start":{"line":95,"column":2},"end":{"line":98,"column":null}},"49":{"start":{"line":102,"column":2},"end":{"line":102,"column":null}},"50":{"start":{"line":106,"column":2},"end":{"line":106,"column":null}},"51":{"start":{"line":110,"column":2},"end":{"line":113,"column":null}},"52":{"start":{"line":117,"column":17},"end":{"line":117,"column":55}},"53":{"start":{"line":118,"column":2},"end":{"line":118,"column":null}},"54":{"start":{"line":118,"column":15},"end":{"line":118,"column":null}},"55":{"start":{"line":119,"column":2},"end":{"line":119,"column":null}},"56":{"start":{"line":123,"column":2},"end":{"line":123,"column":null}},"57":{"start":{"line":127,"column":2},"end":{"line":127,"column":null}},"58":{"start":{"line":131,"column":2},"end":{"line":134,"column":null}},"59":{"start":{"line":138,"column":2},"end":{"line":138,"column":null}}},"fnMap":{"0":{"name":"normalizeText","decl":{"start":{"line":5,"column":9},"end":{"line":5,"column":22}},"loc":{"start":{"line":5,"column":30},"end":{"line":7,"column":null}},"line":5},"1":{"name":"normalizeNameForDedupe","decl":{"start":{"line":9,"column":9},"end":{"line":9,"column":31}},"loc":{"start":{"line":9,"column":39},"end":{"line":25,"column":null}},"line":9},"2":{"name":"buildFallbackPlayerKey","decl":{"start":{"line":27,"column":9},"end":{"line":27,"column":31}},"loc":{"start":{"line":27,"column":40},"end":{"line":39,"column":null}},"line":27},"3":{"name":"dedupePlayersForUi","decl":{"start":{"line":41,"column":9},"end":{"line":41,"column":27}},"loc":{"start":{"line":41,"column":37},"end":{"line":88,"column":null}},"line":41},"4":{"name":"fetchCurrentUser","decl":{"start":{"line":90,"column":16},"end":{"line":90,"column":32}},"loc":{"start":{"line":90,"column":35},"end":{"line":92,"column":null}},"line":90},"5":{"name":"fetchLeagueOwners","decl":{"start":{"line":94,"column":16},"end":{"line":94,"column":33}},"loc":{"start":{"line":94,"column":44},"end":{"line":99,"column":null}},"line":94},"6":{"name":"fetchAllPlayers","decl":{"start":{"line":101,"column":16},"end":{"line":101,"column":31}},"loc":{"start":{"line":101,"column":34},"end":{"line":103,"column":null}},"line":101},"7":{"name":"fetchLeagueSettings","decl":{"start":{"line":105,"column":16},"end":{"line":105,"column":35}},"loc":{"start":{"line":105,"column":46},"end":{"line":107,"column":null}},"line":105},"8":{"name":"fetchDraftHistory","decl":{"start":{"line":109,"column":16},"end":{"line":109,"column":33}},"loc":{"start":{"line":109,"column":45},"end":{"line":114,"column":null}},"line":109},"9":{"name":"fetchHistoricalRankings","decl":{"start":{"line":116,"column":16},"end":{"line":116,"column":39}},"loc":{"start":{"line":116,"column":84},"end":{"line":120,"column":null}},"line":116},"10":{"name":"fetchModelPredictions","decl":{"start":{"line":122,"column":16},"end":{"line":122,"column":37}},"loc":{"start":{"line":122,"column":47},"end":{"line":124,"column":null}},"line":122},"11":{"name":"runDraftSimulation","decl":{"start":{"line":126,"column":16},"end":{"line":126,"column":34}},"loc":{"start":{"line":126,"column":44},"end":{"line":128,"column":null}},"line":126},"12":{"name":"fetchPlayerSeasonDetails","decl":{"start":{"line":130,"column":16},"end":{"line":130,"column":40}},"loc":{"start":{"line":130,"column":59},"end":{"line":135,"column":null}},"line":130},"13":{"name":"queryDraftAdvisor","decl":{"start":{"line":137,"column":16},"end":{"line":137,"column":33}},"loc":{"start":{"line":137,"column":43},"end":{"line":139,"column":null}},"line":137}},"branchMap":{"0":{"loc":{"start":{"line":6,"column":16},"end":{"line":6,"column":27}},"type":"binary-expr","locations":[{"start":{"line":6,"column":16},"end":{"line":6,"column":21}},{"start":{"line":6,"column":25},"end":{"line":6,"column":27}}],"line":6},"1":{"loc":{"start":{"line":11,"column":15},"end":{"line":11,"column":50}},"type":"cond-expr","locations":[{"start":{"line":11,"column":25},"end":{"line":11,"column":45}},{"start":{"line":11,"column":48},"end":{"line":11,"column":50}}],"line":11},"2":{"loc":{"start":{"line":12,"column":2},"end":{"line":14,"column":null}},"type":"if","locations":[{"start":{"line":12,"column":2},"end":{"line":14,"column":null}},{"start":{},"end":{}}],"line":12},"3":{"loc":{"start":{"line":12,"column":6},"end":{"line":12,"column":71}},"type":"binary-expr","locations":[{"start":{"line":12,"column":6},"end":{"line":12,"column":23}},{"start":{"line":12,"column":27},"end":{"line":12,"column":71}}],"line":12},"4":{"loc":{"start":{"line":15,"column":2},"end":{"line":23,"column":null}},"type":"if","locations":[{"start":{"line":15,"column":2},"end":{"line":23,"column":null}},{"start":{},"end":{}}],"line":15},"5":{"loc":{"start":{"line":17,"column":11},"end":{"line":17,"column":58}},"type":"binary-expr","locations":[{"start":{"line":17,"column":11},"end":{"line":17,"column":30}},{"start":{"line":17,"column":34},"end":{"line":17,"column":58}}],"line":17},"6":{"loc":{"start":{"line":20,"column":4},"end":{"line":22,"column":null}},"type":"if","locations":[{"start":{"line":20,"column":4},"end":{"line":22,"column":null}},{"start":{},"end":{}}],"line":20},"7":{"loc":{"start":{"line":29,"column":2},"end":{"line":29,"column":null}},"type":"if","locations":[{"start":{"line":29,"column":2},"end":{"line":29,"column":null}},{"start":{},"end":{}}],"line":29},"8":{"loc":{"start":{"line":32,"column":2},"end":{"line":32,"column":null}},"type":"if","locations":[{"start":{"line":32,"column":2},"end":{"line":32,"column":null}},{"start":{},"end":{}}],"line":32},"9":{"loc":{"start":{"line":42,"column":15},"end":{"line":42,"column":52}},"type":"cond-expr","locations":[{"start":{"line":42,"column":40},"end":{"line":42,"column":47}},{"start":{"line":42,"column":50},"end":{"line":42,"column":52}}],"line":42},"10":{"loc":{"start":{"line":46,"column":28},"end":{"line":46,"column":43}},"type":"binary-expr","locations":[{"start":{"line":46,"column":28},"end":{"line":46,"column":38}},{"start":{"line":46,"column":42},"end":{"line":46,"column":43}}],"line":46},"11":{"loc":{"start":{"line":47,"column":4},"end":{"line":47,"column":null}},"type":"if","locations":[{"start":{"line":47,"column":4},"end":{"line":47,"column":null}},{"start":{},"end":{}}],"line":47},"12":{"loc":{"start":{"line":49,"column":38},"end":{"line":49,"column":72}},"type":"binary-expr","locations":[{"start":{"line":49,"column":38},"end":{"line":49,"column":53}},{"start":{"line":49,"column":57},"end":{"line":49,"column":72}}],"line":49},"13":{"loc":{"start":{"line":50,"column":39},"end":{"line":50,"column":83}},"type":"binary-expr","locations":[{"start":{"line":50,"column":39},"end":{"line":50,"column":59}},{"start":{"line":50,"column":63},"end":{"line":50,"column":83}}],"line":50},"14":{"loc":{"start":{"line":55,"column":6},"end":{"line":58,"column":152}},"type":"binary-expr","locations":[{"start":{"line":55,"column":6},"end":{"line":55,"column":18}},{"start":{"line":56,"column":7},"end":{"line":56,"column":24}},{"start":{"line":56,"column":28},"end":{"line":56,"column":47}},{"start":{"line":57,"column":7},"end":{"line":57,"column":47}},{"start":{"line":57,"column":51},"end":{"line":57,"column":69}},{"start":{"line":57,"column":73},"end":{"line":57,"column":93}},{"start":{"line":58,"column":7},"end":{"line":58,"column":47}},{"start":{"line":58,"column":51},"end":{"line":58,"column":93}},{"start":{"line":58,"column":97},"end":{"line":58,"column":151}}],"line":55},"15":{"loc":{"start":{"line":60,"column":4},"end":{"line":62,"column":null}},"type":"if","locations":[{"start":{"line":60,"column":4},"end":{"line":62,"column":null}},{"start":{},"end":{}}],"line":60},"16":{"loc":{"start":{"line":71,"column":38},"end":{"line":71,"column":72}},"type":"binary-expr","locations":[{"start":{"line":71,"column":38},"end":{"line":71,"column":53}},{"start":{"line":71,"column":57},"end":{"line":71,"column":72}}],"line":71},"17":{"loc":{"start":{"line":72,"column":39},"end":{"line":72,"column":75}},"type":"binary-expr","locations":[{"start":{"line":72,"column":39},"end":{"line":72,"column":55}},{"start":{"line":72,"column":59},"end":{"line":72,"column":75}}],"line":72},"18":{"loc":{"start":{"line":77,"column":6},"end":{"line":80,"column":148}},"type":"binary-expr","locations":[{"start":{"line":77,"column":6},"end":{"line":77,"column":14}},{"start":{"line":78,"column":7},"end":{"line":78,"column":24}},{"start":{"line":78,"column":28},"end":{"line":78,"column":47}},{"start":{"line":79,"column":7},"end":{"line":79,"column":47}},{"start":{"line":79,"column":51},"end":{"line":79,"column":69}},{"start":{"line":79,"column":73},"end":{"line":79,"column":93}},{"start":{"line":80,"column":7},"end":{"line":80,"column":47}},{"start":{"line":80,"column":51},"end":{"line":80,"column":93}},{"start":{"line":80,"column":97},"end":{"line":80,"column":147}}],"line":77},"19":{"loc":{"start":{"line":82,"column":4},"end":{"line":84,"column":null}},"type":"if","locations":[{"start":{"line":82,"column":4},"end":{"line":84,"column":null}},{"start":{},"end":{}}],"line":82},"20":{"loc":{"start":{"line":116,"column":69},"end":{"line":116,"column":80}},"type":"default-arg","locations":[{"start":{"line":116,"column":77},"end":{"line":116,"column":80}}],"line":116},"21":{"loc":{"start":{"line":118,"column":2},"end":{"line":118,"column":null}},"type":"if","locations":[{"start":{"line":118,"column":2},"end":{"line":118,"column":null}},{"start":{},"end":{}}],"line":118}},"s":{"0":1,"1":0,"2":0,"3":0,"4":0,"5":0,"6":0,"7":0,"8":0,"9":0,"10":0,"11":0,"12":0,"13":0,"14":0,"15":0,"16":0,"17":0,"18":0,"19":0,"20":0,"21":0,"22":0,"23":0,"24":0,"25":0,"26":0,"27":0,"28":0,"29":0,"30":0,"31":0,"32":0,"33":0,"34":0,"35":0,"36":0,"37":0,"38":0,"39":0,"40":0,"41":0,"42":0,"43":0,"44":0,"45":0,"46":0,"47":1,"48":1,"49":1,"50":1,"51":1,"52":1,"53":1,"54":1,"55":1,"56":0,"57":0,"58":0,"59":0},"f":{"0":0,"1":0,"2":0,"3":0,"4":1,"5":1,"6":1,"7":1,"8":1,"9":1,"10":0,"11":0,"12":0,"13":0},"b":{"0":[0,0],"1":[0,0],"2":[0,0],"3":[0,0],"4":[0,0],"5":[0,0],"6":[0,0],"7":[0,0],"8":[0,0],"9":[0,0],"10":[0,0],"11":[0,0],"12":[0,0],"13":[0,0],"14":[0,0,0,0,0,0,0,0,0],"15":[0,0],"16":[0,0],"17":[0,0],"18":[0,0,0,0,0,0,0,0,0],"19":[0,0],"20":[1],"21":[1,0]},"meta":{"lastBranch":22,"lastFunction":14,"lastStatement":60,"seen":{"s:3:22:3:67":0,"f:5:9:5:22":0,"s:6:2:6:Infinity":1,"b:6:16:6:21:6:25:6:27":0,"f:9:9:9:31":1,"s:10:18:10:73":2,"s:11:15:11:50":3,"b:11:25:11:45:11:48:11:50":1,"b:12:2:14:Infinity:undefined:undefined:undefined:undefined":2,"s:12:2:14:Infinity":4,"b:12:6:12:23:12:27:12:71":3,"s:13:4:13:Infinity":5,"b:15:2:23:Infinity:undefined:undefined:undefined:undefined":4,"s:15:2:23:Infinity":6,"s:16:14:16:15":7,"s:17:4:19:Infinity":8,"b:17:11:17:30:17:34:17:58":5,"s:18:6:18:Infinity":9,"b:20:4:22:Infinity:undefined:undefined:undefined:undefined":6,"s:20:4:22:Infinity":10,"s:21:6:21:Infinity":11,"s:24:2:24:Infinity":12,"f:27:9:27:31":2,"s:28:17:28:47":13,"b:29:2:29:Infinity:undefined:undefined:undefined:undefined":7,"s:29:2:29:Infinity":14,"s:29:14:29:Infinity":15,"s:31:17:31:47":16,"b:32:2:32:Infinity:undefined:undefined:undefined:undefined":8,"s:32:2:32:Infinity":17,"s:32:14:32:Infinity":18,"s:34:2:38:Infinity":19,"f:41:9:41:27":3,"s:42:15:42:52":20,"b:42:40:42:47:42:50:42:52":9,"s:43:15:43:24":21,"s:45:2:63:Infinity":22,"s:46:21:46:44":23,"b:46:28:46:38:46:42:46:43":10,"b:47:4:47:Infinity:undefined:undefined:undefined:undefined":11,"s:47:4:47:Infinity":24,"s:47:19:47:Infinity":25,"s:48:24:48:42":26,"s:49:30:49:73":27,"b:49:38:49:53:49:57:49:72":12,"s:50:31:50:84":28,"b:50:39:50:59:50:63:50:83":13,"s:51:31:51:71":29,"s:52:32:52:77":30,"s:55:6:58:152":31,"b:55:6:55:18:56:7:56:24:56:28:56:47:57:7:57:47:57:51:57:69:57:73:57:93:58:7:58:47:58:51:58:93:58:97:58:151":14,"b:60:4:62:Infinity:undefined:undefined:undefined:undefined":15,"s:60:4:62:Infinity":32,"s:61:6:61:Infinity":33,"s:65:24:65:49":34,"s:66:19:66:28":35,"s:68:2:85:Infinity":36,"s:69:16:69:46":37,"s:70:20:70:37":38,"s:71:30:71:73":39,"b:71:38:71:53:71:57:71:72":16,"s:72:31:72:76":40,"b:72:39:72:55:72:59:72:75":17,"s:73:31:73:71":41,"s:74:32:74:73":42,"s:77:6:80:148":43,"b:77:6:77:14:78:7:78:24:78:28:78:47:79:7:79:47:79:51:79:69:79:73:79:93:80:7:80:47:80:51:80:93:80:97:80:147":18,"b:82:4:84:Infinity:undefined:undefined:undefined:undefined":19,"s:82:4:84:Infinity":44,"s:83:6:83:Infinity":45,"s:87:2:87:Infinity":46,"f:90:16:90:32":4,"s:91:2:91:Infinity":47,"f:94:16:94:33":5,"s:95:2:98:Infinity":48,"f:101:16:101:31":6,"s:102:2:102:Infinity":49,"f:105:16:105:35":7,"s:106:2:106:Infinity":50,"f:109:16:109:33":8,"s:110:2:113:Infinity":51,"f:116:16:116:39":9,"b:116:77:116:80":20,"s:117:17:117:55":52,"b:118:2:118:Infinity:undefined:undefined:undefined:undefined":21,"s:118:2:118:Infinity":53,"s:118:15:118:Infinity":54,"s:119:2:119:Infinity":55,"f:122:16:122:37":10,"s:123:2:123:Infinity":56,"f:126:16:126:34":11,"s:127:2:127:Infinity":57,"f:130:16:130:40":12,"s:131:2:134:Infinity":58,"f:137:16:137:33":13,"s:138:2:138:Infinity":59}}}
,"/home/ppl_insight_hub/fantasy-football-pi/fantasy-football-pi/frontend/src/api/fetching.js": {"path":"/home/ppl_insight_hub/fantasy-football-pi/fantasy-football-pi/frontend/src/api/fetching.js","statementMap":{"0":{"start":{"line":4,"column":2},"end":{"line":4,"column":null}},"1":{"start":{"line":4,"column":34},"end":{"line":4,"column":57}},"2":{"start":{"line":8,"column":18},"end":{"line":8,"column":39}},"3":{"start":{"line":9,"column":2},"end":{"line":11,"column":null}},"4":{"start":{"line":10,"column":4},"end":{"line":10,"column":null}},"5":{"start":{"line":12,"column":2},"end":{"line":37,"column":null}},"6":{"start":{"line":13,"column":19},"end":{"line":13,"column":33}},"7":{"start":{"line":14,"column":4},"end":{"line":16,"column":null}},"8":{"start":{"line":15,"column":6},"end":{"line":15,"column":null}},"9":{"start":{"line":17,"column":4},"end":{"line":29,"column":null}},"10":{"start":{"line":18,"column":20},"end":{"line":27,"column":24}},"11":{"start":{"line":20,"column":10},"end":{"line":20,"column":null}},"12":{"start":{"line":20,"column":28},"end":{"line":20,"column":null}},"13":{"start":{"line":21,"column":10},"end":{"line":21,"column":null}},"14":{"start":{"line":21,"column":40},"end":{"line":21,"column":null}},"15":{"start":{"line":22,"column":10},"end":{"line":24,"column":null}},"16":{"start":{"line":23,"column":12},"end":{"line":23,"column":null}},"17":{"start":{"line":25,"column":10},"end":{"line":25,"column":null}},"18":{"start":{"line":28,"column":6},"end":{"line":28,"column":null}},"19":{"start":{"line":30,"column":4},"end":{"line":35,"column":null}},"20":{"start":{"line":31,"column":6},"end":{"line":31,"column":null}},"21":{"start":{"line":31,"column":56},"end":{"line":31,"column":null}},"22":{"start":{"line":32,"column":6},"end":{"line":32,"column":null}},"23":{"start":{"line":32,"column":64},"end":{"line":32,"column":null}},"24":{"start":{"line":33,"column":6},"end":{"line":33,"column":null}},"25":{"start":{"line":33,"column":62},"end":{"line":33,"column":null}},"26":{"start":{"line":34,"column":6},"end":{"line":34,"column":null}},"27":{"start":{"line":36,"column":4},"end":{"line":36,"column":null}},"28":{"start":{"line":38,"column":2},"end":{"line":40,"column":null}},"29":{"start":{"line":39,"column":4},"end":{"line":39,"column":null}},"30":{"start":{"line":41,"column":2},"end":{"line":43,"column":null}},"31":{"start":{"line":42,"column":4},"end":{"line":42,"column":null}},"32":{"start":{"line":44,"column":2},"end":{"line":44,"column":null}},"33":{"start":{"line":48,"column":17},"end":{"line":48,"column":53}},"34":{"start":{"line":49,"column":2},"end":{"line":49,"column":null}},"35":{"start":{"line":49,"column":15},"end":{"line":49,"column":null}},"36":{"start":{"line":50,"column":2},"end":{"line":50,"column":null}},"37":{"start":{"line":61,"column":16},"end":{"line":61,"column":17}},"38":{"start":{"line":64,"column":2},"end":{"line":76,"column":null}},"39":{"start":{"line":65,"column":4},"end":{"line":75,"column":null}},"40":{"start":{"line":66,"column":23},"end":{"line":66,"column":77}},"41":{"start":{"line":67,"column":6},"end":{"line":67,"column":null}},"42":{"start":{"line":69,"column":6},"end":{"line":69,"column":null}},"43":{"start":{"line":70,"column":6},"end":{"line":72,"column":null}},"44":{"start":{"line":71,"column":8},"end":{"line":71,"column":null}},"45":{"start":{"line":73,"column":6},"end":{"line":73,"column":null}},"46":{"start":{"line":74,"column":6},"end":{"line":74,"column":null}},"47":{"start":{"line":78,"column":2},"end":{"line":78,"column":null}},"48":{"start":{"line":82,"column":2},"end":{"line":82,"column":null}},"49":{"start":{"line":86,"column":2},"end":{"line":86,"column":null}}},"fnMap":{"0":{"name":"delay","decl":{"start":{"line":3,"column":9},"end":{"line":3,"column":14}},"loc":{"start":{"line":3,"column":19},"end":{"line":5,"column":null}},"line":3},"1":{"name":"(anonymous_1)","decl":{"start":{"line":4,"column":21},"end":{"line":4,"column":22}},"loc":{"start":{"line":4,"column":34},"end":{"line":4,"column":57}},"line":4},"2":{"name":"normalizeApiError","decl":{"start":{"line":7,"column":16},"end":{"line":7,"column":33}},"loc":{"start":{"line":7,"column":78},"end":{"line":45,"column":null}},"line":7},"3":{"name":"(anonymous_3)","decl":{"start":{"line":19,"column":13},"end":{"line":19,"column":14}},"loc":{"start":{"line":19,"column":23},"end":{"line":26,"column":9}},"line":19},"4":{"name":"shouldRetry","decl":{"start":{"line":47,"column":9},"end":{"line":47,"column":20}},"loc":{"start":{"line":47,"column":28},"end":{"line":51,"column":null}},"line":47},"5":{"name":"requestWithRetry","decl":{"start":{"line":53,"column":22},"end":{"line":53,"column":38}},"loc":{"start":{"line":60,"column":3},"end":{"line":79,"column":null}},"line":60},"6":{"name":"getJson","decl":{"start":{"line":81,"column":16},"end":{"line":81,"column":23}},"loc":{"start":{"line":81,"column":43},"end":{"line":83,"column":null}},"line":81},"7":{"name":"postJson","decl":{"start":{"line":85,"column":16},"end":{"line":85,"column":24}},"loc":{"start":{"line":85,"column":50},"end":{"line":87,"column":null}},"line":85}},"branchMap":{"0":{"loc":{"start":{"line":7,"column":41},"end":{"line":7,"column":76}},"type":"default-arg","locations":[{"start":{"line":7,"column":59},"end":{"line":7,"column":76}}],"line":7},"1":{"loc":{"start":{"line":9,"column":2},"end":{"line":11,"column":null}},"type":"if","locations":[{"start":{"line":9,"column":2},"end":{"line":11,"column":null}},{"start":{},"end":{}}],"line":9},"2":{"loc":{"start":{"line":9,"column":6},"end":{"line":9,"column":51}},"type":"binary-expr","locations":[{"start":{"line":9,"column":6},"end":{"line":9,"column":33}},{"start":{"line":9,"column":37},"end":{"line":9,"column":51}}],"line":9},"3":{"loc":{"start":{"line":12,"column":2},"end":{"line":37,"column":null}},"type":"if","locations":[{"start":{"line":12,"column":2},"end":{"line":37,"column":null}},{"start":{},"end":{}}],"line":12},"4":{"loc":{"start":{"line":14,"column":4},"end":{"line":16,"column":null}},"type":"if","locations":[{"start":{"line":14,"column":4},"end":{"line":16,"column":null}},{"start":{},"end":{}}],"line":14},"5":{"loc":{"start":{"line":14,"column":8},"end":{"line":14,"column":51}},"type":"binary-expr","locations":[{"start":{"line":14,"column":8},"end":{"line":14,"column":34}},{"start":{"line":14,"column":38},"end":{"line":14,"column":51}}],"line":14},"6":{"loc":{"start":{"line":17,"column":4},"end":{"line":29,"column":null}},"type":"if","locations":[{"start":{"line":17,"column":4},"end":{"line":29,"column":null}},{"start":{},"end":{}}],"line":17},"7":{"loc":{"start":{"line":20,"column":10},"end":{"line":20,"column":null}},"type":"if","locations":[{"start":{"line":20,"column":10},"end":{"line":20,"column":null}},{"start":{},"end":{}}],"line":20},"8":{"loc":{"start":{"line":21,"column":10},"end":{"line":21,"column":null}},"type":"if","locations":[{"start":{"line":21,"column":10},"end":{"line":21,"column":null}},{"start":{},"end":{}}],"line":21},"9":{"loc":{"start":{"line":22,"column":10},"end":{"line":24,"column":null}},"type":"if","locations":[{"start":{"line":22,"column":10},"end":{"line":24,"column":null}},{"start":{},"end":{}}],"line":22},"10":{"loc":{"start":{"line":23,"column":19},"end":{"line":23,"column":82}},"type":"binary-expr","locations":[{"start":{"line":23,"column":19},"end":{"line":23,"column":27}},{"start":{"line":23,"column":31},"end":{"line":23,"column":43}},{"start":{"line":23,"column":47},"end":{"line":23,"column":58}},{"start":{"line":23,"column":62},"end":{"line":23,"column":82}}],"line":23},"11":{"loc":{"start":{"line":28,"column":13},"end":{"line":28,"column":69}},"type":"cond-expr","locations":[{"start":{"line":28,"column":28},"end":{"line":28,"column":44}},{"start":{"line":28,"column":47},"end":{"line":28,"column":69}}],"line":28},"12":{"loc":{"start":{"line":30,"column":4},"end":{"line":35,"column":null}},"type":"if","locations":[{"start":{"line":30,"column":4},"end":{"line":35,"column":null}},{"start":{},"end":{}}],"line":30},"13":{"loc":{"start":{"line":31,"column":6},"end":{"line":31,"column":null}},"type":"if","locations":[{"start":{"line":31,"column":6},"end":{"line":31,"column":null}},{"start":{},"end":{}}],"line":31},"14":{"loc":{"start":{"line":31,"column":10},"end":{"line":31,"column":54}},"type":"binary-expr","locations":[{"start":{"line":31,"column":10},"end":{"line":31,"column":40}},{"start":{"line":31,"column":44},"end":{"line":31,"column":54}}],"line":31},"15":{"loc":{"start":{"line":32,"column":6},"end":{"line":32,"column":null}},"type":"if","locations":[{"start":{"line":32,"column":6},"end":{"line":32,"column":null}},{"start":{},"end":{}}],"line":32},"16":{"loc":{"start":{"line":32,"column":10},"end":{"line":32,"column":62}},"type":"binary-expr","locations":[{"start":{"line":32,"column":10},"end":{"line":32,"column":44}},{"start":{"line":32,"column":48},"end":{"line":32,"column":62}}],"line":32},"17":{"loc":{"start":{"line":33,"column":6},"end":{"line":33,"column":null}},"type":"if","locations":[{"start":{"line":33,"column":6},"end":{"line":33,"column":null}},{"start":{},"end":{}}],"line":33},"18":{"loc":{"start":{"line":33,"column":10},"end":{"line":33,"column":60}},"type":"binary-expr","locations":[{"start":{"line":33,"column":10},"end":{"line":33,"column":43}},{"start":{"line":33,"column":47},"end":{"line":33,"column":60}}],"line":33},"19":{"loc":{"start":{"line":38,"column":2},"end":{"line":40,"column":null}},"type":"if","locations":[{"start":{"line":38,"column":2},"end":{"line":40,"column":null}},{"start":{},"end":{}}],"line":38},"20":{"loc":{"start":{"line":41,"column":2},"end":{"line":43,"column":null}},"type":"if","locations":[{"start":{"line":41,"column":2},"end":{"line":43,"column":null}},{"start":{},"end":{}}],"line":41},"21":{"loc":{"start":{"line":48,"column":24},"end":{"line":48,"column":52}},"type":"binary-expr","locations":[{"start":{"line":48,"column":24},"end":{"line":48,"column":47}},{"start":{"line":48,"column":51},"end":{"line":48,"column":52}}],"line":48},"22":{"loc":{"start":{"line":49,"column":2},"end":{"line":49,"column":null}},"type":"if","locations":[{"start":{"line":49,"column":2},"end":{"line":49,"column":null}},{"start":{},"end":{}}],"line":49},"23":{"loc":{"start":{"line":50,"column":9},"end":{"line":50,"column":76}},"type":"binary-expr","locations":[{"start":{"line":50,"column":9},"end":{"line":50,"column":23}},{"start":{"line":50,"column":27},"end":{"line":50,"column":41}},{"start":{"line":50,"column":45},"end":{"line":50,"column":59}},{"start":{"line":50,"column":63},"end":{"line":50,"column":76}}],"line":50},"24":{"loc":{"start":{"line":54,"column":2},"end":{"line":54,"column":16}},"type":"default-arg","locations":[{"start":{"line":54,"column":11},"end":{"line":54,"column":16}}],"line":54},"25":{"loc":{"start":{"line":58,"column":2},"end":{"line":58,"column":13}},"type":"default-arg","locations":[{"start":{"line":58,"column":12},"end":{"line":58,"column":13}}],"line":58},"26":{"loc":{"start":{"line":59,"column":2},"end":{"line":59,"column":20}},"type":"default-arg","locations":[{"start":{"line":59,"column":17},"end":{"line":59,"column":20}}],"line":59},"27":{"loc":{"start":{"line":70,"column":6},"end":{"line":72,"column":null}},"type":"if","locations":[{"start":{"line":70,"column":6},"end":{"line":72,"column":null}},{"start":{},"end":{}}],"line":70},"28":{"loc":{"start":{"line":70,"column":10},"end":{"line":70,"column":51}},"type":"binary-expr","locations":[{"start":{"line":70,"column":10},"end":{"line":70,"column":28}},{"start":{"line":70,"column":32},"end":{"line":70,"column":51}}],"line":70},"29":{"loc":{"start":{"line":81,"column":29},"end":{"line":81,"column":41}},"type":"default-arg","locations":[{"start":{"line":81,"column":39},"end":{"line":81,"column":41}}],"line":81},"30":{"loc":{"start":{"line":85,"column":36},"end":{"line":85,"column":48}},"type":"default-arg","locations":[{"start":{"line":85,"column":46},"end":{"line":85,"column":48}}],"line":85}},"s":{"0":5,"1":5,"2":1,"3":1,"4":0,"5":1,"6":0,"7":0,"8":0,"9":0,"10":0,"11":0,"12":0,"13":0,"14":0,"15":0,"16":0,"17":0,"18":0,"19":0,"20":0,"21":0,"22":0,"23":0,"24":0,"25":0,"26":0,"27":0,"28":1,"29":0,"30":1,"31":1,"32":0,"33":5,"34":5,"35":5,"36":0,"37":6,"38":6,"39":11,"40":11,"41":0,"42":11,"43":11,"44":6,"45":5,"46":5,"47":0,"48":6,"49":0},"f":{"0":5,"1":5,"2":1,"3":0,"4":5,"5":6,"6":6,"7":0},"b":{"0":[1],"1":[0,1],"2":[1,0],"3":[0,1],"4":[0,0],"5":[0,0],"6":[0,0],"7":[0,0],"8":[0,0],"9":[0,0],"10":[0,0,0,0],"11":[0,0],"12":[0,0],"13":[0,0],"14":[0,0],"15":[0,0],"16":[0,0],"17":[0,0],"18":[0,0],"19":[0,1],"20":[1,0],"21":[5,5],"22":[5,0],"23":[0,0,0,0],"24":[6],"25":[6],"26":[6],"27":[6,5],"28":[11,5],"29":[6],"30":[0]},"meta":{"lastBranch":31,"lastFunction":8,"lastStatement":50,"seen":{"f:3:9:3:14":0,"s:4:2:4:Infinity":0,"f:4:21:4:22":1,"s:4:34:4:57":1,"f:7:16:7:33":2,"b:7:59:7:76":0,"s:8:18:8:39":2,"b:9:2:11:Infinity:undefined:undefined:undefined:undefined":1,"s:9:2:11:Infinity":3,"b:9:6:9:33:9:37:9:51":2,"s:10:4:10:Infinity":4,"b:12:2:37:Infinity:undefined:undefined:undefined:undefined":3,"s:12:2:37:Infinity":5,"s:13:19:13:33":6,"b:14:4:16:Infinity:undefined:undefined:undefined:undefined":4,"s:14:4:16:Infinity":7,"b:14:8:14:34:14:38:14:51":5,"s:15:6:15:Infinity":8,"b:17:4:29:Infinity:undefined:undefined:undefined:undefined":6,"s:17:4:29:Infinity":9,"s:18:20:27:24":10,"f:19:13:19:14":3,"b:20:10:20:Infinity:undefined:undefined:undefined:undefined":7,"s:20:10:20:Infinity":11,"s:20:28:20:Infinity":12,"b:21:10:21:Infinity:undefined:undefined:undefined:undefined":8,"s:21:10:21:Infinity":13,"s:21:40:21:Infinity":14,"b:22:10:24:Infinity:undefined:undefined:undefined:undefined":9,"s:22:10:24:Infinity":15,"s:23:12:23:Infinity":16,"b:23:19:23:27:23:31:23:43:23:47:23:58:23:62:23:82":10,"s:25:10:25:Infinity":17,"s:28:6:28:Infinity":18,"b:28:28:28:44:28:47:28:69":11,"b:30:4:35:Infinity:undefined:undefined:undefined:undefined":12,"s:30:4:35:Infinity":19,"b:31:6:31:Infinity:undefined:undefined:undefined:undefined":13,"s:31:6:31:Infinity":20,"b:31:10:31:40:31:44:31:54":14,"s:31:56:31:Infinity":21,"b:32:6:32:Infinity:undefined:undefined:undefined:undefined":15,"s:32:6:32:Infinity":22,"b:32:10:32:44:32:48:32:62":16,"s:32:64:32:Infinity":23,"b:33:6:33:Infinity:undefined:undefined:undefined:undefined":17,"s:33:6:33:Infinity":24,"b:33:10:33:43:33:47:33:60":18,"s:33:62:33:Infinity":25,"s:34:6:34:Infinity":26,"s:36:4:36:Infinity":27,"b:38:2:40:Infinity:undefined:undefined:undefined:undefined":19,"s:38:2:40:Infinity":28,"s:39:4:39:Infinity":29,"b:41:2:43:Infinity:undefined:undefined:undefined:undefined":20,"s:41:2:43:Infinity":30,"s:42:4:42:Infinity":31,"s:44:2:44:Infinity":32,"f:47:9:47:20":4,"s:48:17:48:53":33,"b:48:24:48:47:48:51:48:52":21,"b:49:2:49:Infinity:undefined:undefined:undefined:undefined":22,"s:49:2:49:Infinity":34,"s:49:15:49:Infinity":35,"s:50:2:50:Infinity":36,"b:50:9:50:23:50:27:50:41:50:45:50:59:50:63:50:76":23,"f:53:22:53:38":5,"b:54:11:54:16":24,"b:58:12:58:13":25,"b:59:17:59:20":26,"s:61:16:61:17":37,"s:64:2:76:Infinity":38,"s:65:4:75:Infinity":39,"s:66:23:66:77":40,"s:67:6:67:Infinity":41,"s:69:6:69:Infinity":42,"b:70:6:72:Infinity:undefined:undefined:undefined:undefined":27,"s:70:6:72:Infinity":43,"b:70:10:70:28:70:32:70:51":28,"s:71:8:71:Infinity":44,"s:73:6:73:Infinity":45,"s:74:6:74:Infinity":46,"s:78:2:78:Infinity":47,"f:81:16:81:23":6,"b:81:39:81:41":29,"s:82:2:82:Infinity":48,"f:85:16:85:24":7,"b:85:46:85:48":30,"s:86:2:86:Infinity":49}}}
,"/home/ppl_insight_hub/fantasy-football-pi/fantasy-football-pi/frontend/src/api/tradesApi.js": {"path":"/home/ppl_insight_hub/fantasy-football-pi/fantasy-football-pi/frontend/src/api/tradesApi.js","statementMap":{"0":{"start":{"line":4,"column":2},"end":{"line":4,"column":null}},"1":{"start":{"line":8,"column":21},"end":{"line":8,"column":48}},"2":{"start":{"line":9,"column":19},"end":{"line":9,"column":82}},"3":{"start":{"line":10,"column":2},"end":{"line":15,"column":null}},"4":{"start":{"line":21,"column":2},"end":{"line":28,"column":null}},"5":{"start":{"line":22,"column":16},"end":{"line":22,"column":88}},"6":{"start":{"line":23,"column":4},"end":{"line":23,"column":null}},"7":{"start":{"line":25,"column":4},"end":{"line":25,"column":null}},"8":{"start":{"line":25,"column":28},"end":{"line":25,"column":null}},"9":{"start":{"line":26,"column":19},"end":{"line":26,"column":71}},"10":{"start":{"line":27,"column":4},"end":{"line":27,"column":null}},"11":{"start":{"line":32,"column":2},"end":{"line":43,"column":null}},"12":{"start":{"line":33,"column":16},"end":{"line":33,"column":97}},"13":{"start":{"line":34,"column":4},"end":{"line":34,"column":null}},"14":{"start":{"line":36,"column":4},"end":{"line":36,"column":null}},"15":{"start":{"line":36,"column":28},"end":{"line":36,"column":null}},"16":{"start":{"line":38,"column":26},"end":{"line":40,"column":5}},"17":{"start":{"line":41,"column":16},"end":{"line":41,"column":83}},"18":{"start":{"line":42,"column":4},"end":{"line":42,"column":null}},"19":{"start":{"line":49,"column":14},"end":{"line":49,"column":75}},"20":{"start":{"line":50,"column":15},"end":{"line":50,"column":23}},"21":{"start":{"line":51,"column":2},"end":{"line":51,"column":null}},"22":{"start":{"line":51,"column":27},"end":{"line":51,"column":null}},"23":{"start":{"line":52,"column":2},"end":{"line":52,"column":null}},"24":{"start":{"line":52,"column":35},"end":{"line":52,"column":null}},"25":{"start":{"line":53,"column":2},"end":{"line":53,"column":null}},"26":{"start":{"line":53,"column":34},"end":{"line":53,"column":null}},"27":{"start":{"line":54,"column":2},"end":{"line":54,"column":null}},"28":{"start":{"line":58,"column":14},"end":{"line":58,"column":78}},"29":{"start":{"line":59,"column":2},"end":{"line":59,"column":null}},"30":{"start":{"line":63,"column":14},"end":{"line":63,"column":86}},"31":{"start":{"line":64,"column":15},"end":{"line":64,"column":23}},"32":{"start":{"line":65,"column":2},"end":{"line":65,"column":null}},"33":{"start":{"line":65,"column":27},"end":{"line":65,"column":null}},"34":{"start":{"line":66,"column":2},"end":{"line":66,"column":null}},"35":{"start":{"line":66,"column":35},"end":{"line":66,"column":null}},"36":{"start":{"line":67,"column":2},"end":{"line":67,"column":null}},"37":{"start":{"line":71,"column":14},"end":{"line":73,"column":4}},"38":{"start":{"line":74,"column":2},"end":{"line":74,"column":null}},"39":{"start":{"line":78,"column":14},"end":{"line":80,"column":4}},"40":{"start":{"line":81,"column":2},"end":{"line":81,"column":null}},"41":{"start":{"line":87,"column":14},"end":{"line":87,"column":84}},"42":{"start":{"line":88,"column":2},"end":{"line":88,"column":null}},"43":{"start":{"line":94,"column":14},"end":{"line":94,"column":89}},"44":{"start":{"line":95,"column":2},"end":{"line":95,"column":null}},"45":{"start":{"line":99,"column":14},"end":{"line":99,"column":89}},"46":{"start":{"line":100,"column":2},"end":{"line":100,"column":null}}},"fnMap":{"0":{"name":"isNotFound","decl":{"start":{"line":3,"column":9},"end":{"line":3,"column":19}},"loc":{"start":{"line":3,"column":27},"end":{"line":5,"column":null}},"line":3},"1":{"name":"fromLegacyLeagueSettings","decl":{"start":{"line":7,"column":9},"end":{"line":7,"column":33}},"loc":{"start":{"line":7,"column":45},"end":{"line":16,"column":null}},"line":7},"2":{"name":"fetchTradeWindowSettings","decl":{"start":{"line":20,"column":22},"end":{"line":20,"column":46}},"loc":{"start":{"line":20,"column":57},"end":{"line":29,"column":null}},"line":20},"3":{"name":"saveTradeWindowSettings","decl":{"start":{"line":31,"column":22},"end":{"line":31,"column":45}},"loc":{"start":{"line":31,"column":65},"end":{"line":44,"column":null}},"line":31},"4":{"name":"fetchPendingTrades","decl":{"start":{"line":48,"column":22},"end":{"line":48,"column":40}},"loc":{"start":{"line":48,"column":51},"end":{"line":55,"column":null}},"line":48},"5":{"name":"fetchTradeDetail","decl":{"start":{"line":57,"column":22},"end":{"line":57,"column":38}},"loc":{"start":{"line":57,"column":58},"end":{"line":60,"column":null}},"line":57},"6":{"name":"fetchTradeHistory","decl":{"start":{"line":62,"column":22},"end":{"line":62,"column":39}},"loc":{"start":{"line":62,"column":59},"end":{"line":68,"column":null}},"line":62},"7":{"name":"approveTrade","decl":{"start":{"line":70,"column":22},"end":{"line":70,"column":34}},"loc":{"start":{"line":70,"column":69},"end":{"line":75,"column":null}},"line":70},"8":{"name":"rejectTrade","decl":{"start":{"line":77,"column":22},"end":{"line":77,"column":33}},"loc":{"start":{"line":77,"column":68},"end":{"line":82,"column":null}},"line":77},"9":{"name":"submitTrade","decl":{"start":{"line":86,"column":22},"end":{"line":86,"column":33}},"loc":{"start":{"line":86,"column":53},"end":{"line":89,"column":null}},"line":86},"10":{"name":"fetchTeamRoster","decl":{"start":{"line":93,"column":22},"end":{"line":93,"column":37}},"loc":{"start":{"line":93,"column":56},"end":{"line":96,"column":null}},"line":93},"11":{"name":"fetchLeagueTeams","decl":{"start":{"line":98,"column":22},"end":{"line":98,"column":38}},"loc":{"start":{"line":98,"column":49},"end":{"line":101,"column":null}},"line":98}},"branchMap":{"0":{"loc":{"start":{"line":4,"column":16},"end":{"line":4,"column":44}},"type":"binary-expr","locations":[{"start":{"line":4,"column":16},"end":{"line":4,"column":39}},{"start":{"line":4,"column":43},"end":{"line":4,"column":44}}],"line":4},"1":{"loc":{"start":{"line":7,"column":34},"end":{"line":7,"column":43}},"type":"default-arg","locations":[{"start":{"line":7,"column":41},"end":{"line":7,"column":43}}],"line":7},"2":{"loc":{"start":{"line":8,"column":21},"end":{"line":8,"column":48}},"type":"binary-expr","locations":[{"start":{"line":8,"column":21},"end":{"line":8,"column":40}},{"start":{"line":8,"column":44},"end":{"line":8,"column":48}}],"line":8},"3":{"loc":{"start":{"line":9,"column":19},"end":{"line":9,"column":82}},"type":"cond-expr","locations":[{"start":{"line":9,"column":32},"end":{"line":9,"column":75}},{"start":{"line":9,"column":78},"end":{"line":9,"column":82}}],"line":9},"4":{"loc":{"start":{"line":25,"column":4},"end":{"line":25,"column":null}},"type":"if","locations":[{"start":{"line":25,"column":4},"end":{"line":25,"column":null}},{"start":{},"end":{}}],"line":25},"5":{"loc":{"start":{"line":36,"column":4},"end":{"line":36,"column":null}},"type":"if","locations":[{"start":{"line":36,"column":4},"end":{"line":36,"column":null}},{"start":{},"end":{}}],"line":36},"6":{"loc":{"start":{"line":39,"column":22},"end":{"line":39,"column":89}},"type":"cond-expr","locations":[{"start":{"line":39,"column":42},"end":{"line":39,"column":62}},{"start":{"line":39,"column":65},"end":{"line":39,"column":89}}],"line":39},"7":{"loc":{"start":{"line":51,"column":2},"end":{"line":51,"column":null}},"type":"if","locations":[{"start":{"line":51,"column":2},"end":{"line":51,"column":null}},{"start":{},"end":{}}],"line":51},"8":{"loc":{"start":{"line":52,"column":2},"end":{"line":52,"column":null}},"type":"if","locations":[{"start":{"line":52,"column":2},"end":{"line":52,"column":null}},{"start":{},"end":{}}],"line":52},"9":{"loc":{"start":{"line":53,"column":2},"end":{"line":53,"column":null}},"type":"if","locations":[{"start":{"line":53,"column":2},"end":{"line":53,"column":null}},{"start":{},"end":{}}],"line":53},"10":{"loc":{"start":{"line":65,"column":2},"end":{"line":65,"column":null}},"type":"if","locations":[{"start":{"line":65,"column":2},"end":{"line":65,"column":null}},{"start":{},"end":{}}],"line":65},"11":{"loc":{"start":{"line":66,"column":2},"end":{"line":66,"column":null}},"type":"if","locations":[{"start":{"line":66,"column":2},"end":{"line":66,"column":null}},{"start":{},"end":{}}],"line":66},"12":{"loc":{"start":{"line":70,"column":54},"end":{"line":70,"column":67}},"type":"default-arg","locations":[{"start":{"line":70,"column":65},"end":{"line":70,"column":67}}],"line":70},"13":{"loc":{"start":{"line":77,"column":53},"end":{"line":77,"column":66}},"type":"default-arg","locations":[{"start":{"line":77,"column":64},"end":{"line":77,"column":66}}],"line":77},"14":{"loc":{"start":{"line":95,"column":9},"end":{"line":95,"column":71}},"type":"cond-expr","locations":[{"start":{"line":95,"column":35},"end":{"line":95,"column":43}},{"start":{"line":95,"column":47},"end":{"line":95,"column":70}}],"line":95},"15":{"loc":{"start":{"line":95,"column":47},"end":{"line":95,"column":70}},"type":"binary-expr","locations":[{"start":{"line":95,"column":47},"end":{"line":95,"column":64}},{"start":{"line":95,"column":68},"end":{"line":95,"column":70}}],"line":95},"16":{"loc":{"start":{"line":100,"column":9},"end":{"line":100,"column":48}},"type":"cond-expr","locations":[{"start":{"line":100,"column":35},"end":{"line":100,"column":43}},{"start":{"line":100,"column":46},"end":{"line":100,"column":48}}],"line":100}},"s":{"0":0,"1":0,"2":0,"3":0,"4":0,"5":0,"6":0,"7":0,"8":0,"9":0,"10":0,"11":0,"12":0,"13":0,"14":0,"15":0,"16":0,"17":0,"18":0,"19":0,"20":0,"21":0,"22":0,"23":0,"24":0,"25":0,"26":0,"27":0,"28":0,"29":0,"30":0,"31":0,"32":0,"33":0,"34":0,"35":0,"36":0,"37":0,"38":0,"39":0,"40":0,"41":0,"42":0,"43":0,"44":0,"45":0,"46":0},"f":{"0":0,"1":0,"2":0,"3":0,"4":0,"5":0,"6":0,"7":0,"8":0,"9":0,"10":0,"11":0},"b":{"0":[0,0],"1":[0],"2":[0,0],"3":[0,0],"4":[0,0],"5":[0,0],"6":[0,0],"7":[0,0],"8":[0,0],"9":[0,0],"10":[0,0],"11":[0,0],"12":[0],"13":[0],"14":[0,0],"15":[0,0],"16":[0,0]},"meta":{"lastBranch":17,"lastFunction":12,"lastStatement":47,"seen":{"f:3:9:3:19":0,"s:4:2:4:Infinity":0,"b:4:16:4:39:4:43:4:44":0,"f:7:9:7:33":1,"b:7:41:7:43":1,"s:8:21:8:48":1,"b:8:21:8:40:8:44:8:48":2,"s:9:19:9:82":2,"b:9:32:9:75:9:78:9:82":3,"s:10:2:15:Infinity":3,"f:20:22:20:46":2,"s:21:2:28:Infinity":4,"s:22:16:22:88":5,"s:23:4:23:Infinity":6,"b:25:4:25:Infinity:undefined:undefined:undefined:undefined":4,"s:25:4:25:Infinity":7,"s:25:28:25:Infinity":8,"s:26:19:26:71":9,"s:27:4:27:Infinity":10,"f:31:22:31:45":3,"s:32:2:43:Infinity":11,"s:33:16:33:97":12,"s:34:4:34:Infinity":13,"b:36:4:36:Infinity:undefined:undefined:undefined:undefined":5,"s:36:4:36:Infinity":14,"s:36:28:36:Infinity":15,"s:38:26:40:5":16,"b:39:42:39:62:39:65:39:89":6,"s:41:16:41:83":17,"s:42:4:42:Infinity":18,"f:48:22:48:40":4,"s:49:14:49:75":19,"s:50:15:50:23":20,"b:51:2:51:Infinity:undefined:undefined:undefined:undefined":7,"s:51:2:51:Infinity":21,"s:51:27:51:Infinity":22,"b:52:2:52:Infinity:undefined:undefined:undefined:undefined":8,"s:52:2:52:Infinity":23,"s:52:35:52:Infinity":24,"b:53:2:53:Infinity:undefined:undefined:undefined:undefined":9,"s:53:2:53:Infinity":25,"s:53:34:53:Infinity":26,"s:54:2:54:Infinity":27,"f:57:22:57:38":5,"s:58:14:58:78":28,"s:59:2:59:Infinity":29,"f:62:22:62:39":6,"s:63:14:63:86":30,"s:64:15:64:23":31,"b:65:2:65:Infinity:undefined:undefined:undefined:undefined":10,"s:65:2:65:Infinity":32,"s:65:27:65:Infinity":33,"b:66:2:66:Infinity:undefined:undefined:undefined:undefined":11,"s:66:2:66:Infinity":34,"s:66:35:66:Infinity":35,"s:67:2:67:Infinity":36,"f:70:22:70:34":7,"b:70:65:70:67":12,"s:71:14:73:4":37,"s:74:2:74:Infinity":38,"f:77:22:77:33":8,"b:77:64:77:66":13,"s:78:14:80:4":39,"s:81:2:81:Infinity":40,"f:86:22:86:33":9,"s:87:14:87:84":41,"s:88:2:88:Infinity":42,"f:93:22:93:37":10,"s:94:14:94:89":43,"s:95:2:95:Infinity":44,"b:95:35:95:43:95:47:95:70":14,"b:95:47:95:64:95:68:95:70":15,"f:98:22:98:38":11,"s:99:14:99:89":45,"s:100:2:100:Infinity":46,"b:100:35:100:43:100:46:100:48":16}}}
,"/home/ppl_insight_hub/fantasy-football-pi/fantasy-football-pi/frontend/src/components/GlobalSearch.jsx": {"path":"/home/ppl_insight_hub/fantasy-football-pi/fantasy-football-pi/frontend/src/components/GlobalSearch.jsx","statementMap":{"0":{"start":{"line":7,"column":24},"end":{"line":7,"column":null}},"1":{"start":{"line":8,"column":28},"end":{"line":8,"column":null}},"2":{"start":{"line":9,"column":8},"end":{"line":9,"column":null}},"3":{"start":{"line":11,"column":23},"end":{"line":25,"column":null}},"4":{"start":{"line":12,"column":4},"end":{"line":12,"column":null}},"5":{"start":{"line":13,"column":4},"end":{"line":13,"column":null}},"6":{"start":{"line":13,"column":24},"end":{"line":13,"column":null}},"7":{"start":{"line":16,"column":4},"end":{"line":24,"column":null}},"8":{"start":{"line":17,"column":23},"end":{"line":19,"column":null}},"9":{"start":{"line":20,"column":19},"end":{"line":20,"column":null}},"10":{"start":{"line":21,"column":6},"end":{"line":21,"column":null}},"11":{"start":{"line":23,"column":6},"end":{"line":23,"column":null}},"12":{"start":{"line":27,"column":2},"end":{"line":72,"column":null}},"13":{"start":{"line":36,"column":27},"end":{"line":36,"column":null}},"14":{"start":{"line":39,"column":57},"end":{"line":39,"column":71}},"15":{"start":{"line":52,"column":12},"end":{"line":68,"column":null}},"16":{"start":{"line":54,"column":29},"end":{"line":54,"column":null}}},"fnMap":{"0":{"name":"GlobalSearch","decl":{"start":{"line":6,"column":24},"end":{"line":6,"column":37}},"loc":{"start":{"line":6,"column":57},"end":{"line":74,"column":null}},"line":6},"1":{"name":"(anonymous_1)","decl":{"start":{"line":11,"column":23},"end":{"line":11,"column":30}},"loc":{"start":{"line":11,"column":38},"end":{"line":25,"column":null}},"line":11},"2":{"name":"(anonymous_2)","decl":{"start":{"line":36,"column":20},"end":{"line":36,"column":21}},"loc":{"start":{"line":36,"column":27},"end":{"line":36,"column":null}},"line":36},"3":{"name":"(anonymous_3)","decl":{"start":{"line":39,"column":51},"end":{"line":39,"column":57}},"loc":{"start":{"line":39,"column":57},"end":{"line":39,"column":71}},"line":39},"4":{"name":"(anonymous_4)","decl":{"start":{"line":51,"column":23},"end":{"line":51,"column":24}},"loc":{"start":{"line":52,"column":12},"end":{"line":68,"column":null}},"line":52},"5":{"name":"(anonymous_5)","decl":{"start":{"line":54,"column":23},"end":{"line":54,"column":29}},"loc":{"start":{"line":54,"column":29},"end":{"line":54,"column":null}},"line":54}},"branchMap":{"0":{"loc":{"start":{"line":13,"column":4},"end":{"line":13,"column":null}},"type":"if","locations":[{"start":{"line":13,"column":4},"end":{"line":13,"column":null}},{"start":{},"end":{}}],"line":13},"1":{"loc":{"start":{"line":38,"column":9},"end":{"line":39,"column":null}},"type":"binary-expr","locations":[{"start":{"line":38,"column":9},"end":{"line":38,"column":null}},{"start":{"line":39,"column":10},"end":{"line":39,"column":null}}],"line":38},"2":{"loc":{"start":{"line":44,"column":7},"end":{"line":70,"column":null}},"type":"binary-expr","locations":[{"start":{"line":44,"column":7},"end":{"line":44,"column":null}},{"start":{"line":45,"column":8},"end":{"line":70,"column":null}}],"line":44}},"s":{"0":5,"1":5,"2":5,"3":5,"4":0,"5":0,"6":0,"7":0,"8":0,"9":0,"10":0,"11":0,"12":5,"13":0,"14":0,"15":0,"16":0},"f":{"0":5,"1":0,"2":0,"3":0,"4":0,"5":0},"b":{"0":[0,0],"1":[5,0],"2":[5,0]},"meta":{"lastBranch":3,"lastFunction":6,"lastStatement":17,"seen":{"f:6:24:6:37":0,"s:7:24:7:Infinity":0,"s:8:28:8:Infinity":1,"s:9:8:9:Infinity":2,"s:11:23:25:Infinity":3,"f:11:23:11:30":1,"s:12:4:12:Infinity":4,"b:13:4:13:Infinity:undefined:undefined:undefined:undefined":0,"s:13:4:13:Infinity":5,"s:13:24:13:Infinity":6,"s:16:4:24:Infinity":7,"s:17:23:19:Infinity":8,"s:20:19:20:Infinity":9,"s:21:6:21:Infinity":10,"s:23:6:23:Infinity":11,"s:27:2:72:Infinity":12,"f:36:20:36:21":2,"s:36:27:36:Infinity":13,"b:38:9:38:Infinity:39:10:39:Infinity":1,"f:39:51:39:57":3,"s:39:57:39:71":14,"b:44:7:44:Infinity:45:8:70:Infinity":2,"f:51:23:51:24":4,"s:52:12:68:Infinity":15,"f:54:23:54:29":5,"s:54:29:54:Infinity":16}}}
,"/home/ppl_insight_hub/fantasy-football-pi/fantasy-football-pi/frontend/src/components/TeamLogo.jsx": {"path":"/home/ppl_insight_hub/fantasy-football-pi/fantasy-football-pi/frontend/src/components/TeamLogo.jsx","statementMap":{"0":{"start":{"line":9,"column":19},"end":{"line":41,"column":null}},"1":{"start":{"line":10,"column":20},"end":{"line":15,"column":null}},"2":{"start":{"line":17,"column":2},"end":{"line":39,"column":null}},"3":{"start":{"line":43,"column":0},"end":{"line":47,"column":null}},"4":{"start":{"line":70,"column":34},"end":{"line":70,"column":null}},"5":{"start":{"line":73,"column":22},"end":{"line":78,"column":null}},"6":{"start":{"line":81,"column":23},"end":{"line":81,"column":null}},"7":{"start":{"line":82,"column":25},"end":{"line":82,"column":null}},"8":{"start":{"line":85,"column":22},"end":{"line":85,"column":null}},"9":{"start":{"line":88,"column":23},"end":{"line":88,"column":null}},"10":{"start":{"line":91,"column":22},"end":{"line":97,"column":null}},"11":{"start":{"line":99,"column":2},"end":{"line":125,"column":null}},"12":{"start":{"line":113,"column":25},"end":{"line":113,"column":null}},"13":{"start":{"line":129,"column":0},"end":{"line":140,"column":null}}},"fnMap":{"0":{"name":"(anonymous_0)","decl":{"start":{"line":9,"column":19},"end":{"line":9,"column":20}},"loc":{"start":{"line":9,"column":63},"end":{"line":41,"column":null}},"line":9},"1":{"name":"TeamLogo","decl":{"start":{"line":64,"column":24},"end":{"line":64,"column":33}},"loc":{"start":{"line":69,"column":3},"end":{"line":127,"column":null}},"line":69},"2":{"name":"(anonymous_2)","decl":{"start":{"line":113,"column":19},"end":{"line":113,"column":25}},"loc":{"start":{"line":113,"column":25},"end":{"line":113,"column":null}},"line":113}},"branchMap":{"0":{"loc":{"start":{"line":66,"column":2},"end":{"line":66,"column":null}},"type":"default-arg","locations":[{"start":{"line":66,"column":9},"end":{"line":66,"column":null}}],"line":66},"1":{"loc":{"start":{"line":67,"column":2},"end":{"line":67,"column":null}},"type":"default-arg","locations":[{"start":{"line":67,"column":14},"end":{"line":67,"column":null}}],"line":67},"2":{"loc":{"start":{"line":68,"column":2},"end":{"line":68,"column":null}},"type":"default-arg","locations":[{"start":{"line":68,"column":15},"end":{"line":68,"column":null}}],"line":68},"3":{"loc":{"start":{"line":81,"column":23},"end":{"line":81,"column":null}},"type":"binary-expr","locations":[{"start":{"line":81,"column":23},"end":{"line":81,"column":50}},{"start":{"line":81,"column":50},"end":{"line":81,"column":null}}],"line":81},"4":{"loc":{"start":{"line":82,"column":25},"end":{"line":82,"column":null}},"type":"binary-expr","locations":[{"start":{"line":82,"column":25},"end":{"line":82,"column":54}},{"start":{"line":82,"column":54},"end":{"line":82,"column":null}}],"line":82},"5":{"loc":{"start":{"line":85,"column":22},"end":{"line":85,"column":null}},"type":"binary-expr","locations":[{"start":{"line":85,"column":22},"end":{"line":85,"column":45}},{"start":{"line":85,"column":45},"end":{"line":85,"column":63}},{"start":{"line":85,"column":63},"end":{"line":85,"column":null}}],"line":85},"6":{"loc":{"start":{"line":88,"column":23},"end":{"line":88,"column":null}},"type":"binary-expr","locations":[{"start":{"line":88,"column":23},"end":{"line":88,"column":45}},{"start":{"line":88,"column":45},"end":{"line":88,"column":null}}],"line":88},"7":{"loc":{"start":{"line":91,"column":22},"end":{"line":97,"column":null}},"type":"cond-expr","locations":[{"start":{"line":92,"column":6},"end":{"line":96,"column":null}},{"start":{"line":97,"column":6},"end":{"line":97,"column":null}}],"line":91},"8":{"loc":{"start":{"line":104,"column":25},"end":{"line":104,"column":null}},"type":"cond-expr","locations":[{"start":{"line":104,"column":40},"end":{"line":104,"column":56}},{"start":{"line":104,"column":56},"end":{"line":104,"column":null}}],"line":104},"9":{"loc":{"start":{"line":108,"column":7},"end":{"line":123,"column":null}},"type":"cond-expr","locations":[{"start":{"line":109,"column":8},"end":{"line":114,"column":null}},{"start":{"line":116,"column":8},"end":{"line":123,"column":null}}],"line":108}},"s":{"0":1,"1":0,"2":0,"3":1,"4":0,"5":0,"6":0,"7":0,"8":0,"9":0,"10":0,"11":0,"12":0,"13":1},"f":{"0":0,"1":0,"2":0},"b":{"0":[0],"1":[0],"2":[0],"3":[0,0],"4":[0,0],"5":[0,0,0],"6":[0,0],"7":[0,0],"8":[0,0],"9":[0,0]},"meta":{"lastBranch":10,"lastFunction":3,"lastStatement":14,"seen":{"s:9:19:41:Infinity":0,"f:9:19:9:20":0,"s:10:20:15:Infinity":1,"s:17:2:39:Infinity":2,"s:43:0:47:Infinity":3,"f:64:24:64:33":1,"b:66:9:66:Infinity":0,"b:67:14:67:Infinity":1,"b:68:15:68:Infinity":2,"s:70:34:70:Infinity":4,"s:73:22:78:Infinity":5,"s:81:23:81:Infinity":6,"b:81:23:81:50:81:50:81:Infinity":3,"s:82:25:82:Infinity":7,"b:82:25:82:54:82:54:82:Infinity":4,"s:85:22:85:Infinity":8,"b:85:22:85:45:85:45:85:63:85:63:85:Infinity":5,"s:88:23:88:Infinity":9,"b:88:23:88:45:88:45:88:Infinity":6,"s:91:22:97:Infinity":10,"b:92:6:96:Infinity:97:6:97:Infinity":7,"s:99:2:125:Infinity":11,"b:104:40:104:56:104:56:104:Infinity":8,"b:109:8:114:Infinity:116:8:123:Infinity":9,"f:113:19:113:25":2,"s:113:25:113:Infinity":12,"s:129:0:140:Infinity":13}}}
,"/home/ppl_insight_hub/fantasy-football-pi/fantasy-football-pi/frontend/src/components/Toast.jsx": {"path":"/home/ppl_insight_hub/fantasy-football-pi/fantasy-football-pi/frontend/src/components/Toast.jsx","statementMap":{"0":{"start":{"line":20,"column":19},"end":{"line":20,"column":null}},"1":{"start":{"line":22,"column":4},"end":{"line":22,"column":null}},"2":{"start":{"line":23,"column":29},"end":{"line":23,"column":null}},"3":{"start":{"line":24,"column":28},"end":{"line":24,"column":null}},"4":{"start":{"line":27,"column":2},"end":{"line":35,"column":null}},"5":{"start":{"line":28,"column":4},"end":{"line":30,"column":null}},"6":{"start":{"line":29,"column":6},"end":{"line":29,"column":null}},"7":{"start":{"line":31,"column":18},"end":{"line":33,"column":null}},"8":{"start":{"line":32,"column":6},"end":{"line":32,"column":null}},"9":{"start":{"line":34,"column":4},"end":{"line":34,"column":null}},"10":{"start":{"line":34,"column":17},"end":{"line":34,"column":null}},"11":{"start":{"line":38,"column":2},"end":{"line":46,"column":null}},"12":{"start":{"line":39,"column":25},"end":{"line":43,"column":null}},"13":{"start":{"line":40,"column":6},"end":{"line":42,"column":null}},"14":{"start":{"line":41,"column":8},"end":{"line":41,"column":null}},"15":{"start":{"line":44,"column":4},"end":{"line":44,"column":null}},"16":{"start":{"line":45,"column":4},"end":{"line":45,"column":null}},"17":{"start":{"line":45,"column":17},"end":{"line":45,"column":null}},"18":{"start":{"line":49,"column":17},"end":{"line":55,"column":null}},"19":{"start":{"line":57,"column":16},"end":{"line":63,"column":null}},"20":{"start":{"line":65,"column":19},"end":{"line":65,"column":null}},"21":{"start":{"line":66,"column":25},"end":{"line":68,"column":null}},"22":{"start":{"line":70,"column":2},"end":{"line":113,"column":null}}},"fnMap":{"0":{"name":"Toast","decl":{"start":{"line":13,"column":24},"end":{"line":13,"column":30}},"loc":{"start":{"line":19,"column":3},"end":{"line":115,"column":null}},"line":19},"1":{"name":"(anonymous_1)","decl":{"start":{"line":27,"column":12},"end":{"line":27,"column":18}},"loc":{"start":{"line":27,"column":18},"end":{"line":35,"column":5}},"line":27},"2":{"name":"(anonymous_2)","decl":{"start":{"line":31,"column":29},"end":{"line":31,"column":35}},"loc":{"start":{"line":31,"column":35},"end":{"line":33,"column":7}},"line":31},"3":{"name":"(anonymous_3)","decl":{"start":{"line":34,"column":11},"end":{"line":34,"column":17}},"loc":{"start":{"line":34,"column":17},"end":{"line":34,"column":null}},"line":34},"4":{"name":"(anonymous_4)","decl":{"start":{"line":38,"column":12},"end":{"line":38,"column":18}},"loc":{"start":{"line":38,"column":18},"end":{"line":46,"column":5}},"line":38},"5":{"name":"(anonymous_5)","decl":{"start":{"line":39,"column":25},"end":{"line":39,"column":26}},"loc":{"start":{"line":39,"column":36},"end":{"line":43,"column":null}},"line":39},"6":{"name":"(anonymous_6)","decl":{"start":{"line":45,"column":11},"end":{"line":45,"column":17}},"loc":{"start":{"line":45,"column":17},"end":{"line":45,"column":null}},"line":45}},"branchMap":{"0":{"loc":{"start":{"line":15,"column":2},"end":{"line":15,"column":null}},"type":"default-arg","locations":[{"start":{"line":15,"column":9},"end":{"line":15,"column":null}}],"line":15},"1":{"loc":{"start":{"line":20,"column":19},"end":{"line":20,"column":null}},"type":"binary-expr","locations":[{"start":{"line":20,"column":19},"end":{"line":20,"column":29}},{"start":{"line":20,"column":29},"end":{"line":20,"column":null}}],"line":20},"2":{"loc":{"start":{"line":22,"column":4},"end":{"line":22,"column":null}},"type":"cond-expr","locations":[{"start":{"line":22,"column":25},"end":{"line":22,"column":32}},{"start":{"line":22,"column":32},"end":{"line":22,"column":null}}],"line":22},"3":{"loc":{"start":{"line":22,"column":32},"end":{"line":22,"column":null}},"type":"cond-expr","locations":[{"start":{"line":22,"column":50},"end":{"line":22,"column":57}},{"start":{"line":22,"column":57},"end":{"line":22,"column":null}}],"line":22},"4":{"loc":{"start":{"line":23,"column":29},"end":{"line":23,"column":null}},"type":"binary-expr","locations":[{"start":{"line":23,"column":29},"end":{"line":23,"column":43}},{"start":{"line":23,"column":43},"end":{"line":23,"column":null}}],"line":23},"5":{"loc":{"start":{"line":28,"column":4},"end":{"line":30,"column":null}},"type":"if","locations":[{"start":{"line":28,"column":4},"end":{"line":30,"column":null}},{"start":{},"end":{}}],"line":28},"6":{"loc":{"start":{"line":40,"column":6},"end":{"line":42,"column":null}},"type":"if","locations":[{"start":{"line":40,"column":6},"end":{"line":42,"column":null}},{"start":{},"end":{}}],"line":40},"7":{"loc":{"start":{"line":65,"column":19},"end":{"line":65,"column":null}},"type":"cond-expr","locations":[{"start":{"line":65,"column":38},"end":{"line":65,"column":52}},{"start":{"line":65,"column":52},"end":{"line":65,"column":null}}],"line":65},"8":{"loc":{"start":{"line":66,"column":25},"end":{"line":68,"column":null}},"type":"cond-expr","locations":[{"start":{"line":67,"column":6},"end":{"line":67,"column":null}},{"start":{"line":68,"column":6},"end":{"line":68,"column":null}}],"line":66},"9":{"loc":{"start":{"line":97,"column":9},"end":{"line":103,"column":null}},"type":"binary-expr","locations":[{"start":{"line":97,"column":9},"end":{"line":97,"column":null}},{"start":{"line":98,"column":10},"end":{"line":103,"column":null}}],"line":97}},"s":{"0":5,"1":5,"2":5,"3":5,"4":5,"5":5,"6":0,"7":5,"8":0,"9":5,"10":5,"11":5,"12":5,"13":0,"14":0,"15":5,"16":5,"17":5,"18":5,"19":5,"20":5,"21":5,"22":5},"f":{"0":5,"1":5,"2":0,"3":5,"4":5,"5":0,"6":5},"b":{"0":[5],"1":[5,5],"2":[5,0],"3":[0,0],"4":[5,5],"5":[0,5],"6":[0,0],"7":[0,5],"8":[5,0],"9":[5,5]},"meta":{"lastBranch":10,"lastFunction":7,"lastStatement":23,"seen":{"f:13:24:13:30":0,"b:15:9:15:Infinity":0,"s:20:19:20:Infinity":0,"b:20:19:20:29:20:29:20:Infinity":1,"s:22:4:22:Infinity":1,"b:22:25:22:32:22:32:22:Infinity":2,"b:22:50:22:57:22:57:22:Infinity":3,"s:23:29:23:Infinity":2,"b:23:29:23:43:23:43:23:Infinity":4,"s:24:28:24:Infinity":3,"s:27:2:35:Infinity":4,"f:27:12:27:18":1,"b:28:4:30:Infinity:undefined:undefined:undefined:undefined":5,"s:28:4:30:Infinity":5,"s:29:6:29:Infinity":6,"s:31:18:33:Infinity":7,"f:31:29:31:35":2,"s:32:6:32:Infinity":8,"s:34:4:34:Infinity":9,"f:34:11:34:17":3,"s:34:17:34:Infinity":10,"s:38:2:46:Infinity":11,"f:38:12:38:18":4,"s:39:25:43:Infinity":12,"f:39:25:39:26":5,"b:40:6:42:Infinity:undefined:undefined:undefined:undefined":6,"s:40:6:42:Infinity":13,"s:41:8:41:Infinity":14,"s:44:4:44:Infinity":15,"s:45:4:45:Infinity":16,"f:45:11:45:17":6,"s:45:17:45:Infinity":17,"s:49:17:55:Infinity":18,"s:57:16:63:Infinity":19,"s:65:19:65:Infinity":20,"b:65:38:65:52:65:52:65:Infinity":7,"s:66:25:68:Infinity":21,"b:67:6:67:Infinity:68:6:68:Infinity":8,"s:70:2:113:Infinity":22,"b:97:9:97:Infinity:98:10:103:Infinity":9}}}
,"/home/ppl_insight_hub/fantasy-football-pi/fantasy-football-pi/frontend/src/components/admin/AdminActionCard.jsx": {"path":"/home/ppl_insight_hub/fantasy-football-pi/fantasy-football-pi/frontend/src/components/admin/AdminActionCard.jsx","statementMap":{"0":{"start":{"line":21,"column":24},"end":{"line":21,"column":null}},"1":{"start":{"line":22,"column":20},"end":{"line":22,"column":null}},"2":{"start":{"line":23,"column":22},"end":{"line":25,"column":null}},"3":{"start":{"line":27,"column":2},"end":{"line":53,"column":null}}},"fnMap":{"0":{"name":"AdminActionCard","decl":{"start":{"line":8,"column":24},"end":{"line":8,"column":40}},"loc":{"start":{"line":20,"column":3},"end":{"line":55,"column":null}},"line":20}},"branchMap":{"0":{"loc":{"start":{"line":14,"column":2},"end":{"line":14,"column":null}},"type":"default-arg","locations":[{"start":{"line":14,"column":13},"end":{"line":14,"column":null}}],"line":14},"1":{"loc":{"start":{"line":15,"column":2},"end":{"line":15,"column":null}},"type":"default-arg","locations":[{"start":{"line":15,"column":12},"end":{"line":15,"column":null}}],"line":15},"2":{"loc":{"start":{"line":18,"column":2},"end":{"line":18,"column":null}},"type":"default-arg","locations":[{"start":{"line":18,"column":23},"end":{"line":18,"column":null}}],"line":18},"3":{"loc":{"start":{"line":19,"column":2},"end":{"line":19,"column":null}},"type":"default-arg","locations":[{"start":{"line":19,"column":9},"end":{"line":19,"column":null}}],"line":19},"4":{"loc":{"start":{"line":22,"column":20},"end":{"line":22,"column":null}},"type":"binary-expr","locations":[{"start":{"line":22,"column":20},"end":{"line":22,"column":51}},{"start":{"line":22,"column":51},"end":{"line":22,"column":null}}],"line":22},"5":{"loc":{"start":{"line":23,"column":22},"end":{"line":25,"column":null}},"type":"cond-expr","locations":[{"start":{"line":24,"column":6},"end":{"line":24,"column":null}},{"start":{"line":25,"column":6},"end":{"line":25,"column":null}}],"line":23},"6":{"loc":{"start":{"line":49,"column":21},"end":{"line":49,"column":null}},"type":"cond-expr","locations":[{"start":{"line":49,"column":53},"end":{"line":49,"column":70}},{"start":{"line":49,"column":70},"end":{"line":49,"column":null}}],"line":49},"7":{"loc":{"start":{"line":49,"column":21},"end":{"line":49,"column":53}},"type":"binary-expr","locations":[{"start":{"line":49,"column":21},"end":{"line":49,"column":43}},{"start":{"line":49,"column":43},"end":{"line":49,"column":53}}],"line":49},"8":{"loc":{"start":{"line":51,"column":9},"end":{"line":51,"column":null}},"type":"cond-expr","locations":[{"start":{"line":51,"column":19},"end":{"line":51,"column":34}},{"start":{"line":51,"column":34},"end":{"line":51,"column":null}}],"line":51}},"s":{"0":53,"1":53,"2":53,"3":53},"f":{"0":53},"b":{"0":[53],"1":[53],"2":[53],"3":[53],"4":[53,0],"5":[7,46],"6":[2,51],"7":[53,12],"8":[6,47]},"meta":{"lastBranch":9,"lastFunction":1,"lastStatement":4,"seen":{"f:8:24:8:40":0,"b:14:13:14:Infinity":0,"b:15:12:15:Infinity":1,"b:18:23:18:Infinity":2,"b:19:9:19:Infinity":3,"s:21:24:21:Infinity":0,"s:22:20:22:Infinity":1,"b:22:20:22:51:22:51:22:Infinity":4,"s:23:22:25:Infinity":2,"b:24:6:24:Infinity:25:6:25:Infinity":5,"s:27:2:53:Infinity":3,"b:49:53:49:70:49:70:49:Infinity":6,"b:49:21:49:43:49:43:49:53":7,"b:51:19:51:34:51:34:51:Infinity":8}}}
,"/home/ppl_insight_hub/fantasy-football-pi/fantasy-football-pi/frontend/src/components/common/AsyncState.jsx": {"path":"/home/ppl_insight_hub/fantasy-football-pi/fantasy-football-pi/frontend/src/components/common/AsyncState.jsx","statementMap":{"0":{"start":{"line":6,"column":2},"end":{"line":14,"column":null}},"1":{"start":{"line":19,"column":2},"end":{"line":25,"column":null}},"2":{"start":{"line":30,"column":2},"end":{"line":38,"column":null}}},"fnMap":{"0":{"name":"LoadingState","decl":{"start":{"line":5,"column":16},"end":{"line":5,"column":29}},"loc":{"start":{"line":5,"column":73},"end":{"line":16,"column":null}},"line":5},"1":{"name":"EmptyState","decl":{"start":{"line":18,"column":16},"end":{"line":18,"column":27}},"loc":{"start":{"line":18,"column":79},"end":{"line":27,"column":null}},"line":18},"2":{"name":"ErrorState","decl":{"start":{"line":29,"column":16},"end":{"line":29,"column":27}},"loc":{"start":{"line":29,"column":82},"end":{"line":40,"column":null}},"line":29}},"branchMap":{"0":{"loc":{"start":{"line":5,"column":31},"end":{"line":5,"column":55}},"type":"default-arg","locations":[{"start":{"line":5,"column":41},"end":{"line":5,"column":55}}],"line":5},"1":{"loc":{"start":{"line":5,"column":55},"end":{"line":5,"column":70}},"type":"default-arg","locations":[{"start":{"line":5,"column":67},"end":{"line":5,"column":70}}],"line":5},"2":{"loc":{"start":{"line":18,"column":29},"end":{"line":18,"column":61}},"type":"default-arg","locations":[{"start":{"line":18,"column":39},"end":{"line":18,"column":61}}],"line":18},"3":{"loc":{"start":{"line":18,"column":61},"end":{"line":18,"column":76}},"type":"default-arg","locations":[{"start":{"line":18,"column":73},"end":{"line":18,"column":76}}],"line":18},"4":{"loc":{"start":{"line":29,"column":29},"end":{"line":29,"column":64}},"type":"default-arg","locations":[{"start":{"line":29,"column":39},"end":{"line":29,"column":64}}],"line":29},"5":{"loc":{"start":{"line":29,"column":64},"end":{"line":29,"column":79}},"type":"default-arg","locations":[{"start":{"line":29,"column":76},"end":{"line":29,"column":79}}],"line":29}},"s":{"0":25,"1":32,"2":0},"f":{"0":25,"1":32,"2":0},"b":{"0":[25],"1":[25],"2":[32],"3":[32],"4":[0],"5":[0]},"meta":{"lastBranch":6,"lastFunction":3,"lastStatement":3,"seen":{"f:5:16:5:29":0,"b:5:41:5:55":0,"b:5:67:5:70":1,"s:6:2:14:Infinity":0,"f:18:16:18:27":1,"b:18:39:18:61":2,"b:18:73:18:76":3,"s:19:2:25:Infinity":1,"f:29:16:29:27":2,"b:29:39:29:64":4,"b:29:76:29:79":5,"s:30:2:38:Infinity":2}}}
,"/home/ppl_insight_hub/fantasy-football-pi/fantasy-football-pi/frontend/src/components/draft/AuctionBlock.jsx": {"path":"/home/ppl_insight_hub/fantasy-football-pi/fantasy-football-pi/frontend/src/components/draft/AuctionBlock.jsx","statementMap":{"0":{"start":{"line":41,"column":8},"end":{"line":41,"column":null}},"1":{"start":{"line":44,"column":20},"end":{"line":44,"column":null}},"2":{"start":{"line":44,"column":39},"end":{"line":44,"column":59}},"3":{"start":{"line":45,"column":24},"end":{"line":47,"column":null}},"4":{"start":{"line":49,"column":29},"end":{"line":49,"column":null}},"5":{"start":{"line":51,"column":4},"end":{"line":51,"column":null}},"6":{"start":{"line":52,"column":23},"end":{"line":52,"column":null}},"7":{"start":{"line":53,"column":19},"end":{"line":55,"column":null}},"8":{"start":{"line":56,"column":17},"end":{"line":56,"column":null}},"9":{"start":{"line":58,"column":29},"end":{"line":68,"column":null}},"10":{"start":{"line":59,"column":18},"end":{"line":59,"column":null}},"11":{"start":{"line":60,"column":4},"end":{"line":60,"column":null}},"12":{"start":{"line":60,"column":16},"end":{"line":60,"column":null}},"13":{"start":{"line":61,"column":4},"end":{"line":63,"column":null}},"14":{"start":{"line":62,"column":6},"end":{"line":62,"column":null}},"15":{"start":{"line":64,"column":4},"end":{"line":66,"column":null}},"16":{"start":{"line":65,"column":6},"end":{"line":65,"column":null}},"17":{"start":{"line":67,"column":4},"end":{"line":67,"column":null}},"18":{"start":{"line":72,"column":2},"end":{"line":153,"column":null}},"19":{"start":{"line":73,"column":22},"end":{"line":73,"column":null}},"20":{"start":{"line":73,"column":41},"end":{"line":73,"column":61}},"21":{"start":{"line":74,"column":26},"end":{"line":76,"column":null}},"22":{"start":{"line":77,"column":4},"end":{"line":151,"column":null}},"23":{"start":{"line":82,"column":12},"end":{"line":92,"column":null}},"24":{"start":{"line":84,"column":29},"end":{"line":84,"column":null}},"25":{"start":{"line":108,"column":16},"end":{"line":108,"column":null}},"26":{"start":{"line":116,"column":16},"end":{"line":118,"column":null}},"27":{"start":{"line":156,"column":2},"end":{"line":240,"column":null}},"28":{"start":{"line":157,"column":22},"end":{"line":157,"column":null}},"29":{"start":{"line":157,"column":41},"end":{"line":157,"column":61}},"30":{"start":{"line":158,"column":26},"end":{"line":160,"column":null}},"31":{"start":{"line":161,"column":4},"end":{"line":238,"column":null}},"32":{"start":{"line":172,"column":36},"end":{"line":172,"column":53}},"33":{"start":{"line":173,"column":27},"end":{"line":173,"column":null}},"34":{"start":{"line":180,"column":12},"end":{"line":187,"column":null}},"35":{"start":{"line":194,"column":27},"end":{"line":194,"column":null}},"36":{"start":{"line":200,"column":27},"end":{"line":200,"column":null}},"37":{"start":{"line":206,"column":27},"end":{"line":206,"column":null}},"38":{"start":{"line":217,"column":27},"end":{"line":217,"column":null}},"39":{"start":{"line":227,"column":27},"end":{"line":227,"column":null}},"40":{"start":{"line":228,"column":14},"end":{"line":231,"column":null}},"41":{"start":{"line":229,"column":16},"end":{"line":229,"column":null}},"42":{"start":{"line":230,"column":16},"end":{"line":230,"column":null}},"43":{"start":{"line":232,"column":14},"end":{"line":234,"column":null}},"44":{"start":{"line":243,"column":2},"end":{"line":472,"column":null}},"45":{"start":{"line":256,"column":14},"end":{"line":267,"column":null}},"46":{"start":{"line":258,"column":31},"end":{"line":258,"column":null}},"47":{"start":{"line":287,"column":18},"end":{"line":305,"column":null}},"48":{"start":{"line":289,"column":35},"end":{"line":289,"column":null}},"49":{"start":{"line":319,"column":38},"end":{"line":319,"column":55}},"50":{"start":{"line":320,"column":29},"end":{"line":320,"column":null}},"51":{"start":{"line":327,"column":14},"end":{"line":334,"column":null}},"52":{"start":{"line":340,"column":29},"end":{"line":340,"column":null}},"53":{"start":{"line":347,"column":29},"end":{"line":347,"column":null}},"54":{"start":{"line":354,"column":29},"end":{"line":354,"column":null}},"55":{"start":{"line":364,"column":29},"end":{"line":364,"column":null}},"56":{"start":{"line":376,"column":29},"end":{"line":376,"column":null}},"57":{"start":{"line":377,"column":16},"end":{"line":380,"column":null}},"58":{"start":{"line":378,"column":18},"end":{"line":378,"column":null}},"59":{"start":{"line":379,"column":18},"end":{"line":379,"column":null}},"60":{"start":{"line":381,"column":16},"end":{"line":383,"column":null}},"61":{"start":{"line":388,"column":16},"end":{"line":388,"column":null}},"62":{"start":{"line":463,"column":29},"end":{"line":463,"column":null}}},"fnMap":{"0":{"name":"AuctionBlock","decl":{"start":{"line":6,"column":24},"end":{"line":6,"column":37}},"loc":{"start":{"line":40,"column":3},"end":{"line":474,"column":null}},"line":40},"1":{"name":"(anonymous_1)","decl":{"start":{"line":44,"column":32},"end":{"line":44,"column":33}},"loc":{"start":{"line":44,"column":39},"end":{"line":44,"column":59}},"line":44},"2":{"name":"(anonymous_2)","decl":{"start":{"line":58,"column":29},"end":{"line":58,"column":30}},"loc":{"start":{"line":58,"column":42},"end":{"line":68,"column":null}},"line":58},"3":{"name":"(anonymous_3)","decl":{"start":{"line":73,"column":34},"end":{"line":73,"column":35}},"loc":{"start":{"line":73,"column":41},"end":{"line":73,"column":61}},"line":73},"4":{"name":"(anonymous_4)","decl":{"start":{"line":81,"column":37},"end":{"line":81,"column":38}},"loc":{"start":{"line":82,"column":12},"end":{"line":92,"column":null}},"line":82},"5":{"name":"(anonymous_5)","decl":{"start":{"line":84,"column":23},"end":{"line":84,"column":29}},"loc":{"start":{"line":84,"column":29},"end":{"line":84,"column":null}},"line":84},"6":{"name":"(anonymous_6)","decl":{"start":{"line":107,"column":24},"end":{"line":107,"column":25}},"loc":{"start":{"line":108,"column":16},"end":{"line":108,"column":null}},"line":108},"7":{"name":"(anonymous_7)","decl":{"start":{"line":115,"column":26},"end":{"line":115,"column":27}},"loc":{"start":{"line":116,"column":16},"end":{"line":118,"column":null}},"line":116},"8":{"name":"(anonymous_8)","decl":{"start":{"line":157,"column":34},"end":{"line":157,"column":35}},"loc":{"start":{"line":157,"column":41},"end":{"line":157,"column":61}},"line":157},"9":{"name":"(anonymous_9)","decl":{"start":{"line":172,"column":29},"end":{"line":172,"column":30}},"loc":{"start":{"line":172,"column":36},"end":{"line":172,"column":53}},"line":172},"10":{"name":"(anonymous_10)","decl":{"start":{"line":173,"column":20},"end":{"line":173,"column":21}},"loc":{"start":{"line":173,"column":27},"end":{"line":173,"column":null}},"line":173},"11":{"name":"(anonymous_11)","decl":{"start":{"line":179,"column":22},"end":{"line":179,"column":23}},"loc":{"start":{"line":180,"column":12},"end":{"line":187,"column":null}},"line":180},"12":{"name":"(anonymous_12)","decl":{"start":{"line":194,"column":21},"end":{"line":194,"column":27}},"loc":{"start":{"line":194,"column":27},"end":{"line":194,"column":null}},"line":194},"13":{"name":"(anonymous_13)","decl":{"start":{"line":200,"column":21},"end":{"line":200,"column":27}},"loc":{"start":{"line":200,"column":27},"end":{"line":200,"column":null}},"line":200},"14":{"name":"(anonymous_14)","decl":{"start":{"line":206,"column":21},"end":{"line":206,"column":27}},"loc":{"start":{"line":206,"column":27},"end":{"line":206,"column":null}},"line":206},"15":{"name":"(anonymous_15)","decl":{"start":{"line":217,"column":21},"end":{"line":217,"column":27}},"loc":{"start":{"line":217,"column":27},"end":{"line":217,"column":null}},"line":217},"16":{"name":"(anonymous_16)","decl":{"start":{"line":226,"column":22},"end":{"line":226,"column":23}},"loc":{"start":{"line":226,"column":29},"end":{"line":235,"column":null}},"line":226},"17":{"name":"(anonymous_17)","decl":{"start":{"line":255,"column":39},"end":{"line":255,"column":40}},"loc":{"start":{"line":256,"column":14},"end":{"line":267,"column":null}},"line":256},"18":{"name":"(anonymous_18)","decl":{"start":{"line":258,"column":25},"end":{"line":258,"column":31}},"loc":{"start":{"line":258,"column":31},"end":{"line":258,"column":null}},"line":258},"19":{"name":"(anonymous_19)","decl":{"start":{"line":286,"column":33},"end":{"line":286,"column":34}},"loc":{"start":{"line":287,"column":18},"end":{"line":305,"column":null}},"line":287},"20":{"name":"(anonymous_20)","decl":{"start":{"line":289,"column":29},"end":{"line":289,"column":35}},"loc":{"start":{"line":289,"column":35},"end":{"line":289,"column":null}},"line":289},"21":{"name":"(anonymous_21)","decl":{"start":{"line":319,"column":31},"end":{"line":319,"column":32}},"loc":{"start":{"line":319,"column":38},"end":{"line":319,"column":55}},"line":319},"22":{"name":"(anonymous_22)","decl":{"start":{"line":320,"column":22},"end":{"line":320,"column":23}},"loc":{"start":{"line":320,"column":29},"end":{"line":320,"column":null}},"line":320},"23":{"name":"(anonymous_23)","decl":{"start":{"line":326,"column":24},"end":{"line":326,"column":25}},"loc":{"start":{"line":327,"column":14},"end":{"line":334,"column":null}},"line":327},"24":{"name":"(anonymous_24)","decl":{"start":{"line":340,"column":23},"end":{"line":340,"column":29}},"loc":{"start":{"line":340,"column":29},"end":{"line":340,"column":null}},"line":340},"25":{"name":"(anonymous_25)","decl":{"start":{"line":347,"column":23},"end":{"line":347,"column":29}},"loc":{"start":{"line":347,"column":29},"end":{"line":347,"column":null}},"line":347},"26":{"name":"(anonymous_26)","decl":{"start":{"line":354,"column":23},"end":{"line":354,"column":29}},"loc":{"start":{"line":354,"column":29},"end":{"line":354,"column":null}},"line":354},"27":{"name":"(anonymous_27)","decl":{"start":{"line":364,"column":23},"end":{"line":364,"column":29}},"loc":{"start":{"line":364,"column":29},"end":{"line":364,"column":null}},"line":364},"28":{"name":"(anonymous_28)","decl":{"start":{"line":375,"column":24},"end":{"line":375,"column":25}},"loc":{"start":{"line":375,"column":31},"end":{"line":384,"column":null}},"line":375},"29":{"name":"(anonymous_29)","decl":{"start":{"line":387,"column":23},"end":{"line":387,"column":null}},"loc":{"start":{"line":388,"column":16},"end":{"line":388,"column":null}},"line":388},"30":{"name":"(anonymous_30)","decl":{"start":{"line":463,"column":23},"end":{"line":463,"column":29}},"loc":{"start":{"line":463,"column":29},"end":{"line":463,"column":null}},"line":463}},"branchMap":{"0":{"loc":{"start":{"line":8,"column":2},"end":{"line":8,"column":null}},"type":"default-arg","locations":[{"start":{"line":8,"column":13},"end":{"line":8,"column":null}}],"line":8},"1":{"loc":{"start":{"line":9,"column":2},"end":{"line":9,"column":null}},"type":"default-arg","locations":[{"start":{"line":9,"column":15},"end":{"line":9,"column":null}}],"line":9},"2":{"loc":{"start":{"line":19,"column":2},"end":{"line":19,"column":null}},"type":"default-arg","locations":[{"start":{"line":19,"column":14},"end":{"line":19,"column":null}}],"line":19},"3":{"loc":{"start":{"line":24,"column":2},"end":{"line":24,"column":null}},"type":"default-arg","locations":[{"start":{"line":24,"column":11},"end":{"line":24,"column":null}}],"line":24},"4":{"loc":{"start":{"line":26,"column":2},"end":{"line":26,"column":null}},"type":"default-arg","locations":[{"start":{"line":26,"column":19},"end":{"line":26,"column":null}}],"line":26},"5":{"loc":{"start":{"line":39,"column":2},"end":{"line":39,"column":null}},"type":"default-arg","locations":[{"start":{"line":39,"column":13},"end":{"line":39,"column":null}}],"line":39},"6":{"loc":{"start":{"line":45,"column":24},"end":{"line":47,"column":null}},"type":"cond-expr","locations":[{"start":{"line":46,"column":6},"end":{"line":46,"column":null}},{"start":{"line":47,"column":6},"end":{"line":47,"column":null}}],"line":45},"7":{"loc":{"start":{"line":46,"column":6},"end":{"line":46,"column":null}},"type":"binary-expr","locations":[{"start":{"line":46,"column":6},"end":{"line":46,"column":29}},{"start":{"line":46,"column":29},"end":{"line":46,"column":null}}],"line":46},"8":{"loc":{"start":{"line":49,"column":29},"end":{"line":49,"column":null}},"type":"binary-expr","locations":[{"start":{"line":49,"column":29},"end":{"line":49,"column":57}},{"start":{"line":49,"column":57},"end":{"line":49,"column":72}},{"start":{"line":49,"column":72},"end":{"line":49,"column":null}}],"line":49},"9":{"loc":{"start":{"line":51,"column":4},"end":{"line":51,"column":null}},"type":"binary-expr","locations":[{"start":{"line":51,"column":4},"end":{"line":51,"column":26}},{"start":{"line":51,"column":26},"end":{"line":51,"column":null}}],"line":51},"10":{"loc":{"start":{"line":53,"column":19},"end":{"line":54,"column":null}},"type":"binary-expr","locations":[{"start":{"line":54,"column":5},"end":{"line":54,"column":22}},{"start":{"line":54,"column":22},"end":{"line":54,"column":36}},{"start":{"line":54,"column":36},"end":{"line":54,"column":50}},{"start":{"line":54,"column":50},"end":{"line":54,"column":67}},{"start":{"line":54,"column":67},"end":{"line":54,"column":null}}],"line":53},"11":{"loc":{"start":{"line":56,"column":17},"end":{"line":56,"column":null}},"type":"cond-expr","locations":[{"start":{"line":56,"column":38},"end":{"line":56,"column":66}},{"start":{"line":56,"column":66},"end":{"line":56,"column":null}}],"line":56},"12":{"loc":{"start":{"line":60,"column":4},"end":{"line":60,"column":null}},"type":"if","locations":[{"start":{"line":60,"column":4},"end":{"line":60,"column":null}},{"start":{},"end":{}}],"line":60},"13":{"loc":{"start":{"line":61,"column":4},"end":{"line":63,"column":null}},"type":"if","locations":[{"start":{"line":61,"colu
[...]
"loc":{"start":{"line":102,"column":49},"end":{"line":102,"column":89}},"type":"default-arg","locations":[{"start":{"line":102,"column":56},"end":{"line":102,"column":89}}],"line":102},"24":{"loc":{"start":{"line":103,"column":2},"end":{"line":111,"column":null}},"type":"switch","locations":[{"start":{"line":104,"column":4},"end":{"line":105,"column":null}},{"start":{"line":106,"column":4},"end":{"line":107,"column":null}},{"start":{"line":108,"column":4},"end":{"line":108,"column":null}},{"start":{"line":109,"column":4},"end":{"line":110,"column":null}}],"line":103}},"s":{"0":1,"1":1,"2":1,"3":0,"4":0,"5":1,"6":0,"7":0,"8":1,"9":0,"10":1,"11":0,"12":0,"13":0,"14":0,"15":0,"16":0,"17":0,"18":1,"19":0,"20":1,"21":0,"22":0,"23":1,"24":0,"25":1,"26":0,"27":0,"28":0,"29":0,"30":0,"31":0,"32":0,"33":0,"34":0,"35":0,"36":0,"37":0,"38":0,"39":0,"40":0,"41":0,"42":0,"43":0,"44":0,"45":0,"46":0,"47":0,"48":0,"49":0,"50":0,"51":0,"52":0,"53":0,"54":0,"55":0,"56":0,"57":0},"f":{"0":0,"1":0,"2":0,"3":0,"4":0,"5":0,"6":0,"7":0,"8":0,"9":0,"10":0,"11":0,"12":0,"13":0,"14":0},"b":{"0":[0],"1":[0,0],"2":[0,0],"3":[0,0],"4":[0,0,0],"5":[0,0,0,0],"6":[0,0],"7":[0,0,0],"8":[0,0],"9":[0,0,0,0],"10":[0,0,0],"11":[0,0],"12":[0],"13":[0,0],"14":[0,0],"15":[0],"16":[0,0],"17":[0,0],"18":[0,0],"19":[0],"20":[0,0],"21":[0,0],"22":[0],"23":[0],"24":[0,0,0,0]},"meta":{"lastBranch":25,"lastFunction":15,"lastStatement":58,"seen":{"s:1:29:8:1":0,"s:10:37:14:1":1,"s:16:17:19:1":2,"f:16:17:16:18":0,"b:16:36:16:46":0,"s:17:17:17:30":3,"s:18:2:18:Infinity":4,"b:18:35:18:41:18:44:18:52":1,"s:21:20:24:1":5,"f:21:20:21:21":1,"s:22:13:22:44":6,"b:22:22:22:27:22:31:22:33":2,"s:23:2:23:Infinity":7,"b:23:31:23:33:23:36:23:46":3,"s:26:22:26:90":8,"f:26:22:26:23":2,"s:26:34:26:90":9,"b:26:41:26:60:26:64:26:76:26:80:26:82":4,"s:28:22:44:1":10,"f:28:22:28:23":3,"s:29:23:35:3":11,"b:30:4:30:29:31:6:31:29:32:6:32:25:33:6:33:33":5,"b:36:2:36:Infinity:undefined:undefined:undefined:undefined":6,"s:36:2:36:Infinity":12,"s:36:37:36:Infinity":13,"s:38:25:40:3":14,"b:39:4:39:27:39:31:39:53:39:57:39:Infinity":7,"b:41:2:41:Infinity:undefined:undefined:undefined:undefined":8,"s:41:2:41:Infinity":15,"s:41:39:41:Infinity":16,"s:43:2:43:Infinity":17,"s:46:21:50:3":18,"f:46:21:46:22":4,"s:47:2:50:3":19,"b:48:4:48:18:48:22:48:35:48:39:48:58:48:62:48:80":9,"s:52:24:55:1":20,"f:52:24:52:25":5,"s:53:19:53:78":21,"b:53:26:53:42:53:46:53:57:53:61:53:63":10,"s:54:2:54:Infinity":22,"b:54:9:54:32:54:36:54:38":11,"s:57:20:57:78":23,"f:57:20:57:21":6,"s:57:30:57:78":24,"s:59:27:61:54":25,"f:59:27:59:28":7,"s:60:2:61:54":26,"f:63:16:63:32":8,"b:63:43:63:45":12,"s:64:2:72:Infinity":27,"f:64:27:64:28":9,"s:65:22:65:57":28,"b:66:4:66:Infinity:undefined:undefined:undefined:undefined":13,"s:66:4:66:Infinity":29,"s:66:25:66:Infinity":30,"s:68:21:68:38":31,"b:69:4:69:Infinity:undefined:undefined:undefined:undefined":14,"s:69:4:69:Infinity":32,"s:69:24:69:Infinity":33,"s:71:4:71:Infinity":34,"f:75:16:75:27":10,"b:75:38:75:40":15,"s:76:2:87:Infinity":35,"f:76:27:76:28":11,"s:77:22:77:55":36,"b:78:4:78:Infinity:undefined:undefined:undefined:undefined":16,"s:78:4:78:Infinity":37,"s:78:25:78:Infinity":38,"s:80:21:80:60":39,"b:81:4:81:Infinity:undefined:undefined:undefined:undefined":17,"s:81:4:81:Infinity":40,"s:81:24:81:Infinity":41,"s:83:21:83:38":42,"b:84:4:84:Infinity:undefined:undefined:undefined:undefined":18,"s:84:4:84:Infinity":43,"s:84:24:84:Infinity":44,"s:86:4:86:Infinity":45,"f:90:16:90:30":12,"b:90:41:90:43":19,"s:91:2:99:Infinity":46,"f:91:27:91:28":13,"s:92:21:92:60":47,"b:93:4:93:Infinity:undefined:undefined:undefined:undefined":20,"s:93:4:93:Infinity":48,"s:93:24:93:Infinity":49,"s:95:21:95:38":50,"b:96:4:96:Infinity:undefined:undefined:undefined:undefined":21,"s:96:4:96:Infinity":51,"s:96:24:96:Infinity":52,"s:98:4:98:Infinity":53,"f:102:16:102:34":14,"b:102:45:102:47":22,"b:102:56:102:89":23,"b:104:4:105:Infinity:106:4:107:Infinity:108:4:108:Infinity:109:4:110:Infinity":24,"s:103:2:111:Infinity":54,"s:105:6:105:Infinity":55,"s:107:6:107:Infinity":56,"s:110:6:110:Infinity":57}}}
,"/home/ppl_insight_hub/fantasy-football-pi/fantasy-football-pi/frontend/src/utils/draftHelpers.js": {"path":"/home/ppl_insight_hub/fantasy-football-pi/fantasy-football-pi/frontend/src/utils/draftHelpers.js","statementMap":{"0":{"start":{"line":5,"column":28},"end":{"line":5,"column":65}},"1":{"start":{"line":5,"column":38},"end":{"line":5,"column":64}},"2":{"start":{"line":8,"column":29},"end":{"line":34,"column":1}},"3":{"start":{"line":15,"column":21},"end":{"line":15,"column":72}},"4":{"start":{"line":15,"column":46},"end":{"line":15,"column":71}},"5":{"start":{"line":16,"column":16},"end":{"line":19,"column":3}},"6":{"start":{"line":17,"column":19},"end":{"line":17,"column":49}},"7":{"start":{"line":20,"column":22},"end":{"line":20,"column":56}},"8":{"start":{"line":21,"column":17},"end":{"line":21,"column":36}},"9":{"start":{"line":22,"column":21},"end":{"line":22,"column":64}},"10":{"start":{"line":25,"column":17},"end":{"line":25,"column":63}},"11":{"start":{"line":27,"column":2},"end":{"line":33,"column":null}}},"fnMap":{"0":{"name":"(anonymous_0)","decl":{"start":{"line":5,"column":28},"end":{"line":5,"column":29}},"loc":{"start":{"line":5,"column":38},"end":{"line":5,"column":64}},"line":5},"1":{"name":"(anonymous_1)","decl":{"start":{"line":8,"column":29},"end":{"line":8,"column":null}},"loc":{"start":{"line":14,"column":5},"end":{"line":34,"column":1}},"line":14},"2":{"name":"(anonymous_2)","decl":{"start":{"line":15,"column":36},"end":{"line":15,"column":37}},"loc":{"start":{"line":15,"column":46},"end":{"line":15,"column":71}},"line":15},"3":{"name":"(anonymous_3)","decl":{"start":{"line":17,"column":4},"end":{"line":17,"column":5}},"loc":{"start":{"line":17,"column":19},"end":{"line":17,"column":49}},"line":17}},"branchMap":{"0":{"loc":{"start":{"line":5,"column":38},"end":{"line":5,"column":64}},"type":"cond-expr","locations":[{"start":{"line":5,"column":53},"end":{"line":5,"column":58}},{"start":{"line":5,"column":61},"end":{"line":5,"column":64}}],"line":5},"1":{"loc":{"start":{"line":11,"column":2},"end":{"line":11,"column":14}},"type":"default-arg","locations":[{"start":{"line":11,"column":12},"end":{"line":11,"column":14}}],"line":11},"2":{"loc":{"start":{"line":12,"column":2},"end":{"line":12,"column":31}},"type":"default-arg","locations":[{"start":{"line":12,"column":19},"end":{"line":12,"column":31}}],"line":12},"3":{"loc":{"start":{"line":13,"column":2},"end":{"line":13,"column":null}},"type":"default-arg","locations":[{"start":{"line":13,"column":15},"end":{"line":13,"column":null}}],"line":13},"4":{"loc":{"start":{"line":17,"column":32},"end":{"line":17,"column":48}},"type":"binary-expr","locations":[{"start":{"line":17,"column":32},"end":{"line":17,"column":43}},{"start":{"line":17,"column":47},"end":{"line":17,"column":48}}],"line":17},"5":{"loc":{"start":{"line":20,"column":22},"end":{"line":20,"column":56}},"type":"binary-expr","locations":[{"start":{"line":20,"column":22},"end":{"line":20,"column":38}},{"start":{"line":20,"column":42},"end":{"line":20,"column":56}}],"line":20},"6":{"loc":{"start":{"line":25,"column":17},"end":{"line":25,"column":63}},"type":"cond-expr","locations":[{"start":{"line":25,"column":34},"end":{"line":25,"column":59}},{"start":{"line":25,"column":62},"end":{"line":25,"column":63}}],"line":25}},"s":{"0":1,"1":0,"2":1,"3":9,"4":0,"5":9,"6":0,"7":9,"8":9,"9":9,"10":9,"11":9},"f":{"0":0,"1":9,"2":0,"3":0},"b":{"0":[0,0],"1":[9],"2":[9],"3":[9],"4":[0,0],"5":[9,9],"6":[9,0]},"meta":{"lastBranch":7,"lastFunction":4,"lastStatement":12,"seen":{"s:5:28:5:65":0,"f:5:28:5:29":0,"s:5:38:5:64":1,"b:5:53:5:58:5:61:5:64":0,"s:8:29:34:1":2,"f:8:29:8:Infinity":1,"b:11:12:11:14":1,"b:12:19:12:31":2,"b:13:15:13:Infinity":3,"s:15:21:15:72":3,"f:15:36:15:37":2,"s:15:46:15:71":4,"s:16:16:19:3":5,"f:17:4:17:5":3,"s:17:19:17:49":6,"b:17:32:17:43:17:47:17:48":4,"s:20:22:20:56":7,"b:20:22:20:38:20:42:20:56":5,"s:21:17:21:36":8,"s:22:21:22:64":9,"s:25:17:25:63":10,"b:25:34:25:59:25:62:25:63":6,"s:27:2:33:Infinity":11}}}
,"/home/ppl_insight_hub/fantasy-football-pi/fantasy-football-pi/frontend/src/utils/draftWebSocket.js": {"path":"/home/ppl_insight_hub/fantasy-football-pi/fantasy-football-pi/frontend/src/utils/draftWebSocket.js","statementMap":{"0":{"start":{"line":3,"column":4},"end":{"line":5,"column":26}},"1":{"start":{"line":7,"column":15},"end":{"line":7,"column":55}},"2":{"start":{"line":8,"column":2},"end":{"line":8,"column":null}},"3":{"start":{"line":9,"column":2},"end":{"line":9,"column":null}},"4":{"start":{"line":10,"column":2},"end":{"line":10,"column":null}},"5":{"start":{"line":11,"column":2},"end":{"line":11,"column":null}},"6":{"start":{"line":12,"column":2},"end":{"line":12,"column":null}}},"fnMap":{"0":{"name":"buildDraftWebSocketUrl","decl":{"start":{"line":1,"column":16},"end":{"line":1,"column":38}},"loc":{"start":{"line":1,"column":50},"end":{"line":13,"column":null}},"line":1}},"branchMap":{"0":{"loc":{"start":{"line":3,"column":4},"end":{"line":5,"column":26}},"type":"binary-expr","locations":[{"start":{"line":3,"column":4},"end":{"line":3,"column":39}},{"start":{"line":4,"column":4},"end":{"line":4,"column":43}},{"start":{"line":5,"column":4},"end":{"line":5,"column":26}}],"line":3},"1":{"loc":{"start":{"line":8,"column":18},"end":{"line":8,"column":61}},"type":"cond-expr","locations":[{"start":{"line":8,"column":47},"end":{"line":8,"column":53}},{"start":{"line":8,"column":56},"end":{"line":8,"column":61}}],"line":8}},"s":{"0":5,"1":5,"2":5,"3":5,"4":5,"5":5,"6":5},"f":{"0":5},"b":{"0":[5,5,5],"1":[0,5]},"meta":{"lastBranch":2,"lastFunction":1,"lastStatement":7,"seen":{"f:1:16:1:38":0,"s:3:4:5:26":0,"b:3:4:3:39:4:4:4:43:5:4:5:26":0,"s:7:15:7:55":1,"s:8:2:8:Infinity":2,"b:8:47:8:53:8:56:8:61":1,"s:9:2:9:Infinity":3,"s:10:2:10:Infinity":4,"s:11:2:11:Infinity":5,"s:12:2:12:Infinity":6}}}
,"/home/ppl_insight_hub/fantasy-football-pi/fantasy-football-pi/frontend/src/utils/index.js": {"path":"/home/ppl_insight_hub/fantasy-football-pi/fantasy-football-pi/frontend/src/utils/index.js","statementMap":{},"fnMap":{},"branchMap":{},"s":{},"f":{},"b":{},"meta":{"lastBranch":0,"lastFunction":0,"lastStatement":0,"seen":{}}}
,"/home/ppl_insight_hub/fantasy-football-pi/fantasy-football-pi/frontend/src/utils/scoringRules.js": {"path":"/home/ppl_insight_hub/fantasy-football-pi/fantasy-football-pi/frontend/src/utils/scoringRules.js","statementMap":{"0":{"start":{"line":1,"column":31},"end":{"line":8,"column":1}}},"fnMap":{},"branchMap":{},"s":{"0":1},"f":{},"b":{},"meta":{"lastBranch":0,"lastFunction":0,"lastStatement":1,"seen":{"s:1:31:8:1":0}}}
,"/home/ppl_insight_hub/fantasy-football-pi/fantasy-football-pi/frontend/src/utils/uiHelpers.js": {"path":"/home/ppl_insight_hub/fantasy-football-pi/fantasy-football-pi/frontend/src/utils/uiHelpers.js","statementMap":{"0":{"start":{"line":4,"column":27},"end":{"line":15,"column":1}},"1":{"start":{"line":5,"column":14},"end":{"line":5,"column":46}},"2":{"start":{"line":6,"column":17},"end":{"line":13,"column":3}},"3":{"start":{"line":14,"column":2},"end":{"line":14,"column":null}},"4":{"start":{"line":18,"column":24},"end":{"line":26,"column":1}},"5":{"start":{"line":28,"column":26},"end":{"line":34,"column":1}},"6":{"start":{"line":36,"column":28},"end":{"line":41,"column":1}},"7":{"start":{"line":43,"column":29},"end":{"line":48,"column":1}},"8":{"start":{"line":55,"column":27},"end":{"line":57,"column":53}},"9":{"start":{"line":56,"column":2},"end":{"line":57,"column":53}},"10":{"start":{"line":59,"column":32},"end":{"line":67,"column":1}},"11":{"start":{"line":60,"column":2},"end":{"line":60,"column":null}},"12":{"start":{"line":60,"column":39},"end":{"line":60,"column":null}},"13":{"start":{"line":61,"column":15},"end":{"line":61,"column":39}},"14":{"start":{"line":62,"column":2},"end":{"line":66,"column":null}},"15":{"start":{"line":63,"column":4},"end":{"line":63,"column":null}},"16":{"start":{"line":65,"column":4},"end":{"line":65,"column":null}},"17":{"start":{"line":69,"column":35},"end":{"line":73,"column":1}},"18":{"start":{"line":70,"column":2},"end":{"line":70,"column":null}},"19":{"start":{"line":70,"column":39},"end":{"line":70,"column":null}},"20":{"start":{"line":71,"column":15},"end":{"line":71,"column":39}},"21":{"start":{"line":72,"column":2},"end":{"line":72,"column":null}},"22":{"start":{"line":75,"column":30},"end":{"line":75,"column":79}},"23":{"start":{"line":75,"column":46},"end":{"line":75,"column":79}}},"fnMap":{"0":{"name":"(anonymous_0)","decl":{"start":{"line":4,"column":27},"end":{"line":4,"column":28}},"loc":{"start":{"line":4,"column":39},"end":{"line":15,"column":1}},"line":4},"1":{"name":"(anonymous_1)","decl":{"start":{"line":55,"column":27},"end":{"line":55,"column":28}},"loc":{"start":{"line":56,"column":2},"end":{"line":57,"column":53}},"line":56},"2":{"name":"(anonymous_2)","decl":{"start":{"line":59,"column":32},"end":{"line":59,"column":33}},"loc":{"start":{"line":59,"column":43},"end":{"line":67,"column":1}},"line":59},"3":{"name":"(anonymous_3)","decl":{"start":{"line":69,"column":35},"end":{"line":69,"column":36}},"loc":{"start":{"line":69,"column":41},"end":{"line":73,"column":1}},"line":69},"4":{"name":"(anonymous_4)","decl":{"start":{"line":75,"column":30},"end":{"line":75,"column":31}},"loc":{"start":{"line":75,"column":46},"end":{"line":75,"column":79}},"line":75}},"branchMap":{"0":{"loc":{"start":{"line":5,"column":14},"end":{"line":5,"column":46}},"type":"cond-expr","locations":[{"start":{"line":5,"column":32},"end":{"line":5,"column":37}},{"start":{"line":5,"column":40},"end":{"line":5,"column":46}}],"line":5},"1":{"loc":{"start":{"line":14,"column":9},"end":{"line":14,"column":68}},"type":"binary-expr","locations":[{"start":{"line":14,"column":9},"end":{"line":14,"column":20}},{"start":{"line":14,"column":24},"end":{"line":14,"column":68}}],"line":14},"2":{"loc":{"start":{"line":56,"column":2},"end":{"line":57,"column":53}},"type":"binary-expr","locations":[{"start":{"line":56,"column":2},"end":{"line":56,"column":33}},{"start":{"line":57,"column":2},"end":{"line":57,"column":53}}],"line":56},"3":{"loc":{"start":{"line":60,"column":2},"end":{"line":60,"column":null}},"type":"if","locations":[{"start":{"line":60,"column":2},"end":{"line":60,"column":null}},{"start":{},"end":{}}],"line":60},"4":{"loc":{"start":{"line":62,"column":2},"end":{"line":66,"column":null}},"type":"if","locations":[{"start":{"line":62,"column":2},"end":{"line":66,"column":null}},{"start":{"line":64,"column":9},"end":{"line":66,"column":null}}],"line":62},"5":{"loc":{"start":{"line":70,"column":2},"end":{"line":70,"column":null}},"type":"if","locations":[{"start":{"line":70,"column":2},"end":{"line":70,"column":null}},{"start":{},"end":{}}],"line":70}},"s":{"0":1,"1":0,"2":0,"3":0,"4":1,"5":1,"6":1,"7":1,"8":1,"9":0,"10":1,"11":0,"12":0,"13":0,"14":0,"15":0,"16":0,"17":1,"18":0,"19":0,"20":0,"21":0,"22":1,"23":0},"f":{"0":0,"1":0,"2":0,"3":0,"4":0},"b":{"0":[0,0],"1":[0,0],"2":[0,0],"3":[0,0],"4":[0,0],"5":[0,0]},"meta":{"lastBranch":6,"lastFunction":5,"lastStatement":24,"seen":{"s:4:27:15:1":0,"f:4:27:4:28":0,"s:5:14:5:46":1,"b:5:32:5:37:5:40:5:46":0,"s:6:17:13:3":2,"s:14:2:14:Infinity":3,"b:14:9:14:20:14:24:14:68":1,"s:18:24:26:1":4,"s:28:26:34:1":5,"s:36:28:41:1":6,"s:43:29:48:1":7,"s:55:27:57:53":8,"f:55:27:55:28":1,"s:56:2:57:53":9,"b:56:2:56:33:57:2:57:53":2,"s:59:32:67:1":10,"f:59:32:59:33":2,"b:60:2:60:Infinity:undefined:undefined:undefined:undefined":3,"s:60:2:60:Infinity":11,"s:60:39:60:Infinity":12,"s:61:15:61:39":13,"b:62:2:66:Infinity:64:9:66:Infinity":4,"s:62:2:66:Infinity":14,"s:63:4:63:Infinity":15,"s:65:4:65:Infinity":16,"s:69:35:73:1":17,"f:69:35:69:36":3,"b:70:2:70:Infinity:undefined:undefined:undefined:undefined":5,"s:70:2:70:Infinity":18,"s:70:39:70:Infinity":19,"s:71:15:71:39":20,"s:72:2:72:Infinity":21,"s:75:30:75:79":22,"f:75:30:75:31":4,"s:75:46:75:79":23}}}
,"/home/ppl_insight_hub/fantasy-football-pi/fantasy-football-pi/frontend/src/utils/uiStandards.js": {"path":"/home/ppl_insight_hub/fantasy-football-pi/fantasy-football-pi/frontend/src/utils/uiStandards.js","statementMap":{"0":{"start":{"line":2,"column":25},"end":{"line":2,"column":54}},"1":{"start":{"line":5,"column":2},"end":{"line":5,"column":107}},"2":{"start":{"line":8,"column":2},"end":{"line":8,"column":66}},"3":{"start":{"line":11,"column":2},"end":{"line":11,"column":81}},"4":{"start":{"line":13,"column":28},"end":{"line":13,"column":72}},"5":{"start":{"line":16,"column":24},"end":{"line":16,"column":68}},"6":{"start":{"line":18,"column":25},"end":{"line":18,"column":69}},"7":{"start":{"line":21,"column":2},"end":{"line":21,"column":70}},"8":{"start":{"line":23,"column":27},"end":{"line":23,"column":71}},"9":{"start":{"line":27,"column":2},"end":{"line":27,"column":114}},"10":{"start":{"line":30,"column":2},"end":{"line":30,"column":109}},"11":{"start":{"line":33,"column":2},"end":{"line":33,"column":105}},"12":{"start":{"line":35,"column":25},"end":{"line":35,"column":36}},"13":{"start":{"line":37,"column":32},"end":{"line":37,"column":67}},"14":{"start":{"line":40,"column":2},"end":{"line":40,"column":97}},"15":{"start":{"line":42,"column":30},"end":{"line":42,"column":76}},"16":{"start":{"line":45,"column":24},"end":{"line":45,"column":30}},"17":{"start":{"line":47,"column":29},"end":{"line":47,"column":35}},"18":{"start":{"line":49,"column":27},"end":{"line":49,"column":33}},"19":{"start":{"line":51,"column":29},"end":{"line":51,"column":37}},"20":{"start":{"line":53,"column":26},"end":{"line":53,"column":34}},"21":{"start":{"line":55,"column":26},"end":{"line":55,"column":34}},"22":{"start":{"line":58,"column":30},"end":{"line":58,"column":41}},"23":{"start":{"line":60,"column":30},"end":{"line":60,"column":41}},"24":{"start":{"line":62,"column":30},"end":{"line":62,"column":41}},"25":{"start":{"line":64,"column":30},"end":{"line":64,"column":41}},"26":{"start":{"line":66,"column":30},"end":{"line":66,"column":41}},"27":{"start":{"line":70,"column":2},"end":{"line":70,"column":192}},"28":{"start":{"line":73,"column":2},"end":{"line":73,"column":202}},"29":{"start":{"line":75,"column":29},"end":{"line":75,"column":105}},"30":{"start":{"line":77,"column":31},"end":{"line":77,"column":172}},"31":{"start":{"line":79,"column":28},"end":{"line":79,"column":101}},"32":{"start":{"line":83,"column":2},"end":{"line":83,"column":80}},"33":{"start":{"line":86,"column":2},"end":{"line":86,"column":130}},"34":{"start":{"line":89,"column":2},"end":{"line":89,"column":229}},"35":{"start":{"line":92,"column":2},"end":{"line":92,"column":82}},"36":{"start":{"line":95,"column":2},"end":{"line":95,"column":51}},"37":{"start":{"line":98,"column":2},"end":{"line":98,"column":50}},"38":{"start":{"line":102,"column":37},"end":{"line":139,"column":1}}},"fnMap":{},"branchMap":{},"s":{"0":1,"1":1,"2":1,"3":1,"4":1,"5":1,"6":1,"7":1,"8":1,"9":1,"10":1,"11":1,"12":1,"13":1,"14":1,"15":1,"16":1,"17":1,"18":1,"19":1,"20":1,"21":1,"22":1,"23":1,"24":1,"25":1,"26":1,"27":1,"28":1,"29":1,"30":1,"31":1,"32":1,"33":1,"34":1,"35":1,"36":1,"37":1,"38":1},"f":{},"b":{},"meta":{"lastBranch":0,"lastFunction":0,"lastStatement":39,"seen":{"s:2:25:2:54":0,"s:5:2:5:107":1,"s:8:2:8:66":2,"s:11:2:11:81":3,"s:13:28:13:72":4,"s:16:24:16:68":5,"s:18:25:18:69":6,"s:21:2:21:70":7,"s:23:27:23:71":8,"s:27:2:27:114":9,"s:30:2:30:109":10,"s:33:2:33:105":11,"s:35:25:35:36":12,"s:37:32:37:67":13,"s:40:2:40:97":14,"s:42:30:42:76":15,"s:45:24:45:30":16,"s:47:29:47:35":17,"s:49:27:49:33":18,"s:51:29:51:37":19,"s:53:26:53:34":20,"s:55:26:55:34":21,"s:58:30:58:41":22,"s:60:30:60:41":23,"s:62:30:62:41":24,"s:64:30:64:41":25,"s:66:30:66:41":26,"s:70:2:70:192":27,"s:73:2:73:202":28,"s:75:29:75:105":29,"s:77:31:77:172":30,"s:79:28:79:101":31,"s:83:2:83:80":32,"s:86:2:86:130":33,"s:89:2:89:229":34,"s:92:2:92:82":35,"s:95:2:95:51":36,"s:98:2:98:50":37,"s:102:37:139:1":38}}}
}
