{"C:\\Users\\nicho\\Dev\\fantasy-football-pi\\fantasy-football-pi\\frontend\\src\\api\\commonApi.js": {"path":"C:\\Users\\nicho\\Dev\\fantasy-football-pi\\fantasy-football-pi\\frontend\\src\\api\\commonApi.js","statementMap":{"0":{"start":{"line":4,"column":2},"end":{"line":4,"column":45}},"1":{"start":{"line":8,"column":2},"end":{"line":8,"column":57}},"2":{"start":{"line":12,"column":2},"end":{"line":15,"column":5}},"3":{"start":{"line":19,"column":2},"end":{"line":22,"column":5}}},"fnMap":{"0":{"name":"fetchCurrentUser","decl":{"start":{"line":3,"column":16},"end":{"line":3,"column":32}},"loc":{"start":{"line":3,"column":35},"end":{"line":5,"column":1}},"line":3},"1":{"name":"fetchLeagueById","decl":{"start":{"line":7,"column":16},"end":{"line":7,"column":31}},"loc":{"start":{"line":7,"column":42},"end":{"line":9,"column":1}},"line":7},"2":{"name":"fetchLeagueOwners","decl":{"start":{"line":11,"column":16},"end":{"line":11,"column":33}},"loc":{"start":{"line":11,"column":44},"end":{"line":16,"column":1}},"line":11},"3":{"name":"fetchOwnerRoster","decl":{"start":{"line":18,"column":16},"end":{"line":18,"column":32}},"loc":{"start":{"line":18,"column":52},"end":{"line":23,"column":1}},"line":18}},"branchMap":{"0":{"loc":{"start":{"line":18,"column":42},"end":{"line":18,"column":50}},"type":"default-arg","locations":[{"start":{"line":18,"column":49},"end":{"line":18,"column":50}}],"line":18}},"s":{"0":0,"1":0,"2":0,"3":0},"f":{"0":0,"1":0,"2":0,"3":0},"b":{"0":[0]},"meta":{"lastBranch":1,"lastFunction":4,"lastStatement":4,"seen":{"f:3:16:3:32":0,"s:4:2:4:45":0,"f:7:16:7:31":1,"s:8:2:8:57":1,"f:11:16:11:33":2,"s:12:2:15:5":2,"f:18:16:18:32":3,"b:18:49:18:50":0,"s:19:2:22:5":3}}}
,"C:\\Users\\nicho\\Dev\\fantasy-football-pi\\fantasy-football-pi\\frontend\\src\\api\\draftAnalyzerApi.js": {"path":"C:\\Users\\nicho\\Dev\\fantasy-football-pi\\fantasy-football-pi\\frontend\\src\\api\\draftAnalyzerApi.js","statementMap":{"0":{"start":{"line":3,"column":22},"end":{"line":3,"column":67}},"1":{"start":{"line":6,"column":2},"end":{"line":6,"column":50}},"2":{"start":{"line":10,"column":18},"end":{"line":10,"column":73}},"3":{"start":{"line":11,"column":15},"end":{"line":11,"column":50}},"4":{"start":{"line":12,"column":2},"end":{"line":14,"column":3}},"5":{"start":{"line":13,"column":4},"end":{"line":13,"column":17}},"6":{"start":{"line":15,"column":2},"end":{"line":23,"column":3}},"7":{"start":{"line":16,"column":14},"end":{"line":16,"column":15}},"8":{"start":{"line":17,"column":4},"end":{"line":19,"column":5}},"9":{"start":{"line":18,"column":6},"end":{"line":18,"column":15}},"10":{"start":{"line":20,"column":4},"end":{"line":22,"column":5}},"11":{"start":{"line":21,"column":6},"end":{"line":21,"column":69}},"12":{"start":{"line":24,"column":2},"end":{"line":24,"column":26}},"13":{"start":{"line":28,"column":17},"end":{"line":28,"column":47}},"14":{"start":{"line":29,"column":2},"end":{"line":29,"column":38}},"15":{"start":{"line":29,"column":14},"end":{"line":29,"column":38}},"16":{"start":{"line":31,"column":17},"end":{"line":31,"column":47}},"17":{"start":{"line":32,"column":2},"end":{"line":32,"column":38}},"18":{"start":{"line":32,"column":14},"end":{"line":32,"column":38}},"19":{"start":{"line":34,"column":2},"end":{"line":38,"column":14}},"20":{"start":{"line":42,"column":15},"end":{"line":42,"column":52}},"21":{"start":{"line":43,"column":19},"end":{"line":43,"column":28}},"22":{"start":{"line":45,"column":2},"end":{"line":62,"column":3}},"23":{"start":{"line":46,"column":16},"end":{"line":46,"column":46}},"24":{"start":{"line":47,"column":20},"end":{"line":47,"column":37}},"25":{"start":{"line":48,"column":30},"end":{"line":48,"column":73}},"26":{"start":{"line":49,"column":31},"end":{"line":49,"column":76}},"27":{"start":{"line":50,"column":31},"end":{"line":50,"column":71}},"28":{"start":{"line":51,"column":32},"end":{"line":51,"column":73}},"29":{"start":{"line":54,"column":6},"end":{"line":57,"column":148}},"30":{"start":{"line":59,"column":4},"end":{"line":61,"column":5}},"31":{"start":{"line":60,"column":6},"end":{"line":60,"column":32}},"32":{"start":{"line":64,"column":2},"end":{"line":64,"column":39}},"33":{"start":{"line":68,"column":2},"end":{"line":68,"column":45}},"34":{"start":{"line":72,"column":2},"end":{"line":75,"column":5}},"35":{"start":{"line":79,"column":2},"end":{"line":79,"column":71}},"36":{"start":{"line":83,"column":2},"end":{"line":83,"column":66}},"37":{"start":{"line":87,"column":2},"end":{"line":90,"column":5}},"38":{"start":{"line":94,"column":17},"end":{"line":94,"column":55}},"39":{"start":{"line":95,"column":2},"end":{"line":95,"column":41}},"40":{"start":{"line":95,"column":15},"end":{"line":95,"column":41}},"41":{"start":{"line":96,"column":2},"end":{"line":96,"column":60}},"42":{"start":{"line":100,"column":2},"end":{"line":100,"column":67}},"43":{"start":{"line":104,"column":2},"end":{"line":104,"column":64}},"44":{"start":{"line":108,"column":2},"end":{"line":111,"column":5}},"45":{"start":{"line":115,"column":2},"end":{"line":115,"column":71}}},"fnMap":{"0":{"name":"normalizeText","decl":{"start":{"line":5,"column":9},"end":{"line":5,"column":22}},"loc":{"start":{"line":5,"column":30},"end":{"line":7,"column":1}},"line":5},"1":{"name":"normalizeNameForDedupe","decl":{"start":{"line":9,"column":9},"end":{"line":9,"column":31}},"loc":{"start":{"line":9,"column":39},"end":{"line":25,"column":1}},"line":9},"2":{"name":"buildFallbackPlayerKey","decl":{"start":{"line":27,"column":9},"end":{"line":27,"column":31}},"loc":{"start":{"line":27,"column":40},"end":{"line":39,"column":1}},"line":27},"3":{"name":"dedupePlayersForUi","decl":{"start":{"line":41,"column":9},"end":{"line":41,"column":27}},"loc":{"start":{"line":41,"column":37},"end":{"line":65,"column":1}},"line":41},"4":{"name":"fetchCurrentUser","decl":{"start":{"line":67,"column":16},"end":{"line":67,"column":32}},"loc":{"start":{"line":67,"column":35},"end":{"line":69,"column":1}},"line":67},"5":{"name":"fetchLeagueOwners","decl":{"start":{"line":71,"column":16},"end":{"line":71,"column":33}},"loc":{"start":{"line":71,"column":44},"end":{"line":76,"column":1}},"line":71},"6":{"name":"fetchAllPlayers","decl":{"start":{"line":78,"column":16},"end":{"line":78,"column":31}},"loc":{"start":{"line":78,"column":34},"end":{"line":80,"column":1}},"line":78},"7":{"name":"fetchLeagueSettings","decl":{"start":{"line":82,"column":16},"end":{"line":82,"column":35}},"loc":{"start":{"line":82,"column":46},"end":{"line":84,"column":1}},"line":82},"8":{"name":"fetchDraftHistory","decl":{"start":{"line":86,"column":16},"end":{"line":86,"column":33}},"loc":{"start":{"line":86,"column":45},"end":{"line":91,"column":1}},"line":86},"9":{"name":"fetchHistoricalRankings","decl":{"start":{"line":93,"column":16},"end":{"line":93,"column":39}},"loc":{"start":{"line":93,"column":84},"end":{"line":97,"column":1}},"line":93},"10":{"name":"fetchModelPredictions","decl":{"start":{"line":99,"column":16},"end":{"line":99,"column":37}},"loc":{"start":{"line":99,"column":47},"end":{"line":101,"column":1}},"line":99},"11":{"name":"runDraftSimulation","decl":{"start":{"line":103,"column":16},"end":{"line":103,"column":34}},"loc":{"start":{"line":103,"column":44},"end":{"line":105,"column":1}},"line":103},"12":{"name":"fetchPlayerSeasonDetails","decl":{"start":{"line":107,"column":16},"end":{"line":107,"column":40}},"loc":{"start":{"line":107,"column":59},"end":{"line":112,"column":1}},"line":107},"13":{"name":"queryDraftAdvisor","decl":{"start":{"line":114,"column":16},"end":{"line":114,"column":33}},"loc":{"start":{"line":114,"column":43},"end":{"line":116,"column":1}},"line":114}},"branchMap":{"0":{"loc":{"start":{"line":6,"column":16},"end":{"line":6,"column":27}},"type":"binary-expr","locations":[{"start":{"line":6,"column":16},"end":{"line":6,"column":21}},{"start":{"line":6,"column":25},"end":{"line":6,"column":27}}],"line":6},"1":{"loc":{"start":{"line":11,"column":15},"end":{"line":11,"column":50}},"type":"cond-expr","locations":[{"start":{"line":11,"column":25},"end":{"line":11,"column":45}},{"start":{"line":11,"column":48},"end":{"line":11,"column":50}}],"line":11},"2":{"loc":{"start":{"line":12,"column":2},"end":{"line":14,"column":3}},"type":"if","locations":[{"start":{"line":12,"column":2},"end":{"line":14,"column":3}},{"start":{},"end":{}}],"line":12},"3":{"loc":{"start":{"line":12,"column":6},"end":{"line":12,"column":71}},"type":"binary-expr","locations":[{"start":{"line":12,"column":6},"end":{"line":12,"column":23}},{"start":{"line":12,"column":27},"end":{"line":12,"column":71}}],"line":12},"4":{"loc":{"start":{"line":15,"column":2},"end":{"line":23,"column":3}},"type":"if","locations":[{"start":{"line":15,"column":2},"end":{"line":23,"column":3}},{"start":{},"end":{}}],"line":15},"5":{"loc":{"start":{"line":17,"column":11},"end":{"line":17,"column":58}},"type":"binary-expr","locations":[{"start":{"line":17,"column":11},"end":{"line":17,"column":30}},{"start":{"line":17,"column":34},"end":{"line":17,"column":58}}],"line":17},"6":{"loc":{"start":{"line":20,"column":4},"end":{"line":22,"column":5}},"type":"if","locations":[{"start":{"line":20,"column":4},"end":{"line":22,"column":5}},{"start":{},"end":{}}],"line":20},"7":{"loc":{"start":{"line":29,"column":2},"end":{"line":29,"column":38}},"type":"if","locations":[{"start":{"line":29,"column":2},"end":{"line":29,"column":38}},{"start":{},"end":{}}],"line":29},"8":{"loc":{"start":{"line":32,"column":2},"end":{"line":32,"column":38}},"type":"if","locations":[{"start":{"line":32,"column":2},"end":{"line":32,"column":38}},{"start":{},"end":{}}],"line":32},"9":{"loc":{"start":{"line":42,"column":15},"end":{"line":42,"column":52}},"type":"cond-expr","locations":[{"start":{"line":42,"column":40},"end":{"line":42,"column":47}},{"start":{"line":42,"column":50},"end":{"line":42,"column":52}}],"line":42},"10":{"loc":{"start":{"line":48,"column":38},"end":{"line":48,"column":72}},"type":"binary-expr","locations":[{"start":{"line":48,"column":38},"end":{"line":48,"column":53}},{"start":{"line":48,"column":57},"end":{"line":48,"column":72}}],"line":48},"11":{"loc":{"start":{"line":49,"column":39},"end":{"line":49,"column":75}},"type":"binary-expr","locations":[{"start":{"line":49,"column":39},"end":{"line":49,"column":55}},{"start":{"line":49,"column":59},"end":{"line":49,"column":75}}],"line":49},"12":{"loc":{"start":{"line":54,"column":6},"end":{"line":57,"column":148}},"type":"binary-expr","locations":[{"start":{"line":54,"column":6},"end":{"line":54,"column":14}},{"start":{"line":55,"column":7},"end":{"line":55,"column":24}},{"start":{"line":55,"column":28},"end":{"line":55,"column":47}},{"start":{"line":56,"column":7},"end":{"line":56,"column":47}},{"start":{"line":56,"column":51},"end":{"line":56,"column":69}},{"start":{"line":56,"column":73},"end":{"line":56,"column":93}},{"start":{"line":57,"column":7},"end":{"line":57,"column":47}},{"start":{"line":57,"column":51},"end":{"line":57,"column":93}},{"start":{"line":57,"column":97},"end":{"line":57,"column":147}}],"line":54},"13":{"loc":{"start":{"line":59,"column":4},"end":{"line":61,"column":5}},"type":"if","locations":[{"start":{"line":59,"column":4},"end":{"line":61,"column":5}},{"start":{},"end":{}}],"line":59},"14":{"loc":{"start":{"line":93,"column":69},"end":{"line":93,"column":80}},"type":"default-arg","locations":[{"start":{"line":93,"column":77},"end":{"line":93,"column":80}}],"line":93},"15":{"loc":{"start":{"line":95,"column":2},"end":{"line":95,"column":41}},"type":"if","locations":[{"start":{"line":95,"column":2},"end":{"line":95,"column":41}},{"start":{},"end":{}}],"line":95}},"s":{"0":1,"1":0,"2":0,"3":0,"4":0,"5":0,"6":0,"7":0,"8":0,"9":0,"10":0,"11":0,"12":0,"13":0,"14":0,"15":0,"16":0,"17":0,"18":0,"19":0,"20":0,"21":0,"22":0,"23":0,"24":0,"25":0,"26":0,"27":0,"28":0,"29":0,"30":0,"31":0,"32":0,"33":1,"34":1,"35":1,"36":1,"37":1,"38":1,"39":1,"40":1,"41":1,"42":0,"43":0,"44":0,"45":0},"f":{"0":0,"1":0,"2":0,"3":0,"4":1,"5":1,"6":1,"7":1,"8":1,"9":1,"10":0,"11":0,"12":0,"13":0},"b":{"0":[0,0],"1":[0,0],"2":[0,0],"3":[0,0],"4":[0,0],"5":[0,0],"6":[0,0],"7":[0,0],"8":[0,0],"9":[0,0],"10":[0,0],"11":[0,0],"12":[0,0,0,0,0,0,0,0,0],"13":[0,0],"14":[1],"15":[1,0]},"meta":{"lastBranch":16,"lastFunction":14,"lastStatement":46,"seen":{"s:3:22:3:67":0,"f:5:9:5:22":0,"s:6:2:6:50":1,"b:6:16:6:21:6:25:6:27":0,"f:9:9:9:31":1,"s:10:18:10:73":2,"s:11:15:11:50":3,"b:11:25:11:45:11:48:11:50":1,"b:12:2:14:3:undefined:undefined:undefined:undefined":2,"s:12:2:14:3":4,"b:12:6:12:23:12:27:12:71":3,"s:13:4:13:17":5,"b:15:2:23:3:undefined:undefined:undefined:undefined":4,"s:15:2:23:3":6,"s:16:14:16:15":7,"s:17:4:19:5":8,"b:17:11:17:30:17:34:17:58":5,"s:18:6:18:15":9,"b:20:4:22:5:undefined:undefined:undefined:undefined":6,"s:20:4:22:5":10,"s:21:6:21:69":11,"s:24:2:24:26":12,"f:27:9:27:31":2,"s:28:17:28:47":13,"b:29:2:29:38:undefined:undefined:undefined:undefined":7,"s:29:2:29:38":14,"s:29:14:29:38":15,"s:31:17:31:47":16,"b:32:2:32:38:undefined:undefined:undefined:undefined":8,"s:32:2:32:38":17,"s:32:14:32:38":18,"s:34:2:38:14":19,"f:41:9:41:27":3,"s:42:15:42:52":20,"b:42:40:42:47:42:50:42:52":9,"s:43:19:43:28":21,"s:45:2:62:3":22,"s:46:16:46:46":23,"s:47:20:47:37":24,"s:48:30:48:73":25,"b:48:38:48:53:48:57:48:72":10,"s:49:31:49:76":26,"b:49:39:49:55:49:59:49:75":11,"s:50:31:50:71":27,"s:51:32:51:73":28,"s:54:6:57:148":29,"b:54:6:54:14:55:7:55:24:55:28:55:47:56:7:56:47:56:51:56:69:56:73:56:93:57:7:57:47:57:51:57:93:57:97:57:147":12,"b:59:4:61:5:undefined:undefined:undefined:undefined":13,"s:59:4:61:5":30,"s:60:6:60:32":31,"s:64:2:64:39":32,"f:67:16:67:32":4,"s:68:2:68:45":33,"f:71:16:71:33":5,"s:72:2:75:5":34,"f:78:16:78:31":6,"s:79:2:79:71":35,"f:82:16:82:35":7,"s:83:2:83:66":36,"f:86:16:86:33":8,"s:87:2:90:5":37,"f:93:16:93:39":9,"b:93:77:93:80":14,"s:94:17:94:55":38,"b:95:2:95:41:undefined:undefined:undefined:undefined":15,"s:95:2:95:41":39,"s:95:15:95:41":40,"s:96:2:96:60":41,"f:99:16:99:37":10,"s:100:2:100:67":42,"f:103:16:103:34":11,"s:104:2:104:64":43,"f:107:16:107:40":12,"s:108:2:111:5":44,"f:114:16:114:33":13,"s:115:2:115:71":45}}}
,"C:\\Users\\nicho\\Dev\\fantasy-football-pi\\fantasy-football-pi\\frontend\\src\\api\\fetching.js": {"path":"C:\\Users\\nicho\\Dev\\fantasy-football-pi\\fantasy-football-pi\\frontend\\src\\api\\fetching.js","statementMap":{"0":{"start":{"line":4,"column":2},"end":{"line":4,"column":59}},"1":{"start":{"line":4,"column":34},"end":{"line":4,"column":57}},"2":{"start":{"line":8,"column":18},"end":{"line":8,"column":39}},"3":{"start":{"line":9,"column":2},"end":{"line":11,"column":3}},"4":{"start":{"line":10,"column":4},"end":{"line":10,"column":19}},"5":{"start":{"line":12,"column":2},"end":{"line":37,"column":3}},"6":{"start":{"line":13,"column":19},"end":{"line":13,"column":33}},"7":{"start":{"line":14,"column":4},"end":{"line":16,"column":5}},"8":{"start":{"line":15,"column":6},"end":{"line":15,"column":20}},"9":{"start":{"line":17,"column":4},"end":{"line":29,"column":5}},"10":{"start":{"line":18,"column":20},"end":{"line":27,"column":24}},"11":{"start":{"line":20,"column":10},"end":{"line":20,"column":38}},"12":{"start":{"line":20,"column":28},"end":{"line":20,"column":38}},"13":{"start":{"line":21,"column":10},"end":{"line":21,"column":52}},"14":{"start":{"line":21,"column":40},"end":{"line":21,"column":52}},"15":{"start":{"line":22,"column":10},"end":{"line":24,"column":11}},"16":{"start":{"line":23,"column":12},"end":{"line":23,"column":83}},"17":{"start":{"line":25,"column":10},"end":{"line":25,"column":30}},"18":{"start":{"line":28,"column":6},"end":{"line":28,"column":70}},"19":{"start":{"line":30,"column":4},"end":{"line":35,"column":5}},"20":{"start":{"line":31,"column":6},"end":{"line":31,"column":74}},"21":{"start":{"line":31,"column":56},"end":{"line":31,"column":74}},"22":{"start":{"line":32,"column":6},"end":{"line":32,"column":86}},"23":{"start":{"line":32,"column":64},"end":{"line":32,"column":86}},"24":{"start":{"line":33,"column":6},"end":{"line":33,"column":83}},"25":{"start":{"line":33,"column":62},"end":{"line":33,"column":83}},"26":{"start":{"line":34,"column":6},"end":{"line":34,"column":36}},"27":{"start":{"line":36,"column":4},"end":{"line":36,"column":26}},"28":{"start":{"line":38,"column":2},"end":{"line":40,"column":3}},"29":{"start":{"line":39,"column":4},"end":{"line":39,"column":35}},"30":{"start":{"line":41,"column":2},"end":{"line":43,"column":3}},"31":{"start":{"line":42,"column":4},"end":{"line":42,"column":33}},"32":{"start":{"line":44,"column":2},"end":{"line":44,"column":25}},"33":{"start":{"line":48,"column":17},"end":{"line":48,"column":53}},"34":{"start":{"line":49,"column":2},"end":{"line":49,"column":27}},"35":{"start":{"line":49,"column":15},"end":{"line":49,"column":27}},"36":{"start":{"line":50,"column":2},"end":{"line":50,"column":77}},"37":{"start":{"line":61,"column":16},"end":{"line":61,"column":17}},"38":{"start":{"line":64,"column":2},"end":{"line":76,"column":3}},"39":{"start":{"line":65,"column":4},"end":{"line":75,"column":5}},"40":{"start":{"line":66,"column":23},"end":{"line":66,"column":77}},"41":{"start":{"line":67,"column":6},"end":{"line":67,"column":28}},"42":{"start":{"line":69,"column":6},"end":{"line":69,"column":24}},"43":{"start":{"line":70,"column":6},"end":{"line":72,"column":7}},"44":{"start":{"line":71,"column":8},"end":{"line":71,"column":20}},"45":{"start":{"line":73,"column":6},"end":{"line":73,"column":48}},"46":{"start":{"line":74,"column":6},"end":{"line":74,"column":19}},"47":{"start":{"line":78,"column":2},"end":{"line":78,"column":18}},"48":{"start":{"line":82,"column":2},"end":{"line":82,"column":62}},"49":{"start":{"line":86,"column":2},"end":{"line":86,"column":69}}},"fnMap":{"0":{"name":"delay","decl":{"start":{"line":3,"column":9},"end":{"line":3,"column":14}},"loc":{"start":{"line":3,"column":19},"end":{"line":5,"column":1}},"line":3},"1":{"name":"(anonymous_1)","decl":{"start":{"line":4,"column":21},"end":{"line":4,"column":22}},"loc":{"start":{"line":4,"column":34},"end":{"line":4,"column":57}},"line":4},"2":{"name":"normalizeApiError","decl":{"start":{"line":7,"column":16},"end":{"line":7,"column":33}},"loc":{"start":{"line":7,"column":78},"end":{"line":45,"column":1}},"line":7},"3":{"name":"(anonymous_3)","decl":{"start":{"line":19,"column":13},"end":{"line":19,"column":14}},"loc":{"start":{"line":19,"column":23},"end":{"line":26,"column":9}},"line":19},"4":{"name":"shouldRetry","decl":{"start":{"line":47,"column":9},"end":{"line":47,"column":20}},"loc":{"start":{"line":47,"column":28},"end":{"line":51,"column":1}},"line":47},"5":{"name":"requestWithRetry","decl":{"start":{"line":53,"column":22},"end":{"line":53,"column":38}},"loc":{"start":{"line":60,"column":3},"end":{"line":79,"column":1}},"line":60},"6":{"name":"getJson","decl":{"start":{"line":81,"column":16},"end":{"line":81,"column":23}},"loc":{"start":{"line":81,"column":43},"end":{"line":83,"column":1}},"line":81},"7":{"name":"postJson","decl":{"start":{"line":85,"column":16},"end":{"line":85,"column":24}},"loc":{"start":{"line":85,"column":50},"end":{"line":87,"column":1}},"line":85}},"branchMap":{"0":{"loc":{"start":{"line":7,"column":41},"end":{"line":7,"column":76}},"type":"default-arg","locations":[{"start":{"line":7,"column":59},"end":{"line":7,"column":76}}],"line":7},"1":{"loc":{"start":{"line":9,"column":2},"end":{"line":11,"column":3}},"type":"if","locations":[{"start":{"line":9,"column":2},"end":{"line":11,"column":3}},{"start":{},"end":{}}],"line":9},"2":{"loc":{"start":{"line":9,"column":6},"end":{"line":9,"column":51}},"type":"binary-expr","locations":[{"start":{"line":9,"column":6},"end":{"line":9,"column":33}},{"start":{"line":9,"column":37},"end":{"line":9,"column":51}}],"line":9},"3":{"loc":{"start":{"line":12,"column":2},"end":{"line":37,"column":3}},"type":"if","locations":[{"start":{"line":12,"column":2},"end":{"line":37,"column":3}},{"start":{},"end":{}}],"line":12},"4":{"loc":{"start":{"line":14,"column":4},"end":{"line":16,"column":5}},"type":"if","locations":[{"start":{"line":14,"column":4},"end":{"line":16,"column":5}},{"start":{},"end":{}}],"line":14},"5":{"loc":{"start":{"line":14,"column":8},"end":{"line":14,"column":51}},"type":"binary-expr","locations":[{"start":{"line":14,"column":8},"end":{"line":14,"column":34}},{"start":{"line":14,"column":38},"end":{"line":14,"column":51}}],"line":14},"6":{"loc":{"start":{"line":17,"column":4},"end":{"line":29,"column":5}},"type":"if","locations":[{"start":{"line":17,"column":4},"end":{"line":29,"column":5}},{"start":{},"end":{}}],"line":17},"7":{"loc":{"start":{"line":20,"column":10},"end":{"line":20,"column":38}},"type":"if","locations":[{"start":{"line":20,"column":10},"end":{"line":20,"column":38}},{"start":{},"end":{}}],"line":20},"8":{"loc":{"start":{"line":21,"column":10},"end":{"line":21,"column":52}},"type":"if","locations":[{"start":{"line":21,"column":10},"end":{"line":21,"column":52}},{"start":{},"end":{}}],"line":21},"9":{"loc":{"start":{"line":22,"column":10},"end":{"line":24,"column":11}},"type":"if","locations":[{"start":{"line":22,"column":10},"end":{"line":24,"column":11}},{"start":{},"end":{}}],"line":22},"10":{"loc":{"start":{"line":23,"column":19},"end":{"line":23,"column":82}},"type":"binary-expr","locations":[{"start":{"line":23,"column":19},"end":{"line":23,"column":27}},{"start":{"line":23,"column":31},"end":{"line":23,"column":43}},{"start":{"line":23,"column":47},"end":{"line":23,"column":58}},{"start":{"line":23,"column":62},"end":{"line":23,"column":82}}],"line":23},"11":{"loc":{"start":{"line":28,"column":13},"end":{"line":28,"column":69}},"type":"cond-expr","locations":[{"start":{"line":28,"column":28},"end":{"line":28,"column":44}},{"start":{"line":28,"column":47},"end":{"line":28,"column":69}}],"line":28},"12":{"loc":{"start":{"line":30,"column":4},"end":{"line":35,"column":5}},"type":"if","locations":[{"start":{"line":30,"column":4},"end":{"line":35,"column":5}},{"start":{},"end":{}}],"line":30},"13":{"loc":{"start":{"line":31,"column":6},"end":{"line":31,"column":74}},"type":"if","locations":[{"start":{"line":31,"column":6},"end":{"line":31,"column":74}},{"start":{},"end":{}}],"line":31},"14":{"loc":{"start":{"line":31,"column":10},"end":{"line":31,"column":54}},"type":"binary-expr","locations":[{"start":{"line":31,"column":10},"end":{"line":31,"column":40}},{"start":{"line":31,"column":44},"end":{"line":31,"column":54}}],"line":31},"15":{"loc":{"start":{"line":32,"column":6},"end":{"line":32,"column":86}},"type":"if","locations":[{"start":{"line":32,"column":6},"end":{"line":32,"column":86}},{"start":{},"end":{}}],"line":32},"16":{"loc":{"start":{"line":32,"column":10},"end":{"line":32,"column":62}},"type":"binary-expr","locations":[{"start":{"line":32,"column":10},"end":{"line":32,"column":44}},{"start":{"line":32,"column":48},"end":{"line":32,"column":62}}],"line":32},"17":{"loc":{"start":{"line":33,"column":6},"end":{"line":33,"column":83}},"type":"if","locations":[{"start":{"line":33,"column":6},"end":{"line":33,"column":83}},{"start":{},"end":{}}],"line":33},"18":{"loc":{"start":{"line":33,"column":10},"end":{"line":33,"column":60}},"type":"binary-expr","locations":[{"start":{"line":33,"column":10},"end":{"line":33,"column":43}},{"start":{"line":33,"column":47},"end":{"line":33,"column":60}}],"line":33},"19":{"loc":{"start":{"line":38,"column":2},"end":{"line":40,"column":3}},"type":"if","locations":[{"start":{"line":38,"column":2},"end":{"line":40,"column":3}},{"start":{},"end":{}}],"line":38},"20":{"loc":{"start":{"line":41,"column":2},"end":{"line":43,"column":3}},"type":"if","locations":[{"start":{"line":41,"column":2},"end":{"line":43,"column":3}},{"start":{},"end":{}}],"line":41},"21":{"loc":{"start":{"line":48,"column":24},"end":{"line":48,"column":52}},"type":"binary-expr","locations":[{"start":{"line":48,"column":24},"end":{"line":48,"column":47}},{"start":{"line":48,"column":51},"end":{"line":48,"column":52}}],"line":48},"22":{"loc":{"start":{"line":49,"column":2},"end":{"line":49,"column":27}},"type":"if","locations":[{"start":{"line":49,"column":2},"end":{"line":49,"column":27}},{"start":{},"end":{}}],"line":49},"23":{"loc":{"start":{"line":50,"column":9},"end":{"line":50,"column":76}},"type":"binary-expr","locations":[{"start":{"line":50,"column":9},"end":{"line":50,"column":23}},{"start":{"line":50,"column":27},"end":{"line":50,"column":41}},{"start":{"line":50,"column":45},"end":{"line":50,"column":59}},{"start":{"line":50,"column":63},"end":{"line":50,"column":76}}],"line":50},"24":{"loc":{"start":{"line":54,"column":2},"end":{"line":54,"column":16}},"type":"default-arg","locations":[{"start":{"line":54,"column":11},"end":{"line":54,"column":16}}],"line":54},"25":{"loc":{"start":{"line":58,"column":2},"end":{"line":58,"column":13}},"type":"default-arg","locations":[{"start":{"line":58,"column":12},"end":{"line":58,"column":13}}],"line":58},"26":{"loc":{"start":{"line":59,"column":2},"end":{"line":59,"column":20}},"type":"default-arg","locations":[{"start":{"line":59,"column":17},"end":{"line":59,"column":20}}],"line":59},"27":{"loc":{"start":{"line":70,"column":6},"end":{"line":72,"column":7}},"type":"if","locations":[{"start":{"line":70,"column":6},"end":{"line":72,"column":7}},{"start":{},"end":{}}],"line":70},"28":{"loc":{"start":{"line":70,"column":10},"end":{"line":70,"column":51}},"type":"binary-expr","locations":[{"start":{"line":70,"column":10},"end":{"line":70,"column":28}},{"start":{"line":70,"column":32},"end":{"line":70,"column":51}}],"line":70},"29":{"loc":{"start":{"line":81,"column":29},"end":{"line":81,"column":41}},"type":"default-arg","locations":[{"start":{"line":81,"column":39},"end":{"line":81,"column":41}}],"line":81},"30":{"loc":{"start":{"line":85,"column":36},"end":{"line":85,"column":48}},"type":"default-arg","locations":[{"start":{"line":85,"column":46},"end":{"line":85,"column":48}}],"line":85}},"s":{"0":5,"1":5,"2":1,"3":1,"4":0,"5":1,"6":0,"7":0,"8":0,"9":0,"10":0,"11":0,"12":0,"13":0,"14":0,"15":0,"16":0,"17":0,"18":0,"19":0,"20":0,"21":0,"22":0,"23":0,"24":0,"25":0,"26":0,"27":0,"28":1,"29":0,"30":1,"31":1,"32":0,"33":5,"34":5,"35":5,"36":0,"37":6,"38":6,"39":11,"40":11,"41":0,"42":11,"43":11,"44":6,"45":5,"46":5,"47":0,"48":6,"49":0},"f":{"0":5,"1":5,"2":1,"3":0,"4":5,"5":6,"6":6,"7":0},"b":{"0":[1],"1":[0,1],"2":[1,0],"3":[0,1],"4":[0,0],"5":[0,0],"6":[0,0],"7":[0,0],"8":[0,0],"9":[0,0],"10":[0,0,0,0],"11":[0,0],"12":[0,0],"13":[0,0],"14":[0,0],"15":[0,0],"16":[0,0],"17":[0,0],"18":[0,0],"19":[0,1],"20":[1,0],"21":[5,5],"22":[5,0],"23":[0,0,0,0],"24":[6],"25":[6],"26":[6],"27":[6,5],"28":[11,5],"29":[6],"30":[0]},"meta":{"lastBranch":31,"lastFunction":8,"lastStatement":50,"seen":{"f:3:9:3:14":0,"s:4:2:4:59":0,"f:4:21:4:22":1,"s:4:34:4:57":1,"f:7:16:7:33":2,"b:7:59:7:76":0,"s:8:18:8:39":2,"b:9:2:11:3:undefined:undefined:undefined:undefined":1,"s:9:2:11:3":3,"b:9:6:9:33:9:37:9:51":2,"s:10:4:10:19":4,"b:12:2:37:3:undefined:undefined:undefined:undefined":3,"s:12:2:37:3":5,"s:13:19:13:33":6,"b:14:4:16:5:undefined:undefined:undefined:undefined":4,"s:14:4:16:5":7,"b:14:8:14:34:14:38:14:51":5,"s:15:6:15:20":8,"b:17:4:29:5:undefined:undefined:undefined:undefined":6,"s:17:4:29:5":9,"s:18:20:27:24":10,"f:19:13:19:14":3,"b:20:10:20:38:undefined:undefined:undefined:undefined":7,"s:20:10:20:38":11,"s:20:28:20:38":12,"b:21:10:21:52:undefined:undefined:undefined:undefined":8,"s:21:10:21:52":13,"s:21:40:21:52":14,"b:22:10:24:11:undefined:undefined:undefined:undefined":9,"s:22:10:24:11":15,"s:23:12:23:83":16,"b:23:19:23:27:23:31:23:43:23:47:23:58:23:62:23:82":10,"s:25:10:25:30":17,"s:28:6:28:70":18,"b:28:28:28:44:28:47:28:69":11,"b:30:4:35:5:undefined:undefined:undefined:undefined":12,"s:30:4:35:5":19,"b:31:6:31:74:undefined:undefined:undefined:undefined":13,"s:31:6:31:74":20,"b:31:10:31:40:31:44:31:54":14,"s:31:56:31:74":21,"b:32:6:32:86:undefined:undefined:undefined:undefined":15,"s:32:6:32:86":22,"b:32:10:32:44:32:48:32:62":16,"s:32:64:32:86":23,"b:33:6:33:83:undefined:undefined:undefined:undefined":17,"s:33:6:33:83":24,"b:33:10:33:43:33:47:33:60":18,"s:33:62:33:83":25,"s:34:6:34:36":26,"s:36:4:36:26":27,"b:38:2:40:3:undefined:undefined:undefined:undefined":19,"s:38:2:40:3":28,"s:39:4:39:35":29,"b:41:2:43:3:undefined:undefined:undefined:undefined":20,"s:41:2:43:3":30,"s:42:4:42:33":31,"s:44:2:44:25":32,"f:47:9:47:20":4,"s:48:17:48:53":33,"b:48:24:48:47:48:51:48:52":21,"b:49:2:49:27:undefined:undefined:undefined:undefined":22,"s:49:2:49:27":34,"s:49:15:49:27":35,"s:50:2:50:77":36,"b:50:9:50:23:50:27:50:41:50:45:50:59:50:63:50:76":23,"f:53:22:53:38":5,"b:54:11:54:16":24,"b:58:12:58:13":25,"b:59:17:59:20":26,"s:61:16:61:17":37,"s:64:2:76:3":38,"s:65:4:75:5":39,"s:66:23:66:77":40,"s:67:6:67:28":41,"s:69:6:69:24":42,"b:70:6:72:7:undefined:undefined:undefined:undefined":27,"s:70:6:72:7":43,"b:70:10:70:28:70:32:70:51":28,"s:71:8:71:20":44,"s:73:6:73:48":45,"s:74:6:74:19":46,"s:78:2:78:18":47,"f:81:16:81:23":6,"b:81:39:81:41":29,"s:82:2:82:62":48,"f:85:16:85:24":7,"b:85:46:85:48":30,"s:86:2:86:69":49}}}
,"C:\\Users\\nicho\\Dev\\fantasy-football-pi\\fantasy-football-pi\\frontend\\src\\components\\GlobalSearch.jsx": {"path":"C:\\Users\\nicho\\Dev\\fantasy-football-pi\\fantasy-football-pi\\frontend\\src\\components\\GlobalSearch.jsx","statementMap":{"0":{"start":{"line":7,"column":24},"end":{"line":7,"column":null}},"1":{"start":{"line":8,"column":28},"end":{"line":8,"column":null}},"2":{"start":{"line":9,"column":8},"end":{"line":9,"column":null}},"3":{"start":{"line":11,"column":23},"end":{"line":25,"column":null}},"4":{"start":{"line":12,"column":4},"end":{"line":12,"column":null}},"5":{"start":{"line":13,"column":4},"end":{"line":13,"column":null}},"6":{"start":{"line":13,"column":24},"end":{"line":13,"column":null}},"7":{"start":{"line":16,"column":4},"end":{"line":24,"column":null}},"8":{"start":{"line":17,"column":23},"end":{"line":19,"column":null}},"9":{"start":{"line":20,"column":19},"end":{"line":20,"column":null}},"10":{"start":{"line":21,"column":6},"end":{"line":21,"column":null}},"11":{"start":{"line":23,"column":6},"end":{"line":23,"column":null}},"12":{"start":{"line":27,"column":2},"end":{"line":72,"column":null}},"13":{"start":{"line":36,"column":27},"end":{"line":36,"column":null}},"14":{"start":{"line":39,"column":57},"end":{"line":39,"column":71}},"15":{"start":{"line":52,"column":12},"end":{"line":68,"column":null}},"16":{"start":{"line":54,"column":29},"end":{"line":54,"column":null}}},"fnMap":{"0":{"name":"GlobalSearch","decl":{"start":{"line":6,"column":24},"end":{"line":6,"column":37}},"loc":{"start":{"line":6,"column":57},"end":{"line":74,"column":null}},"line":6},"1":{"name":"(anonymous_1)","decl":{"start":{"line":11,"column":23},"end":{"line":11,"column":30}},"loc":{"start":{"line":11,"column":38},"end":{"line":25,"column":null}},"line":11},"2":{"name":"(anonymous_2)","decl":{"start":{"line":36,"column":20},"end":{"line":36,"column":21}},"loc":{"start":{"line":36,"column":27},"end":{"line":36,"column":null}},"line":36},"3":{"name":"(anonymous_3)","decl":{"start":{"line":39,"column":51},"end":{"line":39,"column":57}},"loc":{"start":{"line":39,"column":57},"end":{"line":39,"column":71}},"line":39},"4":{"name":"(anonymous_4)","decl":{"start":{"line":51,"column":23},"end":{"line":51,"column":24}},"loc":{"start":{"line":52,"column":12},"end":{"line":68,"column":null}},"line":52},"5":{"name":"(anonymous_5)","decl":{"start":{"line":54,"column":23},"end":{"line":54,"column":29}},"loc":{"start":{"line":54,"column":29},"end":{"line":54,"column":null}},"line":54}},"branchMap":{"0":{"loc":{"start":{"line":13,"column":4},"end":{"line":13,"column":null}},"type":"if","locations":[{"start":{"line":13,"column":4},"end":{"line":13,"column":null}},{"start":{},"end":{}}],"line":13},"1":{"loc":{"start":{"line":38,"column":9},"end":{"line":39,"column":null}},"type":"binary-expr","locations":[{"start":{"line":38,"column":9},"end":{"line":38,"column":null}},{"start":{"line":39,"column":10},"end":{"line":39,"column":null}}],"line":38},"2":{"loc":{"start":{"line":44,"column":7},"end":{"line":70,"column":null}},"type":"binary-expr","locations":[{"start":{"line":44,"column":7},"end":{"line":44,"column":null}},{"start":{"line":45,"column":8},"end":{"line":70,"column":null}}],"line":44}},"s":{"0":5,"1":5,"2":5,"3":5,"4":0,"5":0,"6":0,"7":0,"8":0,"9":0,"10":0,"11":0,"12":5,"13":0,"14":0,"15":0,"16":0},"f":{"0":5,"1":0,"2":0,"3":0,"4":0,"5":0},"b":{"0":[0,0],"1":[5,0],"2":[5,0]},"meta":{"lastBranch":3,"lastFunction":6,"lastStatement":17,"seen":{"f:6:24:6:37":0,"s:7:24:7:Infinity":0,"s:8:28:8:Infinity":1,"s:9:8:9:Infinity":2,"s:11:23:25:Infinity":3,"f:11:23:11:30":1,"s:12:4:12:Infinity":4,"b:13:4:13:Infinity:undefined:undefined:undefined:undefined":0,"s:13:4:13:Infinity":5,"s:13:24:13:Infinity":6,"s:16:4:24:Infinity":7,"s:17:23:19:Infinity":8,"s:20:19:20:Infinity":9,"s:21:6:21:Infinity":10,"s:23:6:23:Infinity":11,"s:27:2:72:Infinity":12,"f:36:20:36:21":2,"s:36:27:36:Infinity":13,"b:38:9:38:Infinity:39:10:39:Infinity":1,"f:39:51:39:57":3,"s:39:57:39:71":14,"b:44:7:44:Infinity:45:8:70:Infinity":2,"f:51:23:51:24":4,"s:52:12:68:Infinity":15,"f:54:23:54:29":5,"s:54:29:54:Infinity":16}}}
,"C:\\Users\\nicho\\Dev\\fantasy-football-pi\\fantasy-football-pi\\frontend\\src\\components\\TeamLogo.jsx": {"path":"C:\\Users\\nicho\\Dev\\fantasy-football-pi\\fantasy-football-pi\\frontend\\src\\components\\TeamLogo.jsx","statementMap":{"0":{"start":{"line":9,"column":19},"end":{"line":41,"column":null}},"1":{"start":{"line":10,"column":20},"end":{"line":15,"column":null}},"2":{"start":{"line":17,"column":2},"end":{"line":39,"column":null}},"3":{"start":{"line":43,"column":0},"end":{"line":47,"column":null}},"4":{"start":{"line":70,"column":34},"end":{"line":70,"column":null}},"5":{"start":{"line":73,"column":22},"end":{"line":78,"column":null}},"6":{"start":{"line":81,"column":23},"end":{"line":81,"column":null}},"7":{"start":{"line":82,"column":25},"end":{"line":82,"column":null}},"8":{"start":{"line":85,"column":22},"end":{"line":85,"column":null}},"9":{"start":{"line":88,"column":23},"end":{"line":88,"column":null}},"10":{"start":{"line":91,"column":22},"end":{"line":97,"column":null}},"11":{"start":{"line":99,"column":2},"end":{"line":125,"column":null}},"12":{"start":{"line":113,"column":25},"end":{"line":113,"column":null}},"13":{"start":{"line":129,"column":0},"end":{"line":140,"column":null}}},"fnMap":{"0":{"name":"(anonymous_0)","decl":{"start":{"line":9,"column":19},"end":{"line":9,"column":20}},"loc":{"start":{"line":9,"column":63},"end":{"line":41,"column":null}},"line":9},"1":{"name":"TeamLogo","decl":{"start":{"line":64,"column":24},"end":{"line":64,"column":33}},"loc":{"start":{"line":69,"column":3},"end":{"line":127,"column":null}},"line":69},"2":{"name":"(anonymous_2)","decl":{"start":{"line":113,"column":19},"end":{"line":113,"column":25}},"loc":{"start":{"line":113,"column":25},"end":{"line":113,"column":null}},"line":113}},"branchMap":{"0":{"loc":{"start":{"line":66,"column":2},"end":{"line":66,"column":null}},"type":"default-arg","locations":[{"start":{"line":66,"column":9},"end":{"line":66,"column":null}}],"line":66},"1":{"loc":{"start":{"line":67,"column":2},"end":{"line":67,"column":null}},"type":"default-arg","locations":[{"start":{"line":67,"column":14},"end":{"line":67,"column":null}}],"line":67},"2":{"loc":{"start":{"line":68,"column":2},"end":{"line":68,"column":null}},"type":"default-arg","locations":[{"start":{"line":68,"column":15},"end":{"line":68,"column":null}}],"line":68},"3":{"loc":{"start":{"line":81,"column":23},"end":{"line":81,"column":null}},"type":"binary-expr","locations":[{"start":{"line":81,"column":23},"end":{"line":81,"column":50}},{"start":{"line":81,"column":50},"end":{"line":81,"column":null}}],"line":81},"4":{"loc":{"start":{"line":82,"column":25},"end":{"line":82,"column":null}},"type":"binary-expr","locations":[{"start":{"line":82,"column":25},"end":{"line":82,"column":54}},{"start":{"line":82,"column":54},"end":{"line":82,"column":null}}],"line":82},"5":{"loc":{"start":{"line":85,"column":22},"end":{"line":85,"column":null}},"type":"binary-expr","locations":[{"start":{"line":85,"column":22},"end":{"line":85,"column":45}},{"start":{"line":85,"column":45},"end":{"line":85,"column":63}},{"start":{"line":85,"column":63},"end":{"line":85,"column":null}}],"line":85},"6":{"loc":{"start":{"line":88,"column":23},"end":{"line":88,"column":null}},"type":"binary-expr","locations":[{"start":{"line":88,"column":23},"end":{"line":88,"column":45}},{"start":{"line":88,"column":45},"end":{"line":88,"column":null}}],"line":88},"7":{"loc":{"start":{"line":91,"column":22},"end":{"line":97,"column":null}},"type":"cond-expr","locations":[{"start":{"line":92,"column":6},"end":{"line":96,"column":null}},{"start":{"line":97,"column":6},"end":{"line":97,"column":null}}],"line":91},"8":{"loc":{"start":{"line":104,"column":25},"end":{"line":104,"column":null}},"type":"cond-expr","locations":[{"start":{"line":104,"column":40},"end":{"line":104,"column":56}},{"start":{"line":104,"column":56},"end":{"line":104,"column":null}}],"line":104},"9":{"loc":{"start":{"line":108,"column":7},"end":{"line":123,"column":null}},"type":"cond-expr","locations":[{"start":{"line":109,"column":8},"end":{"line":114,"column":null}},{"start":{"line":116,"column":8},"end":{"line":123,"column":null}}],"line":108}},"s":{"0":1,"1":0,"2":0,"3":1,"4":0,"5":0,"6":0,"7":0,"8":0,"9":0,"10":0,"11":0,"12":0,"13":1},"f":{"0":0,"1":0,"2":0},"b":{"0":[0],"1":[0],"2":[0],"3":[0,0],"4":[0,0],"5":[0,0,0],"6":[0,0],"7":[0,0],"8":[0,0],"9":[0,0]},"meta":{"lastBranch":10,"lastFunction":3,"lastStatement":14,"seen":{"s:9:19:41:Infinity":0,"f:9:19:9:20":0,"s:10:20:15:Infinity":1,"s:17:2:39:Infinity":2,"s:43:0:47:Infinity":3,"f:64:24:64:33":1,"b:66:9:66:Infinity":0,"b:67:14:67:Infinity":1,"b:68:15:68:Infinity":2,"s:70:34:70:Infinity":4,"s:73:22:78:Infinity":5,"s:81:23:81:Infinity":6,"b:81:23:81:50:81:50:81:Infinity":3,"s:82:25:82:Infinity":7,"b:82:25:82:54:82:54:82:Infinity":4,"s:85:22:85:Infinity":8,"b:85:22:85:45:85:45:85:63:85:63:85:Infinity":5,"s:88:23:88:Infinity":9,"b:88:23:88:45:88:45:88:Infinity":6,"s:91:22:97:Infinity":10,"b:92:6:96:Infinity:97:6:97:Infinity":7,"s:99:2:125:Infinity":11,"b:104:40:104:56:104:56:104:Infinity":8,"b:109:8:114:Infinity:116:8:123:Infinity":9,"f:113:19:113:25":2,"s:113:25:113:Infinity":12,"s:129:0:140:Infinity":13}}}
,"C:\\Users\\nicho\\Dev\\fantasy-football-pi\\fantasy-football-pi\\frontend\\src\\components\\Toast.jsx": {"path":"C:\\Users\\nicho\\Dev\\fantasy-football-pi\\fantasy-football-pi\\frontend\\src\\components\\Toast.jsx","statementMap":{"0":{"start":{"line":20,"column":19},"end":{"line":20,"column":null}},"1":{"start":{"line":22,"column":4},"end":{"line":22,"column":null}},"2":{"start":{"line":23,"column":29},"end":{"line":23,"column":null}},"3":{"start":{"line":24,"column":28},"end":{"line":24,"column":null}},"4":{"start":{"line":27,"column":2},"end":{"line":35,"column":null}},"5":{"start":{"line":28,"column":4},"end":{"line":30,"column":null}},"6":{"start":{"line":29,"column":6},"end":{"line":29,"column":null}},"7":{"start":{"line":31,"column":18},"end":{"line":33,"column":null}},"8":{"start":{"line":32,"column":6},"end":{"line":32,"column":null}},"9":{"start":{"line":34,"column":4},"end":{"line":34,"column":null}},"10":{"start":{"line":34,"column":17},"end":{"line":34,"column":null}},"11":{"start":{"line":38,"column":2},"end":{"line":46,"column":null}},"12":{"start":{"line":39,"column":25},"end":{"line":43,"column":null}},"13":{"start":{"line":40,"column":6},"end":{"line":42,"column":null}},"14":{"start":{"line":41,"column":8},"end":{"line":41,"column":null}},"15":{"start":{"line":44,"column":4},"end":{"line":44,"column":null}},"16":{"start":{"line":45,"column":4},"end":{"line":45,"column":null}},"17":{"start":{"line":45,"column":17},"end":{"line":45,"column":null}},"18":{"start":{"line":49,"column":17},"end":{"line":55,"column":null}},"19":{"start":{"line":57,"column":16},"end":{"line":63,"column":null}},"20":{"start":{"line":65,"column":19},"end":{"line":65,"column":null}},"21":{"start":{"line":66,"column":25},"end":{"line":68,"column":null}},"22":{"start":{"line":70,"column":2},"end":{"line":113,"column":null}}},"fnMap":{"0":{"name":"Toast","decl":{"start":{"line":13,"column":24},"end":{"line":13,"column":30}},"loc":{"start":{"line":19,"column":3},"end":{"line":115,"column":null}},"line":19},"1":{"name":"(anonymous_1)","decl":{"start":{"line":27,"column":12},"end":{"line":27,"column":18}},"loc":{"start":{"line":27,"column":18},"end":{"line":35,"column":5}},"line":27},"2":{"name":"(anonymous_2)","decl":{"start":{"line":31,"column":29},"end":{"line":31,"column":35}},"loc":{"start":{"line":31,"column":35},"end":{"line":33,"column":7}},"line":31},"3":{"name":"(anonymous_3)","decl":{"start":{"line":34,"column":11},"end":{"line":34,"column":17}},"loc":{"start":{"line":34,"column":17},"end":{"line":34,"column":null}},"line":34},"4":{"name":"(anonymous_4)","decl":{"start":{"line":38,"column":12},"end":{"line":38,"column":18}},"loc":{"start":{"line":38,"column":18},"end":{"line":46,"column":5}},"line":38},"5":{"name":"(anonymous_5)","decl":{"start":{"line":39,"column":25},"end":{"line":39,"column":26}},"loc":{"start":{"line":39,"column":36},"end":{"line":43,"column":null}},"line":39},"6":{"name":"(anonymous_6)","decl":{"start":{"line":45,"column":11},"end":{"line":45,"column":17}},"loc":{"start":{"line":45,"column":17},"end":{"line":45,"column":null}},"line":45}},"branchMap":{"0":{"loc":{"start":{"line":15,"column":2},"end":{"line":15,"column":null}},"type":"default-arg","locations":[{"start":{"line":15,"column":9},"end":{"line":15,"column":null}}],"line":15},"1":{"loc":{"start":{"line":20,"column":19},"end":{"line":20,"column":null}},"type":"binary-expr","locations":[{"start":{"line":20,"column":19},"end":{"line":20,"column":29}},{"start":{"line":20,"column":29},"end":{"line":20,"column":null}}],"line":20},"2":{"loc":{"start":{"line":22,"column":4},"end":{"line":22,"column":null}},"type":"cond-expr","locations":[{"start":{"line":22,"column":25},"end":{"line":22,"column":32}},{"start":{"line":22,"column":32},"end":{"line":22,"column":null}}],"line":22},"3":{"loc":{"start":{"line":22,"column":32},"end":{"line":22,"column":null}},"type":"cond-expr","locations":[{"start":{"line":22,"column":50},"end":{"line":22,"column":57}},{"start":{"line":22,"column":57},"end":{"line":22,"column":null}}],"line":22},"4":{"loc":{"start":{"line":23,"column":29},"end":{"line":23,"column":null}},"type":"binary-expr","locations":[{"start":{"line":23,"column":29},"end":{"line":23,"column":43}},{"start":{"line":23,"column":43},"end":{"line":23,"column":null}}],"line":23},"5":{"loc":{"start":{"line":28,"column":4},"end":{"line":30,"column":null}},"type":"if","locations":[{"start":{"line":28,"column":4},"end":{"line":30,"column":null}},{"start":{},"end":{}}],"line":28},"6":{"loc":{"start":{"line":40,"column":6},"end":{"line":42,"column":null}},"type":"if","locations":[{"start":{"line":40,"column":6},"end":{"line":42,"column":null}},{"start":{},"end":{}}],"line":40},"7":{"loc":{"start":{"line":65,"column":19},"end":{"line":65,"column":null}},"type":"cond-expr","locations":[{"start":{"line":65,"column":38},"end":{"line":65,"column":52}},{"start":{"line":65,"column":52},"end":{"line":65,"column":null}}],"line":65},"8":{"loc":{"start":{"line":66,"column":25},"end":{"line":68,"column":null}},"type":"cond-expr","locations":[{"start":{"line":67,"column":6},"end":{"line":67,"column":null}},{"start":{"line":68,"column":6},"end":{"line":68,"column":null}}],"line":66},"9":{"loc":{"start":{"line":97,"column":9},"end":{"line":103,"column":null}},"type":"binary-expr","locations":[{"start":{"line":97,"column":9},"end":{"line":97,"column":null}},{"start":{"line":98,"column":10},"end":{"line":103,"column":null}}],"line":97}},"s":{"0":5,"1":5,"2":5,"3":5,"4":5,"5":5,"6":0,"7":5,"8":0,"9":5,"10":5,"11":5,"12":5,"13":0,"14":0,"15":5,"16":5,"17":5,"18":5,"19":5,"20":5,"21":5,"22":5},"f":{"0":5,"1":5,"2":0,"3":5,"4":5,"5":0,"6":5},"b":{"0":[5],"1":[5,5],"2":[5,0],"3":[0,0],"4":[5,5],"5":[0,5],"6":[0,0],"7":[0,5],"8":[5,0],"9":[5,5]},"meta":{"lastBranch":10,"lastFunction":7,"lastStatement":23,"seen":{"f:13:24:13:30":0,"b:15:9:15:Infinity":0,"s:20:19:20:Infinity":0,"b:20:19:20:29:20:29:20:Infinity":1,"s:22:4:22:Infinity":1,"b:22:25:22:32:22:32:22:Infinity":2,"b:22:50:22:57:22:57:22:Infinity":3,"s:23:29:23:Infinity":2,"b:23:29:23:43:23:43:23:Infinity":4,"s:24:28:24:Infinity":3,"s:27:2:35:Infinity":4,"f:27:12:27:18":1,"b:28:4:30:Infinity:undefined:undefined:undefined:undefined":5,"s:28:4:30:Infinity":5,"s:29:6:29:Infinity":6,"s:31:18:33:Infinity":7,"f:31:29:31:35":2,"s:32:6:32:Infinity":8,"s:34:4:34:Infinity":9,"f:34:11:34:17":3,"s:34:17:34:Infinity":10,"s:38:2:46:Infinity":11,"f:38:12:38:18":4,"s:39:25:43:Infinity":12,"f:39:25:39:26":5,"b:40:6:42:Infinity:undefined:undefined:undefined:undefined":6,"s:40:6:42:Infinity":13,"s:41:8:41:Infinity":14,"s:44:4:44:Infinity":15,"s:45:4:45:Infinity":16,"f:45:11:45:17":6,"s:45:17:45:Infinity":17,"s:49:17:55:Infinity":18,"s:57:16:63:Infinity":19,"s:65:19:65:Infinity":20,"b:65:38:65:52:65:52:65:Infinity":7,"s:66:25:68:Infinity":21,"b:67:6:67:Infinity:68:6:68:Infinity":8,"s:70:2:113:Infinity":22,"b:97:9:97:Infinity:98:10:103:Infinity":9}}}
,"C:\\Users\\nicho\\Dev\\fantasy-football-pi\\fantasy-football-pi\\frontend\\src\\components\\admin\\AdminActionCard.jsx": {"path":"C:\\Users\\nicho\\Dev\\fantasy-football-pi\\fantasy-football-pi\\frontend\\src\\components\\admin\\AdminActionCard.jsx","statementMap":{"0":{"start":{"line":21,"column":24},"end":{"line":21,"column":null}},"1":{"start":{"line":22,"column":20},"end":{"line":22,"column":null}},"2":{"start":{"line":23,"column":22},"end":{"line":25,"column":null}},"3":{"start":{"line":27,"column":2},"end":{"line":53,"column":null}}},"fnMap":{"0":{"name":"AdminActionCard","decl":{"start":{"line":8,"column":24},"end":{"line":8,"column":40}},"loc":{"start":{"line":20,"column":3},"end":{"line":55,"column":null}},"line":20}},"branchMap":{"0":{"loc":{"start":{"line":14,"column":2},"end":{"line":14,"column":null}},"type":"default-arg","locations":[{"start":{"line":14,"column":13},"end":{"line":14,"column":null}}],"line":14},"1":{"loc":{"start":{"line":15,"column":2},"end":{"line":15,"column":null}},"type":"default-arg","locations":[{"start":{"line":15,"column":12},"end":{"line":15,"column":null}}],"line":15},"2":{"loc":{"start":{"line":18,"column":2},"end":{"line":18,"column":null}},"type":"default-arg","locations":[{"start":{"line":18,"column":23},"end":{"line":18,"column":null}}],"line":18},"3":{"loc":{"start":{"line":19,"column":2},"end":{"line":19,"column":null}},"type":"default-arg","locations":[{"start":{"line":19,"column":9},"end":{"line":19,"column":null}}],"line":19},"4":{"loc":{"start":{"line":22,"column":20},"end":{"line":22,"column":null}},"type":"binary-expr","locations":[{"start":{"line":22,"column":20},"end":{"line":22,"column":51}},{"start":{"line":22,"column":51},"end":{"line":22,"column":null}}],"line":22},"5":{"loc":{"start":{"line":23,"column":22},"end":{"line":25,"column":null}},"type":"cond-expr","locations":[{"start":{"line":24,"column":6},"end":{"line":24,"column":null}},{"start":{"line":25,"column":6},"end":{"line":25,"column":null}}],"line":23},"6":{"loc":{"start":{"line":49,"column":21},"end":{"line":49,"column":null}},"type":"cond-expr","locations":[{"start":{"line":49,"column":53},"end":{"line":49,"column":70}},{"start":{"line":49,"column":70},"end":{"line":49,"column":null}}],"line":49},"7":{"loc":{"start":{"line":49,"column":21},"end":{"line":49,"column":53}},"type":"binary-expr","locations":[{"start":{"line":49,"column":21},"end":{"line":49,"column":43}},{"start":{"line":49,"column":43},"end":{"line":49,"column":53}}],"line":49},"8":{"loc":{"start":{"line":51,"column":9},"end":{"line":51,"column":null}},"type":"cond-expr","locations":[{"start":{"line":51,"column":19},"end":{"line":51,"column":34}},{"start":{"line":51,"column":34},"end":{"line":51,"column":null}}],"line":51}},"s":{"0":51,"1":51,"2":51,"3":51},"f":{"0":51},"b":{"0":[51],"1":[51],"2":[51],"3":[51],"4":[51,0],"5":[7,44],"6":[2,49],"7":[51,12],"8":[6,45]},"meta":{"lastBranch":9,"lastFunction":1,"lastStatement":4,"seen":{"f:8:24:8:40":0,"b:14:13:14:Infinity":0,"b:15:12:15:Infinity":1,"b:18:23:18:Infinity":2,"b:19:9:19:Infinity":3,"s:21:24:21:Infinity":0,"s:22:20:22:Infinity":1,"b:22:20:22:51:22:51:22:Infinity":4,"s:23:22:25:Infinity":2,"b:24:6:24:Infinity:25:6:25:Infinity":5,"s:27:2:53:Infinity":3,"b:49:53:49:70:49:70:49:Infinity":6,"b:49:21:49:43:49:43:49:53":7,"b:51:19:51:34:51:34:51:Infinity":8}}}
,"C:\\Users\\nicho\\Dev\\fantasy-football-pi\\fantasy-football-pi\\frontend\\src\\components\\charts\\TradeAnalyzer.jsx": {"path":"C:\\Users\\nicho\\Dev\\fantasy-football-pi\\fantasy-football-pi\\frontend\\src\\components\\charts\\TradeAnalyzer.jsx","statementMap":{"0":{"start":{"line":26,"column":26},"end":{"line":26,"column":null}},"1":{"start":{"line":27,"column":24},"end":{"line":27,"column":null}},"2":{"start":{"line":28,"column":24},"end":{"line":28,"column":null}},"3":{"start":{"line":29,"column":32},"end":{"line":29,"column":null}},"4":{"start":{"line":30,"column":40},"end":{"line":30,"column":null}},"5":{"start":{"line":32,"column":28},"end":{"line":32,"column":null}},"6":{"start":{"line":33,"column":28},"end":{"line":33,"column":null}},"7":{"start":{"line":34,"column":42},"end":{"line":34,"column":null}},"8":{"start":{"line":35,"column":42},"end":{"line":35,"column":null}},"9":{"start":{"line":37,"column":38},"end":{"line":37,"column":null}},"10":{"start":{"line":38,"column":38},"end":{"line":38,"column":null}},"11":{"start":{"line":40,"column":28},"end":{"line":40,"column":null}},"12":{"start":{"line":41,"column":28},"end":{"line":41,"column":null}},"13":{"start":{"line":42,"column":34},"end":{"line":42,"column":null}},"14":{"start":{"line":43,"column":34},"end":{"line":43,"column":null}},"15":{"start":{"line":45,"column":40},"end":{"line":45,"column":null}},"16":{"start":{"line":47,"column":20},"end":{"line":47,"column":null}},"17":{"start":{"line":49,"column":20},"end":{"line":54,"column":null}},"18":{"start":{"line":50,"column":4},"end":{"line":50,"column":null}},"19":{"start":{"line":50,"column":31},"end":{"line":50,"column":null}},"20":{"start":{"line":51,"column":4},"end":{"line":51,"column":null}},"21":{"start":{"line":51,"column":31},"end":{"line":51,"column":null}},"22":{"start":{"line":52,"column":4},"end":{"line":52,"column":null}},"23":{"start":{"line":52,"column":31},"end":{"line":52,"column":null}},"24":{"start":{"line":53,"column":4},"end":{"line":53,"column":null}},"25":{"start":{"line":56,"column":8},"end":{"line":76,"column":null}},"26":{"start":{"line":57,"column":4},"end":{"line":57,"column":null}},"27":{"start":{"line":58,"column":4},"end":{"line":75,"column":null}},"28":{"start":{"line":59,"column":19},"end":{"line":59,"column":null}},"29":{"start":{"line":60,"column":18},"end":{"line":60,"column":null}},"30":{"start":{"line":61,"column":6},"end":{"line":64,"column":null}},"31":{"start":{"line":62,"column":8},"end":{"line":62,"column":null}},"32":{"start":{"line":63,"column":8},"end":{"line":63,"column":null}},"33":{"start":{"line":65,"column":28},"end":{"line":65,"column":null}},"34":{"start":{"line":66,"column":25},"end":{"line":66,"column":null}},"35":{"start":{"line":67,"column":6},"end":{"line":67,"column":null}},"36":{"start":{"line":68,"column":6},"end":{"line":68,"column":null}},"37":{"start":{"line":68,"column":39},"end":{"line":68,"column":null}},"38":{"start":{"line":69,"column":6},"end":{"line":69,"column":null}},"39":{"start":{"line":69,"column":43},"end":{"line":69,"column":null}},"40":{"start":{"line":71,"column":6},"end":{"line":71,"column":null}},"41":{"start":{"line":72,"column":6},"end":{"line":72,"column":null}},"42":{"start":{"line":74,"column":6},"end":{"line":74,"column":null}},"43":{"start":{"line":78,"column":2},"end":{"line":80,"column":null}},"44":{"start":{"line":79,"column":4},"end":{"line":79,"column":null}},"45":{"start":{"line":82,"column":2},"end":{"line":102,"column":null}},"46":{"start":{"line":83,"column":4},"end":{"line":83,"column":null}},"47":{"start":{"line":83,"column":16},"end":{"line":83,"column":null}},"48":{"start":{"line":84,"column":20},"end":{"line":84,"column":null}},"49":{"start":{"line":85,"column":4},"end":{"line":85,"column":null}},"50":{"start":{"line":86,"column":4},"end":{"line":98,"column":null}},"51":{"start":{"line":88,"column":8},"end":{"line":88,"column":null}},"52":{"start":{"line":88,"column":24},"end":{"line":88,"column":null}},"53":{"start":{"line":89,"column":8},"end":{"line":89,"column":null}},"54":{"start":{"line":92,"column":8},"end":{"line":92,"column":null}},"55":{"start":{"line":92,"column":24},"end":{"line":92,"column":null}},"56":{"start":{"line":93,"column":8},"end":{"line":93,"column":null}},"57":{"start":{"line":94,"column":8},"end":{"line":94,"column":null}},"58":{"start":{"line":97,"column":8},"end":{"line":97,"column":null}},"59":{"start":{"line":97,"column":23},"end":{"line":97,"column":null}},"60":{"start":{"line":99,"column":4},"end":{"line":101,"column":null}},"61":{"start":{"line":100,"column":6},"end":{"line":100,"column":null}},"62":{"start":{"line":104,"column":2},"end":{"line":124,"column":null}},"63":{"start":{"line":105,"column":4},"end":{"line":105,"column":null}},"64":{"start":{"line":105,"column":16},"end":{"line":105,"column":null}},"65":{"start":{"line":106,"column":20},"end":{"line":106,"column":null}},"66":{"start":{"line":107,"column":4},"end":{"line":107,"column":null}},"67":{"start":{"line":108,"column":4},"end":{"line":120,"column":null}},"68":{"start":{"line":110,"column":8},"end":{"line":110,"column":null}},"69":{"start":{"line":110,"column":24},"end":{"line":110,"column":null}},"70":{"start":{"line":111,"column":8},"end":{"line":111,"column":null}},"71":{"start":{"line":114,"column":8},"end":{"line":114,"column":null}},"72":{"start":{"line":114,"column":24},"end":{"line":114,"column":null}},"73":{"start":{"line":115,"column":8},"end":{"line":115,"column":null}},"74":{"start":{"line":116,"column":8},"end":{"line":116,"column":null}},"75":{"start":{"line":119,"column":8},"end":{"line":119,"column":null}},"76":{"start":{"line":119,"column":23},"end":{"line":119,"column":null}},"77":{"start":{"line":121,"column":4},"end":{"line":123,"column":null}},"78":{"start":{"line":122,"column":6},"end":{"line":122,"column":null}},"79":{"start":{"line":126,"column":2},"end":{"line":132,"column":null}},"80":{"start":{"line":127,"column":4},"end":{"line":130,"column":null}},"81":{"start":{"line":128,"column":6},"end":{"line":128,"column":null}},"82":{"start":{"line":129,"column":6},"end":{"line":129,"column":null}},"83":{"start":{"line":131,"column":4},"end":{"line":131,"column":null}},"84":{"start":{"line":134,"column":8},"end":{"line":137,"column":null}},"85":{"start":{"line":135,"column":10},"end":{"line":135,"column":null}},"86":{"start":{"line":135,"column":37},"end":{"line":135,"column":76}},"87":{"start":{"line":139,"column":8},"end":{"line":142,"column":null}},"88":{"start":{"line":140,"column":10},"end":{"line":140,"column":null}},"89":{"start":{"line":140,"column":37},"end":{"line":140,"column":76}},"90":{"start":{"line":144,"column":8},"end":{"line":156,"column":null}},"91":{"start":{"line":145,"column":14},"end":{"line":145,"column":null}},"92":{"start":{"line":146,"column":4},"end":{"line":155,"column":null}},"93":{"start":{"line":147,"column":12},"end":{"line":147,"column":null}},"94":{"start":{"line":148,"column":25},"end":{"line":148,"column":null}},"95":{"start":{"line":149,"column":6},"end":{"line":149,"column":null}},"96":{"start":{"line":149,"column":23},"end":{"line":149,"column":null}},"97":{"start":{"line":150,"column":6},"end":{"line":150,"column":null}},"98":{"start":{"line":150,"column":14},"end":{"line":150,"column":null}},"99":{"start":{"line":151,"column":6},"end":{"line":153,"column":null}},"100":{"start":{"line":158,"column":8},"end":{"line":161,"column":null}},"101":{"start":{"line":159,"column":10},"end":{"line":159,"column":null}},"102":{"start":{"line":162,"column":8},"end":{"line":165,"column":null}},"103":{"start":{"line":163,"column":10},"end":{"line":163,"column":null}},"104":{"start":{"line":167,"column":8},"end":{"line":167,"column":null}},"105":{"start":{"line":167,"column":25},"end":{"line":167,"column":69}},"106":{"start":{"line":168,"column":8},"end":{"line":168,"column":null}},"107":{"start":{"line":168,"column":25},"end":{"line":168,"column":69}},"108":{"start":{"line":169,"column":8},"end":{"line":169,"column":null}},"109":{"start":{"line":169,"column":30},"end":{"line":169,"column":68}},"110":{"start":{"line":171,"column":8},"end":{"line":178,"column":null}},"111":{"start":{"line":172,"column":4},"end":{"line":176,"column":null}},"112":{"start":{"line":180,"column":8},"end":{"line":187,"column":null}},"113":{"start":{"line":181,"column":4},"end":{"line":185,"column":null}},"114":{"start":{"line":189,"column":8},"end":{"line":189,"column":null}},"115":{"start":{"line":189,"column":36},"end":{"line":189,"column":76}},"116":{"start":{"line":191,"column":23},"end":{"line":191,"column":null}},"117":{"start":{"line":191,"column":35},"end":{"line":191,"column":69}},"118":{"start":{"line":193,"column":8},"end":{"line":217,"column":null}},"119":{"start":{"line":194,"column":19},"end":{"line":194,"column":null}},"120":{"start":{"line":195,"column":20},"end":{"line":208,"column":null}},"121":{"start":{"line":196,"column":18},"end":{"line":196,"column":null}},"122":{"start":{"line":196,"column":55},"end":{"line":196,"column":61}},"123":{"start":{"line":197,"column":6},"end":{"line":206,"column":null}},"124":{"start":{"line":198,"column":14},"end":{"line":198,"column":null}},"125":{"start":{"line":199,"column":14},"end":{"line":199,"column":null}},"126":{"start":{"line":200,"column":8},"end":{"line":202,"column":null}},"127":{"start":{"line":201,"column":10},"end":{"line":201,"column":null}},"128":{"start":{"line":203,"column":8},"end":{"line":205,"column":null}},"129":{"start":{"line":204,"column":10},"end":{"line":204,"column":null}},"130":{"start":{"line":207,"column":6},"end":{"line":207,"column":null}},"131":{"start":{"line":210,"column":17},"end":{"line":210,"column":null}},"132":{"start":{"line":211,"column":17},"end":{"line":211,"column":null}},"133":{"start":{"line":212,"column":4},"end":{"line":216,"column":null}},"134":{"start":{"line":212,"column":37},"end":{"line":216,"column":6}},"135":{"start":{"line":219,"column":8},"end":{"line":271,"column":null}},"136":{"start":{"line":220,"column":19},"end":{"line":220,"column":null}},"137":{"start":{"line":221,"column":18},"end":{"line":261,"column":null}},"138":{"start":{"line":222,"column":20},"end":{"line":225,"column":null}},"139":{"start":{"line":223,"column":14},"end":{"line":223,"column":null}},"140":{"start":{"line":224,"column":8},"end":{"line":224,"column":null}},"141":{"start":{"line":226,"column":6},"end":{"line":234,"column":null}},"142":{"start":{"line":227,"column":8},"end":{"line":233,"column":null}},"143":{"start":{"line":236,"column":21},"end":{"line":236,"column":null}},"144":{"start":{"line":236,"column":32},"end":{"line":236,"column":69}},"145":{"start":{"line":237,"column":19},"end":{"line":237,"column":null}},"146":{"start":{"line":237,"column":49},"end":{"line":237,"column":62}},"147":{"start":{"line":238,"column":23},"end":{"line":238,"column":null}},"148":{"start":{"line":238,"column":53},"end":{"line":238,"column":80}},"149":{"start":{"line":239,"column":21},"end":{"line":239,"column":null}},"150":{"start":{"line":241,"column":27},"end":{"line":241,"column":null}},"151":{"start":{"line":241,"column":52},"end":{"line":241,"column":69}},"152":{"start":{"line":242,"column":25},"end":{"line":242,"column":null}},"153":{"start":{"line":243,"column":29},"end":{"line":243,"column":null}},"154":{"start":{"line":243,"column":54},"end":{"line":243,"column":96}},"155":{"start":{"line":244,"column":22},"end":{"line":244,"column":null}},"156":{"start":{"line":244,"column":47},"end":{"line":244,"column":62}},"157":{"start":{"line":246,"column":6},"end":{"line":260,"column":null}},"158":{"start":{"line":247,"column":49},"end":{"line":247,"column":60}},"159":{"start":{"line":263,"column":18},"end":{"line":263,"column":null}},"160":{"start":{"line":264,"column":4},"end":{"line":269,"column":null}},"161":{"start":{"line":265,"column":6},"end":{"line":268,"column":null}},"162":{"start":{"line":270,"column":4},"end":{"line":270,"column":null}},"163":{"start":{"line":273,"column":8},"end":{"line":273,"column":null}},"164":{"start":{"line":273,"column":37},"end":{"line":273,"column":81}},"165":{"start":{"line":275,"column":25},"end":{"line":283,"column":null}},"166":{"start":{"line":276,"column":4},"end":{"line":278,"column":null}},"167":{"start":{"line":277,"column":6},"end":{"line":277,"column":null}},"168":{"start":{"line":279,"column":4},"end":{"line":281,"column":null}},"169":{"start":{"line":280,"column":6},"end":{"line":280,"column":null}},"170":{"start":{"line":282,"column":4},"end":{"line":282,"column":null}},"171":{"start":{"line":285,"column":23},"end":{"line":288,"column":null}},"172":{"start":{"line":286,"column":19},"end":{"line":286,"column":null}},"173":{"start":{"line":287,"column":4},"end":{"line":287,"column":null}},"174":{"start":{"line":287,"column":22},"end":{"line":287,"column":107}},"175":{"start":{"line":287,"column":68},"end":{"line":287,"column":83}},"176":{"start":{"line":290,"column":23},"end":{"line":293,"column":null}},"177":{"start":{"line":291,"column":19},"end":{"line":291,"column":null}},"178":{"start":{"line":292,"column":4},"end":{"line":292,"column":null}},"179":{"start":{"line":292,"column":21},"end":{"line":292,"column":57}},"180":{"start":{"line":292,"column":41},"end":{"line":292,"column":56}},"181":{"start":{"line":295,"column":20},"end":{"line":297,"column":null}},"182":{"start":{"line":295,"column":33},"end":{"line":297,"column":null}},"183":{"start":{"line":299,"column":24},"end":{"line":452,"column":null}},"184":{"start":{"line":311,"column":4},"end":{"line":452,"column":null}},"185":{"start":{"line":317,"column":31},"end":{"line":317,"column":null}},"186":{"start":{"line":323,"column":12},"end":{"line":325,"column":null}},"187":{"start":{"line":337,"column":35},"end":{"line":337,"column":null}},"188":{"start":{"line":347,"column":33},"end":{"line":347,"column":null}},"189":{"start":{"line":351,"column":14},"end":{"line":351,"column":null}},"190":{"start":{"line":363,"column":26},"end":{"line":363,"column":null}},"191":{"start":{"line":364,"column":10},"end":{"line":378,"column":null}},"192":{"start":{"line":375,"column":32},"end":{"line":375,"column":null}},"193":{"start":{"line":391,"column":10},"end":{"line":414,"column":null}},"194":{"start":{"line":408,"column":31},"end":{"line":408,"column":null}},"195":{"start":{"line":424,"column":12},"end":{"line":442,"column":null}},"196":{"start":{"line":437,"column":31},"end":{"line":437,"column":null}},"197":{"start":{"line":455,"column":2},"end":{"line":586,"column":null}},"198":{"start":{"line":516,"column":27},"end":{"line":516,"column":null}},"199":{"start":{"line":517,"column":28},"end":{"line":520,"column":null}},"200":{"start":{"line":521,"column":12},"end":{"line":546,"column":null}}},"fnMap":{"0":{"name":"TradeAnalyzer","decl":{"start":{"line":25,"column":24},"end":{"line":25,"column":40}},"loc":{"start":{"line":25,"column":40},"end":{"line":588,"column":null}},"line":25},"1":{"name":"(anonymous_1)","decl":{"start":{"line":49,"column":20},"end":{"line":49,"column":21}},"loc":{"start":{"line":49,"column":31},"end":{"line":54,"column":null}},"line":49},"2":{"name":"(anonymous_2)","decl":{"start":{"line":56,"column":33},"end":{"line":56,"column":45}},"loc":{"start":{"line":56,"column":45},"end":{"line":76,"column":5}},"line":56},"3":{"name":"(anonymous_3)","decl":{"start":{"line":78,"column":12},"end":{"line":78,"column":18}},"loc":{"start":{"line":78,"column":18},"end":{"line":80,"column":5}},"line":78},"4":{"name":"(anonymous_4)","decl":{"start":{"line":82,"column":12},"end":{"line":82,"column":18}},"loc":{"start":{"line":82,"column":18},"end":{"line":102,"column":5}},"line":82},"5":{"name":"(anonymous_5)","decl":{"start":{"line":87,"column":12},"end":{"line":87,"column":13}},"loc":{"start":{"line":87,"column":25},"end":{"line":90,"column":7}},"line":87},"6":{"name":"(anonymous_6)","decl":{"start":{"line":91,"column":13},"end":{"line":91,"column":14}},"loc":{"start":{"line":91,"column":22},"end":{"line":95,"column":7}},"line":91},"7":{"name":"(anonymous_7)","decl":{"start":{"line":96,"column":15},"end":{"line":96,"column":21}},"loc":{"start":{"line":96,"column":21},"end":{"line":98,"column":7}},"line":96},"8":{"name":"(anonymous_8)","decl":{"start":{"line":99,"column":11},"end":{"line":99,"column":17}},"loc":{"start":{"line":99,"column":17},"end":{"line":101,"column":null}},"line":99},"9":{"name":"(anonymous_9)","decl":{"start":{"line":104,"column":12},"end":{"line":104,"column":18}},"loc":{"start":{"line":104,"column":18},"end":{"line":124,"column":5}},"line":104},"10":{"name":"(anonymous_10)","decl":{"start":{"line":109,"column":12},"end":{"line":109,"column":13}},"loc":{"start":{"line":109,"column":25},"end":{"line":112,"column":7}},"line":109},"11":{"name":"(anonymous_11)","decl":{"start":{"line":113,"column":13},"end":{"line":113,"column":14}},"loc":{"start":{"line":113,"column":22},"end":{"line":117,"column":7}},"line":113},"12":{"name":"(anonymous_12)","decl":{"start":{"line":118,"column":15},"end":{"line":118,"column":21}},"loc":{"start":{"line":118,"column":21},"end":{"line":120,"column":7}},"line":118},"13":{"name":"(anonymous_13)","decl":{"start":{"line":121,"column":11},"end":{"line":121,"column":17}},"loc":{"start":{"line":121,"column":17},"end":{"line":123,"column":null}},"line":121},"14":{"name":"(anonymous_14)","decl":{"start":{"line":126,"column":12},"end":{"line":126,"column":18}},"loc":{"start":{"line":126,"column":18},"end":{"line":132,"column":5}},"line":126},"15":{"name":"(anonymous_15)","decl":{"start":{"line":135,"column":4},"end":{"line":135,"column":10}},"loc":{"start":{"line":135,"column":10},"end":{"line":135,"column":null}},"line":135},"16":{"name":"(anonymous_16)","decl":{"start":{"line":135,"column":25},"end":{"line":135,"column":26}},"loc":{"start":{"line":135,"column":37},"end":{"line":135,"column":76}},"line":135},"17":{"name":"(anonymous_17)","decl":{"start":{"line":140,"column":4},"end":{"line":140,"column":10}},"loc":{"start":{"line":140,"column":10},"end":{"line":140,"column":null}},"line":140},"18":{"name":"(anonymous_18)","decl":{"start":{"line":140,"column":25},"end":{"line":140,"column":26}},"loc":{"start":{"line":140,"column":37},"end":{"line":140,"column":76}},"line":140},"19":{"name":"(anonymous_19)","decl":{"start":{"line":144,"column":37},"end":{"line":144,"column":38}},"loc":{"start":{"line":144,"column":70},"end":{"line":156,"column":5}},"line":144},"20":{"name":"(anonymous_20)","decl":{"start":{"line":146,"column":29},"end":{"line":146,"column":30}},"loc":{"start":{"line":146,"column":41},"end":{"line":155,"column":5}},"line":146},"21":{"name":"(anonymous_21)","decl":{"start":{"line":159,"column":4},"end":{"line":159,"column":10}},"loc":{"start":{"line":159,"column":10},"end":{"line":159,"column":null}},"line":159},"22":{"name":"(anonymous_22)","decl":{"start":{"line":163,"column":4},"end":{"line":163,"column":10}},"loc":{"start":{"line":163,"column":10},"end":{"line":163,"column":null}},"line":163},"23":{"name":"(anonymous_23)","decl":{"start":{"line":167,"column":25},"end":{"line":167,"column":31}},"loc":{"start":{"line":167,"column":25},"end":{"line":167,"column":69}},"line":167},"24":{"name":"(anonymous_24)","decl":{"start":{"line":168,"column":25},"end":{"line":168,"column":31}},"loc":{"start":{"line":168,"column":25},"end":{"line":168,"column":69}},"line":168},"25":{"name":"(anonymous_25)","decl":{"start":{"line":169,"column":24},"end":{"line":169,"column":30}},"loc":{"start":{"line":169,"column":30},"end":{"line":169,"column":68}},"line":169},"26":{"name":"(anonymous_26)","decl":{"start":{"line":172,"column":4},"end":{"line":172,"column":10}},"loc":{"start":{"line":172,"column":4},"end":{"line":176,"column":null}},"line":172},"27":{"name":"(anonymous_27)","decl":{"start":{"line":181,"column":4},"end":{"line":181,"column":10}},"loc":{"start":{"line":181,"column":4},"end":{"line":185,"column":null}},"line":181},"28":{"name":"(anonymous_28)","decl":{"start":{"line":189,"column":30},"end":{"line":189,"column":36}},"loc":{"start":{"line":189,"column":36},"end":{"line":189,"column":76}},"line":189},"29":{"name":"(anonymous_29)","decl":{"start":{"line":191,"column":35},"end":{"line":191,"column":41}},"loc":{"start":{"line":191,"column":35},"end":{"line":191,"column":69}},"line":191},"30":{"name":"(anonymous_30)","decl":{"start":{"line":193,"column":31},"end":{"line":193,"column":37}},"loc":{"start":{"line":193,"column":37},"end":{"line":217,"column":5}},"line":193},"31":{"name":"(anonymous_31)","decl":{"start":{"line":195,"column":20},"end":{"line":195,"column":21}},"loc":{"start":{"line":195,"column":33},"end":{"line":208,"column":null}},"line":195},"32":{"name":"(anonymous_32)","decl":{"start":{"line":196,"column":48},"end":{"line":196,"column":49}},"loc":{"start":{"line":196,"column":55},"end":{"line":196,"column":61}},"line":196},"33":{"name":"(anonymous_33)","decl":{"start":{"line":197,"column":22},"end":{"line":197,"column":23}},"loc":{"start":{"line":197,"column":34},"end":{"line":206,"column":7}},"line":197},"34":{"name":"(anonymous_34)","decl":{"start":{"line":212,"column":22},"end":{"line":212,"column":23}},"loc":{"start":{"line":212,"column":37},"end":{"line":216,"column":6}},"line":212},"35":{"name":"(anonymous_35)","decl":{"start":{"line":219,"column":35},"end":{"line":219,"column":41}},"loc":{"start":{"line":219,"column":41},"end":{"line":271,"column":5}},"line":219},"36":{"name":"(anonymous_36)","decl":{"start":{"line":221,"column":18},"end":{"line":221,"column":19}},"loc":{"start":{"line":221,"column":41},"end":{"line":261,"column":null}},"line":221},"37":{"name":"(anonymous_37)","decl":{"start":{"line":222,"column":35},"end":{"line":222,"column":36}},"loc":{"start":{"line":222,"column":47},"end":{"line":225,"column":7}},"line":222},"38":{"name":"(anonymous_38)","decl":{"start":{"line":236,"column":31},"end":{"line":236,"column":32}},"loc":{"start":{"line":236,"column":32},"end":{"line":236,"column":69}},"line":236},"39":{"name":"(anonymous_39)","decl":{"start":{"line":237,"column":33},"end":{"line":237,"column":34}},"loc":{"start":{"line":237,"column":49},"end":{"line":237,"column":62}},"line":237},"40":{"name":"(anonymous_40)","decl":{"start":{"line":238,"column":37},"end":{"line":238,"column":38}},"loc":{"start":{"line":238,"column":53},"end":{"line":238,"column":80}},"line":238},"41":{"name":"(anonymous_41)","decl":{"start":{"line":241,"column":40},"end":{"line":241,"column":41}},"loc":{"start":{"line":241,"column":52},"end":{"line":241,"column":69}},"line":241},"42":{"name":"(anonymous_42)","decl":{"start":{"line":243,"column":42},"end":{"line":243,"column":43}},"loc":{"start":{"line":243,"column":54},"end":{"line":243,"column":96}},"line":243},"43":{"name":"(anonymous_43)","decl":{"start":{"line":244,"column":35},"end":{"line":244,"column":36}},"loc":{"start":{"line":244,"column":47},"end":{"line":244,"column":62}},"line":244},"44":{"name":"(anonymous_44)","decl":{"start":{"line":247,"column":37},"end":{"line":247,"column":38}},"loc":{"start":{"line":247,"column":49},"end":{"line":247,"column":60}},"line":247},"45":{"name":"(anonymous_45)","decl":{"start":{"line":264,"column":19},"end":{"line":264,"column":20}},"loc":{"start":{"line":264,"column":33},"end":{"line":269,"column":5}},"line":264},"46":{"name":"(anonymous_46)","decl":{"start":{"line":273,"column":37},"end":{"line":273,"column":43}},"loc":{"start":{"line":273,"column":37},"end":{"line":273,"column":81}},"line":273},"47":{"name":"(anonymous_47)","decl":{"start":{"line":275,"column":25},"end":{"line":275,"column":31}},"loc":{"start":{"line":275,"column":31},"end":{"line":283,"column":null}},"line":275},"48":{"name":"(anonymous_48)","decl":{"start":{"line":285,"column":23},"end":{"line":285,"column":24}},"loc":{"start":{"line":285,"column":43},"end":{"line":288,"column":null}},"line":285},"49":{"name":"(anonymous_49)","decl":{"start":{"line":287,"column":11},"end":{"line":287,"column":12}},"loc":{"start":{"line":287,"column":22},"end":{"line":287,"column":107}},"line":287},"50":{"name":"(anonymous_50)","decl":{"start":{"line":287,"column":60},"end":{"line":287,"column":61}},"loc":{"start":{"line":287,"column":68},"end":{"line":287,"column":83}},"line":287},"51":{"name":"(anonymous_51)","decl":{"start":{"line":290,"column":23},"end":{"line":290,"column":24}},"loc":{"start":{"line":290,"column":43},"end":{"line":293,"column":null}},"line":290},"52":{"name":"(anonymous_52)","decl":{"start":{"line":292,"column":11},"end":{"line":292,"column":12}},"loc":{"start":{"line":292,"column":21},"end":{"line":292,"column":57}},"line":292},"53":{"name":"(anonymous_53)","decl":{"start":{"line":292,"column":33},"end":{"line":292,"column":34}},"loc":{"start":{"line":292,"column":41},"end":{"line":292,"column":56}},"line":292},"54":{"name":"(anonymous_54)","decl":{"start":{"line":295,"column":20},"end":{"line":295,"column":21}},"loc":{"start":{"line":295,"column":33},"end":{"line":297,"column":null}},"line":295},"55":{"name":"(anonymous_55)","decl":{"start":{"line":299,"column":24},"end":{"line":299,"column":25}},"loc":{"start":{"line":311,"column":4},"end":{"line":452,"column":null}},"line":311},"56":{"name":"(anonymous_56)","decl":{"start":{"line":317,"column":20},"end":{"line":317,"column":21}},"loc":{"start":{"line":317,"column":31},"end":{"line":317,"column":null}},"line":317},"57":{"name":"(anonymous_57)","decl":{"start":{"line":322,"column":22},"end":{"line":322,"column":23}},"loc":{"start":{"line":323,"column":12},"end":{"line":325,"column":null}},"line":323},"58":{"name":"(anonymous_58)","decl":{"start":{"line":337,"column":24},"end":{"line":337,"column":25}},"loc":{"start":{"line":337,"column":35},"end":{"line":337,"column":null}},"line":337},"59":{"name":"(anonymous_59)","decl":{"start":{"line":347,"column":22},"end":{"line":347,"column":23}},"loc":{"start":{"line":347,"column":33},"end":{"line":347,"column":null}},"line":347},"60":{"name":"(anonymous_60)","decl":{"start":{"line":350,"column":27},"end":{"line":350,"column":28}},"loc":{"start":{"line":351,"column":14},"end":{"line":351,"column":null}},"line":351},"61":{"name":"(anonymous_61)","decl":{"start":{"line":362,"column":21},"end":{"line":362,"column":22}},"loc":{"start":{"line":362,"column":33},"end":{"line":380,"column":9}},"line":362},"62":{"name":"(anonymous_62)","decl":{"start":{"line":375,"column":26},"end":{"line":375,"column":32}},"loc":{"start":{"line":375,"column":32},"end":{"line":375,"column":null}},"line":375},"63":{"name":"(anonymous_63)","decl":{"start":{"line":390,"column":66},"end":{"line":390,"column":67}},"loc":{"start":{"line":391,"column":10},"end":{"line":414,"column":null}},"line":391},"64":{"name":"(anonymous_64)","decl":{"start":{"line":408,"column":25},"end":{"line":408,"column":31}},"loc":{"start":{"line":408,"column":31},"end":{"line":408,"column":null}},"line":408},"65":{"name":"(anonymous_65)","decl":{"start":{"line":423,"column":68},"end":{"line":423,"column":69}},"loc":{"start":{"line":424,"column":12},"end":{"line":442,"column":null}},"line":424},"66":{"name":"(anonymous_66)","decl":{"start":{"line":437,"column":25},"end":{"line":437,"column":31}},"loc":{"start":{"line":437,"column":31},"end":{"line":437,"column":null}},"line":437},"67":{"name":"(anonymous_67)","decl":{"start":{"line":515,"column":28},"end":{"line":515,"column":29}},"loc":{"start":{"line":515,"column":37},"end":{"line":548,"column":11}},"line":515}},"branchMap":{"0":{"loc":{"start":{"line":50,"column":4},"end":{"line":50,"column":null}},"type":"if","locations":[{"start":{"line":50,"column":4},"end":{"line":50,"column":null}},{"start":{},"end":{}}],"line":50},"1":{"loc":{"start":{"line":51,"column":4},"end":{"line":51,"column":null}},"type":"if","locations":[{"start":{"line":51,"column":4},"end":{"line":51,"column":null}},{"start":{},"end":{}}],"line":51},"2":{"loc":{"start":{"line":52,"column":4},"end":{"line":52,"column":null}},"type":"if","locations":[{"start":{"line":52,"column":4},"end":{"line":52,"column":null}},{"start":{},"end":{}}],"line":52},"3":{"loc":{"start":{"line":61,"column":6},"end":{"line":64,"column":null}},"type":"if","locations":[{"start":{"line":61,"column":6},"end":{"line":64,"column":null}},{"start":{},"end":{}}],"line":61},"4":{"loc":{"start":{"line":66,"column":25},"end":{"line":66,"column":null}},"type":"cond-expr","locations":[{"start":{"line":66,"column":56},"end":{"line":66,"column":72}},{"start":{"line":66,"column":72},"end":{"line":66,"column":null}}],"line":66},"5":{"loc":{"start":{"line":68,"column":6},"end":{"line":68,"column":null}},"type":"if","locations":[{"start":{"line":68,"column":6},"end":{"line":68,"column":null}},{"start":{},"end":{}}],"line":68},"6":{"loc":{"start":{"line":68,"column":10},"end":{"line":68,"column":39}},"type":"binary-expr","locations":[{"start":{"line":68,"column":10},"end":{"line":68,"column":20}},{"start":{"line":68,"column":20},"end":{"line":68,"column":39}}],"line":68},"7":{"loc":{"start":{"line":69,"column":6},"end":{"line":69,"column":null}},"type":"if","locations":[{"start":{"line":69,"column":6},"end":{"line":69,"column":null}},{"start":{},"end":{}}],"line":69},"8":{"loc":{"start":{"line":69,"column":10},"end":{"line":69,"column":43}},"type":"binary-expr","locations":[{"start":{"line":69,"column":10},"end":{"line":69,"column":20}},{"start":{"line":69,"column":20},"end":{"line":69,"column":43}}],"line":69},"9":{"loc":{"start":{"line":83,"column":4},"end":{"line":83,"column":null}},"type":"if","locations":[{"start":{"line":83,"column":4},"end":{"line":83,"column":null}},{"start":{},"end":{}}],"line":83},"10":{"loc":{"start":{"line":88,"column":8},"end":{"line":88,"column":null}},"type":"if","locations":[{"start":{"line":88,"column":8},"end":{"line":88,"column":null}},{"start":{},"end":{}}],"line":88},"11":{"loc":{"start":{"line":89,"column":19},"end":{"line":89,"column":73}},"type":"cond-expr","locations":[{"start":{"line":89,"column":53},"end":{"line":89,"column":71}},{"start":{"line":89,"column":71},"end":{"line":89,"column":73}}],"line":89},"12":{"loc":{"start":{"line":92,"column":8},"end":{"line":92,"column":null}},"type":"if","locations":[{"start":{"line":92,"column":8},"end":{"line":92,"column":null}},{"start":{},"end":{}}],"line":92},"13":{"loc":{"start":{"line":97,"column":8},"end":{"line":97,"column":null}},"type":"if","locations":[{"start":{"line":97,"column":8},"end":{"line":97,"column":null}},{"start":{},"end":{}}],"line":97},"14":{"loc":{"start":{"line":105,"column":4},"end":{"line":105,"column":null}},"type":"if","locations":[{"start":{"line":105,"column":4},"end":{"line":105,"column":null}},{"start":{},"end":{}}],"line":105},"15":{"loc":{"start":{"line":110,"column":8},"end":{"line":110,"column":null}},"type":"if","locations":[{"start":{"line":110,"column":8},"end":{"line":110,"column":null}},{"start":{},"end":{}}],"line":110},"16":{"loc":{"start":{"line":111,"column":19},"end":{"line":111,"column":73}},"type":"cond-expr","locations":[{"start":{"line":111,"column":53},"end":{"line":111,"column":71}},{"start":{"line":111,"column":71},"end":{"line":111,"column":73}}],"line":111},"17":{"loc":{"st
[...]
1551:20:1551:53:1551:53:1551:77:1551:77:1551:Infinity":210,"b:1554:20:1554:50:1554:50:1554:78:1554:78:1554:Infinity":211,"b:1557:20:1557:50:1557:50:1557:78:1557:78:1557:Infinity":212,"b:1559:31:1559:65:1559:65:1559:Infinity":213,"b:1560:31:1560:66:1560:66:1560:Infinity":214,"b:1578:24:1578:66:1578:66:1578:Infinity":215,"b:1588:24:1588:68:1588:68:1588:Infinity":216,"b:1597:30:1597:68:1597:68:1597:69":217,"b:1610:22:1612:Infinity:1614:22:1635:Infinity":218,"b:1609:22:1609:50:1609:50:1609:54":219,"f:1626:56:1626:57":132,"s:1627:28:1632:Infinity":575,"b:1630:40:1630:62:1630:62:1630:63":220,"b:1650:7:1650:36:1650:36:1650:Infinity:1651:8:1679:Infinity":221,"f:1658:25:1658:31":133,"s:1658:31:1658:Infinity":576,"f:1670:44:1670:45":134,"s:1671:18:1674:Infinity":577,"b:1682:7:1682:Infinity:1683:8:1687:Infinity":222,"f:1686:19:1686:25":135,"s:1686:25:1686:Infinity":578,"b:1693:14:1693:Infinity:1694:14:1694:Infinity":223,"b:1701:18:1701:Infinity:1702:18:1702:Infinity":224,"f:1725:26:1725:27":136,"s:1726:18:1726:Infinity":579,"f:1730:33:1730:34":137,"s:1731:18:1733:Infinity":580,"f:1737:25:1737:31":138,"s:1737:31:1737:Infinity":581,"b:1739:47:1739:63:1739:63:1739:Infinity":225,"f:1745:25:1745:31":139,"s:1745:31:1745:Infinity":582,"b:1747:42:1747:58:1747:58:1747:Infinity":226,"b:1753:15:1753:Infinity:1754:16:1771:Infinity":227,"b:1758:20:1758:Infinity:1759:20:1759:Infinity:1760:20:1760:Infinity":228,"b:1766:24:1766:Infinity:1767:24:1767:Infinity":229,"b:1763:20:1763:Infinity:1764:20:1764:Infinity:1765:20:1765:Infinity":230,"b:1770:38:1770:56:1770:56:1770:Infinity":231,"b:1775:14:1775:41:1775:41:1775:Infinity:1776:14:1787:Infinity":232,"b:1777:17:1777:Infinity:1778:18:1780:Infinity":233,"b:1782:17:1782:Infinity:1783:18:1785:Infinity":234,"b:1792:9:1792:Infinity:1793:10:1876:Infinity":235,"f:1805:50:1805:51":140,"s:1806:20:1821:Infinity":583,"b:1819:32:1819:61:1819:61:1819:62":236,"f:1836:34:1836:35":141,"s:1837:20:1853:Infinity":584,"f:1855:48:1855:49":142,"s:1856:20:1871:Infinity":585,"b:1869:32:1869:61:1869:61:1869:62":237,"b:1878:15:1878:Infinity:1879:16:1885:Infinity":238,"b:1888:15:1888:Infinity:1889:10:2121:Infinity":239,"f:1892:26:1892:27":143,"s:1892:37:1892:Infinity":586,"f:1893:22:1893:28":144,"s:1893:28:1893:Infinity":587,"f:1904:49:1904:50":145,"s:1905:30:1905:Infinity":588,"s:1906:37:1906:Infinity":589,"s:1907:40:1909:Infinity":590,"f:1908:20:1908:21":146,"s:1908:27:1908:Infinity":591,"s:1911:20:1913:Infinity":592,"b:1911:20:1911:Infinity:1912:21:1912:Infinity:1913:22:1913:Infinity":240,"b:1911:27:1911:42:1911:42:1911:43":241,"b:1911:54:1911:70:1911:70:1911:71":242,"s:1914:42:1916:Infinity":593,"b:1915:22:1915:Infinity:1916:22:1916:Infinity":243,"s:1917:37:1919:Infinity":594,"b:1918:22:1918:Infinity:1919:22:1919:Infinity":244,"s:1920:18:1986:Infinity":595,"f:1927:33:1927:39":147,"s:1927:39:1927:Infinity":596,"b:1931:90:1931:107:1931:107:1931:123":245,"b:1936:42:1936:48:1936:48:1936:Infinity":246,"b:1945:23:1945:Infinity:1946:24:1984:Infinity":247,"f:1948:38:1948:39":148,"s:1948:45:1948:Infinity":597,"f:1949:34:1949:40":149,"s:1949:40:1949:Infinity":598,"f:1951:45:1951:46":150,"s:1952:28:1982:Infinity":599,"b:1955:41:1955:58:1955:58:1955:Infinity":248,"f:1956:43:1956:49":151,"s:1956:49:1956:Infinity":600,"f:1957:39:1957:45":152,"s:1957:45:1957:Infinity":601,"b:1960:36:1960:Infinity:1961:36:1961:Infinity":249,"b:1977:31:1977:Infinity:1978:32:1980:Infinity":250,"f:1994:26:1994:27":153,"s:1994:37:1994:Infinity":602,"f:1995:22:1995:28":154,"s:1995:28:1995:Infinity":603,"f:2006:33:2006:34":155,"s:2007:18:2055:Infinity":604,"b:2011:31:2011:48:2011:48:2011:Infinity":251,"f:2012:33:2012:39":156,"s:2012:39:2012:Infinity":605,"f:2013:29:2013:35":157,"s:2013:35:2013:Infinity":606,"f:2014:31:2014:32":158,"b:2015:22:2016:Infinity:undefined:undefined:undefined:undefined":252,"s:2015:22:2016:Infinity":607,"b:2015:26:2015:47:2015:47:2015:Infinity":253,"s:2016:24:2016:Infinity":608,"b:2020:26:2020:Infinity:2021:26:2021:Infinity":254,"b:2037:21:2037:38:2037:38:2037:Infinity:2038:22:2048:Infinity":255,"f:2040:35:2040:36":159,"s:2041:28:2041:Infinity":609,"s:2042:28:2042:Infinity":610,"b:2050:21:2050:Infinity:2051:22:2053:Infinity":256,"b:2057:17:2057:Infinity:2058:18:2117:Infinity":257,"f:2062:35:2062:36":160,"s:2063:22:2115:Infinity":611,"b:2067:35:2067:52:2067:52:2067:Infinity":258,"f:2068:37:2068:43":161,"s:2068:43:2068:Infinity":612,"f:2069:33:2069:39":162,"s:2069:39:2069:Infinity":613,"f:2070:35:2070:36":163,"b:2071:26:2072:Infinity:undefined:undefined:undefined:undefined":259,"s:2071:26:2072:Infinity":614,"b:2071:30:2071:51:2071:51:2071:Infinity":260,"s:2072:28:2072:Infinity":615,"b:2076:30:2076:Infinity:2077:30:2077:Infinity":261,"b:2094:25:2094:42:2094:42:2094:Infinity:2095:26:2105:Infinity":262,"f:2097:39:2097:40":164,"s:2098:32:2098:Infinity":616,"s:2099:32:2099:Infinity":617,"b:2107:25:2107:Infinity:2108:26:2110:Infinity":263}}}
,"C:\\Users\\nicho\\Dev\\fantasy-football-pi\\fantasy-football-pi\\frontend\\src\\utils\\constants.js": {"path":"C:\\Users\\nicho\\Dev\\fantasy-football-pi\\fantasy-football-pi\\frontend\\src\\utils\\constants.js","statementMap":{"0":{"start":{"line":4,"column":28},"end":{"line":4,"column":31}},"1":{"start":{"line":5,"column":23},"end":{"line":5,"column":24}},"2":{"start":{"line":8,"column":27},"end":{"line":8,"column":29}},"3":{"start":{"line":9,"column":25},"end":{"line":9,"column":61}},"4":{"start":{"line":12,"column":35},"end":{"line":21,"column":1}},"5":{"start":{"line":24,"column":31},"end":{"line":24,"column":32}},"6":{"start":{"line":25,"column":29},"end":{"line":25,"column":33}}},"fnMap":{},"branchMap":{},"s":{"0":1,"1":1,"2":1,"3":1,"4":1,"5":1,"6":1},"f":{},"b":{},"meta":{"lastBranch":0,"lastFunction":0,"lastStatement":7,"seen":{"s:4:28:4:31":0,"s:5:23:5:24":1,"s:8:27:8:29":2,"s:9:25:9:61":3,"s:12:35:21:1":4,"s:24:31:24:32":5,"s:25:29:25:33":6}}}
,"C:\\Users\\nicho\\Dev\\fantasy-football-pi\\fantasy-football-pi\\frontend\\src\\utils\\draftHelpers.js": {"path":"C:\\Users\\nicho\\Dev\\fantasy-football-pi\\fantasy-football-pi\\frontend\\src\\utils\\draftHelpers.js","statementMap":{"0":{"start":{"line":5,"column":28},"end":{"line":5,"column":65}},"1":{"start":{"line":5,"column":38},"end":{"line":5,"column":64}},"2":{"start":{"line":8,"column":29},"end":{"line":34,"column":1}},"3":{"start":{"line":15,"column":21},"end":{"line":15,"column":72}},"4":{"start":{"line":15,"column":46},"end":{"line":15,"column":71}},"5":{"start":{"line":16,"column":16},"end":{"line":19,"column":3}},"6":{"start":{"line":17,"column":19},"end":{"line":17,"column":49}},"7":{"start":{"line":20,"column":22},"end":{"line":20,"column":56}},"8":{"start":{"line":21,"column":17},"end":{"line":21,"column":36}},"9":{"start":{"line":22,"column":21},"end":{"line":22,"column":64}},"10":{"start":{"line":25,"column":17},"end":{"line":25,"column":63}},"11":{"start":{"line":27,"column":2},"end":{"line":33,"column":4}}},"fnMap":{"0":{"name":"(anonymous_0)","decl":{"start":{"line":5,"column":28},"end":{"line":5,"column":29}},"loc":{"start":{"line":5,"column":38},"end":{"line":5,"column":64}},"line":5},"1":{"name":"(anonymous_1)","decl":{"start":{"line":8,"column":29},"end":{"line":8,"column":30}},"loc":{"start":{"line":14,"column":5},"end":{"line":34,"column":1}},"line":14},"2":{"name":"(anonymous_2)","decl":{"start":{"line":15,"column":36},"end":{"line":15,"column":37}},"loc":{"start":{"line":15,"column":46},"end":{"line":15,"column":71}},"line":15},"3":{"name":"(anonymous_3)","decl":{"start":{"line":17,"column":4},"end":{"line":17,"column":5}},"loc":{"start":{"line":17,"column":19},"end":{"line":17,"column":49}},"line":17}},"branchMap":{"0":{"loc":{"start":{"line":5,"column":38},"end":{"line":5,"column":64}},"type":"cond-expr","locations":[{"start":{"line":5,"column":53},"end":{"line":5,"column":58}},{"start":{"line":5,"column":61},"end":{"line":5,"column":64}}],"line":5},"1":{"loc":{"start":{"line":11,"column":2},"end":{"line":11,"column":14}},"type":"default-arg","locations":[{"start":{"line":11,"column":12},"end":{"line":11,"column":14}}],"line":11},"2":{"loc":{"start":{"line":12,"column":2},"end":{"line":12,"column":31}},"type":"default-arg","locations":[{"start":{"line":12,"column":19},"end":{"line":12,"column":31}}],"line":12},"3":{"loc":{"start":{"line":13,"column":2},"end":{"line":13,"column":26}},"type":"default-arg","locations":[{"start":{"line":13,"column":15},"end":{"line":13,"column":26}}],"line":13},"4":{"loc":{"start":{"line":17,"column":32},"end":{"line":17,"column":48}},"type":"binary-expr","locations":[{"start":{"line":17,"column":32},"end":{"line":17,"column":43}},{"start":{"line":17,"column":47},"end":{"line":17,"column":48}}],"line":17},"5":{"loc":{"start":{"line":20,"column":22},"end":{"line":20,"column":56}},"type":"binary-expr","locations":[{"start":{"line":20,"column":22},"end":{"line":20,"column":38}},{"start":{"line":20,"column":42},"end":{"line":20,"column":56}}],"line":20},"6":{"loc":{"start":{"line":25,"column":17},"end":{"line":25,"column":63}},"type":"cond-expr","locations":[{"start":{"line":25,"column":34},"end":{"line":25,"column":59}},{"start":{"line":25,"column":62},"end":{"line":25,"column":63}}],"line":25}},"s":{"0":1,"1":0,"2":1,"3":8,"4":0,"5":8,"6":0,"7":8,"8":8,"9":8,"10":8,"11":8},"f":{"0":0,"1":8,"2":0,"3":0},"b":{"0":[0,0],"1":[8],"2":[8],"3":[8],"4":[0,0],"5":[8,8],"6":[8,0]},"meta":{"lastBranch":7,"lastFunction":4,"lastStatement":12,"seen":{"s:5:28:5:65":0,"f:5:28:5:29":0,"s:5:38:5:64":1,"b:5:53:5:58:5:61:5:64":0,"s:8:29:34:1":2,"f:8:29:8:30":1,"b:11:12:11:14":1,"b:12:19:12:31":2,"b:13:15:13:26":3,"s:15:21:15:72":3,"f:15:36:15:37":2,"s:15:46:15:71":4,"s:16:16:19:3":5,"f:17:4:17:5":3,"s:17:19:17:49":6,"b:17:32:17:43:17:47:17:48":4,"s:20:22:20:56":7,"b:20:22:20:38:20:42:20:56":5,"s:21:17:21:36":8,"s:22:21:22:64":9,"s:25:17:25:63":10,"b:25:34:25:59:25:62:25:63":6,"s:27:2:33:4":11}}}
,"C:\\Users\\nicho\\Dev\\fantasy-football-pi\\fantasy-football-pi\\frontend\\src\\utils\\index.js": {"path":"C:\\Users\\nicho\\Dev\\fantasy-football-pi\\fantasy-football-pi\\frontend\\src\\utils\\index.js","statementMap":{},"fnMap":{},"branchMap":{},"s":{},"f":{},"b":{},"meta":{"lastBranch":0,"lastFunction":0,"lastStatement":0,"seen":{}}}
,"C:\\Users\\nicho\\Dev\\fantasy-football-pi\\fantasy-football-pi\\frontend\\src\\utils\\scoringRules.js": {"path":"C:\\Users\\nicho\\Dev\\fantasy-football-pi\\fantasy-football-pi\\frontend\\src\\utils\\scoringRules.js","statementMap":{"0":{"start":{"line":1,"column":31},"end":{"line":8,"column":1}}},"fnMap":{},"branchMap":{},"s":{"0":1},"f":{},"b":{},"meta":{"lastBranch":0,"lastFunction":0,"lastStatement":1,"seen":{"s:1:31:8:1":0}}}
,"C:\\Users\\nicho\\Dev\\fantasy-football-pi\\fantasy-football-pi\\frontend\\src\\utils\\uiHelpers.js": {"path":"C:\\Users\\nicho\\Dev\\fantasy-football-pi\\fantasy-football-pi\\frontend\\src\\utils\\uiHelpers.js","statementMap":{"0":{"start":{"line":4,"column":27},"end":{"line":15,"column":1}},"1":{"start":{"line":5,"column":14},"end":{"line":5,"column":46}},"2":{"start":{"line":6,"column":17},"end":{"line":13,"column":3}},"3":{"start":{"line":14,"column":2},"end":{"line":14,"column":null}},"4":{"start":{"line":18,"column":24},"end":{"line":26,"column":1}},"5":{"start":{"line":28,"column":26},"end":{"line":34,"column":1}},"6":{"start":{"line":36,"column":28},"end":{"line":41,"column":1}},"7":{"start":{"line":43,"column":29},"end":{"line":48,"column":1}},"8":{"start":{"line":55,"column":27},"end":{"line":57,"column":53}},"9":{"start":{"line":56,"column":2},"end":{"line":57,"column":53}},"10":{"start":{"line":59,"column":32},"end":{"line":67,"column":1}},"11":{"start":{"line":60,"column":2},"end":{"line":60,"column":null}},"12":{"start":{"line":60,"column":39},"end":{"line":60,"column":null}},"13":{"start":{"line":61,"column":15},"end":{"line":61,"column":39}},"14":{"start":{"line":62,"column":2},"end":{"line":66,"column":null}},"15":{"start":{"line":63,"column":4},"end":{"line":63,"column":null}},"16":{"start":{"line":65,"column":4},"end":{"line":65,"column":null}},"17":{"start":{"line":69,"column":35},"end":{"line":73,"column":1}},"18":{"start":{"line":70,"column":2},"end":{"line":70,"column":null}},"19":{"start":{"line":70,"column":39},"end":{"line":70,"column":null}},"20":{"start":{"line":71,"column":15},"end":{"line":71,"column":39}},"21":{"start":{"line":72,"column":2},"end":{"line":72,"column":null}},"22":{"start":{"line":75,"column":30},"end":{"line":75,"column":79}},"23":{"start":{"line":75,"column":46},"end":{"line":75,"column":79}}},"fnMap":{"0":{"name":"(anonymous_0)","decl":{"start":{"line":4,"column":27},"end":{"line":4,"column":28}},"loc":{"start":{"line":4,"column":39},"end":{"line":15,"column":1}},"line":4},"1":{"name":"(anonymous_1)","decl":{"start":{"line":55,"column":27},"end":{"line":55,"column":28}},"loc":{"start":{"line":56,"column":2},"end":{"line":57,"column":53}},"line":56},"2":{"name":"(anonymous_2)","decl":{"start":{"line":59,"column":32},"end":{"line":59,"column":33}},"loc":{"start":{"line":59,"column":43},"end":{"line":67,"column":1}},"line":59},"3":{"name":"(anonymous_3)","decl":{"start":{"line":69,"column":35},"end":{"line":69,"column":36}},"loc":{"start":{"line":69,"column":41},"end":{"line":73,"column":1}},"line":69},"4":{"name":"(anonymous_4)","decl":{"start":{"line":75,"column":30},"end":{"line":75,"column":31}},"loc":{"start":{"line":75,"column":46},"end":{"line":75,"column":79}},"line":75}},"branchMap":{"0":{"loc":{"start":{"line":5,"column":14},"end":{"line":5,"column":46}},"type":"cond-expr","locations":[{"start":{"line":5,"column":32},"end":{"line":5,"column":37}},{"start":{"line":5,"column":40},"end":{"line":5,"column":46}}],"line":5},"1":{"loc":{"start":{"line":14,"column":9},"end":{"line":14,"column":68}},"type":"binary-expr","locations":[{"start":{"line":14,"column":9},"end":{"line":14,"column":20}},{"start":{"line":14,"column":24},"end":{"line":14,"column":68}}],"line":14},"2":{"loc":{"start":{"line":56,"column":2},"end":{"line":57,"column":53}},"type":"binary-expr","locations":[{"start":{"line":56,"column":2},"end":{"line":56,"column":33}},{"start":{"line":57,"column":2},"end":{"line":57,"column":53}}],"line":56},"3":{"loc":{"start":{"line":60,"column":2},"end":{"line":60,"column":null}},"type":"if","locations":[{"start":{"line":60,"column":2},"end":{"line":60,"column":null}},{"start":{},"end":{}}],"line":60},"4":{"loc":{"start":{"line":62,"column":2},"end":{"line":66,"column":null}},"type":"if","locations":[{"start":{"line":62,"column":2},"end":{"line":66,"column":null}},{"start":{"line":64,"column":9},"end":{"line":66,"column":null}}],"line":62},"5":{"loc":{"start":{"line":70,"column":2},"end":{"line":70,"column":null}},"type":"if","locations":[{"start":{"line":70,"column":2},"end":{"line":70,"column":null}},{"start":{},"end":{}}],"line":70}},"s":{"0":1,"1":0,"2":0,"3":0,"4":1,"5":1,"6":1,"7":1,"8":1,"9":0,"10":1,"11":0,"12":0,"13":0,"14":0,"15":0,"16":0,"17":1,"18":0,"19":0,"20":0,"21":0,"22":1,"23":0},"f":{"0":0,"1":0,"2":0,"3":0,"4":0},"b":{"0":[0,0],"1":[0,0],"2":[0,0],"3":[0,0],"4":[0,0],"5":[0,0]},"meta":{"lastBranch":6,"lastFunction":5,"lastStatement":24,"seen":{"s:4:27:15:1":0,"f:4:27:4:28":0,"s:5:14:5:46":1,"b:5:32:5:37:5:40:5:46":0,"s:6:17:13:3":2,"s:14:2:14:Infinity":3,"b:14:9:14:20:14:24:14:68":1,"s:18:24:26:1":4,"s:28:26:34:1":5,"s:36:28:41:1":6,"s:43:29:48:1":7,"s:55:27:57:53":8,"f:55:27:55:28":1,"s:56:2:57:53":9,"b:56:2:56:33:57:2:57:53":2,"s:59:32:67:1":10,"f:59:32:59:33":2,"b:60:2:60:Infinity:undefined:undefined:undefined:undefined":3,"s:60:2:60:Infinity":11,"s:60:39:60:Infinity":12,"s:61:15:61:39":13,"b:62:2:66:Infinity:64:9:66:Infinity":4,"s:62:2:66:Infinity":14,"s:63:4:63:Infinity":15,"s:65:4:65:Infinity":16,"s:69:35:73:1":17,"f:69:35:69:36":3,"b:70:2:70:Infinity:undefined:undefined:undefined:undefined":5,"s:70:2:70:Infinity":18,"s:70:39:70:Infinity":19,"s:71:15:71:39":20,"s:72:2:72:Infinity":21,"s:75:30:75:79":22,"f:75:30:75:31":4,"s:75:46:75:79":23}}}
,"C:\\Users\\nicho\\Dev\\fantasy-football-pi\\fantasy-football-pi\\frontend\\src\\utils\\uiStandards.js": {"path":"C:\\Users\\nicho\\Dev\\fantasy-football-pi\\fantasy-football-pi\\frontend\\src\\utils\\uiStandards.js","statementMap":{"0":{"start":{"line":2,"column":25},"end":{"line":2,"column":54}},"1":{"start":{"line":5,"column":2},"end":{"line":5,"column":107}},"2":{"start":{"line":8,"column":2},"end":{"line":8,"column":66}},"3":{"start":{"line":11,"column":2},"end":{"line":11,"column":81}},"4":{"start":{"line":13,"column":28},"end":{"line":13,"column":72}},"5":{"start":{"line":16,"column":24},"end":{"line":16,"column":68}},"6":{"start":{"line":18,"column":25},"end":{"line":18,"column":69}},"7":{"start":{"line":21,"column":2},"end":{"line":21,"column":70}},"8":{"start":{"line":23,"column":27},"end":{"line":23,"column":71}},"9":{"start":{"line":27,"column":2},"end":{"line":27,"column":114}},"10":{"start":{"line":30,"column":2},"end":{"line":30,"column":109}},"11":{"start":{"line":33,"column":2},"end":{"line":33,"column":105}},"12":{"start":{"line":35,"column":25},"end":{"line":35,"column":36}},"13":{"start":{"line":37,"column":32},"end":{"line":37,"column":67}},"14":{"start":{"line":40,"column":2},"end":{"line":40,"column":97}},"15":{"start":{"line":42,"column":30},"end":{"line":42,"column":76}},"16":{"start":{"line":45,"column":24},"end":{"line":45,"column":30}},"17":{"start":{"line":47,"column":29},"end":{"line":47,"column":35}},"18":{"start":{"line":49,"column":27},"end":{"line":49,"column":33}},"19":{"start":{"line":51,"column":29},"end":{"line":51,"column":37}},"20":{"start":{"line":53,"column":26},"end":{"line":53,"column":34}},"21":{"start":{"line":55,"column":26},"end":{"line":55,"column":34}},"22":{"start":{"line":58,"column":30},"end":{"line":58,"column":41}},"23":{"start":{"line":60,"column":30},"end":{"line":60,"column":41}},"24":{"start":{"line":62,"column":30},"end":{"line":62,"column":41}},"25":{"start":{"line":64,"column":30},"end":{"line":64,"column":41}},"26":{"start":{"line":66,"column":30},"end":{"line":66,"column":41}},"27":{"start":{"line":70,"column":2},"end":{"line":70,"column":192}},"28":{"start":{"line":73,"column":2},"end":{"line":73,"column":202}},"29":{"start":{"line":75,"column":29},"end":{"line":75,"column":105}},"30":{"start":{"line":77,"column":31},"end":{"line":77,"column":172}},"31":{"start":{"line":79,"column":28},"end":{"line":79,"column":101}},"32":{"start":{"line":83,"column":2},"end":{"line":83,"column":80}},"33":{"start":{"line":86,"column":2},"end":{"line":86,"column":130}},"34":{"start":{"line":89,"column":2},"end":{"line":89,"column":229}},"35":{"start":{"line":92,"column":2},"end":{"line":92,"column":82}},"36":{"start":{"line":95,"column":2},"end":{"line":95,"column":51}},"37":{"start":{"line":98,"column":2},"end":{"line":98,"column":50}},"38":{"start":{"line":101,"column":37},"end":{"line":138,"column":1}}},"fnMap":{},"branchMap":{},"s":{"0":1,"1":1,"2":1,"3":1,"4":1,"5":1,"6":1,"7":1,"8":1,"9":1,"10":1,"11":1,"12":1,"13":1,"14":1,"15":1,"16":1,"17":1,"18":1,"19":1,"20":1,"21":1,"22":1,"23":1,"24":1,"25":1,"26":1,"27":1,"28":1,"29":1,"30":1,"31":1,"32":1,"33":1,"34":1,"35":1,"36":1,"37":1,"38":1},"f":{},"b":{},"meta":{"lastBranch":0,"lastFunction":0,"lastStatement":39,"seen":{"s:2:25:2:54":0,"s:5:2:5:107":1,"s:8:2:8:66":2,"s:11:2:11:81":3,"s:13:28:13:72":4,"s:16:24:16:68":5,"s:18:25:18:69":6,"s:21:2:21:70":7,"s:23:27:23:71":8,"s:27:2:27:114":9,"s:30:2:30:109":10,"s:33:2:33:105":11,"s:35:25:35:36":12,"s:37:32:37:67":13,"s:40:2:40:97":14,"s:42:30:42:76":15,"s:45:24:45:30":16,"s:47:29:47:35":17,"s:49:27:49:33":18,"s:51:29:51:37":19,"s:53:26:53:34":20,"s:55:26:55:34":21,"s:58:30:58:41":22,"s:60:30:60:41":23,"s:62:30:62:41":24,"s:64:30:64:41":25,"s:66:30:66:41":26,"s:70:2:70:192":27,"s:73:2:73:202":28,"s:75:29:75:105":29,"s:77:31:77:172":30,"s:79:28:79:101":31,"s:83:2:83:80":32,"s:86:2:86:130":33,"s:89:2:89:229":34,"s:92:2:92:82":35,"s:95:2:95:51":36,"s:98:2:98:50":37,"s:101:37:138:1":38}}}
}
