TN:
SF:src/api/draftAnalyzerApi.js
FN:5,normalizeText
FN:9,normalizeNameForDedupe
FN:27,buildFallbackPlayerKey
FN:41,dedupePlayersForUi
FN:90,fetchCurrentUser
FN:94,fetchLeagueOwners
FN:101,fetchAllPlayers
FN:105,fetchLeagueSettings
FN:109,fetchDraftHistory
FN:116,fetchHistoricalRankings
FN:122,fetchModelPredictions
FN:126,runDraftSimulation
FN:130,fetchPlayerSeasonDetails
FN:137,queryDraftAdvisor
FNF:14
FNH:6
FNDA:0,normalizeText
FNDA:0,normalizeNameForDedupe
FNDA:0,buildFallbackPlayerKey
FNDA:0,dedupePlayersForUi
FNDA:1,fetchCurrentUser
FNDA:1,fetchLeagueOwners
FNDA:1,fetchAllPlayers
FNDA:1,fetchLeagueSettings
FNDA:1,fetchDraftHistory
FNDA:1,fetchHistoricalRankings
FNDA:0,fetchModelPredictions
FNDA:0,runDraftSimulation
FNDA:0,fetchPlayerSeasonDetails
FNDA:0,queryDraftAdvisor
DA:3,1
DA:6,0
DA:10,0
DA:11,0
DA:12,0
DA:13,0
DA:15,0
DA:16,0
DA:17,0
DA:18,0
DA:20,0
DA:21,0
DA:24,0
DA:28,0
DA:29,0
DA:31,0
DA:32,0
DA:34,0
DA:42,0
DA:43,0
DA:45,0
DA:46,0
DA:47,0
DA:48,0
DA:49,0
DA:50,0
DA:51,0
DA:52,0
DA:55,0
DA:60,0
DA:61,0
DA:65,0
DA:66,0
DA:68,0
DA:69,0
DA:70,0
DA:71,0
DA:72,0
DA:73,0
DA:74,0
DA:77,0
DA:82,0
DA:83,0
DA:87,0
DA:91,1
DA:95,1
DA:102,1
DA:106,1
DA:110,1
DA:117,1
DA:118,1
DA:119,1
DA:123,0
DA:127,0
DA:131,0
DA:138,0
LF:56
LH:9
BRDA:6,0,0,0
BRDA:6,0,1,0
BRDA:11,1,0,0
BRDA:11,1,1,0
BRDA:12,2,0,0
BRDA:12,2,1,0
BRDA:12,3,0,0
BRDA:12,3,1,0
BRDA:15,4,0,0
BRDA:15,4,1,0
BRDA:17,5,0,0
BRDA:17,5,1,0
BRDA:20,6,0,0
BRDA:20,6,1,0
BRDA:29,7,0,0
BRDA:29,7,1,0
BRDA:32,8,0,0
BRDA:32,8,1,0
BRDA:42,9,0,0
BRDA:42,9,1,0
BRDA:46,10,0,0
BRDA:46,10,1,0
BRDA:47,11,0,0
BRDA:47,11,1,0
BRDA:49,12,0,0
BRDA:49,12,1,0
BRDA:50,13,0,0
BRDA:50,13,1,0
BRDA:55,14,0,0
BRDA:55,14,1,0
BRDA:55,14,2,0
BRDA:55,14,3,0
BRDA:55,14,4,0
BRDA:55,14,5,0
BRDA:55,14,6,0
BRDA:55,14,7,0
BRDA:55,14,8,0
BRDA:60,15,0,0
BRDA:60,15,1,0
BRDA:71,16,0,0
BRDA:71,16,1,0
BRDA:72,17,0,0
BRDA:72,17,1,0
BRDA:77,18,0,0
BRDA:77,18,1,0
BRDA:77,18,2,0
BRDA:77,18,3,0
BRDA:77,18,4,0
BRDA:77,18,5,0
BRDA:77,18,6,0
BRDA:77,18,7,0
BRDA:77,18,8,0
BRDA:82,19,0,0
BRDA:82,19,1,0
BRDA:116,20,0,1
BRDA:118,21,0,1
BRDA:118,21,1,0
BRF:57
BRH:2
end_of_record
TN:
SF:src/api/fetching.js
FN:3,delay
FN:4,(anonymous_1)
FN:7,normalizeApiError
FN:19,(anonymous_3)
FN:47,shouldRetry
FN:53,requestWithRetry
FN:81,getJson
FN:85,postJson
FNF:8
FNH:6
FNDA:5,delay
FNDA:5,(anonymous_1)
FNDA:1,normalizeApiError
FNDA:0,(anonymous_3)
FNDA:5,shouldRetry
FNDA:6,requestWithRetry
FNDA:6,getJson
FNDA:0,postJson
DA:4,5
DA:8,1
DA:9,1
DA:10,0
DA:12,1
DA:13,0
DA:14,0
DA:15,0
DA:17,0
DA:18,0
DA:20,0
DA:21,0
DA:22,0
DA:23,0
DA:25,0
DA:28,0
DA:30,0
DA:31,0
DA:32,0
DA:33,0
DA:34,0
DA:36,0
DA:38,1
DA:39,0
DA:41,1
DA:42,1
DA:44,0
DA:48,5
DA:49,5
DA:50,0
DA:61,6
DA:64,6
DA:65,11
DA:66,11
DA:67,0
DA:69,11
DA:70,11
DA:71,6
DA:73,5
DA:74,5
DA:78,0
DA:82,6
DA:86,0
LF:43
LH:19
BRDA:7,0,0,1
BRDA:9,1,0,0
BRDA:9,1,1,1
BRDA:9,2,0,1
BRDA:9,2,1,0
BRDA:12,3,0,0
BRDA:12,3,1,1
BRDA:14,4,0,0
BRDA:14,4,1,0
BRDA:14,5,0,0
BRDA:14,5,1,0
BRDA:17,6,0,0
BRDA:17,6,1,0
BRDA:20,7,0,0
BRDA:20,7,1,0
BRDA:21,8,0,0
BRDA:21,8,1,0
BRDA:22,9,0,0
BRDA:22,9,1,0
BRDA:23,10,0,0
BRDA:23,10,1,0
BRDA:23,10,2,0
BRDA:23,10,3,0
BRDA:28,11,0,0
BRDA:28,11,1,0
BRDA:30,12,0,0
BRDA:30,12,1,0
BRDA:31,13,0,0
BRDA:31,13,1,0
BRDA:31,14,0,0
BRDA:31,14,1,0
BRDA:32,15,0,0
BRDA:32,15,1,0
BRDA:32,16,0,0
BRDA:32,16,1,0
BRDA:33,17,0,0
BRDA:33,17,1,0
BRDA:33,18,0,0
BRDA:33,18,1,0
BRDA:38,19,0,0
BRDA:38,19,1,1
BRDA:41,20,0,1
BRDA:41,20,1,0
BRDA:48,21,0,5
BRDA:48,21,1,5
BRDA:49,22,0,5
BRDA:49,22,1,0
BRDA:50,23,0,0
BRDA:50,23,1,0
BRDA:50,23,2,0
BRDA:50,23,3,0
BRDA:54,24,0,6
BRDA:58,25,0,6
BRDA:59,26,0,6
BRDA:70,27,0,6
BRDA:70,27,1,5
BRDA:70,28,0,11
BRDA:70,28,1,5
BRDA:81,29,0,6
BRDA:85,30,0,0
BRF:60
BRH:17
end_of_record
TN:
SF:src/api/tradesApi.js
FN:3,isNotFound
FN:7,fromLegacyLeagueSettings
FN:20,fetchTradeWindowSettings
FN:31,saveTradeWindowSettings
FN:48,fetchPendingTrades
FN:57,fetchTradeDetail
FN:62,fetchTradeHistory
FN:70,approveTrade
FN:77,rejectTrade
FN:86,submitTrade
FN:93,fetchTeamRoster
FN:98,fetchLeagueTeams
FNF:12
FNH:0
FNDA:0,isNotFound
FNDA:0,fromLegacyLeagueSettings
FNDA:0,fetchTradeWindowSettings
FNDA:0,saveTradeWindowSettings
FNDA:0,fetchPendingTrades
FNDA:0,fetchTradeDetail
FNDA:0,fetchTradeHistory
FNDA:0,approveTrade
FNDA:0,rejectTrade
FNDA:0,submitTrade
FNDA:0,fetchTeamRoster
FNDA:0,fetchLeagueTeams
DA:4,0
DA:8,0
DA:9,0
DA:10,0
DA:21,0
DA:22,0
DA:23,0
DA:25,0
DA:26,0
DA:27,0
DA:32,0
DA:33,0
DA:34,0
DA:36,0
DA:38,0
DA:41,0
DA:42,0
DA:49,0
DA:50,0
DA:51,0
DA:52,0
DA:53,0
DA:54,0
DA:58,0
DA:59,0
DA:63,0
DA:64,0
DA:65,0
DA:66,0
DA:67,0
DA:71,0
DA:74,0
DA:78,0
DA:81,0
DA:87,0
DA:88,0
DA:94,0
DA:95,0
DA:99,0
DA:100,0
LF:40
LH:0
BRDA:4,0,0,0
BRDA:4,0,1,0
BRDA:7,1,0,0
BRDA:8,2,0,0
BRDA:8,2,1,0
BRDA:9,3,0,0
BRDA:9,3,1,0
BRDA:25,4,0,0
BRDA:25,4,1,0
BRDA:36,5,0,0
BRDA:36,5,1,0
BRDA:39,6,0,0
BRDA:39,6,1,0
BRDA:51,7,0,0
BRDA:51,7,1,0
BRDA:52,8,0,0
BRDA:52,8,1,0
BRDA:53,9,0,0
BRDA:53,9,1,0
BRDA:65,10,0,0
BRDA:65,10,1,0
BRDA:66,11,0,0
BRDA:66,11,1,0
BRDA:70,12,0,0
BRDA:77,13,0,0
BRDA:95,14,0,0
BRDA:95,14,1,0
BRDA:95,15,0,0
BRDA:95,15,1,0
BRDA:100,16,0,0
BRDA:100,16,1,0
BRF:31
BRH:0
end_of_record
TN:
SF:src/components/GlobalSearch.jsx
FN:6,GlobalSearch
FN:11,(anonymous_1)
FN:36,(anonymous_2)
FN:39,(anonymous_3)
FN:51,(anonymous_4)
FN:54,(anonymous_5)
FNF:6
FNH:1
FNDA:5,GlobalSearch
FNDA:0,(anonymous_1)
FNDA:0,(anonymous_2)
FNDA:0,(anonymous_3)
FNDA:0,(anonymous_4)
FNDA:0,(anonymous_5)
DA:7,5
DA:8,5
DA:9,5
DA:11,5
DA:12,0
DA:13,0
DA:16,0
DA:17,0
DA:20,0
DA:21,0
DA:23,0
DA:27,5
DA:36,0
DA:39,0
DA:52,0
DA:54,0
LF:16
LH:5
BRDA:13,0,0,0
BRDA:13,0,1,0
BRDA:38,1,0,5
BRDA:38,1,1,0
BRDA:44,2,0,5
BRDA:44,2,1,0
BRF:6
BRH:2
end_of_record
TN:
SF:src/components/TeamLogo.jsx
FN:9,(anonymous_0)
FN:64,TeamLogo
FN:113,(anonymous_2)
FNF:3
FNH:0
FNDA:0,(anonymous_0)
FNDA:0,TeamLogo
FNDA:0,(anonymous_2)
DA:9,1
DA:10,0
DA:17,0
DA:43,1
DA:70,0
DA:73,0
DA:81,0
DA:82,0
DA:85,0
DA:88,0
DA:91,0
DA:99,0
DA:113,0
DA:129,1
LF:14
LH:3
BRDA:66,0,0,0
BRDA:67,1,0,0
BRDA:68,2,0,0
BRDA:81,3,0,0
BRDA:81,3,1,0
BRDA:82,4,0,0
BRDA:82,4,1,0
BRDA:85,5,0,0
BRDA:85,5,1,0
BRDA:85,5,2,0
BRDA:88,6,0,0
BRDA:88,6,1,0
BRDA:91,7,0,0
BRDA:91,7,1,0
BRDA:104,8,0,0
BRDA:104,8,1,0
BRDA:108,9,0,0
BRDA:108,9,1,0
BRF:18
BRH:0
end_of_record
TN:
SF:src/components/Toast.jsx
FN:13,Toast
FN:27,(anonymous_1)
FN:31,(anonymous_2)
FN:34,(anonymous_3)
FN:38,(anonymous_4)
FN:39,(anonymous_5)
FN:45,(anonymous_6)
FNF:7
FNH:5
FNDA:5,Toast
FNDA:5,(anonymous_1)
FNDA:0,(anonymous_2)
FNDA:5,(anonymous_3)
FNDA:5,(anonymous_4)
FNDA:0,(anonymous_5)
FNDA:5,(anonymous_6)
DA:20,5
DA:22,5
DA:23,5
DA:24,5
DA:27,5
DA:28,5
DA:29,0
DA:31,5
DA:32,0
DA:34,5
DA:38,5
DA:39,5
DA:40,0
DA:41,0
DA:44,5
DA:45,5
DA:49,5
DA:57,5
DA:65,5
DA:66,5
DA:70,5
LF:21
LH:17
BRDA:15,0,0,5
BRDA:20,1,0,5
BRDA:20,1,1,5
BRDA:22,2,0,5
BRDA:22,2,1,0
BRDA:22,3,0,0
BRDA:22,3,1,0
BRDA:23,4,0,5
BRDA:23,4,1,5
BRDA:28,5,0,0
BRDA:28,5,1,5
BRDA:40,6,0,0
BRDA:40,6,1,0
BRDA:65,7,0,0
BRDA:65,7,1,5
BRDA:66,8,0,5
BRDA:66,8,1,0
BRDA:97,9,0,5
BRDA:97,9,1,5
BRF:19
BRH:11
end_of_record
TN:
SF:src/components/admin/AdminActionCard.jsx
FN:8,AdminActionCard
FNF:1
FNH:1
FNDA:53,AdminActionCard
DA:21,53
DA:22,53
DA:23,53
DA:27,53
LF:4
LH:4
BRDA:14,0,0,53
BRDA:15,1,0,53
BRDA:18,2,0,53
BRDA:19,3,0,53
BRDA:22,4,0,53
BRDA:22,4,1,0
BRDA:23,5,0,7
BRDA:23,5,1,46
BRDA:49,6,0,2
BRDA:49,6,1,51
BRDA:49,7,0,53
BRDA:49,7,1,12
BRDA:51,8,0,6
BRDA:51,8,1,47
BRF:14
BRH:13
end_of_record
TN:
SF:src/components/common/AsyncState.jsx
FN:5,LoadingState
FN:18,EmptyState
FN:29,ErrorState
FNF:3
FNH:2
FNDA:25,LoadingState
FNDA:32,EmptyState
FNDA:0,ErrorState
DA:6,25
DA:19,32
DA:30,0
LF:3
LH:2
BRDA:5,0,0,25
BRDA:5,1,0,25
BRDA:18,2,0,32
BRDA:18,3,0,32
BRDA:29,4,0,0
BRDA:29,5,0,0
BRF:6
BRH:4
end_of_record
TN:
SF:src/components/draft/AuctionBlock.jsx
FN:6,AuctionBlock
FN:44,(anonymous_1)
FN:58,(anonymous_2)
FN:73,(anonymous_3)
FN:81,(anonymous_4)
FN:84,(anonymous_5)
FN:107,(anonymous_6)
FN:115,(anonymous_7)
FN:157,(anonymous_8)
FN:172,(anonymous_9)
FN:173,(anonymous_10)
FN:179,(anonymous_11)
FN:194,(anonymous_12)
FN:200,(anonymous_13)
FN:206,(anonymous_14)
FN:217,(anonymous_15)
FN:226,(anonymous_16)
FN:255,(anonymous_17)
FN:258,(anonymous_18)
FN:286,(anonymous_19)
FN:289,(anonymous_20)
FN:319,(anonymous_21)
FN:320,(anonymous_22)
FN:326,(anonymous_23)
FN:340,(anonymous_24)
FN:347,(anonymous_25)
FN:354,(anonymous_26)
FN:364,(anonymous_27)
FN:375,(anonymous_28)
FN:387,(anonymous_29)
FN:463,(anonymous_30)
FNF:31
FNH:2
FNDA:15,AuctionBlock
FNDA:0,(anonymous_1)
FNDA:0,(anonymous_2)
FNDA:0,(anonymous_3)
FNDA:0,(anonymous_4)
FNDA:0,(anonymous_5)
FNDA:0,(anonymous_6)
FNDA:0,(anonymous_7)
FNDA:0,(anonymous_8)
FNDA:0,(anonymous_9)
FNDA:0,(anonymous_10)
FNDA:0,(anonymous_11)
FNDA:0,(anonymous_12)
FNDA:0,(anonymous_13)
FNDA:0,(anonymous_14)
FNDA:0,(anonymous_15)
FNDA:0,(anonymous_16)
FNDA:105,(anonymous_17)
FNDA:0,(anonymous_18)
FNDA:0,(anonymous_19)
FNDA:0,(anonymous_20)
FNDA:0,(anonymous_21)
FNDA:0,(anonymous_22)
FNDA:0,(anonymous_23)
FNDA:0,(anonymous_24)
FNDA:0,(anonymous_25)
FNDA:0,(anonymous_26)
FNDA:0,(anonymous_27)
FNDA:0,(anonymous_28)
FNDA:0,(anonymous_29)
FNDA:0,(anonymous_30)
DA:41,15
DA:44,15
DA:45,15
DA:49,15
DA:51,15
DA:52,15
DA:53,15
DA:56,15
DA:58,15
DA:59,0
DA:60,0
DA:61,0
DA:62,0
DA:64,0
DA:65,0
DA:67,0
DA:72,15
DA:73,0
DA:74,0
DA:77,0
DA:82,0
DA:84,0
DA:108,0
DA:116,0
DA:156,15
DA:157,0
DA:158,0
DA:161,0
DA:172,0
DA:173,0
DA:180,0
DA:194,0
DA:200,0
DA:206,0
DA:217,0
DA:227,0
DA:228,0
DA:229,0
DA:230,0
DA:232,0
DA:243,15
DA:256,105
DA:258,0
DA:287,0
DA:289,0
DA:319,0
DA:320,0
DA:327,0
DA:340,0
DA:347,0
DA:354,0
DA:364,0
DA:376,0
DA:377,0
DA:378,0
DA:379,0
DA:381,0
DA:388,0
DA:463,0
LF:59
LH:13
BRDA:8,0,0,15
BRDA:9,1,0,15
BRDA:19,2,0,15
BRDA:24,3,0,15
BRDA:26,4,0,15
BRDA:39,5,0,15
BRDA:45,6,0,0
BRDA:45,6,1,15
BRDA:46,7,0,0
BRDA:46,7,1,0
BRDA:49,8,0,15
BRDA:49,8,1,15
BRDA:49,8,2,2
BRDA:51,9,0,15
BRDA:51,9,1,13
BRDA:53,10,0,15
BRDA:53,10,1,0
BRDA:53,10,2,0
BRDA:53,10,3,0
BRDA:53,10,4,0
BRDA:56,11,0,13
BRDA:56,11,1,2
BRDA:60,12,0,0
BRDA:60,12,1,0
BRDA:61,13,0,0
BRDA:61,13,1,0
BRDA:64,14,0,0
BRDA:64,14,1,0
BRDA:72,15,0,0
BRDA:72,15,1,15
BRDA:74,16,0,0
BRDA:74,16,1,0
BRDA:75,17,0,0
BRDA:75,17,1,0
BRDA:86,18,0,0
BRDA:86,18,1,0
BRDA:104,19,0,0
BRDA:104,19,1,0
BRDA:106,20,0,0
BRDA:106,20,1,0
BRDA:108,21,0,0
BRDA:108,21,1,0
BRDA:117,22,0,0
BRDA:117,22,1,0
BRDA:124,23,0,0
BRDA:124,23,1,0
BRDA:133,24,0,0
BRDA:133,24,1,0
BRDA:133,25,0,0
BRDA:133,25,1,0
BRDA:141,26,0,0
BRDA:141,26,1,0
BRDA:143,27,0,0
BRDA:143,27,1,0
BRDA:148,28,0,0
BRDA:148,28,1,0
BRDA:156,29,0,0
BRDA:156,29,1,15
BRDA:158,30,0,0
BRDA:158,30,1,0
BRDA:159,31,0,0
BRDA:159,31,1,0
BRDA:172,32,0,0
BRDA:172,32,1,0
BRDA:177,33,0,0
BRDA:177,33,1,0
BRDA:185,34,0,0
BRDA:185,34,1,0
BRDA:228,35,0,0
BRDA:228,35,1,0
BRDA:233,36,0,0
BRDA:233,36,1,0
BRDA:261,37,0,15
BRDA:261,37,1,90
BRDA:278,38,0,15
BRDA:278,38,1,0
BRDA:278,38,2,0
BRDA:281,39,0,0
BRDA:281,39,1,0
BRDA:294,40,0,0
BRDA:294,40,1,0
BRDA:319,41,0,0
BRDA:319,41,1,15
BRDA:321,42,0,15
BRDA:321,42,1,15
BRDA:324,43,0,15
BRDA:324,43,1,0
BRDA:332,44,0,0
BRDA:332,44,1,0
BRDA:355,45,0,15
BRDA:355,45,1,15
BRDA:377,46,0,0
BRDA:377,46,1,0
BRDA:382,47,0,0
BRDA:382,47,1,0
BRDA:388,48,0,0
BRDA:388,48,1,0
BRDA:397,49,0,15
BRDA:397,49,1,13
BRDA:402,50,0,15
BRDA:402,50,1,0
BRDA:407,51,0,15
BRDA:407,51,1,15
BRDA:407,51,2,0
BRDA:409,52,0,0
BRDA:409,52,1,0
BRDA:417,53,0,15
BRDA:417,53,1,1
BRDA:422,54,0,0
BRDA:422,54,1,15
BRDA:422,55,0,15
BRDA:422,55,1,0
BRDA:430,56,0,0
BRDA:430,56,1,15
BRDA:433,57,0,0
BRDA:433,57,1,15
BRDA:438,58,0,0
BRDA:438,58,1,15
BRDA:456,59,0,15
BRDA:456,59,1,0
BRDA:460,60,0,15
BRDA:460,60,1,15
BRDA:466,61,0,0
BRDA:466,61,1,15
BRF:124
BRH:42
end_of_record
TN:
SF:src/components/draft/AuctionInterface.jsx
FN:6,AuctionInterface
FN:12,(anonymous_1)
FN:18,(anonymous_2)
FN:35,(anonymous_3)
FN:42,(anonymous_4)
FN:49,(anonymous_5)
FNF:6
FNH:0
FNDA:0,AuctionInterface
FNDA:0,(anonymous_1)
FNDA:0,(anonymous_2)
FNDA:0,(anonymous_3)
FNDA:0,(anonymous_4)
FNDA:0,(anonymous_5)
DA:12,0
DA:13,0
DA:14,0
DA:15,0
DA:17,0
DA:18,0
DA:19,0
DA:20,0
DA:23,0
DA:35,0
DA:42,0
DA:49,0
LF:12
LH:0
BRDA:15,0,0,0
BRDA:15,0,1,0
BRDA:20,1,0,0
BRDA:20,1,1,0
BRF:4
BRH:0
end_of_record
TN:
SF:src/components/draft/BestAvailableList.jsx
FN:3,BestAvailableList
FN:13,(anonymous_1)
FN:14,(anonymous_2)
FN:30,(anonymous_3)
FN:34,(anonymous_4)
FN:36,(anonymous_5)
FN:54,(anonymous_6)
FN:56,(anonymous_7)
FN:86,(anonymous_8)
FN:89,(anonymous_9)
FN:107,(anonymous_10)
FN:113,(anonymous_11)
FN:119,(anonymous_12)
FN:126,(anonymous_13)
FNF:14
FNH:0
FNDA:0,BestAvailableList
FNDA:0,(anonymous_1)
FNDA:0,(anonymous_2)
FNDA:0,(anonymous_3)
FNDA:0,(anonymous_4)
FNDA:0,(anonymous_5)
FNDA:0,(anonymous_6)
FNDA:0,(anonymous_7)
FNDA:0,(anonymous_8)
FNDA:0,(anonymous_9)
FNDA:0,(anonymous_10)
FNDA:0,(anonymous_11)
FNDA:0,(anonymous_12)
FNDA:0,(anonymous_13)
DA:8,0
DA:9,0
DA:10,0
DA:12,0
DA:14,0
DA:29,0
DA:30,0
DA:34,0
DA:35,0
DA:36,0
DA:37,0
DA:38,0
DA:39,0
DA:40,0
DA:41,0
DA:43,0
DA:44,0
DA:45,0
DA:47,0
DA:48,0
DA:49,0
DA:51,0
DA:54,0
DA:55,0
DA:56,0
DA:58,0
DA:59,0
DA:63,0
DA:64,0
DA:73,0
DA:87,0
DA:89,0
DA:107,0
DA:113,0
DA:119,0
DA:127,0
LF:36
LH:0
BRDA:4,0,0,0
BRDA:5,1,0,0
BRDA:16,2,0,0
BRDA:16,2,1,0
BRDA:16,2,2,0
BRDA:18,3,0,0
BRDA:18,3,1,0
BRDA:18,3,2,0
BRDA:18,3,3,0
BRDA:18,3,4,0
BRDA:23,4,0,0
BRDA:23,4,1,0
BRDA:23,4,2,0
BRDA:30,5,0,0
BRDA:30,5,1,0
BRDA:39,6,0,0
BRDA:39,6,1,0
BRDA:43,7,0,0
BRDA:43,7,1,0
BRDA:47,8,0,0
BRDA:47,8,1,0
BRDA:47,9,0,0
BRDA:47,9,1,0
BRDA:48,10,0,0
BRDA:48,10,1,0
BRDA:48,11,0,0
BRDA:48,11,1,0
BRDA:55,12,0,0
BRDA:55,12,1,0
BRDA:63,13,0,0
BRDA:63,13,1,0
BRDA:91,14,0,0
BRDA:91,14,1,0
BRDA:109,15,0,0
BRDA:109,15,1,0
BRDA:109,16,0,0
BRDA:109,16,1,0
BRDA:115,17,0,0
BRDA:115,17,1,0
BRDA:115,18,0,0
BRDA:115,18,1,0
BRDA:121,19,0,0
BRDA:121,19,1,0
BRDA:121,20,0,0
BRDA:121,20,1,0
BRDA:127,21,0,0
BRDA:127,21,1,0
BRDA:138,22,0,0
BRDA:138,22,1,0
BRF:49
BRH:0
end_of_record
TN:
SF:src/components/draft/DraftBoardGrid.jsx
FN:13,(anonymous_0)
FN:28,DraftBoardGrid
FN:37,(anonymous_2)
FN:39,(anonymous_3)
FN:40,(anonymous_4)
FN:59,(anonymous_5)
FN:81,(anonymous_6)
FN:88,(anonymous_7)
FN:91,(anonymous_8)
FN:100,(anonymous_9)
FN:110,(anonymous_10)
FNF:11
FNH:2
FNDA:0,(anonymous_0)
FNDA:15,DraftBoardGrid
FNDA:11,(anonymous_2)
FNDA:0,(anonymous_3)
FNDA:0,(anonymous_4)
FNDA:0,(anonymous_5)
FNDA:0,(anonymous_6)
FNDA:0,(anonymous_7)
FNDA:0,(anonymous_8)
FNDA:0,(anonymous_9)
FNDA:0,(anonymous_10)
DA:4,1
DA:13,1
DA:14,0
DA:15,0
DA:37,15
DA:38,11
DA:39,11
DA:40,11
DA:41,0
DA:42,0
DA:46,11
DA:47,0
DA:50,11
DA:54,15
DA:60,0
DA:82,0
DA:83,0
DA:89,0
DA:92,0
DA:93,0
DA:94,0
DA:95,0
DA:101,0
DA:102,0
DA:104,0
DA:106,0
DA:111,0
DA:112,0
DA:113,0
DA:114,0
DA:115,0
LF:31
LH:9
BRDA:14,0,0,0
BRDA:14,0,1,0
BRDA:16,1,0,0
BRDA:16,1,1,0
BRDA:29,2,0,15
BRDA:30,3,0,15
BRDA:31,4,0,15
BRDA:32,5,0,15
BRDA:34,6,0,15
BRDA:35,7,0,15
BRDA:41,8,0,0
BRDA:41,8,1,0
BRDA:46,9,0,0
BRDA:46,9,1,11
BRDA:46,10,0,11
BRDA:46,10,1,0
BRDA:64,11,0,0
BRDA:64,11,1,0
BRDA:73,12,0,0
BRDA:73,12,1,0
BRDA:73,12,2,0
BRDA:76,13,0,0
BRDA:76,13,1,0
BRDA:76,14,0,0
BRDA:76,14,1,0
BRDA:76,14,2,0
BRDA:85,15,0,0
BRDA:85,15,1,0
BRDA:86,16,0,0
BRDA:86,16,1,0
BRDA:86,17,0,0
BRDA:86,17,1,0
BRDA:86,17,2,0
BRDA:89,18,0,0
BRDA:89,18,1,0
BRDA:89,19,0,0
BRDA:89,19,1,0
BRDA:92,20,0,0
BRDA:92,20,1,0
BRDA:92,21,0,0
BRDA:92,21,1,0
BRDA:93,22,0,0
BRDA:93,22,1,0
BRDA:93,23,0,0
BRDA:93,23,1,0
BRDA:98,24,0,0
BRDA:98,24,1,0
BRDA:99,25,0,0
BRDA:99,25,1,0
BRDA:101,26,0,0
BRDA:101,26,1,0
BRDA:109,27,0,0
BRDA:109,27,1,0
BRDA:111,28,0,0
BRDA:111,28,1,0
BRDA:111,28,2,0
BRDA:113,29,0,0
BRDA:113,29,1,0
BRDA:114,30,0,0
BRDA:114,30,1,0
BRDA:123,31,0,0
BRDA:123,31,1,0
BRDA:123,32,0,0
BRDA:123,32,1,0
BRDA:124,33,0,0
BRDA:124,33,1,0
BRF:66
BRH:8
end_of_record
TN:
SF:src/components/draft/DraftHistoryFeed.jsx
FN:6,DraftHistoryFeed
FN:10,(anonymous_1)
FN:25,(anonymous_2)
FN:26,(anonymous_3)
FNF:4
FNH:1
FNDA:15,DraftHistoryFeed
FNDA:0,(anonymous_1)
FNDA:0,(anonymous_2)
FNDA:0,(anonymous_3)
DA:9,15
DA:10,0
DA:14,15
DA:26,0
DA:27,0
LF:5
LH:2
BRDA:6,0,0,15
BRDA:6,1,0,15
BRDA:24,2,0,0
BRDA:24,2,1,15
BRDA:33,3,0,0
BRDA:33,3,1,0
BRDA:29,4,0,0
BRDA:29,4,1,0
BRF:8
BRH:3
end_of_record
TN:
SF:src/components/draft/OwnerCard.jsx
FN:8,(anonymous_0)
FN:63,(anonymous_1)
FN:64,(anonymous_2)
FN:90,(anonymous_3)
FNF:4
FNH:0
FNDA:0,(anonymous_0)
FNDA:0,(anonymous_1)
FNDA:0,(anonymous_2)
FNDA:0,(anonymous_3)
DA:7,1
DA:10,0
DA:11,0
DA:18,0
DA:64,0
DA:65,0
DA:66,0
DA:91,0
LF:8
LH:1
BRDA:11,0,0,0
BRDA:11,0,1,0
BRDA:13,1,0,0
BRDA:13,1,1,0
BRDA:23,2,0,0
BRDA:23,2,1,0
BRDA:32,3,0,0
BRDA:32,3,1,0
BRDA:38,4,0,0
BRDA:38,4,1,0
BRDA:41,5,0,0
BRDA:41,5,1,0
BRDA:50,6,0,0
BRDA:50,6,1,0
BRDA:65,7,0,0
BRDA:65,7,1,0
BRDA:73,8,0,0
BRDA:73,8,1,0
BRDA:83,9,0,0
BRDA:83,9,1,0
BRF:20
BRH:0
end_of_record
TN:
SF:src/components/draft/SessionHeader.jsx
FN:4,SessionHeader
FN:17,(anonymous_1)
FN:63,(anonymous_2)
FNF:3
FNH:1
FNDA:15,SessionHeader
FNDA:0,(anonymous_1)
FNDA:0,(anonymous_2)
DA:17,15
DA:18,0
DA:23,0
DA:28,15
DA:63,0
LF:5
LH:2
BRDA:18,0,0,0
BRDA:18,0,1,0
BRDA:47,1,0,15
BRDA:47,1,1,1
BRDA:54,2,0,15
BRDA:54,2,1,0
BRDA:74,3,0,15
BRDA:74,3,1,1
BRDA:83,4,0,1
BRDA:83,4,1,1
BRDA:87,5,0,0
BRDA:87,5,1,1
BRDA:93,6,0,0
BRDA:93,6,1,1
BRF:14
BRH:9
end_of_record
TN:
SF:src/components/draft/index.js
FNF:0
FNH:0
LF:0
LH:0
BRF:0
BRH:0
end_of_record
TN:
SF:src/components/draft/insights/DraftDynamicsPanel.jsx
FN:2,DraftDynamicsPanel
FN:28,(anonymous_1)
FN:58,(anonymous_2)
FNF:3
FNH:2
FNDA:2,DraftDynamicsPanel
FNDA:0,(anonymous_1)
FNDA:12,(anonymous_2)
DA:3,2
DA:29,0
DA:38,0
DA:59,12
LF:4
LH:2
BRDA:14,0,0,2
BRDA:14,0,1,0
BRDA:15,1,0,0
BRDA:15,1,1,2
BRDA:17,2,0,0
BRDA:17,2,1,2
BRDA:33,3,0,0
BRDA:33,3,1,0
BRDA:33,4,0,0
BRDA:33,4,1,0
BRDA:34,5,0,0
BRDA:34,5,1,0
BRDA:70,6,0,0
BRDA:70,6,1,12
BRDA:72,7,0,0
BRDA:72,7,1,12
BRDA:80,8,0,12
BRDA:80,8,1,12
BRF:18
BRH:7
end_of_record
TN:
SF:src/components/draft/insights/OwnerStrategyPanel.jsx
FN:9,OwnerStrategyPanel
FN:79,(anonymous_1)
FNF:2
FNH:1
FNDA:2,OwnerStrategyPanel
FNDA:0,(anonymous_1)
DA:16,2
DA:80,0
DA:81,0
DA:82,0
DA:90,0
DA:91,0
DA:97,0
LF:7
LH:1
BRDA:19,0,0,2
BRDA:19,0,1,2
BRDA:19,1,0,2
BRDA:19,1,1,2
BRDA:20,2,0,0
BRDA:20,2,1,2
BRDA:22,3,0,2
BRDA:22,3,1,0
BRDA:32,4,0,0
BRDA:32,4,1,0
BRDA:33,5,0,0
BRDA:33,5,1,0
BRDA:40,6,0,0
BRDA:40,6,1,0
BRDA:42,7,0,0
BRDA:42,7,1,0
BRDA:56,8,0,0
BRDA:56,8,1,0
BRDA:65,9,0,0
BRDA:65,9,1,0
BRDA:67,10,0,0
BRDA:67,10,1,0
BRDA:69,11,0,0
BRDA:69,11,1,0
BRDA:70,12,0,0
BRDA:70,12,1,0
BRDA:81,13,0,0
BRDA:81,13,1,0
BRDA:85,14,0,0
BRDA:85,14,1,0
BRDA:90,15,0,0
BRDA:90,15,1,0
BRF:32
BRH:6
end_of_record
TN:
SF:src/components/draft/insights/PlayerInsightCard.jsx
FN:23,PlayerInsightCard
FN:41,(anonymous_1)
FN:65,(anonymous_2)
FN:97,(anonymous_3)
FN:111,(anonymous_4)
FN:114,(anonymous_5)
FN:145,(anonymous_6)
FNF:7
FNH:1
FNDA:2,PlayerInsightCard
FNDA:0,(anonymous_1)
FNDA:0,(anonymous_2)
FNDA:0,(anonymous_3)
FNDA:0,(anonymous_4)
FNDA:0,(anonymous_5)
FNDA:0,(anonymous_6)
DA:29,2
DA:42,0
DA:43,0
DA:45,0
DA:48,0
DA:66,0
DA:67,0
DA:69,0
DA:76,0
DA:98,0
DA:102,0
DA:112,0
DA:113,0
DA:114,0
DA:116,0
DA:117,0
DA:119,0
DA:125,0
DA:126,0
DA:146,0
DA:147,0
DA:148,0
DA:150,0
DA:151,0
DA:152,0
DA:156,0
LF:26
LH:1
BRDA:26,0,0,2
BRDA:27,1,0,2
BRDA:34,2,0,2
BRDA:34,2,1,0
BRDA:45,3,0,0
BRDA:45,3,1,0
BRDA:45,4,0,0
BRDA:45,4,1,0
BRDA:48,5,0,0
BRDA:48,5,1,0
BRDA:60,6,0,0
BRDA:60,6,1,0
BRDA:69,7,0,0
BRDA:69,7,1,0
BRDA:71,8,0,0
BRDA:71,8,1,0
BRDA:73,9,0,0
BRDA:73,9,1,0
BRDA:82,10,0,0
BRDA:82,10,1,0
BRDA:88,11,0,0
BRDA:88,11,1,0
BRDA:112,12,0,0
BRDA:112,12,1,0
BRDA:114,13,0,0
BRDA:114,13,1,0
BRDA:116,14,0,0
BRDA:116,14,1,0
BRDA:116,15,0,0
BRDA:116,15,1,0
BRDA:117,16,0,0
BRDA:117,16,1,0
BRDA:119,17,0,0
BRDA:119,17,1,0
BRDA:121,18,0,0
BRDA:121,18,1,0
BRDA:125,19,0,0
BRDA:125,19,1,0
BRDA:125,20,0,0
BRDA:125,20,1,0
BRDA:146,21,0,0
BRDA:146,21,1,0
BRDA:147,22,0,0
BRDA:147,22,1,0
BRDA:148,23,0,0
BRDA:148,23,1,0
BRDA:150,24,0,0
BRDA:150,24,1,0
BRDA:164,25,0,0
BRDA:164,25,1,0
BRDA:166,26,0,0
BRDA:166,26,1,0
BRDA:177,27,0,0
BRDA:177,27,1,0
BRDA:179,28,0,0
BRDA:179,28,1,0
BRDA:185,29,0,0
BRDA:185,29,1,0
BRDA:191,30,0,0
BRDA:191,30,1,0
BRDA:198,31,0,0
BRDA:198,31,1,0
BRDA:202,32,0,0
BRDA:202,32,1,0
BRDA:203,33,0,0
BRDA:203,33,1,0
BRF:66
BRH:3
end_of_record
TN:
SF:src/components/draft/insights/insightVocabulary.js
FN:58,normalizePos
FN:65,tierTone
FN:74,riskLabel
FN:81,confidenceFromRisk
FN:86,confidenceBand
FN:105,confidenceTier
FN:116,severityClasses
FN:133,strategyBreakSeverity
FN:146,explainRecommendation
FNF:9
FNH:0
FNDA:0,normalizePos
FNDA:0,tierTone
FNDA:0,riskLabel
FNDA:0,confidenceFromRisk
FNDA:0,confidenceBand
FNDA:0,confidenceTier
FNDA:0,severityClasses
FNDA:0,strategyBreakSeverity
FNDA:0,explainRecommendation
DA:9,1
DA:30,1
DA:37,1
DA:46,1
DA:56,1
DA:59,0
DA:66,0
DA:67,0
DA:68,0
DA:69,0
DA:70,0
DA:71,0
DA:75,0
DA:76,0
DA:77,0
DA:78,0
DA:82,0
DA:83,0
DA:87,0
DA:88,0
DA:89,0
DA:90,0
DA:91,0
DA:106,0
DA:107,0
DA:108,0
DA:109,0
DA:110,0
DA:117,0
DA:119,0
DA:121,0
DA:123,0
DA:125,0
DA:134,0
DA:135,0
DA:136,0
DA:147,0
DA:149,0
DA:150,0
DA:151,0
DA:152,0
DA:155,0
DA:159,0
DA:160,0
DA:162,0
DA:163,0
DA:165,0
DA:166,0
DA:168,0
LF:49
LH:5
BRDA:59,0,0,0
BRDA:59,0,1,0
BRDA:66,1,0,0
BRDA:66,1,1,0
BRDA:67,2,0,0
BRDA:67,2,1,0
BRDA:68,3,0,0
BRDA:68,3,1,0
BRDA:69,4,0,0
BRDA:69,4,1,0
BRDA:70,5,0,0
BRDA:70,5,1,0
BRDA:75,6,0,0
BRDA:75,6,1,0
BRDA:76,7,0,0
BRDA:76,7,1,0
BRDA:77,8,0,0
BRDA:77,8,1,0
BRDA:82,9,0,0
BRDA:82,9,1,0
BRDA:87,10,0,0
BRDA:87,10,1,0
BRDA:88,11,0,0
BRDA:88,11,1,0
BRDA:106,12,0,0
BRDA:106,12,1,0
BRDA:107,13,0,0
BRDA:107,13,1,0
BRDA:108,14,0,0
BRDA:108,14,1,0
BRDA:109,15,0,0
BRDA:109,15,1,0
BRDA:117,16,0,0
BRDA:117,16,1,0
BRDA:117,16,2,0
BRDA:117,16,3,0
BRDA:133,17,0,0
BRDA:134,18,0,0
BRDA:134,18,1,0
BRDA:135,19,0,0
BRDA:135,19,1,0
BRDA:146,20,0,0
BRDA:147,21,0,0
BRDA:147,21,1,0
BRDA:150,22,0,0
BRDA:150,22,1,0
BRDA:151,23,0,0
BRDA:151,23,1,0
BRDA:152,24,0,0
BRDA:152,24,1,0
BRDA:155,25,0,0
BRDA:155,25,1,0
BRDA:155,26,0,0
BRDA:155,26,1,0
BRDA:159,27,0,0
BRDA:159,27,1,0
BRDA:162,28,0,0
BRDA:162,28,1,0
BRDA:165,29,0,0
BRDA:165,29,1,0
BRF:60
BRH:0
end_of_record
TN:
SF:src/components/feeds/FeedPill.jsx
FN:2,FeedPill
FNF:1
FNH:0
FNDA:0,FeedPill
DA:3,0
LF:1
LH:0
BRDA:2,0,0,0
BRF:1
BRH:0
end_of_record
TN:
SF:src/components/layout/PageHeader.jsx
FN:5,PageHeader
FNF:1
FNH:1
FNDA:65,PageHeader
DA:12,65
LF:1
LH:1
BRDA:10,0,0,65
BRDA:17,1,0,65
BRDA:17,1,1,0
BRDA:18,2,0,7
BRDA:18,2,1,58
BRDA:22,3,0,26
BRDA:22,3,1,39
BRF:7
BRH:6
end_of_record
TN:
SF:src/components/layout/PageTemplate.jsx
FN:6,PageTemplate
FNF:1
FNH:1
FNDA:65,PageTemplate
DA:15,65
LF:1
LH:1
BRDA:12,0,0,65
BRDA:13,1,0,65
BRDA:17,2,0,65
BRDA:17,2,1,0
BRF:4
BRH:3
end_of_record
TN:
SF:src/components/overlay/FloatingLayer.jsx
FN:6,FloatingLayer
FN:20,(anonymous_1)
FN:77,(anonymous_2)
FN:79,(anonymous_3)
FN:82,(anonymous_4)
FN:91,(anonymous_5)
FNF:6
FNH:0
FNDA:0,FloatingLayer
FNDA:0,(anonymous_1)
FNDA:0,(anonymous_2)
FNDA:0,(anonymous_3)
FNDA:0,(anonymous_4)
FNDA:0,(anonymous_5)
DA:18,0
DA:20,0
DA:21,0
DA:22,0
DA:25,0
DA:28,0
DA:30,0
DA:31,0
DA:32,0
DA:35,0
DA:36,0
DA:37,0
DA:38,0
DA:42,0
DA:43,0
DA:44,0
DA:45,0
DA:46,0
DA:52,0
DA:58,0
DA:77,0
DA:78,0
DA:79,0
DA:82,0
DA:83,0
DA:84,0
DA:87,0
DA:88,0
DA:89,0
DA:91,0
DA:92,0
DA:93,0
DA:94,0
DA:98,0
DA:99,0
DA:102,0
LF:36
LH:0
BRDA:10,0,0,0
BRDA:11,1,0,0
BRDA:12,2,0,0
BRDA:13,3,0,0
BRDA:14,4,0,0
BRDA:15,5,0,0
BRDA:16,6,0,0
BRDA:21,7,0,0
BRDA:21,7,1,0
BRDA:21,8,0,0
BRDA:21,8,1,0
BRDA:31,9,0,0
BRDA:31,9,1,0
BRDA:35,10,0,0
BRDA:35,10,1,0
BRDA:35,11,0,0
BRDA:35,11,1,0
BRDA:42,12,0,0
BRDA:42,12,1,0
BRDA:42,13,0,0
BRDA:42,13,1,0
BRDA:45,14,0,0
BRDA:45,14,1,0
BRDA:52,15,0,0
BRDA:52,15,1,0
BRDA:53,16,0,0
BRDA:53,16,1,0
BRDA:83,17,0,0
BRDA:83,17,1,0
BRDA:98,18,0,0
BRDA:98,18,1,0
BRDA:98,19,0,0
BRDA:98,19,1,0
BRF:33
BRH:0
end_of_record
TN:
SF:src/components/player/PlayerIdentityCard.jsx
FN:6,buildDefenseLogoUrl
FN:23,PlayerIdentityCard
FN:33,(anonymous_2)
FN:47,(anonymous_3)
FN:52,(anonymous_4)
FN:97,(anonymous_5)
FNF:6
FNH:0
FNDA:0,buildDefenseLogoUrl
FNDA:0,PlayerIdentityCard
FNDA:0,(anonymous_2)
FNDA:0,(anonymous_3)
FNDA:0,(anonymous_4)
FNDA:0,(anonymous_5)
DA:7,0
DA:8,0
DA:10,0
DA:19,0
DA:20,0
DA:31,0
DA:33,0
DA:34,0
DA:35,0
DA:36,0
DA:37,0
DA:38,0
DA:40,0
DA:46,0
DA:47,0
DA:48,0
DA:49,0
DA:51,0
DA:52,0
DA:53,0
DA:54,0
DA:57,0
DA:97,0
LF:23
LH:0
BRDA:7,0,0,0
BRDA:7,0,1,0
BRDA:8,1,0,0
BRDA:8,1,1,0
BRDA:19,2,0,0
BRDA:19,2,1,0
BRDA:25,3,0,0
BRDA:26,4,0,0
BRDA:27,5,0,0
BRDA:28,6,0,0
BRDA:29,7,0,0
BRDA:34,8,0,0
BRDA:34,8,1,0
BRDA:35,9,0,0
BRDA:35,9,1,0
BRDA:37,10,0,0
BRDA:37,10,1,0
BRDA:46,11,0,0
BRDA:46,11,1,0
BRDA:48,12,0,0
BRDA:48,12,1,0
BRDA:49,13,0,0
BRDA:49,13,1,0
BRDA:49,13,2,0
BRDA:51,14,0,0
BRDA:51,14,1,0
BRDA:53,15,0,0
BRDA:53,15,1,0
BRDA:54,16,0,0
BRDA:54,16,1,0
BRDA:59,17,0,0
BRDA:59,17,1,0
BRDA:68,18,0,0
BRDA:68,18,1,0
BRDA:73,19,0,0
BRDA:73,19,1,0
BRDA:73,19,2,0
BRDA:78,20,0,0
BRDA:78,20,1,0
BRDA:79,21,0,0
BRDA:79,21,1,0
BRDA:87,22,0,0
BRDA:87,22,1,0
BRDA:92,23,0,0
BRDA:92,23,1,0
BRDA:95,24,0,0
BRDA:95,24,1,0
BRDA:99,25,0,0
BRDA:99,25,1,0
BRDA:102,26,0,0
BRDA:102,26,1,0
BRF:51
BRH:0
end_of_record
TN:
SF:src/components/table/TablePrimitives.jsx
FN:11,StandardTableContainer
FN:15,StandardTable
FN:23,StandardTableHead
FN:27,(anonymous_3)
FN:37,StandardTableRow
FN:41,StandardTableStateRow
FNF:6
FNH:5
FNDA:1,StandardTableContainer
FNDA:1,StandardTable
FNDA:1,StandardTableHead
FNDA:6,(anonymous_3)
FNDA:1,StandardTableRow
FNDA:0,StandardTableStateRow
DA:12,1
DA:16,1
DA:24,1
DA:28,6
DA:38,1
DA:42,0
LF:6
LH:5
BRDA:11,0,0,1
BRDA:15,1,0,1
BRDA:28,2,0,6
BRDA:28,2,1,6
BRDA:37,3,0,1
BRF:5
BRH:5
end_of_record
TN:
SF:src/components/waivers/ClaimModal.jsx
FN:5,(anonymous_0)
FN:17,(anonymous_1)
FN:62,(anonymous_2)
FN:77,(anonymous_3)
FN:81,(anonymous_4)
FNF:5
FNH:0
FNDA:0,(anonymous_0)
FNDA:0,(anonymous_1)
FNDA:0,(anonymous_2)
FNDA:0,(anonymous_3)
FNDA:0,(anonymous_4)
DA:5,1
DA:12,0
DA:13,0
DA:15,0
DA:17,0
DA:18,0
DA:19,0
DA:24,0
DA:27,0
DA:62,0
DA:77,0
DA:82,0
LF:12
LH:1
BRDA:10,0,0,0
BRDA:15,1,0,0
BRDA:15,1,1,0
BRDA:15,2,0,0
BRDA:15,2,1,0
BRDA:62,3,0,0
BRDA:62,3,1,0
BRF:7
BRH:0
end_of_record
TN:
SF:src/components/waivers/DropPlayerModal.jsx
FN:12,DropPlayerModal
FN:31,(anonymous_1)
FN:34,(anonymous_2)
FNF:3
FNH:1
FNDA:5,DropPlayerModal
FNDA:0,(anonymous_1)
FNDA:0,(anonymous_2)
DA:19,5
DA:21,0
DA:32,0
DA:34,0
LF:4
LH:1
BRDA:19,0,0,5
BRDA:19,0,1,0
BRF:2
BRH:1
end_of_record
TN:
SF:src/components/waivers/WaiverPositionTabs.jsx
FN:8,WaiverPositionTabs
FN:13,(anonymous_1)
FN:16,(anonymous_2)
FNF:3
FNH:2
FNDA:5,WaiverPositionTabs
FNDA:35,(anonymous_1)
FNDA:0,(anonymous_2)
DA:9,5
DA:11,5
DA:14,35
DA:16,0
LF:4
LH:3
BRDA:8,0,0,5
BRDA:18,1,0,5
BRDA:18,1,1,30
BRF:3
BRH:3
end_of_record
TN:
SF:src/components/waivers/WaiverTable.jsx
FN:7,WaiverTable
FN:16,(anonymous_1)
FN:18,(anonymous_2)
FN:26,(anonymous_3)
FN:30,(anonymous_4)
FN:45,(anonymous_5)
FN:50,(anonymous_6)
FN:54,(anonymous_7)
FN:92,(anonymous_8)
FN:105,(anonymous_9)
FNF:10
FNH:2
FNDA:5,WaiverTable
FNDA:0,(anonymous_1)
FNDA:0,(anonymous_2)
FNDA:5,(anonymous_3)
FNDA:0,(anonymous_4)
FNDA:0,(anonymous_5)
FNDA:0,(anonymous_6)
FNDA:0,(anonymous_7)
FNDA:0,(anonymous_8)
FNDA:0,(anonymous_9)
DA:13,5
DA:14,5
DA:16,5
DA:17,0
DA:18,0
DA:19,0
DA:22,0
DA:23,0
DA:26,5
DA:27,5
DA:28,5
DA:30,5
DA:31,0
DA:32,0
DA:33,0
DA:34,0
DA:37,0
DA:38,0
DA:39,0
DA:42,5
DA:45,5
DA:46,0
DA:47,0
DA:50,5
DA:51,0
DA:54,0
DA:63,5
DA:64,5
DA:71,0
DA:72,0
DA:79,0
DA:93,0
DA:105,0
LF:33
LH:12
BRDA:8,0,0,5
BRDA:11,1,0,5
BRDA:17,2,0,0
BRDA:17,2,1,0
BRDA:18,3,0,0
BRDA:18,3,1,0
BRDA:28,4,0,5
BRDA:28,4,1,0
BRDA:31,5,0,0
BRDA:31,5,1,0
BRDA:32,6,0,0
BRDA:32,6,1,0
BRDA:33,7,0,0
BRDA:33,7,1,0
BRDA:37,8,0,0
BRDA:37,8,1,0
BRDA:38,9,0,0
BRDA:38,9,1,0
BRDA:46,10,0,0
BRDA:46,10,1,0
BRDA:47,11,0,0
BRDA:47,11,1,0
BRDA:50,12,0,0
BRDA:51,13,0,0
BRDA:51,13,1,0
BRDA:63,14,0,5
BRDA:63,14,1,0
BRDA:71,15,0,0
BRDA:71,15,1,0
BRDA:101,16,0,0
BRDA:101,16,1,0
BRDA:102,17,0,0
BRDA:102,17,1,0
BRDA:108,18,0,0
BRDA:108,18,1,0
BRDA:111,19,0,0
BRDA:111,19,1,0
BRF:37
BRH:4
end_of_record
TN:
SF:src/components/waivers/index.js
FNF:0
FNH:0
LF:0
LH:0
BRF:0
BRH:0
end_of_record
TN:
SF:src/context/LeagueContext.jsx
FN:5,useActiveLeague
FNF:1
FNH:1
FNDA:37,useActiveLeague
DA:3,1
DA:6,37
DA:7,37
DA:8,37
DA:9,0
DA:14,37
DA:15,37
DA:16,37
LF:8
LH:7
BRDA:7,0,0,37
BRDA:7,0,1,37
BRDA:8,1,0,0
BRDA:8,1,1,37
BRDA:8,2,0,37
BRDA:8,2,1,0
BRDA:14,3,0,0
BRDA:14,3,1,37
BRDA:14,4,0,37
BRDA:14,4,1,37
BRDA:16,5,0,29
BRDA:16,5,1,8
BRF:12
BRH:9
end_of_record
TN:
SF:src/hooks/useDraftTimer.js
FN:4,useDraftTimer
FN:13,(anonymous_1)
FN:18,(anonymous_2)
FN:27,(anonymous_3)
FN:32,(anonymous_4)
FN:35,(anonymous_5)
FN:36,(anonymous_6)
FN:47,(anonymous_7)
FN:61,(anonymous_8)
FNF:9
FNH:4
FNDA:15,useDraftTimer
FNDA:15,(anonymous_1)
FNDA:0,(anonymous_2)
FNDA:0,(anonymous_3)
FNDA:5,(anonymous_4)
FNDA:0,(anonymous_5)
FNDA:0,(anonymous_6)
FNDA:0,(anonymous_7)
FNDA:5,(anonymous_8)
DA:5,15
DA:6,15
DA:7,15
DA:8,15
DA:12,15
DA:13,15
DA:14,15
DA:18,15
DA:19,0
DA:20,0
DA:21,0
DA:22,0
DA:23,0
DA:27,15
DA:28,0
DA:32,15
DA:34,5
DA:35,0
DA:36,0
DA:37,0
DA:39,0
DA:40,0
DA:41,0
DA:44,0
DA:45,0
DA:47,0
DA:48,0
DA:49,0
DA:53,0
DA:55,0
DA:61,5
DA:62,5
DA:63,0
DA:64,0
DA:69,15
LF:35
LH:14
BRDA:4,0,0,15
BRDA:21,1,0,0
BRDA:21,1,1,0
BRDA:34,2,0,0
BRDA:34,2,1,5
BRDA:37,3,0,0
BRDA:37,3,1,0
BRDA:44,4,0,0
BRDA:44,4,1,0
BRDA:48,5,0,0
BRDA:48,5,1,0
BRDA:62,6,0,0
BRDA:62,6,1,5
BRF:13
BRH:3
end_of_record
TN:
SF:src/pages/DraftBoard.jsx
FN:35,(anonymous_0)
FN:37,(anonymous_1)
FN:44,(anonymous_2)
FN:50,(anonymous_3)
FN:61,(anonymous_4)
FN:71,DraftBoard
FN:78,(anonymous_6)
FN:101,(anonymous_7)
FN:108,(anonymous_8)
FN:110,(anonymous_9)
FN:115,(anonymous_10)
FN:117,(anonymous_11)
FN:124,(anonymous_12)
FN:126,(anonymous_13)
FN:134,(anonymous_14)
FN:140,(anonymous_15)
FN:150,(anonymous_16)
FN:157,(anonymous_17)
FN:161,(anonymous_18)
FN:172,(anonymous_19)
FN:182,(anonymous_20)
FN:192,(anonymous_21)
FN:202,(anonymous_22)
FN:212,(anonymous_23)
FN:222,(anonymous_24)
FN:236,(anonymous_25)
FN:237,(anonymous_26)
FN:238,(anonymous_27)
FN:239,(anonymous_28)
FN:243,(anonymous_29)
FN:248,(anonymous_30)
FN:256,(anonymous_31)
FN:259,(anonymous_32)
FN:262,(anonymous_33)
FN:263,(anonymous_34)
FN:265,(anonymous_35)
FN:270,(anonymous_36)
FN:271,(anonymous_37)
FN:277,(anonymous_38)
FN:278,(anonymous_39)
FN:286,(anonymous_40)
FN:301,(anonymous_41)
FN:303,(anonymous_42)
FN:316,(anonymous_43)
FN:351,(anonymous_44)
FN:355,(anonymous_45)
FN:363,(anonymous_46)
FN:365,(anonymous_47)
FN:366,(anonymous_48)
FN:384,(anonymous_49)
FN:392,(anonymous_50)
FN:407,(anonymous_51)
FN:414,(anonymous_52)
FN:416,(anonymous_53)
FN:419,(anonymous_54)
FN:431,(anonymous_55)
FN:433,(anonymous_56)
FN:438,(anonymous_57)
FN:449,(anonymous_58)
FN:451,(anonymous_59)
FN:463,(anonymous_60)
FN:464,(anonymous_61)
FN:470,(anonymous_62)
FN:480,(anonymous_63)
FN:491,(anonymous_64)
FN:511,(anonymous_65)
FN:516,(anonymous_66)
FN:520,(anonymous_67)
FN:529,(anonymous_68)
FN:529,(anonymous_69)
FN:533,(anonymous_70)
FN:536,(anonymous_71)
FN:538,(anonymous_72)
FN:550,(anonymous_73)
FN:554,(anonymous_74)
FN:556,(anonymous_75)
FN:557,(anonymous_76)
FN:562,(anonymous_77)
FN:568,(anonymous_78)
FN:572,(anonymous_79)
FN:654,(anonymous_80)
FN:686,(anonymous_81)
FN:721,(anonymous_82)
FN:814,(anonymous_83)
FNF:84
FNH:41
FNDA:0,(anonymous_0)
FNDA:4,(anonymous_1)
FNDA:0,(anonymous_2)
FNDA:0,(anonymous_3)
FNDA:0,(anonymous_4)
FNDA:15,DraftBoard
FNDA:5,(anonymous_6)
FNDA:5,(anonymous_7)
FNDA:11,(anonymous_8)
FNDA:0,(anonymous_9)
FNDA:11,(anonymous_10)
FNDA:0,(anonymous_11)
FNDA:11,(anonymous_12)
FNDA:0,(anonymous_13)
FNDA:5,(anonymous_14)
FNDA:4,(anonymous_15)
FNDA:4,(anonymous_16)
FNDA:5,(anonymous_17)
FNDA:4,(anonymous_18)
FNDA:4,(anonymous_19)
FNDA:4,(anonymous_20)
FNDA:4,(anonymous_21)
FNDA:4,(anonymous_22)
FNDA:4,(anonymous_23)
FNDA:4,(anonymous_24)
FNDA:9,(anonymous_25)
FNDA:9,(anonymous_26)
FNDA:9,(anonymous_27)
FNDA:9,(anonymous_28)
FNDA:9,(anonymous_29)
FNDA:9,(anonymous_30)
FNDA:9,(anonymous_31)
FNDA:0,(anonymous_32)
FNDA:9,(anonymous_33)
FNDA:9,(anonymous_34)
FNDA:0,(anonymous_35)
FNDA:0,(anonymous_36)
FNDA:0,(anonymous_37)
FNDA:11,(anonymous_38)
FNDA:0,(anonymous_39)
FNDA:0,(anonymous_40)
FNDA:0,(anonymous_41)
FNDA:0,(anonymous_42)
FNDA:0,(anonymous_43)
FNDA:0,(anonymous_44)
FNDA:0,(anonymous_45)
FNDA:0,(anonymous_46)
FNDA:0,(anonymous_47)
FNDA:0,(anonymous_48)
FNDA:5,(anonymous_49)
FNDA:0,(anonymous_50)
FNDA:4,(anonymous_51)
FNDA:0,(anonymous_52)
FNDA:0,(anonymous_53)
FNDA:5,(anonymous_54)
FNDA:11,(anonymous_55)
FNDA:0,(anonymous_56)
FNDA:11,(anonymous_57)
FNDA:11,(anonymous_58)
FNDA:0,(anonymous_59)
FNDA:11,(anonymous_60)
FNDA:0,(anonymous_61)
FNDA:11,(anonymous_62)
FNDA:0,(anonymous_63)
FNDA:10,(anonymous_64)
FNDA:11,(anonymous_65)
FNDA:0,(anonymous_66)
FNDA:0,(anonymous_67)
FNDA:11,(anonymous_68)
FNDA:0,(anonymous_69)
FNDA:11,(anonymous_70)
FNDA:0,(anonymous_71)
FNDA:0,(anonymous_72)
FNDA:0,(anonymous_73)
FNDA:5,(anonymous_74)
FNDA:0,(anonymous_75)
FNDA:0,(anonymous_76)
FNDA:0,(anonymous_77)
FNDA:0,(anonymous_78)
FNDA:0,(anonymous_79)
FNDA:0,(anonymous_80)
FNDA:0,(anonymous_81)
FNDA:0,(anonymous_82)
FNDA:0,(anonymous_83)
DA:33,1
DA:35,1
DA:37,1
DA:38,4
DA:39,4
DA:40,4
DA:43,0
DA:44,0
DA:46,0
DA:47,0
DA:50,0
DA:52,0
DA:55,0
DA:58,0
DA:61,1
DA:62,0
DA:63,0
DA:65,0
DA:66,0
DA:68,0
DA:72,15
DA:74,15
DA:75,15
DA:76,15
DA:77,15
DA:78,15
DA:79,15
DA:80,15
DA:81,15
DA:82,15
DA:83,15
DA:84,15
DA:85,15
DA:86,15
DA:87,15
DA:88,15
DA:89,15
DA:90,15
DA:91,15
DA:92,15
DA:93,15
DA:94,15
DA:95,15
DA:97,15
DA:98,15
DA:99,15
DA:101,15
DA:102,5
DA:103,4
DA:105,1
DA:108,15
DA:109,11
DA:110,0
DA:115,15
DA:116,11
DA:117,11
DA:118,0
DA:120,11
DA:124,15
DA:125,11
DA:126,0
DA:127,0
DA:129,11
DA:134,15
DA:135,15
DA:137,15
DA:141,4
DA:142,4
DA:147,15
DA:151,4
DA:152,4
DA:157,15
DA:158,15
DA:162,4
DA:163,4
DA:169,15
DA:173,4
DA:174,4
DA:179,15
DA:183,4
DA:184,4
DA:189,15
DA:193,4
DA:194,4
DA:199,15
DA:203,4
DA:204,4
DA:209,15
DA:213,4
DA:214,4
DA:219,15
DA:223,4
DA:224,4
DA:225,4
DA:226,4
DA:227,4
DA:228,4
DA:229,4
DA:230,4
DA:231,4
DA:236,15
DA:237,15
DA:238,15
DA:239,15
DA:240,9
DA:241,4
DA:243,15
DA:244,9
DA:245,4
DA:246,4
DA:248,15
DA:249,9
DA:250,4
DA:251,4
DA:252,4
DA:253,9
DA:254,4
DA:256,15
DA:257,9
DA:258,9
DA:259,9
DA:260,9
DA:262,15
DA:263,15
DA:265,15
DA:266,0
DA:269,15
DA:270,0
DA:272,0
DA:277,15
DA:278,0
DA:285,15
DA:287,0
DA:288,0
DA:289,0
DA:291,0
DA:292,0
DA:299,0
DA:300,0
DA:301,0
DA:303,0
DA:304,0
DA:306,0
DA:314,0
DA:315,0
DA:316,0
DA:317,0
DA:322,0
DA:323,0
DA:327,0
DA:351,15
DA:355,15
DA:356,0
DA:357,0
DA:358,0
DA:359,0
DA:360,0
DA:363,0
DA:364,0
DA:365,0
DA:367,0
DA:368,0
DA:369,0
DA:370,0
DA:372,0
DA:373,0
DA:375,0
DA:378,0
DA:384,15
DA:385,5
DA:389,4
DA:390,4
DA:391,4
DA:392,4
DA:393,0
DA:394,0
DA:395,0
DA:396,0
DA:407,4
DA:408,4
DA:409,3
DA:414,15
DA:415,0
DA:416,0
DA:419,15
DA:420,5
DA:421,0
DA:422,0
DA:431,15
DA:432,11
DA:433,0
DA:438,15
DA:439,11
DA:440,9
DA:449,15
DA:450,11
DA:451,11
DA:452,0
DA:460,11
DA:463,15
DA:464,11
DA:470,15
DA:471,11
DA:472,0
DA:474,0
DA:478,11
DA:480,0
DA:481,0
DA:482,0
DA:485,0
DA:486,0
DA:491,15
DA:492,10
DA:493,9
DA:494,9
DA:495,0
DA:500,15
DA:502,15
DA:506,15
DA:507,15
DA:508,15
DA:509,15
DA:511,15
DA:512,11
DA:513,11
DA:515,0
DA:517,0
DA:520,0
DA:522,0
DA:523,11
DA:524,11
DA:525,11
DA:528,15
DA:529,11
DA:533,15
DA:534,11
DA:536,0
DA:538,0
DA:550,0
DA:554,15
DA:555,5
DA:556,0
DA:557,0
DA:562,15
DA:563,0
DA:564,0
DA:567,15
DA:569,0
DA:570,0
DA:572,0
DA:573,0
DA:588,0
DA:589,0
DA:590,0
DA:592,0
DA:593,0
DA:596,0
DA:598,0
DA:599,0
DA:601,0
DA:607,15
DA:654,0
DA:686,0
DA:721,0
DA:815,0
LF:265
LH:164
BRDA:35,0,0,0
BRDA:35,0,1,0
BRDA:39,1,0,4
BRDA:39,1,1,0
BRDA:39,2,0,4
BRDA:39,2,1,0
BRDA:44,3,0,0
BRDA:44,3,1,0
BRDA:46,4,0,0
BRDA:46,4,1,0
BRDA:52,5,0,0
BRDA:52,5,1,0
BRDA:52,5,2,0
BRDA:54,6,0,0
BRDA:54,6,1,0
BRDA:58,7,0,0
BRDA:58,7,1,0
BRDA:63,8,0,0
BRDA:63,8,1,0
BRDA:63,9,0,0
BRDA:63,9,1,0
BRDA:65,10,0,0
BRDA:65,10,1,0
BRDA:65,10,2,0
BRDA:66,11,0,0
BRDA:66,11,1,0
BRDA:68,12,0,0
BRDA:68,12,1,0
BRDA:102,13,0,4
BRDA:102,13,1,1
BRDA:102,14,0,5
BRDA:102,14,1,4
BRDA:109,15,0,11
BRDA:109,15,1,0
BRDA:110,16,0,0
BRDA:110,16,1,0
BRDA:125,17,0,0
BRDA:125,17,1,11
BRDA:125,18,0,11
BRDA:125,18,1,0
BRDA:127,19,0,0
BRDA:127,19,1,0
BRDA:139,20,0,15
BRDA:139,20,1,13
BRDA:142,21,0,4
BRDA:142,21,1,0
BRDA:149,22,0,15
BRDA:149,22,1,13
BRDA:152,23,0,4
BRDA:152,23,1,0
BRDA:160,24,0,15
BRDA:160,24,1,13
BRDA:160,24,2,13
BRDA:163,25,0,4
BRDA:163,25,1,0
BRDA:171,26,0,15
BRDA:171,26,1,13
BRDA:174,27,0,4
BRDA:174,27,1,0
BRDA:184,28,0,4
BRDA:184,28,1,0
BRDA:191,29,0,15
BRDA:191,29,1,13
BRDA:194,30,0,4
BRDA:194,30,1,0
BRDA:201,31,0,15
BRDA:201,31,1,13
BRDA:201,31,2,13
BRDA:204,32,0,4
BRDA:204,32,1,0
BRDA:211,33,0,15
BRDA:211,33,1,13
BRDA:211,33,2,13
BRDA:214,34,0,4
BRDA:214,34,1,0
BRDA:221,35,0,15
BRDA:221,35,1,13
BRDA:223,36,0,4
BRDA:223,36,1,0
BRDA:223,37,0,4
BRDA:223,37,1,0
BRDA:223,37,2,0
BRDA:224,38,0,4
BRDA:224,38,1,0
BRDA:224,39,0,4
BRDA:224,39,1,0
BRDA:228,40,0,4
BRDA:228,40,1,0
BRDA:229,41,0,4
BRDA:229,41,1,0
BRDA:231,42,0,4
BRDA:231,42,1,0
BRDA:236,43,0,9
BRDA:236,43,1,5
BRDA:237,44,0,9
BRDA:237,44,1,5
BRDA:238,45,0,9
BRDA:238,45,1,5
BRDA:240,46,0,5
BRDA:240,46,1,4
BRDA:241,47,0,4
BRDA:241,47,1,0
BRDA:244,48,0,5
BRDA:244,48,1,4
BRDA:246,49,0,4
BRDA:246,49,1,0
BRDA:249,50,0,5
BRDA:249,50,1,4
BRDA:252,51,0,4
BRDA:252,51,1,0
BRDA:253,52,0,4
BRDA:253,52,1,5
BRDA:254,53,0,0
BRDA:254,53,1,4
BRDA:254,54,0,0
BRDA:254,54,1,0
BRDA:257,55,0,9
BRDA:257,55,1,5
BRDA:259,56,0,0
BRDA:259,56,1,0
BRDA:262,57,0,9
BRDA:262,57,1,5
BRDA:263,58,0,9
BRDA:263,58,1,5
BRDA:286,59,0,0
BRDA:288,60,0,0
BRDA:288,60,1,0
BRDA:291,61,0,0
BRDA:291,61,1,0
BRDA:291,62,0,0
BRDA:291,62,1,0
BRDA:299,63,0,0
BRDA:299,63,1,0
BRDA:303,64,0,0
BRDA:303,64,1,0
BRDA:303,65,0,0
BRDA:303,65,1,0
BRDA:319,66,0,0
BRDA:319,66,1,0
BRDA:319,66,2,0
BRDA:327,67,0,0
BRDA:327,67,1,0
BRDA:351,68,0,0
BRDA:351,68,1,0
BRDA:358,69,0,0
BRDA:358,69,1,0
BRDA:365,70,0,0
BRDA:365,70,1,0
BRDA:367,71,0,0
BRDA:367,71,1,0
BRDA:368,72,0,0
BRDA:368,72,1,0
BRDA:369,73,0,0
BRDA:369,73,1,0
BRDA:370,74,0,0
BRDA:370,74,1,0
BRDA:370,75,0,0
BRDA:370,75,1,0
BRDA:385,76,0,1
BRDA:385,76,1,4
BRDA:385,77,0,5
BRDA:385,77,1,4
BRDA:385,77,2,4
BRDA:389,78,0,4
BRDA:389,78,1,0
BRDA:394,79,0,0
BRDA:394,79,1,0
BRDA:395,80,0,0
BRDA:395,80,1,0
BRDA:395,81,0,0
BRDA:395,81,1,0
BRDA:408,82,0,3
BRDA:408,82,1,1
BRDA:408,83,0,4
BRDA:408,83,1,4
BRDA:408,83,2,4
BRDA:415,84,0,0
BRDA:415,84,1,0
BRDA:420,85,0,5
BRDA:420,85,1,0
BRDA:421,86,0,0
BRDA:421,86,1,0
BRDA:432,87,0,11
BRDA:432,87,1,0
BRDA:439,88,0,2
BRDA:439,88,1,9
BRDA:466,89,0,0
BRDA:466,89,1,0
BRDA:471,90,0,11
BRDA:471,90,1,0
BRDA:474,91,0,0
BRDA:474,91,1,0
BRDA:474,91,2,0
BRDA:478,92,0,0
BRDA:478,92,1,11
BRDA:482,93,0,0
BRDA:482,93,1,0
BRDA:482,93,2,0
BRDA:485,94,0,0
BRDA:485,94,1,0
BRDA:492,95,0,1
BRDA:492,95,1,9
BRDA:493,96,0,0
BRDA:493,96,1,9
BRDA:494,97,0,0
BRDA:494,97,1,9
BRDA:500,98,0,15
BRDA:500,98,1,13
BRDA:500,98,2,13
BRDA:503,99,0,15
BRDA:503,99,1,0
BRDA:503,99,2,0
BRDA:503,99,3,0
BRDA:506,100,0,15
BRDA:506,100,1,2
BRDA:507,101,0,15
BRDA:507,101,1,2
BRDA:508,102,0,15
BRDA:508,102,1,2
BRDA:512,103,0,11
BRDA:512,103,1,0
BRDA:517,104,0,0
BRDA:517,104,1,0
BRDA:518,105,0,0
BRDA:518,105,1,0
BRDA:522,106,0,0
BRDA:522,106,1,0
BRDA:522,106,2,0
BRDA:523,107,0,11
BRDA:523,107,1,0
BRDA:524,108,0,11
BRDA:524,108,1,0
BRDA:536,109,0,0
BRDA:536,109,1,0
BRDA:541,110,0,0
BRDA:541,110,1,0
BRDA:541,110,2,0
BRDA:543,111,0,0
BRDA:543,111,1,0
BRDA:543,111,2,0
BRDA:543,111,3,0
BRDA:543,111,4,0
BRDA:543,111,5,0
BRDA:550,112,0,0
BRDA:550,112,1,0
BRDA:550,113,0,0
BRDA:550,113,1,0
BRDA:555,114,0,5
BRDA:555,114,1,0
BRDA:569,115,0,0
BRDA:569,115,1,0
BRDA:570,116,0,0
BRDA:570,116,1,0
BRDA:575,117,0,0
BRDA:575,117,1,0
BRDA:579,118,0,0
BRDA:579,118,1,0
BRDA:579,118,2,0
BRDA:579,118,3,0
BRDA:584,119,0,0
BRDA:584,119,1,0
BRDA:584,119,2,0
BRDA:585,120,0,0
BRDA:585,120,1,0
BRDA:610,121,0,1
BRDA:610,121,1,14
BRDA:682,122,0,15
BRDA:682,122,1,0
BRDA:693,123,0,15
BRDA:693,123,1,0
BRDA:711,124,0,15
BRDA:711,124,1,0
BRDA:728,125,0,0
BRDA:728,125,1,0
BRDA:732,126,0,0
BRDA:732,126,1,0
BRDA:736,127,0,0
BRDA:736,127,1,0
BRDA:736,127,2,0
BRDA:739,128,0,0
BRDA:739,128,1,0
BRDA:739,128,2,0
BRDA:742,129,0,0
BRDA:742,129,1,0
BRDA:742,129,2,0
BRDA:744,130,0,0
BRDA:744,130,1,0
BRDA:745,131,0,0
BRDA:745,131,1,0
BRDA:763,132,0,0
BRDA:763,132,1,0
BRDA:773,133,0,0
BRDA:773,133,1,0
BRDA:782,134,0,0
BRDA:782,134,1,0
BRDA:794,135,0,0
BRDA:794,135,1,0
BRDA:794,136,0,0
BRDA:794,136,1,0
BRDA:818,137,0,0
BRDA:818,137,1,0
BRF:301
BRH:107
end_of_record
TN:
SF:src/pages/DraftDayAnalyzer.jsx
FN:67,(anonymous_0)
FN:72,(anonymous_1)
FN:80,(anonymous_2)
FN:85,(anonymous_3)
FN:92,(anonymous_4)
FN:118,Drawer
FN:147,DraftDayAnalyzer
FN:160,(anonymous_7)
FN:199,(anonymous_8)
FN:216,(anonymous_9)
FN:217,(anonymous_10)
FN:224,(anonymous_11)
FN:228,(anonymous_12)
FN:238,(anonymous_13)
FN:242,(anonymous_14)
FN:246,(anonymous_15)
FN:252,(anonymous_16)
FN:253,(anonymous_17)
FN:256,(anonymous_18)
FN:257,(anonymous_19)
FN:260,(anonymous_20)
FN:275,(anonymous_21)
FN:278,(anonymous_22)
FN:288,(anonymous_23)
FN:303,(anonymous_24)
FN:311,(anonymous_25)
FN:318,(anonymous_26)
FN:321,(anonymous_27)
FN:336,(anonymous_28)
FN:340,(anonymous_29)
FN:344,(anonymous_30)
FN:354,(anonymous_31)
FN:358,(anonymous_32)
FN:372,(anonymous_33)
FN:374,(anonymous_34)
FN:380,(anonymous_35)
FN:382,(anonymous_36)
FN:398,(anonymous_37)
FN:398,(anonymous_38)
FN:402,(anonymous_39)
FN:404,(anonymous_40)
FN:405,(anonymous_41)
FN:406,(anonymous_42)
FN:415,(anonymous_43)
FN:417,(anonymous_44)
FN:418,(anonymous_45)
FN:421,(anonymous_46)
FN:423,(anonymous_47)
FN:444,(anonymous_48)
FN:490,(anonymous_49)
FN:507,(anonymous_50)
FN:510,(anonymous_51)
FN:512,(anonymous_52)
FN:525,(anonymous_53)
FN:527,(anonymous_54)
FN:528,(anonymous_55)
FN:546,(anonymous_56)
FN:549,(anonymous_57)
FN:554,(anonymous_58)
FN:560,(anonymous_59)
FN:561,(anonymous_60)
FN:564,(anonymous_61)
FN:571,(anonymous_62)
FN:572,(anonymous_63)
FN:578,(anonymous_64)
FN:580,(anonymous_65)
FN:585,(anonymous_66)
FN:589,(anonymous_67)
FN:612,(anonymous_68)
FN:630,(anonymous_69)
FN:637,(anonymous_70)
FN:639,(anonymous_71)
FN:642,(anonymous_72)
FN:651,(anonymous_73)
FN:656,(anonymous_74)
FN:658,(anonymous_75)
FN:664,(anonymous_76)
FN:673,(anonymous_77)
FN:681,(anonymous_78)
FN:685,(anonymous_79)
FN:694,(anonymous_80)
FN:696,(anonymous_81)
FN:733,(anonymous_82)
FN:735,(anonymous_83)
FN:742,(anonymous_84)
FN:745,(anonymous_85)
FN:752,(anonymous_86)
FN:762,(anonymous_87)
FN:769,(anonymous_88)
FN:773,(anonymous_89)
FN:785,(anonymous_90)
FN:810,(anonymous_91)
FN:824,(anonymous_92)
FN:865,(anonymous_93)
FN:869,(anonymous_94)
FN:907,(anonymous_95)
FN:930,(anonymous_96)
FN:993,(anonymous_97)
FN:995,(anonymous_98)
FN:1002,(anonymous_99)
FN:1019,(anonymous_100)
FN:1026,(anonymous_101)
FN:1041,(anonymous_102)
FN:1041,(anonymous_103)
FN:1055,(anonymous_104)
FN:1062,(anonymous_105)
FN:1069,(anonymous_106)
FN:1076,(anonymous_107)
FN:1084,(anonymous_108)
FN:1091,(anonymous_109)
FN:1098,(anonymous_110)
FN:1107,(anonymous_111)
FN:1113,(anonymous_112)
FN:1125,(anonymous_113)
FN:1131,(anonymous_114)
FN:1231,(anonymous_115)
FN:1244,(anonymous_116)
FN:1252,(anonymous_117)
FN:1261,(anonymous_118)
FN:1279,(anonymous_119)
FN:1281,(anonymous_120)
FN:1296,(anonymous_121)
FN:1323,(anonymous_122)
FN:1346,(anonymous_123)
FN:1354,(anonymous_124)
FN:1368,(anonymous_125)
FN:1383,(anonymous_126)
FN:1416,(anonymous_127)
FN:1444,(anonymous_128)
FN:1473,(anonymous_129)
FN:1493,(anonymous_130)
FNF:131
FNH:45
FNDA:6,(anonymous_0)
FNDA:0,(anonymous_1)
FNDA:0,(anonymous_2)
FNDA:0,(anonymous_3)
FNDA:1,(anonymous_4)
FNDA:2,Drawer
FNDA:3,DraftDayAnalyzer
FNDA:1,(anonymous_7)
FNDA:1,(anonymous_8)
FNDA:1,(anonymous_9)
FNDA:1,(anonymous_10)
FNDA:1,(anonymous_11)
FNDA:1,(anonymous_12)
FNDA:1,(anonymous_13)
FNDA:0,(anonymous_14)
FNDA:1,(anonymous_15)
FNDA:0,(anonymous_16)
FNDA:1,(anonymous_17)
FNDA:0,(anonymous_18)
FNDA:1,(anonymous_19)
FNDA:0,(anonymous_20)
FNDA:1,(anonymous_21)
FNDA:1,(anonymous_22)
FNDA:0,(anonymous_23)
FNDA:1,(anonymous_24)
FNDA:1,(anonymous_25)
FNDA:0,(anonymous_26)
FNDA:1,(anonymous_27)
FNDA:0,(anonymous_28)
FNDA:1,(anonymous_29)
FNDA:1,(anonymous_30)
FNDA:1,(anonymous_31)
FNDA:0,(anonymous_32)
FNDA:1,(anonymous_33)
FNDA:0,(anonymous_34)
FNDA:1,(anonymous_35)
FNDA:0,(anonymous_36)
FNDA:1,(anonymous_37)
FNDA:0,(anonymous_38)
FNDA:1,(anonymous_39)
FNDA:0,(anonymous_40)
FNDA:0,(anonymous_41)
FNDA:0,(anonymous_42)
FNDA:1,(anonymous_43)
FNDA:0,(anonymous_44)
FNDA:0,(anonymous_45)
FNDA:0,(anonymous_46)
FNDA:0,(anonymous_47)
FNDA:0,(anonymous_48)
FNDA:0,(anonymous_49)
FNDA:0,(anonymous_50)
FNDA:1,(anonymous_51)
FNDA:0,(anonymous_52)
FNDA:1,(anonymous_53)
FNDA:0,(anonymous_54)
FNDA:0,(anonymous_55)
FNDA:0,(anonymous_56)
FNDA:1,(anonymous_57)
FNDA:0,(anonymous_58)
FNDA:1,(anonymous_59)
FNDA:0,(anonymous_60)
FNDA:1,(anonymous_61)
FNDA:0,(anonymous_62)
FNDA:0,(anonymous_63)
FNDA:0,(anonymous_64)
FNDA:0,(anonymous_65)
FNDA:0,(anonymous_66)
FNDA:0,(anonymous_67)
FNDA:1,(anonymous_68)
FNDA:1,(anonymous_69)
FNDA:1,(anonymous_70)
FNDA:0,(anonymous_71)
FNDA:1,(anonymous_72)
FNDA:1,(anonymous_73)
FNDA:1,(anonymous_74)
FNDA:0,(anonymous_75)
FNDA:0,(anonymous_76)
FNDA:0,(anonymous_77)
FNDA:0,(anonymous_78)
FNDA:0,(anonymous_79)
FNDA:0,(anonymous_80)
FNDA:6,(anonymous_81)
FNDA:1,(anonymous_82)
FNDA:0,(anonymous_83)
FNDA:0,(anonymous_84)
FNDA:0,(anonymous_85)
FNDA:0,(anonymous_86)
FNDA:0,(anonymous_87)
FNDA:0,(anonymous_88)
FNDA:0,(anonymous_89)
FNDA:0,(anonymous_90)
FNDA:1,(anonymous_91)
FNDA:1,(anonymous_92)
FNDA:1,(anonymous_93)
FNDA:0,(anonymous_94)
FNDA:0,(anonymous_95)
FNDA:0,(anonymous_96)
FNDA:0,(anonymous_97)
FNDA:0,(anonymous_98)
FNDA:0,(anonymous_99)
FNDA:21,(anonymous_100)
FNDA:0,(anonymous_101)
FNDA:0,(anonymous_102)
FNDA:0,(anonymous_103)
FNDA:0,(anonymous_104)
FNDA:0,(anonymous_105)
FNDA:0,(anonymous_106)
FNDA:0,(anonymous_107)
FNDA:0,(anonymous_108)
FNDA:0,(anonymous_109)
FNDA:0,(anonymous_110)
FNDA:0,(anonymous_111)
FNDA:16,(anonymous_112)
FNDA:0,(anonymous_113)
FNDA:0,(anonymous_114)
FNDA:0,(anonymous_115)
FNDA:0,(anonymous_116)
FNDA:0,(anonymous_117)
FNDA:0,(anonymous_118)
FNDA:0,(anonymous_119)
FNDA:0,(anonymous_120)
FNDA:0,(anonymous_121)
FNDA:0,(anonymous_122)
FNDA:0,(anonymous_123)
FNDA:0,(anonymous_124)
FNDA:0,(anonymous_125)
FNDA:0,(anonymous_126)
FNDA:0,(anonymous_127)
FNDA:0,(anonymous_128)
FNDA:0,(anonymous_129)
FNDA:0,(anonymous_130)
DA:40,1
DA:41,1
DA:42,1
DA:44,1
DA:52,1
DA:53,1
DA:55,1
DA:56,1
DA:67,1
DA:68,6
DA:69,6
DA:72,1
DA:73,0
DA:80,1
DA:81,0
DA:82,0
DA:85,1
DA:86,0
DA:87,0
DA:88,0
DA:89,0
DA:92,1
DA:93,1
DA:94,1
DA:95,1
DA:96,1
DA:114,0
DA:119,2
DA:148,3
DA:149,3
DA:150,3
DA:151,3
DA:152,3
DA:153,3
DA:155,3
DA:156,3
DA:157,3
DA:158,3
DA:160,3
DA:161,3
DA:164,3
DA:165,3
DA:166,3
DA:167,3
DA:169,3
DA:170,3
DA:171,3
DA:172,3
DA:174,3
DA:176,3
DA:177,3
DA:178,3
DA:179,3
DA:181,3
DA:182,3
DA:183,3
DA:184,3
DA:186,3
DA:187,3
DA:188,3
DA:190,3
DA:191,3
DA:192,3
DA:193,3
DA:194,3
DA:195,3
DA:197,3
DA:199,3
DA:200,1
DA:207,1
DA:216,3
DA:217,3
DA:218,1
DA:219,1
DA:223,3
DA:224,1
DA:228,3
DA:229,1
DA:230,1
DA:231,1
DA:232,0
DA:234,1
DA:238,3
DA:239,1
DA:241,1
DA:243,0
DA:244,0
DA:247,1
DA:248,1
DA:251,1
DA:252,0
DA:253,1
DA:255,1
DA:256,0
DA:257,1
DA:259,1
DA:261,0
DA:262,0
DA:264,0
DA:265,0
DA:273,0
DA:278,3
DA:279,1
DA:281,1
DA:282,1
DA:285,1
DA:286,1
DA:287,1
DA:288,1
DA:289,0
DA:290,0
DA:291,0
DA:292,0
DA:303,1
DA:304,1
DA:305,1
DA:306,1
DA:311,3
DA:312,1
DA:313,0
DA:315,1
DA:316,1
DA:318,0
DA:321,3
DA:322,1
DA:323,1
DA:324,1
DA:326,1
DA:330,1
DA:337,0
DA:338,0
DA:341,1
DA:342,1
DA:344,1
DA:354,3
DA:355,1
DA:356,0
DA:357,1
DA:358,0
DA:360,1
DA:361,0
DA:364,1
DA:372,3
DA:373,1
DA:374,1
DA:375,0
DA:377,1
DA:380,3
DA:381,1
DA:382,1
DA:383,0
DA:388,0
DA:389,0
DA:390,0
DA:391,0
DA:394,1
DA:397,3
DA:398,1
DA:402,3
DA:403,1
DA:404,1
DA:405,0
DA:406,0
DA:407,0
DA:412,1
DA:415,3
DA:416,1
DA:417,0
DA:419,0
DA:420,0
DA:421,0
DA:424,0
DA:425,0
DA:426,0
DA:427,0
DA:429,0
DA:431,0
DA:435,0
DA:441,0
DA:442,0
DA:445,0
DA:450,0
DA:452,0
DA:455,0
DA:489,1
DA:490,1
DA:491,0
DA:492,0
DA:493,0
DA:494,0
DA:495,0
DA:496,0
DA:499,0
DA:504,0
DA:507,1
DA:510,3
DA:511,1
DA:512,1
DA:513,0
DA:514,0
DA:516,0
DA:517,0
DA:525,3
DA:526,1
DA:527,1
DA:528,1
DA:529,0
DA:530,0
DA:531,0
DA:532,0
DA:533,0
DA:534,0
DA:535,0
DA:536,0
DA:537,0
DA:539,0
DA:540,0
DA:542,0
DA:543,0
DA:544,0
DA:546,1
DA:549,3
DA:550,1
DA:551,1
DA:552,1
DA:554,0
DA:555,0
DA:556,0
DA:560,3
DA:561,1
DA:564,3
DA:565,1
DA:566,0
DA:567,0
DA:569,1
DA:571,0
DA:572,0
DA:576,1
DA:578,0
DA:580,0
DA:585,0
DA:589,1
DA:592,1
DA:612,3
DA:613,1
DA:615,0
DA:616,0
DA:618,0
DA:630,3
DA:631,1
DA:632,0
DA:634,1
DA:637,3
DA:638,1
DA:639,1
DA:642,3
DA:643,1
DA:644,0
DA:651,3
DA:652,1
DA:653,0
DA:656,3
DA:657,1
DA:658,1
DA:659,0
DA:660,0
DA:661,0
DA:664,1
DA:665,0
DA:668,0
DA:669,0
DA:670,0
DA:673,1
DA:674,0
DA:675,0
DA:676,0
DA:680,1
DA:681,0
DA:684,1
DA:686,0
DA:687,0
DA:688,0
DA:694,0
DA:696,1
DA:697,6
DA:698,6
DA:699,6
DA:700,6
DA:702,6
DA:706,6
DA:715,1
DA:733,3
DA:734,1
DA:735,1
DA:736,1
DA:738,0
DA:739,1
DA:740,1
DA:742,1
DA:746,0
DA:752,0
DA:762,1
DA:763,0
DA:766,1
DA:767,1
DA:770,0
DA:773,0
DA:775,1
DA:777,1
DA:785,0
DA:810,3
DA:811,1
DA:812,1
DA:813,1
DA:814,1
DA:815,1
DA:824,3
DA:825,1
DA:828,1
DA:829,1
DA:831,0
DA:832,0
DA:834,0
DA:846,0
DA:847,0
DA:848,0
DA:850,0
DA:851,0
DA:853,0
DA:865,3
DA:866,1
DA:869,3
DA:870,0
DA:873,0
DA:874,0
DA:875,0
DA:878,0
DA:879,0
DA:880,0
DA:882,0
DA:883,0
DA:889,0
DA:890,0
DA:892,0
DA:893,0
DA:895,0
DA:906,3
DA:908,0
DA:909,0
DA:910,0
DA:911,0
DA:912,0
DA:914,0
DA:915,0
DA:916,0
DA:918,0
DA:919,0
DA:923,0
DA:929,3
DA:931,0
DA:932,0
DA:935,0
DA:937,0
DA:938,0
DA:939,0
DA:942,0
DA:943,0
DA:944,0
DA:947,0
DA:948,0
DA:949,0
DA:950,0
DA:951,0
DA:952,0
DA:953,0
DA:955,0
DA:957,0
DA:961,0
DA:970,0
DA:971,0
DA:973,0
DA:974,0
DA:975,0
DA:977,0
DA:978,0
DA:993,3
DA:994,0
DA:995,0
DA:996,0
DA:998,0
DA:999,0
DA:1002,3
DA:1003,0
DA:1004,0
DA:1006,0
DA:1007,0
DA:1008,0
DA:1011,3
DA:1020,21
DA:1026,0
DA:1041,0
DA:1055,0
DA:1062,0
DA:1069,0
DA:1076,0
DA:1084,0
DA:1091,0
DA:1098,0
DA:1107,0
DA:1114,16
DA:1126,0
DA:1127,0
DA:1131,0
DA:1231,0
DA:1244,0
DA:1252,0
DA:1262,0
DA:1279,0
DA:1282,0
DA:1296,0
DA:1324,0
DA:1325,0
DA:1332,0
DA:1340,0
DA:1347,0
DA:1355,0
DA:1369,0
DA:1370,0
DA:1377,0
DA:1384,0
DA:1417,0
DA:1418,0
DA:1419,0
DA:1420,0
DA:1445,0
DA:1473,0
DA:1493,0
LF:437
LH:211
BRDA:67,0,0,6
BRDA:69,1,0,6
BRDA:69,1,1,0
BRDA:73,2,0,0
BRDA:73,2,1,0
BRDA:81,3,0,0
BRDA:81,3,1,0
BRDA:82,4,0,0
BRDA:82,4,1,0
BRDA:86,5,0,0
BRDA:86,5,1,0
BRDA:88,6,0,0
BRDA:88,6,1,0
BRDA:88,7,0,0
BRDA:88,7,1,0
BRDA:93,8,0,0
BRDA:93,8,1,1
BRDA:95,9,0,1
BRDA:95,9,1,1
BRDA:97,10,0,1
BRDA:97,10,1,1
BRDA:98,11,0,0
BRDA:98,11,1,1
BRDA:101,12,0,0
BRDA:101,12,1,1
BRDA:105,13,0,0
BRDA:105,13,1,1
BRDA:105,14,0,1
BRDA:105,14,1,1
BRDA:109,15,0,0
BRDA:109,15,1,1
BRDA:122,16,0,0
BRDA:122,16,1,2
BRDA:128,17,0,2
BRDA:128,17,1,2
BRDA:139,18,0,0
BRDA:139,18,1,2
BRDA:140,19,0,0
BRDA:140,19,1,2
BRDA:141,20,0,2
BRDA:141,20,1,0
BRDA:141,21,0,2
BRDA:141,21,1,2
BRDA:218,22,0,0
BRDA:218,22,1,1
BRDA:218,23,0,1
BRDA:218,23,1,1
BRDA:229,24,0,0
BRDA:229,24,1,1
BRDA:232,25,0,0
BRDA:232,25,1,0
BRDA:239,26,0,0
BRDA:239,26,1,1
BRDA:243,27,0,0
BRDA:243,27,1,0
BRDA:243,28,0,0
BRDA:243,28,1,0
BRDA:243,28,2,0
BRDA:252,29,0,0
BRDA:252,29,1,0
BRDA:256,30,0,0
BRDA:256,30,1,0
BRDA:261,31,0,0
BRDA:261,31,1,0
BRDA:264,32,0,0
BRDA:264,32,1,0
BRDA:279,33,0,0
BRDA:279,33,1,1
BRDA:285,34,0,1
BRDA:285,34,1,0
BRDA:290,35,0,0
BRDA:290,35,1,0
BRDA:291,36,0,0
BRDA:291,36,1,0
BRDA:291,37,0,0
BRDA:291,37,1,0
BRDA:305,38,0,1
BRDA:305,38,1,0
BRDA:305,39,0,1
BRDA:305,39,1,1
BRDA:305,39,2,1
BRDA:312,40,0,0
BRDA:312,40,1,1
BRDA:315,41,0,1
BRDA:315,41,1,0
BRDA:322,42,0,0
BRDA:322,42,1,1
BRDA:322,43,0,1
BRDA:322,43,1,1
BRDA:327,44,0,1
BRDA:327,44,1,1
BRDA:327,44,2,1
BRDA:327,44,3,0
BRDA:338,45,0,0
BRDA:338,45,1,0
BRDA:355,46,0,1
BRDA:355,46,1,0
BRDA:356,47,0,0
BRDA:356,47,1,0
BRDA:360,48,0,0
BRDA:360,48,1,1
BRDA:362,49,0,0
BRDA:362,49,1,0
BRDA:362,49,2,0
BRDA:386,50,0,0
BRDA:386,50,1,0
BRDA:386,50,2,0
BRDA:388,51,0,0
BRDA:388,51,1,0
BRDA:390,52,0,0
BRDA:390,52,1,0
BRDA:390,53,0,0
BRDA:390,53,1,0
BRDA:419,54,0,0
BRDA:419,54,1,0
BRDA:420,55,0,0
BRDA:420,55,1,0
BRDA:424,56,0,0
BRDA:424,56,1,0
BRDA:425,57,0,0
BRDA:425,57,1,0
BRDA:427,58,0,0
BRDA:427,58,1,0
BRDA:427,59,0,0
BRDA:427,59,1,0
BRDA:429,60,0,0
BRDA:429,60,1,0
BRDA:431,61,0,0
BRDA:431,61,1,0
BRDA:441,62,0,0
BRDA:441,62,1,0
BRDA:442,63,0,0
BRDA:442,63,1,0
BRDA:450,64,0,0
BRDA:450,64,1,0
BRDA:452,65,0,0
BRDA:452,65,1,0
BRDA:457,66,0,0
BRDA:457,66,1,0
BRDA:458,67,0,0
BRDA:458,67,1,0
BRDA:462,68,0,0
BRDA:462,68,1,0
BRDA:464,69,0,0
BRDA:464,69,1,0
BRDA:468,70,0,0
BRDA:468,70,1,0
BRDA:472,71,0,0
BRDA:472,71,1,0
BRDA:474,72,0,0
BRDA:474,72,1,0
BRDA:477,73,0,0
BRDA:477,73,1,0
BRDA:478,74,0,0
BRDA:478,74,1,0
BRDA:479,75,0,0
BRDA:479,75,1,0
BRDA:481,76,0,0
BRDA:481,76,1,0
BRDA:484,77,0,0
BRDA:484,77,1,0
BRDA:491,78,0,0
BRDA:491,78,1,0
BRDA:493,79,0,0
BRDA:493,79,1,0
BRDA:499,80,0,0
BRDA:499,80,1,0
BRDA:499,80,2,0
BRDA:499,80,3,0
BRDA:499,80,4,0
BRDA:499,80,5,0
BRDA:499,80,6,0
BRDA:499,80,7,0
BRDA:504,81,0,0
BRDA:504,81,1,0
BRDA:513,82,0,0
BRDA:513,82,1,0
BRDA:513,83,0,0
BRDA:513,83,1,0
BRDA:516,84,0,0
BRDA:516,84,1,0
BRDA:518,85,0,0
BRDA:518,85,1,0
BRDA:518,85,2,0
BRDA:526,86,0,0
BRDA:526,86,1,1
BRDA:531,87,0,0
BRDA:531,87,1,0
BRDA:531,88,0,0
BRDA:531,88,1,0
BRDA:533,89,0,0
BRDA:533,89,1,0
BRDA:534,90,0,0
BRDA:534,90,1,0
BRDA:534,91,0,0
BRDA:534,91,1,0
BRDA:536,92,0,0
BRDA:536,92,1,0
BRDA:536,93,0,0
BRDA:536,93,1,0
BRDA:539,94,0,0
BRDA:539,94,1,0
BRDA:539,95,0,0
BRDA:539,95,1,0
BRDA:540,96,0,0
BRDA:540,96,1,0
BRDA:542,97,0,0
BRDA:542,97,1,0
BRDA:542,98,0,0
BRDA:542,98,1,0
BRDA:543,99,0,0
BRDA:543,99,1,0
BRDA:550,100,0,1
BRDA:550,100,1,0
BRDA:555,101,0,0
BRDA:555,101,1,0
BRDA:561,102,0,1
BRDA:561,102,1,1
BRDA:565,103,0,1
BRDA:565,103,1,0
BRDA:567,104,0,0
BRDA:567,104,1,0
BRDA:567,104,2,0
BRDA:582,105,0,0
BRDA:582,105,1,0
BRDA:593,106,0,1
BRDA:593,106,1,0
BRDA:593,106,2,0
BRDA:613,107,0,1
BRDA:613,107,1,0
BRDA:613,108,0,1
BRDA:613,108,1,0
BRDA:625,109,0,0
BRDA:625,109,1,0
BRDA:625,110,0,0
BRDA:625,110,1,0
BRDA:625,111,0,0
BRDA:625,111,1,0
BRDA:631,112,0,0
BRDA:631,112,1,1
BRDA:634,113,0,1
BRDA:634,113,1,1
BRDA:638,114,0,1
BRDA:638,114,1,1
BRDA:638,114,2,0
BRDA:639,115,0,1
BRDA:639,115,1,1
BRDA:643,116,0,1
BRDA:643,116,1,0
BRDA:645,117,0,0
BRDA:645,117,1,0
BRDA:645,117,2,0
BRDA:652,118,0,1
BRDA:652,118,1,0
BRDA:652,119,0,1
BRDA:652,119,1,0
BRDA:660,120,0,0
BRDA:660,120,1,0
BRDA:666,121,0,0
BRDA:666,121,1,0
BRDA:668,122,0,0
BRDA:668,122,1,0
BRDA:669,123,0,0
BRDA:669,123,1,0
BRDA:674,124,0,0
BRDA:674,124,1,0
BRDA:675,125,0,0
BRDA:675,125,1,0
BRDA:680,126,0,0
BRDA:680,126,1,1
BRDA:686,127,0,0
BRDA:686,127,1,0
BRDA:687,128,0,0
BRDA:687,128,1,0
BRDA:690,129,0,0
BRDA:690,129,1,0
BRDA:690,129,2,0
BRDA:698,130,0,6
BRDA:698,130,1,6
BRDA:700,131,0,6
BRDA:700,131,1,6
BRDA:702,132,0,0
BRDA:702,132,1,6
BRDA:734,133,0,1
BRDA:734,133,1,1
BRDA:736,134,0,1
BRDA:736,134,1,0
BRDA:738,135,0,0
BRDA:738,135,1,0
BRDA:739,136,0,1
BRDA:739,136,1,0
BRDA:746,137,0,0
BRDA:746,137,1,0
BRDA:747,138,0,0
BRDA:747,138,1,0
BRDA:750,139,0,0
BRDA:750,139,1,0
BRDA:754,140,0,0
BRDA:754,140,1,0
BRDA:766,141,0,1
BRDA:766,141,1,0
BRDA:770,142,0,0
BRDA:770,142,1,0
BRDA:771,143,0,0
BRDA:771,143,1,0
BRDA:787,144,0,0
BRDA:787,144,1,0
BRDA:795,145,0,1
BRDA:795,145,1,0
BRDA:826,146,0,1
BRDA:826,146,1,1
BRDA:826,146,2,1
BRDA:826,146,3,0
BRDA:828,147,0,1
BRDA:828,147,1,1
BRDA:829,148,0,1
BRDA:829,148,1,0
BRDA:829,149,0,1
BRDA:829,149,1,1
BRDA:829,149,2,0
BRDA:848,150,0,0
BRDA:848,150,1,0
BRDA:871,151,0,0
BRDA:871,151,1,0
BRDA:871,151,2,0
BRDA:871,151,3,0
BRDA:873,152,0,0
BRDA:873,152,1,0
BRDA:885,153,0,0
BRDA:885,153,1,0
BRDA:887,154,0,0
BRDA:887,154,1,0
BRDA:890,155,0,0
BRDA:890,155,1,0
BRDA:916,156,0,0
BRDA:916,156,1,0
BRDA:931,157,0,0
BRDA:931,157,1,0
BRDA:931,158,0,0
BRDA:931,158,1,0
BRDA:933,159,0,0
BRDA:933,159,1,0
BRDA:933,159,2,0
BRDA:933,159,3,0
BRDA:935,160,0,0
BRDA:935,160,1,0
BRDA:935,161,0,0
BRDA:935,161,1,0
BRDA:935,161,2,0
BRDA:937,162,0,0
BRDA:937,162,1,0
BRDA:942,163,0,0
BRDA:942,163,1,0
BRDA:942,164,0,0
BRDA:942,164,1,0
BRDA:957,165,0,0
BRDA:957,165,1,0
BRDA:958,166,0,0
BRDA:958,166,1,0
BRDA:958,167,0,0
BRDA:958,167,1,0
BRDA:959,168,0,0
BRDA:959,168,1,0
BRDA:967,169,0,0
BRDA:967,169,1,0
BRDA:967,170,0,0
BRDA:967,170,1,0
BRDA:967,171,0,0
BRDA:967,171,1,0
BRDA:970,172,0,0
BRDA:970,172,1,0
BRDA:971,173,0,0
BRDA:971,173,1,0
BRDA:994,174,0,0
BRDA:994,174,1,0
BRDA:995,175,0,0
BRDA:995,175,1,0
BRDA:999,176,0,0
BRDA:999,176,1,0
BRDA:1024,177,0,3
BRDA:1024,177,1,18
BRDA:1049,178,0,0
BRDA:1049,178,1,3
BRDA:1111,179,0,2
BRDA:1111,179,1,1
BRDA:1111,180,0,3
BRDA:1111,180,1,2
BRDA:1121,181,0,0
BRDA:1121,181,1,3
BRDA:1121,182,0,3
BRDA:1121,182,1,2
BRDA:1133,183,0,0
BRDA:1133,183,1,0
BRDA:1143,184,0,0
BRDA:1143,184,1,0
BRDA:1143,185,0,0
BRDA:1143,185,1,0
BRDA:1146,186,0,0
BRDA:1146,186,1,0
BRDA:1149,187,0,0
BRDA:1149,187,1,0
BRDA:1151,188,0,0
BRDA:1151,188,1,0
BRDA:1153,189,0,0
BRDA:1153,189,1,0
BRDA:1156,190,0,0
BRDA:1156,190,1,0
BRDA:1156,191,0,0
BRDA:1156,191,1,0
BRDA:1161,192,0,0
BRDA:1161,192,1,0
BRDA:1167,193,0,1
BRDA:1167,193,1,2
BRDA:1167,194,0,3
BRDA:1167,194,1,1
BRDA:1188,195,0,3
BRDA:1188,195,1,3
BRDA:1191,196,0,0
BRDA:1191,196,1,3
BRDA:1192,197,0,0
BRDA:1192,197,1,3
BRDA:1204,198,0,3
BRDA:1204,198,1,3
BRDA:1222,199,0,0
BRDA:1222,199,1,3
BRDA:1223,200,0,0
BRDA:1223,200,1,3
BRDA:1232,201,0,3
BRDA:1232,201,1,0
BRDA:1234,202,0,0
BRDA:1234,202,1,3
BRDA:1259,203,0,0
BRDA:1259,203,1,3
BRDA:1283,204,0,0
BRDA:1283,204,1,0
BRDA:1283,204,2,0
BRDA:1308,205,0,0
BRDA:1308,205,1,3
BRDA:1314,206,0,0
BRDA:1314,206,1,3
BRDA:1316,207,0,0
BRDA:1316,207,1,3
BRDA:1323,208,0,0
BRDA:1323,208,1,0
BRDA:1327,209,0,0
BRDA:1327,209,1,0
BRDA:1328,210,0,0
BRDA:1328,210,1,0
BRDA:1329,211,0,0
BRDA:1329,211,1,0
BRDA:1330,212,0,0
BRDA:1330,212,1,0
BRDA:1357,213,0,0
BRDA:1357,213,1,0
BRDA:1368,214,0,0
BRDA:1368,214,1,0
BRDA:1387,215,0,0
BRDA:1387,215,1,0
BRDA:1398,216,0,0
BRDA:1398,216,1,0
BRDA:1398,216,2,0
BRDA:1418,217,0,0
BRDA:1418,217,1,0
BRDA:1418,218,0,0
BRDA:1418,218,1,0
BRDA:1419,219,0,0
BRDA:1419,219,1,0
BRDA:1427,220,0,0
BRDA:1427,220,1,0
BRDA:1431,221,0,0
BRDA:1431,221,1,0
BRDA:1434,222,0,0
BRDA:1434,222,1,0
BRDA:1440,223,0,0
BRDA:1440,223,1,0
BRDA:1475,224,0,0
BRDA:1475,224,1,3
BRDA:1484,225,0,0
BRDA:1484,225,1,3
BRDA:1500,226,0,0
BRDA:1500,226,1,0
BRDA:1507,227,0,0
BRDA:1507,227,1,0
BRDA:1509,228,0,0
BRDA:1509,228,1,0
BRDA:1512,229,0,0
BRDA:1512,229,1,0
BRDA:1513,230,0,0
BRDA:1513,230,1,0
BRDA:1514,231,0,0
BRDA:1514,231,1,0
BRDA:1515,232,0,0
BRDA:1515,232,1,0
BRDA:1516,233,0,0
BRDA:1516,233,1,0
BRDA:1527,234,0,0
BRDA:1527,234,1,0
BRDA:1528,235,0,0
BRDA:1528,235,1,0
BRDA:1537,236,0,0
BRDA:1537,236,1,0
BRDA:1545,237,0,0
BRDA:1545,237,1,0
BRDA:1553,238,0,0
BRDA:1553,238,1,0
BRDA:1553,238,2,0
BRDA:1553,238,3,0
BRDA:1556,239,0,0
BRDA:1556,239,1,0
BRDA:1556,239,2,0
BRDA:1556,239,3,0
BRDA:1556,239,4,0
BRDA:1559,240,0,0
BRDA:1559,240,1,0
BRDA:1565,241,0,0
BRDA:1565,241,1,0
BRDA:1565,241,2,0
BRDA:1565,241,3,0
BRDA:1566,242,0,0
BRDA:1566,242,1,0
BRDA:1567,243,0,0
BRDA:1567,243,1,0
BRDA:1567,243,2,0
BRDA:1568,244,0,0
BRDA:1568,244,1,0
BRDA:1568,245,0,0
BRDA:1568,245,1,0
BRF:527
BRH:110
end_of_record
TN:
SF:src/pages/WaiverRules.jsx
FN:13,WaiverRules
FN:18,(anonymous_1)
FN:19,fetchData
FN:76,(anonymous_3)
FNF:4
FNH:4
FNDA:4,WaiverRules
FNDA:2,(anonymous_1)
FNDA:2,fetchData
FNDA:1,(anonymous_3)
DA:14,4
DA:15,4
DA:16,4
DA:18,4
DA:20,2
DA:21,2
DA:22,2
DA:25,2
DA:26,2
DA:27,2
DA:28,2
DA:30,0
DA:34,2
DA:37,4
DA:38,2
DA:45,2
DA:76,1
LF:17
LH:16
BRDA:25,0,0,2
BRDA:25,0,1,0
BRDA:37,1,0,2
BRDA:37,1,1,2
BRDA:55,2,0,2
BRDA:55,2,1,0
BRDA:59,3,0,4
BRDA:59,3,1,2
BRDA:62,4,0,4
BRDA:62,4,1,2
BRDA:65,5,0,4
BRDA:65,5,1,2
BRDA:68,6,0,4
BRDA:68,6,1,0
BRDA:72,7,0,4
BRDA:72,7,1,1
BRF:16
BRH:13
end_of_record
TN:
SF:src/pages/WaiverWire.jsx
FN:21,(anonymous_0)
FN:28,(anonymous_1)
FN:34,(anonymous_2)
FN:45,WaiverWire
FN:67,(anonymous_4)
FN:72,(anonymous_5)
FN:89,(anonymous_6)
FN:95,(anonymous_7)
FN:120,(anonymous_8)
FN:123,(anonymous_9)
FN:126,(anonymous_10)
FN:136,(anonymous_11)
FN:158,(anonymous_12)
FN:158,(anonymous_13)
FN:159,(anonymous_14)
FN:175,(anonymous_15)
FN:184,(anonymous_16)
FN:207,(anonymous_17)
FN:208,(anonymous_18)
FN:223,(anonymous_19)
FN:224,(anonymous_20)
FN:232,(anonymous_21)
FN:249,(anonymous_22)
FN:290,(anonymous_23)
FN:300,(anonymous_24)
FN:342,(anonymous_25)
FN:358,(anonymous_26)
FN:375,(anonymous_27)
FNF:28
FNH:6
FNDA:2,(anonymous_0)
FNDA:0,(anonymous_1)
FNDA:0,(anonymous_2)
FNDA:5,WaiverWire
FNDA:0,(anonymous_4)
FNDA:0,(anonymous_5)
FNDA:3,(anonymous_6)
FNDA:3,(anonymous_7)
FNDA:0,(anonymous_8)
FNDA:3,(anonymous_9)
FNDA:3,(anonymous_10)
FNDA:0,(anonymous_11)
FNDA:0,(anonymous_12)
FNDA:0,(anonymous_13)
FNDA:0,(anonymous_14)
FNDA:0,(anonymous_15)
FNDA:0,(anonymous_16)
FNDA:0,(anonymous_17)
FNDA:0,(anonymous_18)
FNDA:0,(anonymous_19)
FNDA:0,(anonymous_20)
FNDA:0,(anonymous_21)
FNDA:0,(anonymous_22)
FNDA:0,(anonymous_23)
FNDA:0,(anonymous_24)
FNDA:0,(anonymous_25)
FNDA:0,(anonymous_26)
FNDA:0,(anonymous_27)
DA:19,1
DA:21,1
DA:22,2
DA:23,2
DA:24,2
DA:27,0
DA:28,0
DA:30,0
DA:31,0
DA:34,0
DA:36,0
DA:39,0
DA:42,0
DA:46,5
DA:48,5
DA:49,5
DA:50,5
DA:51,5
DA:52,5
DA:53,5
DA:54,5
DA:55,5
DA:56,5
DA:57,5
DA:58,5
DA:60,5
DA:61,5
DA:64,5
DA:65,5
DA:67,5
DA:68,0
DA:72,5
DA:73,0
DA:74,0
DA:76,0
DA:77,0
DA:80,0
DA:81,0
DA:83,0
DA:85,0
DA:89,5
DA:91,3
DA:93,3
DA:95,3
DA:96,3
DA:99,3
DA:100,3
DA:101,2
DA:103,3
DA:104,2
DA:105,2
DA:106,3
DA:107,3
DA:112,1
DA:113,1
DA:114,1
DA:115,1
DA:118,3
DA:120,3
DA:121,0
DA:123,3
DA:126,5
DA:127,3
DA:128,0
DA:129,0
DA:136,5
DA:137,0
DA:138,0
DA:139,0
DA:142,0
DA:143,0
DA:144,0
DA:145,0
DA:146,0
DA:149,0
DA:150,0
DA:152,0
DA:158,0
DA:159,0
DA:160,0
DA:163,0
DA:164,0
DA:165,0
DA:166,0
DA:168,0
DA:171,0
DA:175,5
DA:176,0
DA:184,5
DA:185,0
DA:186,0
DA:187,0
DA:188,0
DA:191,0
DA:192,0
DA:193,0
DA:197,0
DA:203,0
DA:207,0
DA:208,0
DA:212,0
DA:213,0
DA:214,0
DA:216,0
DA:223,5
DA:224,0
DA:225,0
DA:232,5
DA:233,0
DA:235,0
DA:236,0
DA:238,0
DA:239,0
DA:240,0
DA:243,0
DA:244,0
DA:249,5
DA:250,0
DA:251,0
DA:254,0
DA:257,5
DA:290,0
DA:301,0
DA:302,0
DA:342,0
DA:358,0
DA:375,0
LF:127
LH:52
BRDA:23,0,0,2
BRDA:23,0,1,0
BRDA:23,1,0,2
BRDA:23,1,1,0
BRDA:28,2,0,0
BRDA:28,2,1,0
BRDA:30,3,0,0
BRDA:30,3,1,0
BRDA:36,4,0,0
BRDA:36,4,1,0
BRDA:36,4,2,0
BRDA:38,5,0,0
BRDA:38,5,1,0
BRDA:42,6,0,0
BRDA:42,6,1,0
BRDA:67,7,0,0
BRDA:91,8,0,0
BRDA:91,8,1,3
BRDA:93,9,0,0
BRDA:93,9,1,3
BRDA:99,10,0,3
BRDA:99,10,1,0
BRDA:101,11,0,2
BRDA:101,11,1,0
BRDA:105,12,0,2
BRDA:105,12,1,2
BRDA:108,13,0,2
BRDA:108,13,1,0
BRDA:127,14,0,3
BRDA:127,14,1,0
BRDA:128,15,0,0
BRDA:128,15,1,0
BRDA:137,16,0,0
BRDA:137,16,1,0
BRDA:142,17,0,0
BRDA:142,17,1,0
BRDA:163,18,0,0
BRDA:163,18,1,0
BRDA:168,19,0,0
BRDA:168,19,1,0
BRDA:186,20,0,0
BRDA:186,20,1,0
BRDA:191,21,0,0
BRDA:191,21,1,0
BRDA:217,22,0,0
BRDA:217,22,1,0
BRDA:227,23,0,0
BRDA:227,23,1,0
BRDA:227,24,0,0
BRDA:227,24,1,0
BRDA:233,25,0,0
BRDA:233,25,1,0
BRDA:238,26,0,0
BRDA:238,26,1,0
BRDA:243,27,0,0
BRDA:243,27,1,0
BRDA:250,28,0,0
BRDA:250,28,1,0
BRDA:254,29,0,0
BRDA:254,29,1,0
BRDA:265,30,0,5
BRDA:265,30,1,0
BRDA:269,31,0,5
BRDA:269,31,1,0
BRDA:271,32,0,5
BRDA:271,32,1,2
BRDA:287,33,0,0
BRDA:287,33,1,5
BRDA:308,34,0,0
BRDA:308,34,1,5
BRDA:347,35,0,5
BRDA:347,35,1,0
BRDA:371,36,0,5
BRDA:371,36,1,0
BRF:74
BRH:18
end_of_record
TN:
SF:src/pages/admin/SiteAdmin.jsx
FN:17,SiteAdmin
FN:22,(anonymous_1)
FN:27,(anonymous_2)
FN:51,(anonymous_3)
FN:95,(anonymous_4)
FN:112,(anonymous_5)
FN:130,(anonymous_6)
FN:155,(anonymous_7)
FN:186,(anonymous_8)
FN:295,(anonymous_9)
FNF:10
FNH:4
FNDA:6,SiteAdmin
FNDA:1,(anonymous_1)
FNDA:0,(anonymous_2)
FNDA:1,(anonymous_3)
FNDA:0,(anonymous_4)
FNDA:0,(anonymous_5)
FNDA:0,(anonymous_6)
FNDA:0,(anonymous_7)
FNDA:1,(anonymous_8)
FNDA:0,(anonymous_9)
DA:18,6
DA:19,6
DA:20,6
DA:22,6
DA:23,1
DA:27,6
DA:28,0
DA:29,0
DA:31,0
DA:36,0
DA:37,0
DA:39,0
DA:41,0
DA:45,0
DA:47,0
DA:51,6
DA:53,1
DA:54,1
DA:55,1
DA:56,1
DA:57,0
DA:58,0
DA:60,1
DA:63,1
DA:64,0
DA:65,1
DA:66,1
DA:67,1
DA:68,0
DA:69,0
DA:73,1
DA:74,1
DA:75,1
DA:80,1
DA:81,1
DA:83,0
DA:85,0
DA:89,0
DA:91,1
DA:95,6
DA:96,0
DA:97,0
DA:98,0
DA:99,0
DA:101,0
DA:108,0
DA:112,6
DA:113,0
DA:114,0
DA:115,0
DA:116,0
DA:117,0
DA:118,0
DA:119,0
DA:121,0
DA:126,0
DA:130,6
DA:131,0
DA:136,0
DA:138,0
DA:139,0
DA:140,0
DA:141,0
DA:142,0
DA:145,0
DA:149,0
DA:151,0
DA:155,6
DA:156,0
DA:161,0
DA:163,0
DA:164,0
DA:165,0
DA:170,0
DA:171,0
DA:174,0
DA:178,0
DA:180,0
DA:184,6
DA:186,6
DA:190,1
DA:193,6
DA:295,0
LF:83
LH:30
BRDA:36,0,0,0
BRDA:36,0,1,0
BRDA:41,1,0,0
BRDA:41,1,1,0
BRDA:41,1,2,0
BRDA:41,1,3,0
BRDA:54,2,0,0
BRDA:54,2,1,1
BRDA:56,3,0,0
BRDA:56,3,1,1
BRDA:63,4,0,0
BRDA:63,4,1,1
BRDA:63,5,0,1
BRDA:63,5,1,1
BRDA:65,6,0,1
BRDA:65,6,1,0
BRDA:67,7,0,0
BRDA:67,7,1,1
BRDA:80,8,0,1
BRDA:80,8,1,0
BRDA:85,9,0,0
BRDA:85,9,1,0
BRDA:85,9,2,0
BRDA:85,9,3,0
BRDA:99,10,0,0
BRDA:99,10,1,0
BRDA:102,11,0,0
BRDA:102,11,1,0
BRDA:102,11,2,0
BRDA:113,12,0,0
BRDA:113,12,1,0
BRDA:122,13,0,0
BRDA:122,13,1,0
BRDA:122,13,2,0
BRDA:131,14,0,0
BRDA:131,14,1,0
BRDA:141,15,0,0
BRDA:141,15,1,0
BRDA:145,16,0,0
BRDA:145,16,1,0
BRDA:145,16,2,0
BRDA:145,16,3,0
BRDA:156,17,0,0
BRDA:156,17,1,0
BRDA:170,18,0,0
BRDA:170,18,1,0
BRDA:174,19,0,0
BRDA:174,19,1,0
BRDA:174,19,2,0
BRDA:174,19,3,0
BRDA:198,20,0,1
BRDA:198,20,1,5
BRDA:291,21,0,6
BRDA:291,21,1,1
BRF:54
BRH:12
end_of_record
TN:
SF:src/pages/commissioner/CommishAdmin.jsx
FN:12,CommishAdmin
FN:38,(anonymous_1)
FN:43,(anonymous_2)
FNF:3
FNH:0
FNDA:0,CommishAdmin
FNDA:0,(anonymous_1)
FNDA:0,(anonymous_2)
DA:13,0
DA:15,0
DA:25,0
DA:39,0
DA:43,0
LF:5
LH:0
BRF:0
BRH:0
end_of_record
TN:
SF:src/pages/commissioner/CommissionerDashboard.jsx
FN:27,CommissionerDashboard
FN:38,(anonymous_1)
FN:61,(anonymous_2)
FN:88,(anonymous_3)
FN:97,(anonymous_4)
FN:107,(anonymous_5)
FN:117,(anonymous_6)
FN:127,(anonymous_7)
FN:137,(anonymous_8)
FN:147,(anonymous_9)
FN:157,(anonymous_10)
FN:167,(anonymous_11)
FN:177,(anonymous_12)
FN:187,(anonymous_13)
FN:197,(anonymous_14)
FNF:15
FNH:5
FNDA:2,CommissionerDashboard
FNDA:1,(anonymous_1)
FNDA:1,(anonymous_2)
FNDA:0,(anonymous_3)
FNDA:0,(anonymous_4)
FNDA:0,(anonymous_5)
FNDA:0,(anonymous_6)
FNDA:1,(anonymous_7)
FNDA:1,(anonymous_8)
FNDA:0,(anonymous_9)
FNDA:0,(anonymous_10)
FNDA:0,(anonymous_11)
FNDA:0,(anonymous_12)
FNDA:0,(anonymous_13)
FNDA:0,(anonymous_14)
DA:29,2
DA:30,2
DA:31,2
DA:32,2
DA:33,2
DA:35,2
DA:38,2
DA:39,1
DA:40,0
DA:41,0
DA:44,1
DA:46,1
DA:51,1
DA:52,1
DA:54,0
DA:56,1
DA:61,2
DA:62,1
DA:67,2
DA:68,1
DA:75,1
DA:88,0
DA:97,0
DA:107,0
DA:117,0
DA:127,1
DA:137,1
DA:147,0
DA:157,0
DA:167,0
DA:177,0
DA:187,0
DA:197,0
LF:33
LH:20
BRDA:39,0,0,0
BRDA:39,0,1,1
BRDA:67,1,0,1
BRDA:67,1,1,1
BRF:4
BRH:3
end_of_record
TN:
SF:src/pages/commissioner/ManageKeeperRules.jsx
FN:23,ManageKeeperRules
FN:53,(anonymous_1)
FN:58,(anonymous_2)
FN:81,(anonymous_3)
FN:94,(anonymous_4)
FN:117,(anonymous_5)
FN:128,(anonymous_6)
FN:140,(anonymous_7)
FN:174,(anonymous_8)
FN:194,(anonymous_9)
FN:227,(anonymous_10)
FN:247,(anonymous_11)
FN:310,(anonymous_12)
FN:326,(anonymous_13)
FN:341,(anonymous_14)
FN:357,(anonymous_15)
FN:372,(anonymous_16)
FN:391,(anonymous_17)
FN:399,(anonymous_18)
FN:410,(anonymous_19)
FN:447,(anonymous_20)
FN:454,(anonymous_21)
FN:485,(anonymous_22)
FN:488,(anonymous_23)
FN:503,(anonymous_24)
FN:514,(anonymous_25)
FN:524,(anonymous_26)
FN:535,(anonymous_27)
FN:546,(anonymous_28)
FN:558,(anonymous_29)
FN:589,(anonymous_30)
FN:597,(anonymous_31)
FN:616,(anonymous_32)
FN:648,(anonymous_33)
FN:656,(anonymous_34)
FN:675,(anonymous_35)
FNF:36
FNH:4
FNDA:2,ManageKeeperRules
FNDA:1,(anonymous_1)
FNDA:1,(anonymous_2)
FNDA:1,(anonymous_3)
FNDA:0,(anonymous_4)
FNDA:0,(anonymous_5)
FNDA:0,(anonymous_6)
FNDA:0,(anonymous_7)
FNDA:0,(anonymous_8)
FNDA:0,(anonymous_9)
FNDA:0,(anonymous_10)
FNDA:0,(anonymous_11)
FNDA:0,(anonymous_12)
FNDA:0,(anonymous_13)
FNDA:0,(anonymous_14)
FNDA:0,(anonymous_15)
FNDA:0,(anonymous_16)
FNDA:0,(anonymous_17)
FNDA:0,(anonymous_18)
FNDA:0,(anonymous_19)
FNDA:0,(anonymous_20)
FNDA:0,(anonymous_21)
FNDA:0,(anonymous_22)
FNDA:0,(anonymous_23)
FNDA:0,(anonymous_24)
FNDA:0,(anonymous_25)
FNDA:0,(anonymous_26)
FNDA:0,(anonymous_27)
FNDA:0,(anonymous_28)
FNDA:0,(anonymous_29)
FNDA:0,(anonymous_30)
FNDA:0,(anonymous_31)
FNDA:0,(anonymous_32)
FNDA:0,(anonymous_33)
FNDA:0,(anonymous_34)
FNDA:0,(anonymous_35)
DA:24,2
DA:25,2
DA:26,2
DA:27,2
DA:28,2
DA:29,2
DA:30,2
DA:31,2
DA:33,2
DA:34,2
DA:35,2
DA:36,2
DA:38,2
DA:39,2
DA:40,2
DA:41,2
DA:42,2
DA:43,2
DA:44,2
DA:46,2
DA:47,2
DA:48,2
DA:49,2
DA:50,2
DA:51,2
DA:53,2
DA:54,1
DA:55,1
DA:58,2
DA:59,1
DA:60,1
DA:61,1
DA:62,1
DA:63,1
DA:64,1
DA:65,1
DA:66,1
DA:67,1
DA:68,1
DA:69,1
DA:70,1
DA:74,1
DA:75,1
DA:77,1
DA:81,2
DA:82,1
DA:83,1
DA:84,1
DA:85,1
DA:87,1
DA:88,1
DA:90,1
DA:94,2
DA:95,0
DA:96,0
DA:97,0
DA:98,0
DA:108,0
DA:109,0
DA:110,0
DA:112,0
DA:113,0
DA:117,2
DA:118,0
DA:119,0
DA:120,0
DA:121,0
DA:123,0
DA:124,0
DA:128,2
DA:129,0
DA:130,0
DA:131,0
DA:132,0
DA:133,0
DA:135,0
DA:136,0
DA:140,2
DA:141,0
DA:142,0
DA:143,0
DA:145,0
DA:146,0
DA:147,0
DA:150,0
DA:151,0
DA:160,0
DA:161,0
DA:162,0
DA:163,0
DA:164,0
DA:165,0
DA:166,0
DA:167,0
DA:169,0
DA:170,0
DA:174,2
DA:175,0
DA:176,0
DA:179,0
DA:180,0
DA:181,0
DA:182,0
DA:183,0
DA:184,0
DA:185,0
DA:186,0
DA:187,0
DA:189,0
DA:190,0
DA:194,2
DA:195,0
DA:196,0
DA:197,0
DA:199,0
DA:200,0
DA:201,0
DA:204,0
DA:205,0
DA:206,0
DA:207,0
DA:214,0
DA:215,0
DA:220,0
DA:222,0
DA:223,0
DA:227,2
DA:228,0
DA:229,0
DA:232,0
DA:233,0
DA:234,0
DA:235,0
DA:236,0
DA:237,0
DA:238,0
DA:239,0
DA:240,0
DA:242,0
DA:243,0
DA:247,2
DA:248,0
DA:249,0
DA:250,0
DA:252,0
DA:253,0
DA:254,0
DA:257,0
DA:258,0
DA:259,0
DA:260,0
DA:267,0
DA:268,0
DA:273,0
DA:275,0
DA:276,0
DA:280,2
DA:310,0
DA:326,0
DA:341,0
DA:357,0
DA:372,0
DA:391,0
DA:399,0
DA:410,0
DA:448,0
DA:454,0
DA:485,0
DA:489,0
DA:503,0
DA:514,0
DA:524,0
DA:535,0
DA:546,0
DA:558,0
DA:589,0
DA:597,0
DA:617,0
DA:648,0
DA:656,0
DA:676,0
LF:181
LH:61
BRDA:62,0,0,1
BRDA:62,0,1,0
BRDA:63,1,0,1
BRDA:63,1,1,0
BRDA:64,2,0,1
BRDA:64,2,1,0
BRDA:65,3,0,1
BRDA:65,3,1,0
BRDA:67,4,0,1
BRDA:67,4,1,0
BRDA:69,5,0,1
BRDA:69,5,1,0
BRDA:71,6,0,0
BRDA:71,6,1,0
BRDA:85,7,0,0
BRDA:85,7,1,0
BRDA:99,8,0,0
BRDA:99,8,1,0
BRDA:100,9,0,0
BRDA:100,9,1,0
BRDA:101,10,0,0
BRDA:101,10,1,0
BRDA:103,11,0,0
BRDA:103,11,1,0
BRDA:106,12,0,0
BRDA:106,12,1,0
BRDA:129,13,0,0
BRDA:129,13,1,0
BRDA:145,14,0,0
BRDA:145,14,1,0
BRDA:145,15,0,0
BRDA:145,15,1,0
BRDA:145,15,2,0
BRDA:155,16,0,0
BRDA:155,16,1,0
BRDA:156,17,0,0
BRDA:156,17,1,0
BRDA:157,18,0,0
BRDA:157,18,1,0
BRDA:158,19,0,0
BRDA:158,19,1,0
BRDA:170,20,0,0
BRDA:170,20,1,0
BRDA:199,21,0,0
BRDA:199,21,1,0
BRDA:208,22,0,0
BRDA:208,22,1,0
BRDA:216,23,0,0
BRDA:216,23,1,0
BRDA:223,24,0,0
BRDA:223,24,1,0
BRDA:252,25,0,0
BRDA:252,25,1,0
BRDA:261,26,0,0
BRDA:261,26,1,0
BRDA:269,27,0,0
BRDA:269,27,1,0
BRDA:276,28,0,0
BRDA:276,28,1,0
BRDA:419,29,0,1
BRDA:419,29,1,1
BRDA:421,30,0,2
BRDA:421,30,1,1
BRDA:434,31,0,1
BRDA:434,31,1,1
BRDA:436,32,0,0
BRDA:436,32,1,1
BRDA:449,33,0,0
BRDA:449,33,1,0
BRDA:490,34,0,0
BRDA:490,34,1,0
BRDA:597,35,0,0
BRDA:597,35,1,0
BRDA:602,36,0,2
BRDA:602,36,1,0
BRDA:606,37,0,2
BRDA:606,37,1,0
BRDA:612,38,0,0
BRDA:612,38,1,0
BRDA:612,38,2,0
BRDA:656,39,0,0
BRDA:656,39,1,0
BRDA:661,40,0,2
BRDA:661,40,1,0
BRDA:665,41,0,2
BRDA:665,41,1,0
BRDA:671,42,0,0
BRDA:671,42,1,0
BRDA:671,42,2,0
BRF:89
BRH:17
end_of_record
TN:
SF:src/pages/commissioner/ManagePlayoffSettings.jsx
FN:27,ManagePlayoffSettings
FN:41,(anonymous_1)
FN:52,(anonymous_2)
FN:59,(anonymous_3)
FN:63,(anonymous_4)
FN:66,(anonymous_5)
FN:69,(anonymous_6)
FN:73,(anonymous_7)
FN:74,(anonymous_8)
FN:74,(anonymous_9)
FN:77,(anonymous_10)
FN:85,(anonymous_11)
FN:102,(anonymous_12)
FN:115,(anonymous_13)
FN:145,(anonymous_14)
FN:157,(anonymous_15)
FN:178,(anonymous_16)
FN:208,(anonymous_17)
FN:209,(anonymous_18)
FN:221,(anonymous_19)
FN:229,(anonymous_20)
FN:237,(anonymous_21)
FN:252,(anonymous_22)
FN:257,(anonymous_23)
FNF:24
FNH:16
FNDA:11,ManagePlayoffSettings
FNDA:3,(anonymous_1)
FNDA:3,(anonymous_2)
FNDA:0,(anonymous_3)
FNDA:3,(anonymous_4)
FNDA:1,(anonymous_5)
FNDA:1,(anonymous_6)
FNDA:1,(anonymous_7)
FNDA:1,(anonymous_8)
FNDA:1,(anonymous_9)
FNDA:0,(anonymous_10)
FNDA:1,(anonymous_11)
FNDA:0,(anonymous_12)
FNDA:48,(anonymous_13)
FNDA:0,(anonymous_14)
FNDA:0,(anonymous_15)
FNDA:0,(anonymous_16)
FNDA:3,(anonymous_17)
FNDA:5,(anonymous_18)
FNDA:0,(anonymous_19)
FNDA:0,(anonymous_20)
FNDA:1,(anonymous_21)
FNDA:1,(anonymous_22)
FNDA:45,(anonymous_23)
DA:18,1
DA:28,11
DA:30,11
DA:31,11
DA:32,11
DA:33,11
DA:34,11
DA:36,11
DA:37,11
DA:38,11
DA:39,11
DA:41,11
DA:42,3
DA:43,0
DA:44,0
DA:45,0
DA:46,0
DA:49,3
DA:50,3
DA:53,3
DA:54,3
DA:55,3
DA:56,3
DA:57,3
DA:60,0
DA:61,0
DA:63,3
DA:66,11
DA:67,1
DA:68,1
DA:69,1
DA:70,1
DA:73,11
DA:74,1
DA:77,11
DA:78,0
DA:79,0
DA:80,0
DA:81,0
DA:82,0
DA:85,11
DA:86,1
DA:87,1
DA:88,1
DA:89,1
DA:90,1
DA:96,1
DA:97,1
DA:98,1
DA:100,0
DA:101,0
DA:102,0
DA:104,0
DA:105,0
DA:107,1
DA:111,11
DA:112,3
DA:115,48
DA:117,8
DA:145,0
DA:157,0
DA:178,0
DA:209,5
DA:210,3
DA:211,3
DA:221,0
DA:229,0
DA:237,1
DA:252,1
DA:258,45
LF:70
LH:49
BRDA:42,0,0,0
BRDA:42,0,1,3
BRDA:53,1,0,3
BRDA:53,1,1,0
BRDA:54,2,0,3
BRDA:54,2,1,0
BRDA:57,3,0,3
BRDA:57,3,1,0
BRDA:67,4,0,0
BRDA:67,4,1,1
BRDA:68,5,0,0
BRDA:68,5,1,1
BRDA:80,6,0,0
BRDA:80,6,1,0
BRDA:80,7,0,0
BRDA:80,7,1,0
BRDA:86,8,0,0
BRDA:86,8,1,1
BRDA:91,9,0,1
BRDA:91,9,1,0
BRDA:101,10,0,0
BRDA:101,10,1,0
BRDA:102,11,0,0
BRDA:102,11,1,0
BRDA:103,12,0,0
BRDA:103,12,1,0
BRDA:111,13,0,3
BRDA:111,13,1,8
BRDA:203,14,0,8
BRDA:203,14,1,6
BRDA:210,15,0,3
BRDA:210,15,1,0
BRDA:248,16,0,11
BRDA:248,16,1,8
BRDA:276,17,0,11
BRDA:276,17,1,1
BRDA:279,18,0,1
BRDA:279,18,1,0
BRDA:293,19,0,11
BRDA:293,19,1,7
BRDA:297,20,0,1
BRDA:297,20,1,7
BRF:42
BRH:22
end_of_record
TN:
SF:src/pages/commissioner/ManageTrades.jsx
FN:46,(anonymous_0)
FN:49,(anonymous_1)
FN:59,(anonymous_2)
FN:66,TradeWindowSettings
FN:74,(anonymous_4)
FN:94,(anonymous_5)
FN:96,(anonymous_6)
FN:97,(anonymous_7)
FN:102,(anonymous_8)
FN:167,(anonymous_9)
FN:178,(anonymous_10)
FN:188,(anonymous_11)
FN:190,(anonymous_12)
FN:200,(anonymous_13)
FN:235,TradeDetailDrawer
FN:243,(anonymous_15)
FN:249,(anonymous_16)
FN:250,(anonymous_17)
FN:251,(anonymous_18)
FN:258,(anonymous_19)
FN:312,(anonymous_20)
FN:316,(anonymous_21)
FN:332,(anonymous_22)
FN:354,(anonymous_23)
FN:369,(anonymous_24)
FN:377,(anonymous_25)
FN:392,ManageTrades
FN:399,(anonymous_27)
FN:418,(anonymous_28)
FN:420,(anonymous_29)
FN:421,(anonymous_30)
FN:421,(anonymous_31)
FN:465,(anonymous_32)
FN:475,(anonymous_33)
FN:493,(anonymous_34)
FNF:35
FNH:6
FNDA:0,(anonymous_0)
FNDA:0,(anonymous_1)
FNDA:0,(anonymous_2)
FNDA:2,TradeWindowSettings
FNDA:1,(anonymous_4)
FNDA:1,(anonymous_5)
FNDA:0,(anonymous_6)
FNDA:0,(anonymous_7)
FNDA:0,(anonymous_8)
FNDA:0,(anonymous_9)
FNDA:0,(anonymous_10)
FNDA:0,(anonymous_11)
FNDA:0,(anonymous_12)
FNDA:0,(anonymous_13)
FNDA:0,TradeDetailDrawer
FNDA:0,(anonymous_15)
FNDA:0,(anonymous_16)
FNDA:0,(anonymous_17)
FNDA:0,(anonymous_18)
FNDA:0,(anonymous_19)
FNDA:0,(anonymous_20)
FNDA:0,(anonymous_21)
FNDA:0,(anonymous_22)
FNDA:0,(anonymous_23)
FNDA:0,(anonymous_24)
FNDA:0,(anonymous_25)
FNDA:2,ManageTrades
FNDA:1,(anonymous_27)
FNDA:1,(anonymous_28)
FNDA:0,(anonymous_29)
FNDA:0,(anonymous_30)
FNDA:0,(anonymous_31)
FNDA:0,(anonymous_32)
FNDA:0,(anonymous_33)
FNDA:0,(anonymous_34)
DA:35,1
DA:46,1
DA:47,0
DA:48,0
DA:50,0
DA:51,0
DA:52,0
DA:53,0
DA:54,0
DA:59,1
DA:60,0
DA:61,0
DA:67,2
DA:68,2
DA:69,2
DA:70,2
DA:71,2
DA:72,2
DA:74,2
DA:75,1
DA:76,0
DA:77,0
DA:78,0
DA:79,0
DA:80,0
DA:81,0
DA:88,0
DA:90,0
DA:94,2
DA:96,2
DA:97,0
DA:98,0
DA:99,0
DA:102,2
DA:103,0
DA:104,0
DA:105,0
DA:106,0
DA:107,0
DA:108,0
DA:110,0
DA:111,0
DA:112,0
DA:118,0
DA:119,0
DA:121,0
DA:122,0
DA:124,0
DA:128,2
DA:134,2
DA:167,0
DA:178,0
DA:188,0
DA:191,0
DA:200,0
DA:236,0
DA:237,0
DA:238,0
DA:239,0
DA:240,0
DA:241,0
DA:243,0
DA:244,0
DA:245,0
DA:246,0
DA:247,0
DA:248,0
DA:249,0
DA:250,0
DA:252,0
DA:253,0
DA:254,0
DA:258,0
DA:259,0
DA:260,0
DA:261,0
DA:262,0
DA:263,0
DA:265,0
DA:267,0
DA:268,0
DA:270,0
DA:271,0
DA:273,0
DA:277,0
DA:313,0
DA:317,0
DA:333,0
DA:354,0
DA:369,0
DA:377,0
DA:393,2
DA:394,2
DA:395,2
DA:396,2
DA:397,2
DA:399,2
DA:400,1
DA:401,1
DA:402,1
DA:403,1
DA:404,1
DA:406,0
DA:407,0
DA:408,0
DA:409,0
DA:411,0
DA:412,0
DA:414,0
DA:418,2
DA:420,2
DA:421,0
DA:422,0
DA:425,2
DA:466,0
DA:475,0
DA:493,0
LF:117
LH:30
BRDA:46,0,0,0
BRDA:47,1,0,0
BRDA:47,1,1,0
BRDA:47,2,0,0
BRDA:47,2,1,0
BRDA:50,3,0,0
BRDA:50,3,1,0
BRDA:50,4,0,0
BRDA:50,4,1,0
BRDA:51,5,0,0
BRDA:51,5,1,0
BRDA:52,6,0,0
BRDA:52,6,1,0
BRDA:53,7,0,0
BRDA:53,7,1,0
BRDA:53,8,0,0
BRDA:53,8,1,0
BRDA:60,9,0,0
BRDA:60,9,1,0
BRDA:75,10,0,1
BRDA:75,10,1,0
BRDA:82,11,0,0
BRDA:82,11,1,0
BRDA:83,12,0,0
BRDA:83,12,1,0
BRDA:84,13,0,1
BRDA:84,13,1,0
BRDA:106,14,0,0
BRDA:106,14,1,0
BRDA:106,15,0,0
BRDA:106,15,1,0
BRDA:106,15,2,0
BRDA:113,16,0,0
BRDA:113,16,1,0
BRDA:114,17,0,0
BRDA:114,17,1,0
BRDA:122,18,0,0
BRDA:122,18,1,0
BRDA:128,19,0,0
BRDA:128,19,1,2
BRDA:129,20,0,0
BRDA:129,20,1,0
BRDA:138,21,0,2
BRDA:138,21,1,0
BRDA:141,22,0,0
BRDA:141,22,1,0
BRDA:143,23,0,0
BRDA:143,23,1,0
BRDA:149,24,0,2
BRDA:149,24,1,2
BRDA:150,25,0,2
BRDA:150,25,1,0
BRDA:150,25,2,0
BRDA:156,26,0,2
BRDA:156,26,1,0
BRDA:156,26,2,0
BRDA:201,27,0,0
BRDA:201,27,1,0
BRDA:203,28,0,0
BRDA:203,28,1,0
BRDA:206,29,0,0
BRDA:206,29,1,0
BRDA:211,30,0,0
BRDA:211,30,1,0
BRDA:216,31,0,0
BRDA:216,31,1,0
BRDA:224,32,0,0
BRDA:224,32,1,0
BRDA:244,33,0,0
BRDA:244,33,1,0
BRDA:253,34,0,0
BRDA:253,34,1,0
BRDA:262,35,0,0
BRDA:262,35,1,0
BRDA:271,36,0,0
BRDA:271,36,1,0
BRDA:294,37,0,0
BRDA:294,37,1,0
BRDA:295,38,0,0
BRDA:295,38,1,0
BRDA:295,38,2,0
BRDA:297,39,0,0
BRDA:297,39,1,0
BRDA:297,39,2,0
BRDA:302,40,0,0
BRDA:302,40,1,0
BRDA:307,41,0,0
BRDA:307,41,1,0
BRDA:316,42,0,0
BRDA:316,42,1,0
BRDA:318,43,0,0
BRDA:318,43,1,0
BRDA:318,43,2,0
BRDA:319,44,0,0
BRDA:319,44,1,0
BRDA:319,45,0,0
BRDA:319,45,1,0
BRDA:320,46,0,0
BRDA:320,46,1,0
BRDA:320,47,0,0
BRDA:320,47,1,0
BRDA:322,48,0,0
BRDA:322,48,1,0
BRDA:322,48,2,0
BRDA:328,49,0,0
BRDA:328,49,1,0
BRDA:334,50,0,0
BRDA:334,50,1,0
BRDA:334,50,2,0
BRDA:336,51,0,0
BRDA:336,51,1,0
BRDA:358,52,0,0
BRDA:358,52,1,0
BRDA:371,53,0,0
BRDA:371,53,1,0
BRDA:379,54,0,0
BRDA:379,54,1,0
BRDA:400,55,0,1
BRDA:400,55,1,0
BRDA:422,56,0,0
BRDA:422,56,1,0
BRDA:442,57,0,2
BRDA:442,57,1,1
BRDA:448,58,0,1
BRDA:448,58,1,1
BRDA:450,59,0,1
BRDA:450,59,1,0
BRDA:467,60,0,0
BRDA:467,60,1,0
BRDA:468,61,0,0
BRDA:468,61,1,0
BRDA:489,62,0,2
BRDA:489,62,1,0
BRF:133
BRH:15
end_of_record
TN:
SF:src/pages/commissioner/ManageWaiverRules.jsx
FN:25,ManageWaiverRules
FN:40,(anonymous_1)
FN:48,fetchWaiverSettings
FN:72,(anonymous_3)
FN:90,(anonymous_4)
FN:107,(anonymous_5)
FN:166,(anonymous_6)
FN:181,(anonymous_7)
FN:193,(anonymous_8)
FN:209,(anonymous_9)
FN:229,(anonymous_10)
FN:276,(anonymous_11)
FN:310,(anonymous_12)
FNF:13
FNH:12
FNDA:16,ManageWaiverRules
FNDA:3,(anonymous_1)
FNDA:3,fetchWaiverSettings
FNDA:3,(anonymous_3)
FNDA:4,(anonymous_4)
FNDA:1,(anonymous_5)
FNDA:1,(anonymous_6)
FNDA:1,(anonymous_7)
FNDA:1,(anonymous_8)
FNDA:1,(anonymous_9)
FNDA:1,(anonymous_10)
FNDA:0,(anonymous_11)
FNDA:1,(anonymous_12)
DA:26,16
DA:27,16
DA:28,16
DA:29,16
DA:30,16
DA:31,16
DA:32,16
DA:33,16
DA:34,16
DA:35,16
DA:36,16
DA:37,16
DA:40,16
DA:41,3
DA:42,0
DA:43,0
DA:44,0
DA:45,0
DA:49,3
DA:50,3
DA:51,3
DA:52,3
DA:53,3
DA:58,3
DA:59,3
DA:61,0
DA:65,3
DA:66,3
DA:67,3
DA:72,16
DA:73,3
DA:74,0
DA:75,0
DA:78,3
DA:79,3
DA:80,3
DA:81,3
DA:85,3
DA:90,16
DA:91,4
DA:92,0
DA:93,0
DA:95,4
DA:96,4
DA:97,4
DA:98,4
DA:100,0
DA:102,4
DA:107,16
DA:108,1
DA:109,1
DA:110,0
DA:111,0
DA:113,1
DA:114,1
DA:115,1
DA:117,1
DA:118,1
DA:119,1
DA:130,1
DA:131,1
DA:132,1
DA:134,0
DA:136,1
DA:140,16
DA:166,1
DA:181,1
DA:193,1
DA:209,1
DA:229,1
DA:277,0
DA:311,1
LF:72
LH:58
BRDA:41,0,0,0
BRDA:41,0,1,3
BRDA:51,1,0,3
BRDA:51,1,1,0
BRDA:52,2,0,2
BRDA:52,2,1,1
BRDA:54,3,0,2
BRDA:54,3,1,1
BRDA:58,4,0,3
BRDA:58,4,1,1
BRDA:59,5,0,3
BRDA:59,5,1,1
BRDA:73,6,0,0
BRDA:73,6,1,3
BRDA:81,7,0,3
BRDA:81,7,1,0
BRDA:91,8,0,0
BRDA:91,8,1,4
BRDA:98,9,0,4
BRDA:98,9,1,0
BRDA:109,10,0,0
BRDA:109,10,1,1
BRDA:118,11,0,1
BRDA:118,11,1,0
BRDA:122,12,0,1
BRDA:122,12,1,0
BRDA:123,13,0,1
BRDA:123,13,1,0
[...]
FNDA:6,(anonymous_73)
FNDA:4,(anonymous_74)
FNDA:6,(anonymous_75)
FNDA:4,(anonymous_76)
FNDA:6,(anonymous_77)
FNDA:4,(anonymous_78)
FNDA:6,(anonymous_79)
FNDA:4,(anonymous_80)
FNDA:6,(anonymous_81)
FNDA:4,(anonymous_82)
FNDA:4,(anonymous_83)
FNDA:24,(anonymous_84)
FNDA:4,(anonymous_85)
FNDA:4,(anonymous_86)
FNDA:2,(anonymous_87)
FNDA:0,(anonymous_88)
FNDA:0,(anonymous_89)
FNDA:0,(anonymous_90)
FNDA:0,(anonymous_91)
FNDA:0,(anonymous_92)
FNDA:0,(anonymous_93)
FNDA:0,(anonymous_94)
FNDA:0,(anonymous_95)
FNDA:0,(anonymous_96)
FNDA:0,(anonymous_97)
FNDA:0,(anonymous_98)
FNDA:0,(anonymous_99)
FNDA:0,(anonymous_100)
FNDA:0,(anonymous_101)
FNDA:0,(anonymous_102)
FNDA:0,(anonymous_103)
FNDA:0,(anonymous_104)
FNDA:0,(anonymous_105)
FNDA:0,(anonymous_106)
FNDA:0,(anonymous_107)
FNDA:1,(anonymous_108)
FNDA:1,(anonymous_109)
FNDA:0,(anonymous_110)
FNDA:0,(anonymous_111)
FNDA:0,(anonymous_112)
FNDA:0,(anonymous_113)
FNDA:0,(anonymous_114)
FNDA:0,(anonymous_115)
FNDA:0,(anonymous_116)
FNDA:0,(anonymous_117)
FNDA:0,(anonymous_118)
FNDA:0,(anonymous_119)
FNDA:0,(anonymous_120)
FNDA:0,(anonymous_121)
FNDA:0,(anonymous_122)
FNDA:0,(anonymous_123)
FNDA:0,(anonymous_124)
FNDA:108,(anonymous_125)
FNDA:0,(anonymous_126)
FNDA:0,(anonymous_127)
FNDA:0,(anonymous_128)
FNDA:0,(anonymous_129)
FNDA:0,(anonymous_130)
FNDA:0,(anonymous_131)
FNDA:0,(anonymous_132)
FNDA:36,(anonymous_133)
FNDA:0,(anonymous_134)
FNDA:0,(anonymous_135)
FNDA:0,(anonymous_136)
FNDA:0,(anonymous_137)
FNDA:0,(anonymous_138)
FNDA:0,(anonymous_139)
FNDA:0,(anonymous_140)
FNDA:0,(anonymous_141)
FNDA:0,(anonymous_142)
FNDA:3,(anonymous_143)
FNDA:0,(anonymous_144)
FNDA:0,(anonymous_145)
FNDA:0,(anonymous_146)
FNDA:1,(anonymous_147)
FNDA:3,(anonymous_148)
FNDA:0,(anonymous_149)
FNDA:0,(anonymous_150)
FNDA:0,(anonymous_151)
FNDA:1,(anonymous_152)
DA:47,1
DA:48,1
DA:49,1
DA:50,1
DA:51,1
DA:61,1
DA:70,1
DA:72,1
DA:82,1
DA:83,16
DA:84,16
DA:85,16
DA:88,1
DA:89,17
DA:90,17
DA:93,1
DA:94,10
DA:97,10
DA:100,1
DA:101,6
DA:102,6
DA:104,6
DA:105,42
DA:106,42
DA:107,42
DA:108,42
DA:113,6
DA:114,42
DA:116,42
DA:119,42
DA:122,6
DA:125,1
DA:126,2
DA:136,2
DA:137,14
DA:140,2
DA:141,0
DA:142,0
DA:143,0
DA:144,0
DA:145,0
DA:147,0
DA:151,2
DA:154,1
DA:155,2
DA:156,2
DA:158,2
DA:168,2
DA:170,2
DA:178,1
DA:179,0
DA:181,1
DA:182,0
DA:184,1
DA:185,6
DA:186,6
DA:193,6
DA:194,6
DA:196,6
DA:197,4
DA:198,0
DA:200,4
DA:204,6
DA:206,4
DA:207,0
DA:209,4
DA:210,0
DA:212,4
DA:213,0
DA:215,4
DA:216,0
DA:218,4
DA:219,0
DA:221,4
DA:222,0
DA:225,6
DA:226,6
DA:227,6
DA:229,6
DA:230,42
DA:232,36
DA:233,42
DA:234,4
DA:235,4
DA:236,4
DA:240,6
DA:245,4
DA:246,0
DA:248,6
DA:249,6
DA:250,6
DA:254,0
DA:259,0
DA:260,0
DA:263,6
DA:265,6
DA:266,42
DA:270,6
DA:271,6
DA:272,6
DA:273,6
DA:274,0
DA:276,6
DA:277,42
DA:278,42
DA:279,42
DA:280,42
DA:281,42
DA:285,42
DA:286,0
DA:292,6
DA:303,1
DA:304,12
DA:305,0
DA:306,0
DA:307,0
DA:308,0
DA:309,0
DA:310,0
DA:311,0
DA:316,10
DA:318,10
DA:319,10
DA:320,10
DA:321,10
DA:322,10
DA:323,10
DA:324,10
DA:325,10
DA:326,10
DA:327,10
DA:329,10
DA:330,10
DA:331,10
DA:332,10
DA:333,10
DA:334,10
DA:335,10
DA:338,10
DA:345,10
DA:346,10
DA:349,10
DA:350,10
DA:353,10
DA:354,10
DA:355,10
DA:356,10
DA:358,10
DA:359,10
DA:362,10
DA:364,10
DA:365,10
DA:367,4
DA:368,4
DA:369,0
DA:376,10
DA:377,0
DA:378,0
DA:379,0
DA:380,0
DA:381,0
DA:385,10
DA:386,20
DA:387,0
DA:388,0
DA:389,0
DA:390,0
DA:391,0
DA:392,0
DA:393,0
DA:396,10
DA:397,10
DA:398,10
DA:399,2
DA:401,2
DA:402,2
DA:403,2
DA:404,2
DA:405,2
DA:406,2
DA:407,2
DA:408,2
DA:409,2
DA:410,2
DA:411,2
DA:412,2
DA:414,0
DA:415,0
DA:416,0
DA:417,0
DA:418,0
DA:419,0
DA:421,0
DA:424,10
DA:426,2
DA:427,2
DA:428,2
DA:429,2
DA:430,2
DA:431,2
DA:432,2
DA:433,2
DA:434,2
DA:435,2
DA:436,2
DA:437,2
DA:439,2
DA:440,2
DA:443,2
DA:445,0
DA:446,0
DA:448,0
DA:449,0
DA:450,0
DA:457,2
DA:459,2
DA:467,2
DA:468,2
DA:469,2
DA:470,2
DA:474,0
DA:475,0
DA:482,0
DA:483,0
DA:484,0
DA:485,0
DA:486,0
DA:487,0
DA:488,0
DA:491,2
DA:494,10
DA:495,4
DA:497,2
DA:498,0
DA:499,0
DA:502,2
DA:503,0
DA:504,0
DA:508,2
DA:509,2
DA:510,2
DA:512,2
DA:513,2
DA:514,2
DA:515,2
DA:520,10
DA:521,10
DA:522,10
DA:528,10
DA:530,6
DA:538,10
DA:539,6
DA:540,0
DA:544,6
DA:545,6
DA:546,6
DA:548,10
DA:550,10
DA:553,10
DA:554,4
DA:556,4
DA:559,4
DA:560,4
DA:561,4
DA:566,4
DA:573,4
DA:574,4
DA:575,4
DA:576,4
DA:578,4
DA:581,0
DA:582,0
DA:584,4
DA:588,10
DA:589,2
DA:593,10
DA:594,36
DA:598,10
DA:600,12
DA:601,12
DA:602,12
DA:603,0
DA:604,0
DA:605,0
DA:607,0
DA:608,0
DA:611,0
DA:612,0
DA:620,10
DA:621,6
DA:622,0
DA:624,6
DA:627,10
DA:628,6
DA:629,0
DA:631,6
DA:635,10
DA:637,10
DA:640,6
DA:641,4
DA:643,6
DA:644,36
DA:647,6
DA:648,0
DA:649,0
DA:650,0
DA:654,6
DA:656,6
DA:658,6
DA:661,6
DA:666,6
DA:667,6
DA:668,6
DA:669,6
DA:670,6
DA:672,6
DA:673,0
DA:674,0
DA:677,6
DA:679,36
DA:680,36
DA:683,36
DA:686,36
DA:687,36
DA:690,36
DA:692,36
DA:693,36
DA:694,36
DA:696,36
DA:697,36
DA:698,36
DA:699,36
DA:702,36
DA:703,0
DA:704,0
DA:707,36
DA:716,6
DA:717,6
DA:718,6
DA:719,6
DA:720,6
DA:724,6
DA:743,10
DA:744,0
DA:745,0
DA:749,10
DA:750,6
DA:751,36
DA:755,10
DA:756,6
DA:760,10
DA:761,6
DA:766,10
DA:768,10
DA:769,6
DA:770,4
DA:772,4
DA:773,4
DA:777,10
DA:779,6
DA:780,4
DA:785,10
DA:787,6
DA:788,4
DA:793,10
DA:794,6
DA:797,10
DA:798,6
DA:802,10
DA:803,4
DA:805,24
DA:806,24
DA:809,24
DA:814,10
DA:815,4
DA:816,4
DA:817,4
DA:818,2
DA:819,2
DA:824,0
DA:825,0
DA:827,2
DA:829,4
DA:832,4
DA:833,0
DA:841,10
DA:843,0
DA:844,0
DA:845,0
DA:846,0
DA:847,0
DA:849,0
DA:850,0
DA:851,0
DA:855,0
DA:857,0
DA:858,0
DA:862,0
DA:866,0
DA:868,0
DA:869,0
DA:876,0
DA:877,0
DA:879,0
DA:881,0
DA:882,0
DA:883,0
DA:893,10
DA:894,0
DA:896,0
DA:898,0
DA:899,0
DA:901,0
DA:902,0
DA:903,0
DA:904,0
DA:907,0
DA:915,0
DA:916,0
DA:922,10
DA:924,0
DA:925,0
DA:930,10
DA:932,0
DA:933,0
DA:934,0
DA:939,10
DA:940,0
DA:941,0
DA:942,0
DA:943,0
DA:947,0
DA:950,0
DA:951,0
DA:954,0
DA:955,0
DA:957,0
DA:958,0
DA:959,0
DA:965,0
DA:968,0
DA:971,0
DA:973,0
DA:978,0
DA:983,0
DA:987,0
DA:991,0
DA:993,0
DA:994,0
DA:995,0
DA:996,0
DA:998,0
DA:1004,0
DA:1009,10
DA:1010,0
DA:1011,0
DA:1012,0
DA:1014,0
DA:1015,0
DA:1016,0
DA:1019,0
DA:1021,0
DA:1022,0
DA:1027,0
DA:1032,10
DA:1033,1
DA:1034,1
DA:1035,1
DA:1036,1
DA:1039,0
DA:1043,10
DA:1044,1
DA:1045,1
DA:1046,1
DA:1047,1
DA:1050,0
DA:1059,10
DA:1060,4
DA:1065,6
DA:1066,6
DA:1073,6
DA:1075,6
DA:1078,6
DA:1079,6
DA:1088,6
DA:1097,0
DA:1101,0
DA:1103,0
DA:1116,0
DA:1136,0
DA:1190,0
DA:1200,0
DA:1210,0
DA:1227,0
DA:1301,0
DA:1392,0
DA:1423,0
DA:1436,0
DA:1451,0
DA:1491,0
DA:1496,108
DA:1502,0
DA:1510,0
DA:1571,0
DA:1602,0
DA:1621,0
DA:1657,0
DA:1658,0
DA:1670,36
DA:1671,36
DA:1672,36
DA:1673,0
DA:1676,36
DA:1679,36
DA:1682,36
DA:1685,36
DA:1692,0
DA:1713,0
DA:1714,0
DA:1717,0
DA:1721,0
DA:1722,0
DA:1759,0
DA:1760,0
DA:1772,3
DA:1777,0
DA:1778,0
DA:1780,0
DA:1781,0
DA:1806,1
DA:1807,1
DA:1828,3
DA:1833,0
DA:1834,0
DA:1836,0
DA:1837,0
DA:1863,1
DA:1864,1
LF:538
LH:334
BRDA:84,0,0,0
BRDA:84,0,1,16
BRDA:89,1,0,0
BRDA:89,1,1,17
BRDA:89,2,0,17
BRDA:89,2,1,17
BRDA:95,3,0,10
BRDA:95,3,1,0
BRDA:95,3,2,0
BRDA:95,3,3,0
BRDA:97,4,0,10
BRDA:97,4,1,0
BRDA:102,5,0,0
BRDA:102,5,1,6
BRDA:102,6,0,6
BRDA:102,6,1,6
BRDA:106,7,0,42
BRDA:106,7,1,0
BRDA:109,8,0,42
BRDA:109,8,1,0
BRDA:109,9,0,42
BRDA:109,9,1,42
BRDA:116,10,0,0
BRDA:116,10,1,42
BRDA:116,11,0,42
BRDA:116,11,1,0
BRDA:127,12,0,2
BRDA:127,12,1,0
BRDA:128,13,0,2
BRDA:128,13,1,0
BRDA:129,14,0,2
BRDA:129,14,1,0
BRDA:130,15,0,2
BRDA:130,15,1,0
BRDA:131,16,0,2
BRDA:131,16,1,0
BRDA:132,17,0,2
BRDA:132,17,1,0
BRDA:133,18,0,2
BRDA:133,18,1,0
BRDA:137,19,0,14
BRDA:137,19,1,0
BRDA:140,20,0,0
BRDA:140,20,1,2
BRDA:143,21,0,0
BRDA:143,21,1,0
BRDA:147,22,0,0
BRDA:147,22,1,0
BRDA:155,23,0,2
BRDA:155,23,1,0
BRDA:155,24,0,2
BRDA:155,24,1,2
BRDA:156,25,0,2
BRDA:156,25,1,2
BRDA:159,26,0,2
BRDA:159,26,1,2
BRDA:159,26,2,2
BRDA:160,27,0,2
BRDA:160,27,1,2
BRDA:160,27,2,2
BRDA:161,28,0,2
BRDA:161,28,1,2
BRDA:161,28,2,2
BRDA:162,29,0,2
BRDA:162,29,1,2
BRDA:162,29,2,2
BRDA:163,30,0,2
BRDA:163,30,1,2
BRDA:163,30,2,2
BRDA:164,31,0,2
BRDA:164,31,1,2
BRDA:164,31,2,2
BRDA:165,32,0,2
BRDA:165,32,1,2
BRDA:165,32,2,2
BRDA:174,33,0,2
BRDA:174,33,1,2
BRDA:179,34,0,0
BRDA:179,34,1,0
BRDA:182,35,0,0
BRDA:182,35,1,0
BRDA:186,36,0,6
BRDA:186,36,1,0
BRDA:190,37,0,4
BRDA:190,37,1,4
BRDA:197,38,0,0
BRDA:197,38,1,4
BRDA:197,39,0,4
BRDA:197,39,1,0
BRDA:230,40,0,6
BRDA:230,40,1,36
BRDA:230,41,0,42
BRDA:230,41,1,36
BRDA:232,42,0,36
BRDA:232,42,1,0
BRDA:233,43,0,42
BRDA:233,43,1,40
BRDA:236,44,0,4
BRDA:236,44,1,4
BRDA:241,45,0,6
BRDA:241,45,1,0
BRDA:242,46,0,6
BRDA:242,46,1,0
BRDA:243,47,0,6
BRDA:243,47,1,0
BRDA:248,48,0,6
BRDA:248,48,1,0
BRDA:251,49,0,6
BRDA:251,49,1,6
BRDA:260,50,0,0
BRDA:260,50,1,0
BRDA:266,51,0,42
BRDA:266,51,1,0
BRDA:271,52,0,6
BRDA:271,52,1,0
BRDA:273,53,0,0
BRDA:273,53,1,6
BRDA:277,54,0,42
BRDA:277,54,1,0
BRDA:278,55,0,0
BRDA:278,55,1,42
BRDA:279,56,0,42
BRDA:279,56,1,38
BRDA:280,57,0,42
BRDA:280,57,1,0
BRDA:282,58,0,6
BRDA:282,58,1,36
BRDA:285,59,0,0
BRDA:285,59,1,42
BRDA:287,60,0,0
BRDA:287,60,1,0
BRDA:304,61,0,12
BRDA:304,61,1,0
BRDA:307,62,0,0
BRDA:307,62,1,0
BRDA:307,63,0,0
BRDA:307,63,1,0
BRDA:308,64,0,0
BRDA:308,64,1,0
BRDA:310,65,0,0
BRDA:310,65,1,0
BRDA:311,66,0,0
BRDA:311,66,1,0
BRDA:311,67,0,0
BRDA:311,67,1,0
BRDA:316,68,0,10
BRDA:316,68,1,0
BRDA:364,69,0,10
BRDA:364,69,1,0
BRDA:367,70,0,4
BRDA:367,70,1,0
BRDA:369,71,0,4
BRDA:369,71,1,4
BRDA:379,72,0,0
BRDA:379,72,1,0
BRDA:386,73,0,20
BRDA:386,73,1,0
BRDA:388,74,0,0
BRDA:388,74,1,0
BRDA:390,75,0,0
BRDA:390,75,1,0
BRDA:398,76,0,2
BRDA:399,77,0,2
BRDA:403,78,0,2
BRDA:403,78,1,2
BRDA:405,79,0,2
BRDA:405,79,1,2
BRDA:406,80,0,2
BRDA:406,80,1,2
BRDA:407,81,0,2
BRDA:407,81,1,2
BRDA:414,82,0,0
BRDA:414,82,1,0
BRDA:434,83,0,2
BRDA:434,83,1,0
BRDA:437,84,0,2
BRDA:437,84,1,2
BRDA:443,85,0,0
BRDA:443,85,1,2
BRDA:448,86,0,0
BRDA:448,86,1,0
BRDA:449,87,0,0
BRDA:449,87,1,0
BRDA:467,88,0,2
BRDA:467,88,1,0
BRDA:468,89,0,2
BRDA:468,89,1,0
BRDA:495,90,0,2
BRDA:495,90,1,2
BRDA:498,91,0,0
BRDA:498,91,1,0
BRDA:503,92,0,0
BRDA:503,92,1,0
BRDA:539,93,0,6
BRDA:539,93,1,0
BRDA:540,94,0,0
BRDA:540,94,1,0
BRDA:544,95,0,6
BRDA:544,95,1,0
BRDA:545,96,0,6
BRDA:545,96,1,0
BRDA:554,97,0,4
BRDA:554,97,1,0
BRDA:561,98,0,0
BRDA:561,98,1,4
BRDA:563,99,0,4
BRDA:563,99,1,0
BRDA:568,100,0,4
BRDA:568,100,1,0
BRDA:569,101,0,4
BRDA:569,101,1,0
BRDA:571,102,0,4
BRDA:571,102,1,0
BRDA:576,103,0,4
BRDA:576,103,1,0
BRDA:601,104,0,12
BRDA:601,104,1,0
BRDA:606,105,0,0
BRDA:606,105,1,0
BRDA:606,106,0,0
BRDA:606,106,1,0
BRDA:607,107,0,0
BRDA:607,107,1,0
BRDA:621,108,0,0
BRDA:621,108,1,6
BRDA:628,109,0,0
BRDA:628,109,1,6
BRDA:641,110,0,4
BRDA:641,110,1,0
BRDA:649,111,0,0
BRDA:649,111,1,0
BRDA:658,112,0,6
BRDA:658,112,1,0
BRDA:659,113,0,6
BRDA:659,113,1,0
BRDA:660,114,0,6
BRDA:660,114,1,0
BRDA:663,115,0,6
BRDA:663,115,1,0
BRDA:668,116,0,6
BRDA:668,116,1,0
BRDA:668,117,0,6
BRDA:668,117,1,6
BRDA:672,118,0,0
BRDA:672,118,1,6
BRDA:679,119,0,36
BRDA:679,119,1,0
BRDA:681,120,0,36
BRDA:681,120,1,0
BRDA:683,121,0,36
BRDA:683,121,1,0
BRDA:686,122,0,36
BRDA:686,122,1,0
BRDA:688,123,0,36
BRDA:688,123,1,0
BRDA:692,124,0,0
BRDA:692,124,1,36
BRDA:692,125,0,36
BRDA:692,125,1,36
BRDA:696,126,0,36
BRDA:696,126,1,0
BRDA:696,127,0,36
BRDA:696,127,1,36
BRDA:698,128,0,36
BRDA:698,128,1,0
BRDA:702,129,0,0
BRDA:702,129,1,36
BRDA:702,130,0,36
BRDA:702,130,1,36
BRDA:712,131,0,36
BRDA:712,131,1,36
BRDA:712,131,2,0
BRDA:716,132,0,6
BRDA:716,132,1,0
BRDA:717,133,0,6
BRDA:717,133,1,0
BRDA:717,134,0,6
BRDA:717,134,1,6
BRDA:719,135,0,6
BRDA:719,135,1,0
BRDA:732,136,0,6
BRDA:732,136,1,6
BRDA:732,136,2,6
BRDA:766,137,0,10
BRDA:766,137,1,6
BRDA:766,137,2,6
BRDA:769,138,0,2
BRDA:769,138,1,4
BRDA:772,139,0,4
BRDA:772,139,1,0
BRDA:773,140,0,4
BRDA:773,140,1,0
BRDA:805,141,0,24
BRDA:805,141,1,0
BRDA:807,142,0,24
BRDA:807,142,1,0
BRDA:809,143,0,24
BRDA:809,143,1,0
BRDA:819,144,0,0
BRDA:819,144,1,2
BRDA:820,145,0,2
BRDA:820,145,1,0
BRDA:820,145,2,0
BRDA:829,146,0,0
BRDA:829,146,1,4
BRDA:832,147,0,0
BRDA:832,147,1,4
BRDA:843,148,0,0
BRDA:843,148,1,0
BRDA:844,149,0,0
BRDA:844,149,1,0
BRDA:849,150,0,0
BRDA:849,150,1,0
BRDA:850,151,0,0
BRDA:850,151,1,0
BRDA:858,152,0,0
BRDA:858,152,1,0
BRDA:859,153,0,0
BRDA:859,153,1,0
BRDA:869,154,0,0
BRDA:869,154,1,0
BRDA:879,155,0,0
BRDA:879,155,1,0
BRDA:881,156,0,0
BRDA:881,156,1,0
BRDA:883,157,0,0
BRDA:883,157,1,0
BRDA:883,158,0,0
BRDA:883,158,1,0
BRDA:894,159,0,0
BRDA:894,159,1,0
BRDA:899,160,0,0
BRDA:899,160,1,0
BRDA:903,161,0,0
BRDA:903,161,1,0
BRDA:909,162,0,0
BRDA:909,162,1,0
BRDA:909,163,0,0
BRDA:909,163,1,0
BRDA:924,164,0,0
BRDA:924,164,1,0
BRDA:924,165,0,0
BRDA:924,165,1,0
BRDA:925,166,0,0
BRDA:925,166,1,0
BRDA:932,167,0,0
BRDA:932,167,1,0
BRDA:940,168,0,0
BRDA:940,168,1,0
BRDA:941,169,0,0
BRDA:941,169,1,0
BRDA:958,170,0,0
BRDA:958,170,1,0
BRDA:968,171,0,0
BRDA:968,171,1,0
BRDA:995,172,0,0
BRDA:995,172,1,0
BRDA:995,173,0,0
BRDA:995,173,1,0
BRDA:999,174,0,0
BRDA:999,174,1,0
BRDA:1059,175,0,4
BRDA:1059,175,1,6
BRDA:1065,176,0,0
BRDA:1065,176,1,6
BRDA:1078,177,0,0
BRDA:1078,177,1,6
BRDA:1105,178,0,6
BRDA:1105,178,1,0
BRDA:1110,179,0,0
BRDA:1110,179,1,0
BRDA:1111,180,0,0
BRDA:1111,180,1,0
BRDA:1112,181,0,0
BRDA:1112,181,1,0
BRDA:1113,182,0,0
BRDA:1113,182,1,0
BRDA:1128,183,0,0
BRDA:1128,183,1,0
BRDA:1130,184,0,0
BRDA:1130,184,1,0
BRDA:1152,185,0,0
BRDA:1152,185,1,0
BRDA:1156,186,0,0
BRDA:1156,186,1,0
BRDA:1163,187,0,0
BRDA:1163,187,1,0
BRDA:1167,188,0,0
BRDA:1167,188,1,0
BRDA:1174,189,0,0
BRDA:1174,189,1,0
BRDA:1190,190,0,0
BRDA:1190,190,1,0
BRDA:1200,191,0,0
BRDA:1200,191,1,0
BRDA:1210,192,0,0
BRDA:1210,192,1,0
BRDA:1218,193,0,0
BRDA:1218,193,1,6
BRDA:1252,194,0,10
BRDA:1252,194,1,6
BRDA:1252,194,2,0
BRDA:1252,194,3,0
BRDA:1260,195,0,10
BRDA:1260,195,1,0
BRDA:1265,196,0,10
BRDA:1265,196,1,0
BRDA:1271,197,0,10
BRDA:1271,197,1,0
BRDA:1271,197,2,0
BRDA:1276,198,0,10
BRDA:1276,198,1,0
BRDA:1276,198,2,0
BRDA:1281,199,0,10
BRDA:1281,199,1,0
BRDA:1291,200,0,10
BRDA:1291,200,1,0
BRDA:1308,201,0,0
BRDA:1308,201,1,0
BRDA:1312,202,0,0
BRDA:1312,202,1,0
BRDA:1316,203,0,0
BRDA:1316,203,1,0
BRDA:1316,203,2,0
BRDA:1319,204,0,0
BRDA:1319,204,1,0
BRDA:1319,204,2,0
BRDA:1322,205,0,0
BRDA:1322,205,1,0
BRDA:1322,205,2,0
BRDA:1324,206,0,0
BRDA:1324,206,1,0
BRDA:1325,207,0,0
BRDA:1325,207,1,0
BRDA:1343,208,0,0
BRDA:1343,208,1,0
BRDA:1353,209,0,0
BRDA:1353,209,1,0
BRDA:1362,210,0,0
BRDA:1362,210,1,0
BRDA:1374,211,0,0
BRDA:1374,211,1,0
BRDA:1374,212,0,0
BRDA:1374,212,1,0
BRDA:1395,213,0,0
BRDA:1395,213,1,0
BRDA:1415,214,0,10
BRDA:1415,214,1,0
BRDA:1415,214,2,0
BRDA:1447,215,0,10
BRDA:1447,215,1,4
BRDA:1457,216,0,0
BRDA:1457,216,1,6
BRDA:1465,217,0,0
BRDA:1465,217,1,6
BRDA:1504,218,0,0
BRDA:1504,218,1,6
BRDA:1512,219,0,6
BRDA:1512,219,1,0
BRDA:1518,220,0,10
BRDA:1518,220,1,6
BRDA:1523,221,0,6
BRDA:1523,221,1,6
BRDA:1523,221,2,6
BRDA:1528,222,0,6
BRDA:1528,222,1,0
BRDA:1528,223,0,6
BRDA:1528,223,1,6
BRDA:1528,223,2,6
BRDA:1535,224,0,0
BRDA:1535,224,1,6
BRDA:1538,225,0,10
BRDA:1538,225,1,6
BRDA:1538,225,2,0
BRDA:1542,226,0,0
BRDA:1542,226,1,0
BRDA:1547,227,0,0
BRDA:1547,227,1,0
BRDA:1557,228,0,10
BRDA:1557,228,1,0
BRDA:1584,229,0,0
BRDA:1584,229,1,0
BRDA:1634,230,0,0
BRDA:1634,230,1,0
BRDA:1643,231,0,10
BRDA:1643,231,1,0
BRDA:1653,232,0,10
BRDA:1653,232,1,6
BRDA:1676,233,0,36
BRDA:1676,233,1,0
BRDA:1676,233,2,0
BRDA:1676,234,0,36
BRDA:1676,234,1,36
BRDA:1676,235,0,36
BRDA:1676,235,1,0
BRDA:1679,236,0,36
BRDA:1679,236,1,0
BRDA:1682,237,0,36
BRDA:1682,237,1,0
BRDA:1696,238,0,36
BRDA:1696,238,1,0
BRDA:1701,239,0,36
BRDA:1701,239,1,0
BRDA:1710,240,0,36
BRDA:1710,240,1,36
BRDA:1720,241,0,0
BRDA:1720,241,1,0
BRDA:1724,242,0,0
BRDA:1724,242,1,0
BRDA:1742,243,0,0
BRDA:1742,243,1,0
BRDA:1776,244,0,3
BRDA:1776,244,1,3
BRDA:1780,245,0,0
BRDA:1780,245,1,0
BRDA:1780,246,0,0
BRDA:1780,246,1,0
BRDA:1784,247,0,0
BRDA:1784,247,1,3
BRDA:1802,248,0,3
BRDA:1802,248,1,3
BRDA:1802,248,2,3
BRDA:1815,249,0,3
BRDA:1815,249,1,0
BRDA:1822,250,0,6
BRDA:1822,250,1,3
BRDA:1832,251,0,3
BRDA:1832,251,1,3
BRDA:1836,252,0,0
BRDA:1836,252,1,0
BRDA:1836,253,0,0
BRDA:1836,253,1,0
BRDA:1840,254,0,0
BRDA:1840,254,1,3
BRDA:1859,255,0,3
BRDA:1859,255,1,3
BRDA:1859,255,2,3
BRDA:1872,256,0,3
BRDA:1872,256,1,0
BRF:539
BRH:232
end_of_record
TN:
SF:src/utils/constants.js
FNF:0
FNH:0
DA:4,1
DA:5,1
DA:8,1
DA:9,1
DA:12,1
DA:24,1
DA:25,1
LF:7
LH:7
BRF:0
BRH:0
end_of_record
TN:
SF:src/utils/draftBoardSort.js
FN:16,(anonymous_0)
FN:21,(anonymous_1)
FN:26,(anonymous_2)
FN:28,(anonymous_3)
FN:46,(anonymous_4)
FN:52,(anonymous_5)
FN:57,(anonymous_6)
FN:59,(anonymous_7)
FN:63,sortByDraftOrder
FN:64,(anonymous_9)
FN:75,sortByValue
FN:76,(anonymous_11)
FN:90,sortByPosition
FN:91,(anonymous_13)
FN:102,sortPlayersForMode
FNF:15
FNH:0
FNDA:0,(anonymous_0)
FNDA:0,(anonymous_1)
FNDA:0,(anonymous_2)
FNDA:0,(anonymous_3)
FNDA:0,(anonymous_4)
FNDA:0,(anonymous_5)
FNDA:0,(anonymous_6)
FNDA:0,(anonymous_7)
FNDA:0,sortByDraftOrder
FNDA:0,(anonymous_9)
FNDA:0,sortByValue
FNDA:0,(anonymous_11)
FNDA:0,sortByPosition
FNDA:0,(anonymous_13)
FNDA:0,sortPlayersForMode
DA:1,1
DA:10,1
DA:16,1
DA:17,0
DA:18,0
DA:21,1
DA:22,0
DA:23,0
DA:26,1
DA:28,1
DA:29,0
DA:36,0
DA:38,0
DA:41,0
DA:43,0
DA:46,1
DA:47,0
DA:52,1
DA:53,0
DA:54,0
DA:57,1
DA:59,1
DA:60,0
DA:64,0
DA:65,0
DA:66,0
DA:68,0
DA:69,0
DA:71,0
DA:76,0
DA:77,0
DA:78,0
DA:80,0
DA:81,0
DA:83,0
DA:84,0
DA:86,0
DA:91,0
DA:92,0
DA:93,0
DA:95,0
DA:96,0
DA:98,0
DA:103,0
DA:105,0
DA:107,0
DA:110,0
LF:47
LH:10
BRDA:16,0,0,0
BRDA:18,1,0,0
BRDA:18,1,1,0
BRDA:22,2,0,0
BRDA:22,2,1,0
BRDA:23,3,0,0
BRDA:23,3,1,0
BRDA:26,4,0,0
BRDA:26,4,1,0
BRDA:26,4,2,0
BRDA:30,5,0,0
BRDA:30,5,1,0
BRDA:30,5,2,0
BRDA:30,5,3,0
BRDA:36,6,0,0
BRDA:36,6,1,0
BRDA:39,7,0,0
BRDA:39,7,1,0
BRDA:39,7,2,0
BRDA:41,8,0,0
BRDA:41,8,1,0
BRDA:48,9,0,0
BRDA:48,9,1,0
BRDA:48,9,2,0
BRDA:48,9,3,0
BRDA:53,10,0,0
BRDA:53,10,1,0
BRDA:53,10,2,0
BRDA:54,11,0,0
BRDA:54,11,1,0
BRDA:63,12,0,0
BRDA:66,13,0,0
BRDA:66,13,1,0
BRDA:69,14,0,0
BRDA:69,14,1,0
BRDA:75,15,0,0
BRDA:78,16,0,0
BRDA:78,16,1,0
BRDA:81,17,0,0
BRDA:81,17,1,0
BRDA:84,18,0,0
BRDA:84,18,1,0
BRDA:90,19,0,0
BRDA:93,20,0,0
BRDA:93,20,1,0
BRDA:96,21,0,0
BRDA:96,21,1,0
BRDA:102,22,0,0
BRDA:102,23,0,0
BRDA:103,24,0,0
BRDA:103,24,1,0
BRDA:103,24,2,0
BRDA:103,24,3,0
BRF:53
BRH:0
end_of_record
TN:
SF:src/utils/draftHelpers.js
FN:5,(anonymous_0)
FN:8,(anonymous_1)
FN:15,(anonymous_2)
FN:17,(anonymous_3)
FNF:4
FNH:1
FNDA:0,(anonymous_0)
FNDA:9,(anonymous_1)
FNDA:0,(anonymous_2)
FNDA:0,(anonymous_3)
DA:5,1
DA:8,1
DA:15,9
DA:16,9
DA:17,0
DA:20,9
DA:21,9
DA:22,9
DA:25,9
DA:27,9
LF:10
LH:9
BRDA:5,0,0,0
BRDA:5,0,1,0
BRDA:11,1,0,9
BRDA:12,2,0,9
BRDA:13,3,0,9
BRDA:17,4,0,0
BRDA:17,4,1,0
BRDA:20,5,0,9
BRDA:20,5,1,9
BRDA:25,6,0,9
BRDA:25,6,1,0
BRF:11
BRH:6
end_of_record
TN:
SF:src/utils/draftWebSocket.js
FN:1,buildDraftWebSocketUrl
FNF:1
FNH:1
FNDA:5,buildDraftWebSocketUrl
DA:3,5
DA:7,5
DA:8,5
DA:9,5
DA:10,5
DA:11,5
DA:12,5
LF:7
LH:7
BRDA:3,0,0,5
BRDA:3,0,1,5
BRDA:3,0,2,5
BRDA:8,1,0,0
BRDA:8,1,1,5
BRF:5
BRH:4
end_of_record
TN:
SF:src/utils/index.js
FNF:0
FNH:0
LF:0
LH:0
BRF:0
BRH:0
end_of_record
TN:
SF:src/utils/scoringRules.js
FNF:0
FNH:0
DA:1,1
LF:1
LH:1
BRF:0
BRH:0
end_of_record
TN:
SF:src/utils/uiHelpers.js
FN:4,(anonymous_0)
FN:55,(anonymous_1)
FN:59,(anonymous_2)
FN:69,(anonymous_3)
FN:75,(anonymous_4)
FNF:5
FNH:0
FNDA:0,(anonymous_0)
FNDA:0,(anonymous_1)
FNDA:0,(anonymous_2)
FNDA:0,(anonymous_3)
FNDA:0,(anonymous_4)
DA:4,1
DA:5,0
DA:6,0
DA:14,0
DA:18,1
DA:28,1
DA:36,1
DA:43,1
DA:55,1
DA:56,0
DA:59,1
DA:60,0
DA:61,0
DA:62,0
DA:63,0
DA:65,0
DA:69,1
DA:70,0
DA:71,0
DA:72,0
DA:75,1
LF:21
LH:9
BRDA:5,0,0,0
BRDA:5,0,1,0
BRDA:14,1,0,0
BRDA:14,1,1,0
BRDA:56,2,0,0
BRDA:56,2,1,0
BRDA:60,3,0,0
BRDA:60,3,1,0
BRDA:62,4,0,0
BRDA:62,4,1,0
BRDA:70,5,0,0
BRDA:70,5,1,0
BRF:12
BRH:0
end_of_record
TN:
SF:src/utils/uiStandards.js
FNF:0
FNH:0
DA:2,1
DA:5,1
DA:8,1
DA:11,1
DA:13,1
DA:16,1
DA:18,1
DA:21,1
DA:23,1
DA:27,1
DA:30,1
DA:33,1
DA:35,1
DA:37,1
DA:40,1
DA:42,1
DA:45,1
DA:47,1
DA:49,1
DA:51,1
DA:53,1
DA:55,1
DA:58,1
DA:60,1
DA:62,1
DA:64,1
DA:66,1
DA:70,1
DA:73,1
DA:75,1
DA:77,1
DA:79,1
DA:83,1
DA:86,1
DA:89,1
DA:92,1
DA:95,1
DA:98,1
DA:102,1
LF:39
LH:39
BRF:0
BRH:0
end_of_record
