TN:
SF:src\api\commonApi.js
FN:3,fetchCurrentUser
FN:7,fetchLeagueById
FN:11,fetchLeagueOwners
FN:18,fetchOwnerRoster
FNF:4
FNH:0
FNDA:0,fetchCurrentUser
FNDA:0,fetchLeagueById
FNDA:0,fetchLeagueOwners
FNDA:0,fetchOwnerRoster
DA:4,0
DA:8,0
DA:12,0
DA:19,0
LF:4
LH:0
BRDA:18,0,0,0
BRF:1
BRH:0
end_of_record
TN:
SF:src\api\draftAnalyzerApi.js
FN:5,normalizeText
FN:9,normalizeNameForDedupe
FN:27,buildFallbackPlayerKey
FN:41,dedupePlayersForUi
FN:67,fetchCurrentUser
FN:71,fetchLeagueOwners
FN:78,fetchAllPlayers
FN:82,fetchLeagueSettings
FN:86,fetchDraftHistory
FN:93,fetchHistoricalRankings
FN:99,fetchModelPredictions
FN:103,runDraftSimulation
FN:107,fetchPlayerSeasonDetails
FN:114,queryDraftAdvisor
FNF:14
FNH:6
FNDA:0,normalizeText
FNDA:0,normalizeNameForDedupe
FNDA:0,buildFallbackPlayerKey
FNDA:0,dedupePlayersForUi
FNDA:1,fetchCurrentUser
FNDA:1,fetchLeagueOwners
FNDA:1,fetchAllPlayers
FNDA:1,fetchLeagueSettings
FNDA:1,fetchDraftHistory
FNDA:1,fetchHistoricalRankings
FNDA:0,fetchModelPredictions
FNDA:0,runDraftSimulation
FNDA:0,fetchPlayerSeasonDetails
FNDA:0,queryDraftAdvisor
DA:3,1
DA:6,0
DA:10,0
DA:11,0
DA:12,0
DA:13,0
DA:15,0
DA:16,0
DA:17,0
DA:18,0
DA:20,0
DA:21,0
DA:24,0
DA:28,0
DA:29,0
DA:31,0
DA:32,0
DA:34,0
DA:42,0
DA:43,0
DA:45,0
DA:46,0
DA:47,0
DA:48,0
DA:49,0
DA:50,0
DA:51,0
DA:54,0
DA:59,0
DA:60,0
DA:64,0
DA:68,1
DA:72,1
DA:79,1
DA:83,1
DA:87,1
DA:94,1
DA:95,1
DA:96,1
DA:100,0
DA:104,0
DA:108,0
DA:115,0
LF:43
LH:9
BRDA:6,0,0,0
BRDA:6,0,1,0
BRDA:11,1,0,0
BRDA:11,1,1,0
BRDA:12,2,0,0
BRDA:12,2,1,0
BRDA:12,3,0,0
BRDA:12,3,1,0
BRDA:15,4,0,0
BRDA:15,4,1,0
BRDA:17,5,0,0
BRDA:17,5,1,0
BRDA:20,6,0,0
BRDA:20,6,1,0
BRDA:29,7,0,0
BRDA:29,7,1,0
BRDA:32,8,0,0
BRDA:32,8,1,0
BRDA:42,9,0,0
BRDA:42,9,1,0
BRDA:48,10,0,0
BRDA:48,10,1,0
BRDA:49,11,0,0
BRDA:49,11,1,0
BRDA:54,12,0,0
BRDA:54,12,1,0
BRDA:54,12,2,0
BRDA:54,12,3,0
BRDA:54,12,4,0
BRDA:54,12,5,0
BRDA:54,12,6,0
BRDA:54,12,7,0
BRDA:54,12,8,0
BRDA:59,13,0,0
BRDA:59,13,1,0
BRDA:93,14,0,1
BRDA:95,15,0,1
BRDA:95,15,1,0
BRF:38
BRH:2
end_of_record
TN:
SF:src\api\fetching.js
FN:3,delay
FN:4,(anonymous_1)
FN:7,normalizeApiError
FN:19,(anonymous_3)
FN:47,shouldRetry
FN:53,requestWithRetry
FN:81,getJson
FN:85,postJson
FNF:8
FNH:6
FNDA:5,delay
FNDA:5,(anonymous_1)
FNDA:1,normalizeApiError
FNDA:0,(anonymous_3)
FNDA:5,shouldRetry
FNDA:6,requestWithRetry
FNDA:6,getJson
FNDA:0,postJson
DA:4,5
DA:8,1
DA:9,1
DA:10,0
DA:12,1
DA:13,0
DA:14,0
DA:15,0
DA:17,0
DA:18,0
DA:20,0
DA:21,0
DA:22,0
DA:23,0
DA:25,0
DA:28,0
DA:30,0
DA:31,0
DA:32,0
DA:33,0
DA:34,0
DA:36,0
DA:38,1
DA:39,0
DA:41,1
DA:42,1
DA:44,0
DA:48,5
DA:49,5
DA:50,0
DA:61,6
DA:64,6
DA:65,11
DA:66,11
DA:67,0
DA:69,11
DA:70,11
DA:71,6
DA:73,5
DA:74,5
DA:78,0
DA:82,6
DA:86,0
LF:43
LH:19
BRDA:7,0,0,1
BRDA:9,1,0,0
BRDA:9,1,1,1
BRDA:9,2,0,1
BRDA:9,2,1,0
BRDA:12,3,0,0
BRDA:12,3,1,1
BRDA:14,4,0,0
BRDA:14,4,1,0
BRDA:14,5,0,0
BRDA:14,5,1,0
BRDA:17,6,0,0
BRDA:17,6,1,0
BRDA:20,7,0,0
BRDA:20,7,1,0
BRDA:21,8,0,0
BRDA:21,8,1,0
BRDA:22,9,0,0
BRDA:22,9,1,0
BRDA:23,10,0,0
BRDA:23,10,1,0
BRDA:23,10,2,0
BRDA:23,10,3,0
BRDA:28,11,0,0
BRDA:28,11,1,0
BRDA:30,12,0,0
BRDA:30,12,1,0
BRDA:31,13,0,0
BRDA:31,13,1,0
BRDA:31,14,0,0
BRDA:31,14,1,0
BRDA:32,15,0,0
BRDA:32,15,1,0
BRDA:32,16,0,0
BRDA:32,16,1,0
BRDA:33,17,0,0
BRDA:33,17,1,0
BRDA:33,18,0,0
BRDA:33,18,1,0
BRDA:38,19,0,0
BRDA:38,19,1,1
BRDA:41,20,0,1
BRDA:41,20,1,0
BRDA:48,21,0,5
BRDA:48,21,1,5
BRDA:49,22,0,5
BRDA:49,22,1,0
BRDA:50,23,0,0
BRDA:50,23,1,0
BRDA:50,23,2,0
BRDA:50,23,3,0
BRDA:54,24,0,6
BRDA:58,25,0,6
BRDA:59,26,0,6
BRDA:70,27,0,6
BRDA:70,27,1,5
BRDA:70,28,0,11
BRDA:70,28,1,5
BRDA:81,29,0,6
BRDA:85,30,0,0
BRF:60
BRH:17
end_of_record
TN:
SF:src\components\GlobalSearch.jsx
FN:6,GlobalSearch
FN:11,(anonymous_1)
FN:36,(anonymous_2)
FN:39,(anonymous_3)
FN:51,(anonymous_4)
FN:54,(anonymous_5)
FNF:6
FNH:1
FNDA:5,GlobalSearch
FNDA:0,(anonymous_1)
FNDA:0,(anonymous_2)
FNDA:0,(anonymous_3)
FNDA:0,(anonymous_4)
FNDA:0,(anonymous_5)
DA:7,5
DA:8,5
DA:9,5
DA:11,5
DA:12,0
DA:13,0
DA:16,0
DA:17,0
DA:20,0
DA:21,0
DA:23,0
DA:27,5
DA:36,0
DA:39,0
DA:52,0
DA:54,0
LF:16
LH:5
BRDA:13,0,0,0
BRDA:13,0,1,0
BRDA:38,1,0,5
BRDA:38,1,1,0
BRDA:44,2,0,5
BRDA:44,2,1,0
BRF:6
BRH:2
end_of_record
TN:
SF:src\components\TeamLogo.jsx
FN:9,(anonymous_0)
FN:64,TeamLogo
FN:113,(anonymous_2)
FNF:3
FNH:0
FNDA:0,(anonymous_0)
FNDA:0,TeamLogo
FNDA:0,(anonymous_2)
DA:9,1
DA:10,0
DA:17,0
DA:43,1
DA:70,0
DA:73,0
DA:81,0
DA:82,0
DA:85,0
DA:88,0
DA:91,0
DA:99,0
DA:113,0
DA:129,1
LF:14
LH:3
BRDA:66,0,0,0
BRDA:67,1,0,0
BRDA:68,2,0,0
BRDA:81,3,0,0
BRDA:81,3,1,0
BRDA:82,4,0,0
BRDA:82,4,1,0
BRDA:85,5,0,0
BRDA:85,5,1,0
BRDA:85,5,2,0
BRDA:88,6,0,0
BRDA:88,6,1,0
BRDA:91,7,0,0
BRDA:91,7,1,0
BRDA:104,8,0,0
BRDA:104,8,1,0
BRDA:108,9,0,0
BRDA:108,9,1,0
BRF:18
BRH:0
end_of_record
TN:
SF:src\components\Toast.jsx
FN:13,Toast
FN:27,(anonymous_1)
FN:31,(anonymous_2)
FN:34,(anonymous_3)
FN:38,(anonymous_4)
FN:39,(anonymous_5)
FN:45,(anonymous_6)
FNF:7
FNH:5
FNDA:5,Toast
FNDA:5,(anonymous_1)
FNDA:0,(anonymous_2)
FNDA:5,(anonymous_3)
FNDA:5,(anonymous_4)
FNDA:0,(anonymous_5)
FNDA:5,(anonymous_6)
DA:20,5
DA:22,5
DA:23,5
DA:24,5
DA:27,5
DA:28,5
DA:29,0
DA:31,5
DA:32,0
DA:34,5
DA:38,5
DA:39,5
DA:40,0
DA:41,0
DA:44,5
DA:45,5
DA:49,5
DA:57,5
DA:65,5
DA:66,5
DA:70,5
LF:21
LH:17
BRDA:15,0,0,5
BRDA:20,1,0,5
BRDA:20,1,1,5
BRDA:22,2,0,5
BRDA:22,2,1,0
BRDA:22,3,0,0
BRDA:22,3,1,0
BRDA:23,4,0,5
BRDA:23,4,1,5
BRDA:28,5,0,0
BRDA:28,5,1,5
BRDA:40,6,0,0
BRDA:40,6,1,0
BRDA:65,7,0,0
BRDA:65,7,1,5
BRDA:66,8,0,5
BRDA:66,8,1,0
BRDA:97,9,0,5
BRDA:97,9,1,5
BRF:19
BRH:11
end_of_record
TN:
SF:src\components\admin\AdminActionCard.jsx
FN:8,AdminActionCard
FNF:1
FNH:1
FNDA:51,AdminActionCard
DA:21,51
DA:22,51
DA:23,51
DA:27,51
LF:4
LH:4
BRDA:14,0,0,51
BRDA:15,1,0,51
BRDA:18,2,0,51
BRDA:19,3,0,51
BRDA:22,4,0,51
BRDA:22,4,1,0
BRDA:23,5,0,7
BRDA:23,5,1,44
BRDA:49,6,0,2
BRDA:49,6,1,49
BRDA:49,7,0,51
BRDA:49,7,1,12
BRDA:51,8,0,6
BRDA:51,8,1,45
BRF:14
BRH:13
end_of_record
TN:
SF:src\components\charts\TradeAnalyzer.jsx
FN:25,TradeAnalyzer
FN:49,(anonymous_1)
FN:56,(anonymous_2)
FN:78,(anonymous_3)
FN:82,(anonymous_4)
FN:87,(anonymous_5)
FN:91,(anonymous_6)
FN:96,(anonymous_7)
FN:99,(anonymous_8)
FN:104,(anonymous_9)
FN:109,(anonymous_10)
FN:113,(anonymous_11)
FN:118,(anonymous_12)
FN:121,(anonymous_13)
FN:126,(anonymous_14)
FN:135,(anonymous_15)
FN:135,(anonymous_16)
FN:140,(anonymous_17)
FN:140,(anonymous_18)
FN:144,(anonymous_19)
FN:146,(anonymous_20)
FN:159,(anonymous_21)
FN:163,(anonymous_22)
FN:167,(anonymous_23)
FN:168,(anonymous_24)
FN:169,(anonymous_25)
FN:172,(anonymous_26)
FN:181,(anonymous_27)
FN:189,(anonymous_28)
FN:191,(anonymous_29)
FN:193,(anonymous_30)
FN:195,(anonymous_31)
FN:196,(anonymous_32)
FN:197,(anonymous_33)
FN:212,(anonymous_34)
FN:219,(anonymous_35)
FN:221,(anonymous_36)
FN:222,(anonymous_37)
FN:236,(anonymous_38)
FN:237,(anonymous_39)
FN:238,(anonymous_40)
FN:241,(anonymous_41)
FN:243,(anonymous_42)
FN:244,(anonymous_43)
FN:247,(anonymous_44)
FN:264,(anonymous_45)
FN:273,(anonymous_46)
FN:275,(anonymous_47)
FN:285,(anonymous_48)
FN:287,(anonymous_49)
FN:287,(anonymous_50)
FN:290,(anonymous_51)
FN:292,(anonymous_52)
FN:292,(anonymous_53)
FN:295,(anonymous_54)
FN:299,(anonymous_55)
FN:317,(anonymous_56)
FN:322,(anonymous_57)
FN:337,(anonymous_58)
FN:347,(anonymous_59)
FN:350,(anonymous_60)
FN:362,(anonymous_61)
FN:375,(anonymous_62)
FN:390,(anonymous_63)
FN:408,(anonymous_64)
FN:423,(anonymous_65)
FN:437,(anonymous_66)
FN:515,(anonymous_67)
FNF:68
FNH:0
FNDA:0,TradeAnalyzer
FNDA:0,(anonymous_1)
FNDA:0,(anonymous_2)
FNDA:0,(anonymous_3)
FNDA:0,(anonymous_4)
FNDA:0,(anonymous_5)
FNDA:0,(anonymous_6)
FNDA:0,(anonymous_7)
FNDA:0,(anonymous_8)
FNDA:0,(anonymous_9)
FNDA:0,(anonymous_10)
FNDA:0,(anonymous_11)
FNDA:0,(anonymous_12)
FNDA:0,(anonymous_13)
FNDA:0,(anonymous_14)
FNDA:0,(anonymous_15)
FNDA:0,(anonymous_16)
FNDA:0,(anonymous_17)
FNDA:0,(anonymous_18)
FNDA:0,(anonymous_19)
FNDA:0,(anonymous_20)
FNDA:0,(anonymous_21)
FNDA:0,(anonymous_22)
FNDA:0,(anonymous_23)
FNDA:0,(anonymous_24)
FNDA:0,(anonymous_25)
FNDA:0,(anonymous_26)
FNDA:0,(anonymous_27)
FNDA:0,(anonymous_28)
FNDA:0,(anonymous_29)
FNDA:0,(anonymous_30)
FNDA:0,(anonymous_31)
FNDA:0,(anonymous_32)
FNDA:0,(anonymous_33)
FNDA:0,(anonymous_34)
FNDA:0,(anonymous_35)
FNDA:0,(anonymous_36)
FNDA:0,(anonymous_37)
FNDA:0,(anonymous_38)
FNDA:0,(anonymous_39)
FNDA:0,(anonymous_40)
FNDA:0,(anonymous_41)
FNDA:0,(anonymous_42)
FNDA:0,(anonymous_43)
FNDA:0,(anonymous_44)
FNDA:0,(anonymous_45)
FNDA:0,(anonymous_46)
FNDA:0,(anonymous_47)
FNDA:0,(anonymous_48)
FNDA:0,(anonymous_49)
FNDA:0,(anonymous_50)
FNDA:0,(anonymous_51)
FNDA:0,(anonymous_52)
FNDA:0,(anonymous_53)
FNDA:0,(anonymous_54)
FNDA:0,(anonymous_55)
FNDA:0,(anonymous_56)
FNDA:0,(anonymous_57)
FNDA:0,(anonymous_58)
FNDA:0,(anonymous_59)
FNDA:0,(anonymous_60)
FNDA:0,(anonymous_61)
FNDA:0,(anonymous_62)
FNDA:0,(anonymous_63)
FNDA:0,(anonymous_64)
FNDA:0,(anonymous_65)
FNDA:0,(anonymous_66)
FNDA:0,(anonymous_67)
DA:26,0
DA:27,0
DA:28,0
DA:29,0
DA:30,0
DA:32,0
DA:33,0
DA:34,0
DA:35,0
DA:37,0
DA:38,0
DA:40,0
DA:41,0
DA:42,0
DA:43,0
DA:45,0
DA:47,0
DA:49,0
DA:50,0
DA:51,0
DA:52,0
DA:53,0
DA:56,0
DA:57,0
DA:58,0
DA:59,0
DA:60,0
DA:61,0
DA:62,0
DA:63,0
DA:65,0
DA:66,0
DA:67,0
DA:68,0
DA:69,0
DA:71,0
DA:72,0
DA:74,0
DA:78,0
DA:79,0
DA:82,0
DA:83,0
DA:84,0
DA:85,0
DA:86,0
DA:88,0
DA:89,0
DA:92,0
DA:93,0
DA:94,0
DA:97,0
DA:99,0
DA:100,0
DA:104,0
DA:105,0
DA:106,0
DA:107,0
DA:108,0
DA:110,0
DA:111,0
DA:114,0
DA:115,0
DA:116,0
DA:119,0
DA:121,0
DA:122,0
DA:126,0
DA:127,0
DA:128,0
DA:129,0
DA:131,0
DA:134,0
DA:135,0
DA:139,0
DA:140,0
DA:144,0
DA:145,0
DA:146,0
DA:147,0
DA:148,0
DA:149,0
DA:150,0
DA:151,0
DA:158,0
DA:159,0
DA:162,0
DA:163,0
DA:167,0
DA:168,0
DA:169,0
DA:171,0
DA:172,0
DA:180,0
DA:181,0
DA:189,0
DA:191,0
DA:193,0
DA:194,0
DA:195,0
DA:196,0
DA:197,0
DA:198,0
DA:199,0
DA:200,0
DA:201,0
DA:203,0
DA:204,0
DA:207,0
DA:210,0
DA:211,0
DA:212,0
DA:219,0
DA:220,0
DA:221,0
DA:222,0
DA:223,0
DA:224,0
DA:226,0
DA:227,0
DA:236,0
DA:237,0
DA:238,0
DA:239,0
DA:241,0
DA:242,0
DA:243,0
DA:244,0
DA:246,0
DA:247,0
DA:263,0
DA:264,0
DA:265,0
DA:270,0
DA:273,0
DA:275,0
DA:276,0
DA:277,0
DA:279,0
DA:280,0
DA:282,0
DA:285,0
DA:286,0
DA:287,0
DA:290,0
DA:291,0
DA:292,0
DA:295,0
DA:299,0
DA:311,0
DA:317,0
DA:323,0
DA:337,0
DA:347,0
DA:351,0
DA:363,0
DA:364,0
DA:375,0
DA:391,0
DA:408,0
DA:424,0
DA:437,0
DA:455,0
DA:516,0
DA:517,0
DA:521,0
LF:165
LH:0
BRDA:50,0,0,0
BRDA:50,0,1,0
BRDA:51,1,0,0
BRDA:51,1,1,0
BRDA:52,2,0,0
BRDA:52,2,1,0
BRDA:61,3,0,0
BRDA:61,3,1,0
BRDA:66,4,0,0
BRDA:66,4,1,0
BRDA:68,5,0,0
BRDA:68,5,1,0
BRDA:68,6,0,0
BRDA:68,6,1,0
BRDA:69,7,0,0
BRDA:69,7,1,0
BRDA:69,8,0,0
BRDA:69,8,1,0
BRDA:83,9,0,0
BRDA:83,9,1,0
BRDA:88,10,0,0
BRDA:88,10,1,0
BRDA:89,11,0,0
BRDA:89,11,1,0
BRDA:92,12,0,0
BRDA:92,12,1,0
BRDA:97,13,0,0
BRDA:97,13,1,0
BRDA:105,14,0,0
BRDA:105,14,1,0
BRDA:110,15,0,0
BRDA:110,15,1,0
BRDA:111,16,0,0
BRDA:111,16,1,0
BRDA:114,17,0,0
BRDA:114,17,1,0
BRDA:119,18,0,0
BRDA:119,18,1,0
BRDA:127,19,0,0
BRDA:127,19,1,0
BRDA:127,20,0,0
BRDA:127,20,1,0
BRDA:127,20,2,0
BRDA:145,21,0,0
BRDA:145,21,1,0
BRDA:148,22,0,0
BRDA:148,22,1,0
BRDA:148,22,2,0
BRDA:148,22,3,0
BRDA:149,23,0,0
BRDA:149,23,1,0
BRDA:150,24,0,0
BRDA:150,24,1,0
BRDA:152,25,0,0
BRDA:152,25,1,0
BRDA:152,26,0,0
BRDA:152,26,1,0
BRDA:153,27,0,0
BRDA:153,27,1,0
BRDA:200,28,0,0
BRDA:200,28,1,0
BRDA:203,29,0,0
BRDA:203,29,1,0
BRDA:224,30,0,0
BRDA:224,30,1,0
BRDA:226,31,0,0
BRDA:226,31,1,0
BRDA:243,32,0,0
BRDA:243,32,1,0
BRDA:249,33,0,0
BRDA:249,33,1,0
BRDA:255,34,0,0
BRDA:255,34,1,0
BRDA:259,35,0,0
BRDA:259,35,1,0
BRDA:276,36,0,0
BRDA:276,36,1,0
BRDA:279,37,0,0
BRDA:279,37,1,0
BRDA:286,38,0,0
BRDA:286,38,1,0
BRDA:287,39,0,0
BRDA:287,39,1,0
BRDA:291,40,0,0
BRDA:291,40,1,0
BRDA:295,41,0,0
BRDA:295,41,1,0
BRDA:295,41,2,0
BRDA:316,42,0,0
BRDA:316,42,1,0
BRDA:317,43,0,0
BRDA:317,43,1,0
BRDA:324,44,0,0
BRDA:324,44,1,0
BRDA:324,44,2,0
BRDA:357,45,0,0
BRDA:357,45,1,0
BRDA:381,46,0,0
BRDA:381,46,1,0
BRDA:390,47,0,0
BRDA:390,47,1,0
BRDA:398,48,0,0
BRDA:398,48,1,0
BRDA:398,49,0,0
BRDA:398,49,1,0
BRDA:402,50,0,0
BRDA:402,50,1,0
BRDA:403,51,0,0
BRDA:403,51,1,0
BRDA:420,52,0,0
BRDA:420,52,1,0
BRDA:423,53,0,0
BRDA:423,53,1,0
BRDA:431,54,0,0
BRDA:431,54,1,0
BRDA:431,55,0,0
BRDA:431,55,1,0
BRDA:444,56,0,0
BRDA:444,56,1,0
BRDA:444,57,0,0
BRDA:444,57,1,0
BRDA:457,58,0,0
BRDA:457,58,1,0
BRDA:461,59,0,0
BRDA:461,59,1,0
BRDA:476,60,0,0
BRDA:476,60,1,0
BRDA:489,61,0,0
BRDA:489,61,1,0
BRDA:504,62,0,0
BRDA:504,62,1,0
BRDA:505,63,0,0
BRDA:505,63,1,0
BRDA:517,64,0,0
BRDA:517,64,1,0
BRDA:566,65,0,0
BRDA:566,65,1,0
BRDA:582,66,0,0
BRDA:582,66,1,0
BRDA:582,66,2,0
BRF:140
BRH:0
end_of_record
TN:
SF:src\components\charts\tradeAnalyzerLogic.js
FN:3,toNumber
FN:8,normalizePosition
FN:13,deriveTrendAdjustment
FN:26,deriveVolatilityPenalty
FN:34,deriveRiskPenalty
FN:42,computePlayerValue
FN:52,computeLineupAdjustedValue
FN:58,summarizeTradeSide
FN:61,(anonymous_8)
FN:66,computeOutgoingLossWithReplacement
FN:67,(anonymous_10)
FN:68,(anonymous_11)
FN:75,(anonymous_12)
FN:76,(anonymous_13)
FN:77,(anonymous_14)
FN:81,(anonymous_15)
FN:87,(anonymous_16)
FN:92,(anonymous_17)
FN:107,(anonymous_18)
FN:114,computeNetLineupImpact
FN:120,gradeForDelta
FN:129,buildCashRecommendation
FNF:22
FNH:0
FNDA:0,toNumber
FNDA:0,normalizePosition
FNDA:0,deriveTrendAdjustment
FNDA:0,deriveVolatilityPenalty
FNDA:0,deriveRiskPenalty
FNDA:0,computePlayerValue
FNDA:0,computeLineupAdjustedValue
FNDA:0,summarizeTradeSide
FNDA:0,(anonymous_8)
FNDA:0,computeOutgoingLossWithReplacement
FNDA:0,(anonymous_10)
FNDA:0,(anonymous_11)
FNDA:0,(anonymous_12)
FNDA:0,(anonymous_13)
FNDA:0,(anonymous_14)
FNDA:0,(anonymous_15)
FNDA:0,(anonymous_16)
FNDA:0,(anonymous_17)
FNDA:0,(anonymous_18)
FNDA:0,computeNetLineupImpact
FNDA:0,gradeForDelta
FNDA:0,buildCashRecommendation
DA:1,1
DA:4,0
DA:5,0
DA:9,0
DA:10,0
DA:14,0
DA:15,0
DA:17,0
DA:18,0
DA:19,0
DA:20,0
DA:23,0
DA:27,0
DA:28,0
DA:30,0
DA:31,0
DA:35,0
DA:36,0
DA:38,0
DA:39,0
DA:43,0
DA:44,0
DA:45,0
DA:46,0
DA:47,0
DA:49,0
DA:53,0
DA:54,0
DA:55,0
DA:59,0
DA:61,0
DA:67,0
DA:68,0
DA:69,0
DA:70,0
DA:72,0
DA:74,0
DA:75,0
DA:76,0
DA:77,0
DA:79,0
DA:81,0
DA:82,0
DA:83,0
DA:85,0
DA:86,0
DA:88,0
DA:89,0
DA:90,0
DA:93,0
DA:94,0
DA:95,0
DA:99,0
DA:100,0
DA:103,0
DA:104,0
DA:107,0
DA:108,0
DA:111,0
DA:115,0
DA:116,0
DA:117,0
DA:121,0
DA:122,0
DA:123,0
DA:124,0
DA:125,0
DA:126,0
DA:130,0
DA:131,0
DA:133,0
DA:134,0
DA:140,0
DA:141,0
DA:147,0
LF:75
LH:1
BRDA:3,0,0,0
BRDA:5,1,0,0
BRDA:5,1,1,0
BRDA:9,2,0,0
BRDA:9,2,1,0
BRDA:10,3,0,0
BRDA:10,3,1,0
BRDA:15,4,0,0
BRDA:15,4,1,0
BRDA:19,5,0,0
BRDA:19,5,1,0
BRDA:19,6,0,0
BRDA:19,6,1,0
BRDA:28,7,0,0
BRDA:28,7,1,0
BRDA:36,8,0,0
BRDA:36,8,1,0
BRDA:47,9,0,0
BRDA:47,9,1,0
BRDA:54,10,0,0
BRDA:54,10,1,0
BRDA:58,11,0,0
BRDA:66,12,0,0
BRDA:66,13,0,0
BRDA:70,14,0,0
BRDA:70,14,1,0
BRDA:77,15,0,0
BRDA:77,15,1,0
BRDA:82,16,0,0
BRDA:82,16,1,0
BRDA:88,17,0,0
BRDA:88,17,1,0
BRDA:89,18,0,0
BRDA:89,18,1,0
BRDA:94,19,0,0
BRDA:94,19,1,0
BRDA:99,20,0,0
BRDA:99,20,1,0
BRDA:103,21,0,0
BRDA:103,21,1,0
BRDA:114,22,0,0
BRDA:114,23,0,0
BRDA:114,24,0,0
BRDA:122,25,0,0
BRDA:122,25,1,0
BRDA:123,26,0,0
BRDA:123,26,1,0
BRDA:123,27,0,0
BRDA:123,27,1,0
BRDA:124,28,0,0
BRDA:124,28,1,0
BRDA:124,29,0,0
BRDA:124,29,1,0
BRDA:125,30,0,0
BRDA:125,30,1,0
BRDA:125,31,0,0
BRDA:125,31,1,0
BRDA:126,32,0,0
BRDA:126,32,1,0
BRDA:131,33,0,0
BRDA:131,33,1,0
BRDA:133,34,0,0
BRDA:133,34,1,0
BRDA:140,35,0,0
BRDA:140,35,1,0
BRF:65
BRH:0
end_of_record
TN:
SF:src\components\common\AsyncState.jsx
FN:5,LoadingState
FN:18,EmptyState
FN:29,ErrorState
FNF:3
FNH:2
FNDA:20,LoadingState
FNDA:32,EmptyState
FNDA:0,ErrorState
DA:6,20
DA:19,32
DA:30,0
LF:3
LH:2
BRDA:5,0,0,20
BRDA:5,1,0,20
BRDA:18,2,0,32
BRDA:18,3,0,32
BRDA:29,4,0,0
BRDA:29,5,0,0
BRF:6
BRH:4
end_of_record
TN:
SF:src\components\common\InlineError.jsx
FN:3,InlineError
FNF:1
FNH:0
FNDA:0,InlineError
DA:4,0
LF:1
LH:0
BRDA:3,0,0,0
BRDA:7,1,0,0
BRDA:7,1,1,0
BRDA:8,2,0,0
BRDA:8,2,1,0
BRF:5
BRH:0
end_of_record
TN:
SF:src\components\draft\AuctionBlock.jsx
FN:6,AuctionBlock
FN:42,(anonymous_1)
FN:56,(anonymous_2)
FN:71,(anonymous_3)
FN:79,(anonymous_4)
FN:82,(anonymous_5)
FN:105,(anonymous_6)
FN:113,(anonymous_7)
FN:155,(anonymous_8)
FN:170,(anonymous_9)
FN:171,(anonymous_10)
FN:177,(anonymous_11)
FN:192,(anonymous_12)
FN:198,(anonymous_13)
FN:204,(anonymous_14)
FN:215,(anonymous_15)
FN:224,(anonymous_16)
FN:253,(anonymous_17)
FN:256,(anonymous_18)
FN:282,(anonymous_19)
FN:285,(anonymous_20)
FN:315,(anonymous_21)
FN:316,(anonymous_22)
FN:322,(anonymous_23)
FN:336,(anonymous_24)
FN:342,(anonymous_25)
FN:348,(anonymous_26)
FN:358,(anonymous_27)
FN:367,(anonymous_28)
FN:379,(anonymous_29)
FN:453,(anonymous_30)
FNF:31
FNH:2
FNDA:10,AuctionBlock
FNDA:0,(anonymous_1)
FNDA:0,(anonymous_2)
FNDA:0,(anonymous_3)
FNDA:0,(anonymous_4)
FNDA:0,(anonymous_5)
FNDA:0,(anonymous_6)
FNDA:0,(anonymous_7)
FNDA:0,(anonymous_8)
FNDA:0,(anonymous_9)
FNDA:0,(anonymous_10)
FNDA:0,(anonymous_11)
FNDA:0,(anonymous_12)
FNDA:0,(anonymous_13)
FNDA:0,(anonymous_14)
FNDA:0,(anonymous_15)
FNDA:0,(anonymous_16)
FNDA:70,(anonymous_17)
FNDA:0,(anonymous_18)
FNDA:0,(anonymous_19)
FNDA:0,(anonymous_20)
FNDA:0,(anonymous_21)
FNDA:0,(anonymous_22)
FNDA:0,(anonymous_23)
FNDA:0,(anonymous_24)
FNDA:0,(anonymous_25)
FNDA:0,(anonymous_26)
FNDA:0,(anonymous_27)
FNDA:0,(anonymous_28)
FNDA:0,(anonymous_29)
FNDA:0,(anonymous_30)
DA:39,10
DA:42,10
DA:43,10
DA:47,10
DA:49,10
DA:50,10
DA:51,10
DA:54,10
DA:56,10
DA:57,0
DA:58,0
DA:59,0
DA:60,0
DA:62,0
DA:63,0
DA:65,0
DA:70,10
DA:71,0
DA:72,0
DA:75,0
DA:80,0
DA:82,0
DA:106,0
DA:114,0
DA:154,10
DA:155,0
DA:156,0
DA:159,0
DA:170,0
DA:171,0
DA:178,0
DA:192,0
DA:198,0
DA:204,0
DA:215,0
DA:225,0
DA:226,0
DA:227,0
DA:228,0
DA:230,0
DA:241,10
DA:254,70
DA:256,0
DA:283,0
DA:285,0
DA:315,0
DA:316,0
DA:323,0
DA:336,0
DA:342,0
DA:348,0
DA:358,0
DA:368,0
DA:369,0
DA:370,0
DA:371,0
DA:373,0
DA:380,0
DA:453,0
LF:59
LH:13
BRDA:8,0,0,10
BRDA:9,1,0,10
BRDA:23,2,0,10
BRDA:25,3,0,10
BRDA:43,4,0,0
BRDA:43,4,1,10
BRDA:44,5,0,0
BRDA:44,5,1,0
BRDA:47,6,0,10
BRDA:47,6,1,10
BRDA:47,6,2,2
BRDA:49,7,0,10
BRDA:49,7,1,8
BRDA:51,8,0,10
BRDA:51,8,1,0
BRDA:51,8,2,0
BRDA:51,8,3,0
BRDA:51,8,4,0
BRDA:54,9,0,8
BRDA:54,9,1,2
BRDA:58,10,0,0
BRDA:58,10,1,0
BRDA:59,11,0,0
BRDA:59,11,1,0
BRDA:62,12,0,0
BRDA:62,12,1,0
BRDA:70,13,0,0
BRDA:70,13,1,10
BRDA:72,14,0,0
BRDA:72,14,1,0
BRDA:73,15,0,0
BRDA:73,15,1,0
BRDA:84,16,0,0
BRDA:84,16,1,0
BRDA:102,17,0,0
BRDA:102,17,1,0
BRDA:104,18,0,0
BRDA:104,18,1,0
BRDA:106,19,0,0
BRDA:106,19,1,0
BRDA:115,20,0,0
BRDA:115,20,1,0
BRDA:122,21,0,0
BRDA:122,21,1,0
BRDA:131,22,0,0
BRDA:131,22,1,0
BRDA:131,23,0,0
BRDA:131,23,1,0
BRDA:139,24,0,0
BRDA:139,24,1,0
BRDA:141,25,0,0
BRDA:141,25,1,0
BRDA:146,26,0,0
BRDA:146,26,1,0
BRDA:154,27,0,0
BRDA:154,27,1,10
BRDA:156,28,0,0
BRDA:156,28,1,0
BRDA:157,29,0,0
BRDA:157,29,1,0
BRDA:170,30,0,0
BRDA:170,30,1,0
BRDA:175,31,0,0
BRDA:175,31,1,0
BRDA:183,32,0,0
BRDA:183,32,1,0
BRDA:226,33,0,0
BRDA:226,33,1,0
BRDA:231,34,0,0
BRDA:231,34,1,0
BRDA:258,35,0,10
BRDA:258,35,1,60
BRDA:274,36,0,10
BRDA:274,36,1,0
BRDA:274,36,2,0
BRDA:277,37,0,0
BRDA:277,37,1,0
BRDA:290,38,0,0
BRDA:290,38,1,0
BRDA:315,39,0,0
BRDA:315,39,1,10
BRDA:320,40,0,10
BRDA:320,40,1,0
BRDA:328,41,0,0
BRDA:328,41,1,0
BRDA:369,42,0,0
BRDA:369,42,1,0
BRDA:374,43,0,0
BRDA:374,43,1,0
BRDA:380,44,0,0
BRDA:380,44,1,0
BRDA:388,45,0,10
BRDA:388,45,1,8
BRDA:393,46,0,10
BRDA:393,46,1,0
BRDA:398,47,0,10
BRDA:398,47,1,10
BRDA:398,47,2,0
BRDA:400,48,0,0
BRDA:400,48,1,0
BRDA:408,49,0,10
BRDA:408,49,1,1
BRDA:413,50,0,0
BRDA:413,50,1,10
BRDA:413,51,0,10
BRDA:413,51,1,0
BRDA:421,52,0,0
BRDA:421,52,1,10
BRDA:423,53,0,0
BRDA:423,53,1,10
BRDA:428,54,0,0
BRDA:428,54,1,10
BRDA:446,55,0,10
BRDA:446,55,1,0
BRDA:450,56,0,10
BRDA:450,56,1,10
BRDA:456,57,0,0
BRDA:456,57,1,10
BRF:118
BRH:36
end_of_record
TN:
SF:src\components\draft\AuctionInterface.jsx
FN:6,AuctionInterface
FN:12,(anonymous_1)
FN:18,(anonymous_2)
FN:35,(anonymous_3)
FN:42,(anonymous_4)
FN:49,(anonymous_5)
FNF:6
FNH:0
FNDA:0,AuctionInterface
FNDA:0,(anonymous_1)
FNDA:0,(anonymous_2)
FNDA:0,(anonymous_3)
FNDA:0,(anonymous_4)
FNDA:0,(anonymous_5)
DA:12,0
DA:13,0
DA:14,0
DA:15,0
DA:17,0
DA:18,0
DA:19,0
DA:20,0
DA:23,0
DA:35,0
DA:42,0
DA:49,0
LF:12
LH:0
BRDA:15,0,0,0
BRDA:15,0,1,0
BRDA:20,1,0,0
BRDA:20,1,1,0
BRF:4
BRH:0
end_of_record
TN:
SF:src\components\draft\BestAvailableList.jsx
FN:3,BestAvailableList
FN:13,(anonymous_1)
FN:14,(anonymous_2)
FN:30,(anonymous_3)
FN:34,(anonymous_4)
FN:36,(anonymous_5)
FN:54,(anonymous_6)
FN:56,(anonymous_7)
FN:86,(anonymous_8)
FN:89,(anonymous_9)
FN:107,(anonymous_10)
FN:113,(anonymous_11)
FN:119,(anonymous_12)
FN:126,(anonymous_13)
FNF:14
FNH:0
FNDA:0,BestAvailableList
FNDA:0,(anonymous_1)
FNDA:0,(anonymous_2)
FNDA:0,(anonymous_3)
FNDA:0,(anonymous_4)
FNDA:0,(anonymous_5)
FNDA:0,(anonymous_6)
FNDA:0,(anonymous_7)
FNDA:0,(anonymous_8)
FNDA:0,(anonymous_9)
FNDA:0,(anonymous_10)
FNDA:0,(anonymous_11)
FNDA:0,(anonymous_12)
FNDA:0,(anonymous_13)
DA:8,0
DA:9,0
DA:10,0
DA:12,0
DA:14,0
DA:29,0
DA:30,0
DA:34,0
DA:35,0
DA:36,0
DA:37,0
DA:38,0
DA:39,0
DA:40,0
DA:41,0
DA:43,0
DA:44,0
DA:45,0
DA:47,0
DA:48,0
DA:49,0
DA:51,0
DA:54,0
DA:55,0
DA:56,0
DA:58,0
DA:59,0
DA:63,0
DA:64,0
DA:73,0
DA:87,0
DA:89,0
DA:107,0
DA:113,0
DA:119,0
DA:127,0
LF:36
LH:0
BRDA:4,0,0,0
BRDA:5,1,0,0
BRDA:16,2,0,0
BRDA:16,2,1,0
BRDA:16,2,2,0
BRDA:18,3,0,0
BRDA:18,3,1,0
BRDA:18,3,2,0
BRDA:18,3,3,0
BRDA:18,3,4,0
BRDA:23,4,0,0
BRDA:23,4,1,0
BRDA:23,4,2,0
BRDA:30,5,0,0
BRDA:30,5,1,0
BRDA:39,6,0,0
BRDA:39,6,1,0
BRDA:43,7,0,0
BRDA:43,7,1,0
BRDA:47,8,0,0
BRDA:47,8,1,0
BRDA:47,9,0,0
BRDA:47,9,1,0
BRDA:48,10,0,0
BRDA:48,10,1,0
BRDA:48,11,0,0
BRDA:48,11,1,0
BRDA:55,12,0,0
BRDA:55,12,1,0
BRDA:63,13,0,0
BRDA:63,13,1,0
BRDA:91,14,0,0
BRDA:91,14,1,0
BRDA:109,15,0,0
BRDA:109,15,1,0
BRDA:109,16,0,0
BRDA:109,16,1,0
BRDA:115,17,0,0
BRDA:115,17,1,0
BRDA:115,18,0,0
BRDA:115,18,1,0
BRDA:121,19,0,0
BRDA:121,19,1,0
BRDA:121,20,0,0
BRDA:121,20,1,0
BRDA:127,21,0,0
BRDA:127,21,1,0
BRDA:138,22,0,0
BRDA:138,22,1,0
BRF:49
BRH:0
end_of_record
TN:
SF:src\components\draft\DraftBoardGrid.jsx
FN:12,(anonymous_0)
FN:27,DraftBoardGrid
FN:34,(anonymous_2)
FN:36,(anonymous_3)
FN:37,(anonymous_4)
FN:51,(anonymous_5)
FN:72,(anonymous_6)
FN:78,(anonymous_7)
FN:81,(anonymous_8)
FN:90,(anonymous_9)
FN:100,(anonymous_10)
FNF:11
FNH:2
FNDA:0,(anonymous_0)
FNDA:10,DraftBoardGrid
FNDA:9,(anonymous_2)
FNDA:0,(anonymous_3)
FNDA:0,(anonymous_4)
FNDA:0,(anonymous_5)
FNDA:0,(anonymous_6)
FNDA:0,(anonymous_7)
FNDA:0,(anonymous_8)
FNDA:0,(anonymous_9)
FNDA:0,(anonymous_10)
DA:3,1
DA:12,1
DA:13,0
DA:14,0
DA:34,10
DA:35,9
DA:36,9
DA:37,9
DA:38,0
DA:39,0
DA:42,9
DA:46,10
DA:52,0
DA:73,0
DA:74,0
DA:79,0
DA:82,0
DA:83,0
DA:84,0
DA:85,0
DA:91,0
DA:92,0
DA:94,0
DA:96,0
DA:101,0
DA:102,0
DA:103,0
DA:104,0
DA:105,0
LF:29
LH:8
BRDA:13,0,0,0
BRDA:13,0,1,0
BRDA:15,1,0,0
BRDA:15,1,1,0
BRDA:28,2,0,10
BRDA:29,3,0,10
BRDA:30,4,0,10
BRDA:31,5,0,10
BRDA:38,6,0,0
BRDA:38,6,1,0
BRDA:55,7,0,0
BRDA:55,7,1,0
BRDA:64,8,0,0
BRDA:64,8,1,0
BRDA:64,8,2,0
BRDA:67,9,0,0
BRDA:67,9,1,0
BRDA:67,10,0,0
BRDA:67,10,1,0
BRDA:67,10,2,0
BRDA:76,11,0,0
BRDA:76,11,1,0
BRDA:79,12,0,0
BRDA:79,12,1,0
BRDA:79,13,0,0
BRDA:79,13,1,0
BRDA:82,14,0,0
BRDA:82,14,1,0
BRDA:82,15,0,0
BRDA:82,15,1,0
BRDA:83,16,0,0
BRDA:83,16,1,0
BRDA:83,17,0,0
BRDA:83,17,1,0
BRDA:88,18,0,0
BRDA:88,18,1,0
BRDA:89,19,0,0
BRDA:89,19,1,0
BRDA:91,20,0,0
BRDA:91,20,1,0
BRDA:99,21,0,0
BRDA:99,21,1,0
BRDA:101,22,0,0
BRDA:101,22,1,0
BRDA:101,22,2,0
BRDA:103,23,0,0
BRDA:103,23,1,0
BRDA:104,24,0,0
BRDA:104,24,1,0
BRDA:113,25,0,0
BRDA:113,25,1,0
BRDA:113,26,0,0
BRDA:113,26,1,0
BRDA:114,27,0,0
BRDA:114,27,1,0
BRF:55
BRH:4
end_of_record
TN:
SF:src\components\draft\DraftHistoryFeed.jsx
FN:6,DraftHistoryFeed
FN:10,(anonymous_1)
FN:25,(anonymous_2)
FN:26,(anonymous_3)
FNF:4
FNH:1
FNDA:10,DraftHistoryFeed
FNDA:0,(anonymous_1)
FNDA:0,(anonymous_2)
FNDA:0,(anonymous_3)
DA:9,10
DA:10,0
DA:14,10
DA:26,0
DA:27,0
LF:5
LH:2
BRDA:6,0,0,10
BRDA:6,1,0,10
BRDA:24,2,0,0
BRDA:24,2,1,10
BRDA:33,3,0,0
BRDA:33,3,1,0
BRDA:29,4,0,0
BRDA:29,4,1,0
BRF:8
BRH:3
end_of_record
TN:
SF:src\components\draft\OwnerCard.jsx
FN:8,(anonymous_0)
FN:63,(anonymous_1)
FN:64,(anonymous_2)
FN:90,(anonymous_3)
FNF:4
FNH:0
FNDA:0,(anonymous_0)
FNDA:0,(anonymous_1)
FNDA:0,(anonymous_2)
FNDA:0,(anonymous_3)
DA:7,1
DA:10,0
DA:11,0
DA:18,0
DA:64,0
DA:65,0
DA:66,0
DA:91,0
LF:8
LH:1
BRDA:11,0,0,0
BRDA:11,0,1,0
BRDA:13,1,0,0
BRDA:13,1,1,0
BRDA:23,2,0,0
BRDA:23,2,1,0
BRDA:32,3,0,0
BRDA:32,3,1,0
BRDA:38,4,0,0
BRDA:38,4,1,0
BRDA:41,5,0,0
BRDA:41,5,1,0
BRDA:50,6,0,0
BRDA:50,6,1,0
BRDA:65,7,0,0
BRDA:65,7,1,0
BRDA:73,8,0,0
BRDA:73,8,1,0
BRDA:83,9,0,0
BRDA:83,9,1,0
BRF:20
BRH:0
end_of_record
TN:
SF:src\components\draft\SessionHeader.jsx
FN:3,SessionHeader
FN:13,(anonymous_1)
FNF:2
FNH:1
FNDA:10,SessionHeader
FNDA:0,(anonymous_1)
DA:13,10
DA:14,0
DA:19,0
DA:24,10
LF:4
LH:2
BRDA:14,0,0,0
BRDA:14,0,1,0
BRDA:43,1,0,10
BRDA:43,1,1,4
BRDA:51,2,0,10
BRDA:51,2,1,1
BRDA:60,3,0,1
BRDA:60,3,1,1
BRF:8
BRH:6
end_of_record
TN:
SF:src\components\draft\index.js
FNF:0
FNH:0
LF:0
LH:0
BRF:0
BRH:0
end_of_record
TN:
SF:src\components\draft\insights\DraftDynamicsPanel.jsx
FN:2,DraftDynamicsPanel
FN:28,(anonymous_1)
FN:58,(anonymous_2)
FNF:3
FNH:2
FNDA:2,DraftDynamicsPanel
FNDA:0,(anonymous_1)
FNDA:12,(anonymous_2)
DA:3,2
DA:29,0
DA:38,0
DA:59,12
LF:4
LH:2
BRDA:14,0,0,2
BRDA:14,0,1,0
BRDA:15,1,0,0
BRDA:15,1,1,2
BRDA:17,2,0,0
BRDA:17,2,1,2
BRDA:33,3,0,0
BRDA:33,3,1,0
BRDA:33,4,0,0
BRDA:33,4,1,0
BRDA:34,5,0,0
BRDA:34,5,1,0
BRDA:70,6,0,0
BRDA:70,6,1,12
BRDA:72,7,0,0
BRDA:72,7,1,12
BRDA:80,8,0,12
BRDA:80,8,1,12
BRF:18
BRH:7
end_of_record
TN:
SF:src\components\draft\insights\OwnerStrategyPanel.jsx
FN:4,OwnerStrategyPanel
FNF:1
FNH:1
FNDA:2,OwnerStrategyPanel
DA:11,2
LF:1
LH:1
BRDA:14,0,0,2
BRDA:14,0,1,2
BRDA:14,1,0,2
BRDA:14,1,1,2
BRDA:15,2,0,0
BRDA:15,2,1,2
BRDA:17,3,0,2
BRDA:17,3,1,0
BRDA:27,4,0,0
BRDA:27,4,1,0
BRDA:28,5,0,0
BRDA:28,5,1,0
BRDA:35,6,0,0
BRDA:35,6,1,0
BRDA:37,7,0,0
BRDA:37,7,1,0
BRDA:51,8,0,0
BRDA:51,8,1,0
BRDA:60,9,0,0
BRDA:60,9,1,0
BRDA:62,10,0,0
BRDA:62,10,1,0
BRDA:64,11,0,0
BRDA:64,11,1,0
BRDA:65,12,0,0
BRDA:65,12,1,0
BRDA:73,13,0,0
BRDA:73,13,1,0
BRDA:76,14,0,0
BRDA:76,14,1,0
BRDA:81,15,0,0
BRDA:81,15,1,0
BRF:32
BRH:6
end_of_record
TN:
SF:src\components\draft\insights\PlayerInsightCard.jsx
FN:9,PlayerInsightCard
FN:58,(anonymous_1)
FN:72,(anonymous_2)
FNF:3
FNH:1
FNDA:2,PlayerInsightCard
FNDA:0,(anonymous_1)
FNDA:0,(anonymous_2)
DA:13,2
DA:59,0
DA:63,0
DA:73,0
DA:74,0
DA:75,0
DA:77,0
DA:78,0
DA:79,0
DA:83,0
LF:10
LH:1
BRDA:18,0,0,2
BRDA:18,0,1,0
BRDA:31,1,0,0
BRDA:31,1,1,0
BRDA:43,2,0,0
BRDA:43,2,1,0
BRDA:49,3,0,0
BRDA:49,3,1,0
BRDA:73,4,0,0
BRDA:73,4,1,0
BRDA:74,5,0,0
BRDA:74,5,1,0
BRDA:75,6,0,0
BRDA:75,6,1,0
BRDA:77,7,0,0
BRDA:77,7,1,0
BRDA:91,8,0,0
BRDA:91,8,1,0
BRDA:93,9,0,0
BRDA:93,9,1,0
BRDA:104,10,0,0
BRDA:104,10,1,0
BRDA:106,11,0,0
BRDA:106,11,1,0
BRDA:112,12,0,0
BRDA:112,12,1,0
BRDA:118,13,0,0
BRDA:118,13,1,0
BRDA:120,14,0,0
BRDA:120,14,1,0
BRF:30
BRH:1
end_of_record
TN:
SF:src\components\draft\insights\insightVocabulary.js
FN:22,normalizePos
FN:29,tierTone
FN:38,riskLabel
FN:45,confidenceFromRisk
FN:50,confidenceBand
FNF:5
FNH:0
FNDA:0,normalizePos
FNDA:0,tierTone
FNDA:0,riskLabel
FNDA:0,confidenceFromRisk
FNDA:0,confidenceBand
DA:1,1
DA:10,1
DA:20,1
DA:23,0
DA:30,0
DA:31,0
DA:32,0
DA:33,0
DA:34,0
DA:35,0
DA:39,0
DA:40,0
DA:41,0
DA:42,0
DA:46,0
DA:47,0
DA:51,0
DA:52,0
DA:53,0
DA:54,0
DA:55,0
LF:21
LH:3
BRDA:23,0,0,0
BRDA:23,0,1,0
BRDA:30,1,0,0
BRDA:30,1,1,0
BRDA:31,2,0,0
BRDA:31,2,1,0
BRDA:32,3,0,0
BRDA:32,3,1,0
BRDA:33,4,0,0
BRDA:33,4,1,0
BRDA:34,5,0,0
BRDA:34,5,1,0
BRDA:39,6,0,0
BRDA:39,6,1,0
BRDA:40,7,0,0
BRDA:40,7,1,0
BRDA:41,8,0,0
BRDA:41,8,1,0
BRDA:46,9,0,0
BRDA:46,9,1,0
BRDA:51,10,0,0
BRDA:51,10,1,0
BRDA:52,11,0,0
BRDA:52,11,1,0
BRF:24
BRH:0
end_of_record
TN:
SF:src\components\feeds\FeedPill.jsx
FN:2,FeedPill
FNF:1
FNH:0
FNDA:0,FeedPill
DA:3,0
LF:1
LH:0
BRDA:2,0,0,0
BRF:1
BRH:0
end_of_record
TN:
SF:src\components\layout\PageHeader.jsx
FN:5,PageHeader
FNF:1
FNH:1
FNDA:52,PageHeader
DA:12,52
LF:1
LH:1
BRDA:10,0,0,52
BRDA:17,1,0,52
BRDA:17,1,1,0
BRDA:18,2,0,7
BRDA:18,2,1,45
BRDA:22,3,0,26
BRDA:22,3,1,26
BRF:7
BRH:6
end_of_record
TN:
SF:src\components\layout\PageTemplate.jsx
FN:6,PageTemplate
FNF:1
FNH:1
FNDA:52,PageTemplate
DA:15,52
LF:1
LH:1
BRDA:12,0,0,52
BRDA:13,1,0,52
BRDA:17,2,0,52
BRDA:17,2,1,0
BRF:4
BRH:3
end_of_record
TN:
SF:src\components\overlay\FloatingLayer.jsx
FN:6,FloatingLayer
FN:20,(anonymous_1)
FN:77,(anonymous_2)
FN:79,(anonymous_3)
FN:82,(anonymous_4)
FN:91,(anonymous_5)
FNF:6
FNH:0
FNDA:0,FloatingLayer
FNDA:0,(anonymous_1)
FNDA:0,(anonymous_2)
FNDA:0,(anonymous_3)
FNDA:0,(anonymous_4)
FNDA:0,(anonymous_5)
DA:18,0
DA:20,0
DA:21,0
DA:22,0
DA:25,0
DA:28,0
DA:30,0
DA:31,0
DA:32,0
DA:35,0
DA:36,0
DA:37,0
DA:38,0
DA:42,0
DA:43,0
DA:44,0
DA:45,0
DA:46,0
DA:52,0
DA:58,0
DA:77,0
DA:78,0
DA:79,0
DA:82,0
DA:83,0
DA:84,0
DA:87,0
DA:88,0
DA:89,0
DA:91,0
DA:92,0
DA:93,0
DA:94,0
DA:98,0
DA:99,0
DA:102,0
LF:36
LH:0
BRDA:10,0,0,0
BRDA:11,1,0,0
BRDA:12,2,0,0
BRDA:13,3,0,0
BRDA:14,4,0,0
BRDA:15,5,0,0
BRDA:16,6,0,0
BRDA:21,7,0,0
BRDA:21,7,1,0
BRDA:21,8,0,0
BRDA:21,8,1,0
BRDA:31,9,0,0
BRDA:31,9,1,0
BRDA:35,10,0,0
BRDA:35,10,1,0
BRDA:35,11,0,0
BRDA:35,11,1,0
BRDA:42,12,0,0
BRDA:42,12,1,0
BRDA:42,13,0,0
BRDA:42,13,1,0
BRDA:45,14,0,0
BRDA:45,14,1,0
BRDA:52,15,0,0
BRDA:52,15,1,0
BRDA:53,16,0,0
BRDA:53,16,1,0
BRDA:83,17,0,0
BRDA:83,17,1,0
BRDA:98,18,0,0
BRDA:98,18,1,0
BRDA:98,19,0,0
BRDA:98,19,1,0
BRF:33
BRH:0
end_of_record
TN:
SF:src\components\player\PlayerIdentityCard.jsx
FN:6,buildDefenseLogoUrl
FN:21,PlayerIdentityCard
FN:31,(anonymous_2)
FN:45,(anonymous_3)
FN:50,(anonymous_4)
FN:95,(anonymous_5)
FNF:6
FNH:0
FNDA:0,buildDefenseLogoUrl
FNDA:0,PlayerIdentityCard
FNDA:0,(anonymous_2)
FNDA:0,(anonymous_3)
FNDA:0,(anonymous_4)
FNDA:0,(anonymous_5)
DA:7,0
DA:8,0
DA:10,0
DA:17,0
DA:18,0
DA:29,0
DA:31,0
DA:32,0
DA:33,0
DA:34,0
DA:35,0
DA:36,0
DA:38,0
DA:44,0
DA:45,0
DA:46,0
DA:47,0
DA:49,0
DA:50,0
DA:51,0
DA:52,0
DA:55,0
DA:95,0
LF:23
LH:0
BRDA:7,0,0,0
BRDA:7,0,1,0
BRDA:8,1,0,0
BRDA:8,1,1,0
BRDA:17,2,0,0
BRDA:17,2,1,0
BRDA:23,3,0,0
BRDA:24,4,0,0
BRDA:25,5,0,0
BRDA:26,6,0,0
BRDA:27,7,0,0
BRDA:32,8,0,0
BRDA:32,8,1,0
BRDA:33,9,0,0
BRDA:33,9,1,0
BRDA:35,10,0,0
BRDA:35,10,1,0
BRDA:44,11,0,0
BRDA:44,11,1,0
BRDA:46,12,0,0
BRDA:46,12,1,0
BRDA:47,13,0,0
BRDA:47,13,1,0
BRDA:47,13,2,0
BRDA:49,14,0,0
BRDA:49,14,1,0
BRDA:51,15,0,0
BRDA:51,15,1,0
BRDA:52,16,0,0
BRDA:52,16,1,0
BRDA:57,17,0,0
BRDA:57,17,1,0
BRDA:66,18,0,0
BRDA:66,18,1,0
BRDA:71,19,0,0
BRDA:71,19,1,0
BRDA:71,19,2,0
BRDA:76,20,0,0
BRDA:76,20,1,0
BRDA:77,21,0,0
BRDA:77,21,1,0
BRDA:85,22,0,0
BRDA:85,22,1,0
BRDA:90,23,0,0
BRDA:90,23,1,0
BRDA:93,24,0,0
BRDA:93,24,1,0
BRDA:97,25,0,0
BRDA:97,25,1,0
BRDA:100,26,0,0
BRDA:100,26,1,0
BRF:51
BRH:0
end_of_record
TN:
SF:src\components\table\TablePrimitives.jsx
FN:11,StandardTableContainer
FN:15,StandardTable
FN:23,StandardTableHead
FN:27,(anonymous_3)
FN:37,StandardTableRow
FN:41,StandardTableStateRow
FNF:6
FNH:5
FNDA:1,StandardTableContainer
FNDA:1,StandardTable
FNDA:1,StandardTableHead
FNDA:6,(anonymous_3)
FNDA:1,StandardTableRow
FNDA:0,StandardTableStateRow
DA:12,1
DA:16,1
DA:24,1
DA:28,6
DA:38,1
DA:42,0
LF:6
LH:5
BRDA:11,0,0,1
BRDA:15,1,0,1
BRDA:28,2,0,6
BRDA:28,2,1,6
BRDA:37,3,0,1
BRF:5
BRH:5
end_of_record
TN:
SF:src\components\waivers\ClaimModal.jsx
FN:5,(anonymous_0)
FN:17,(anonymous_1)
FN:62,(anonymous_2)
FN:77,(anonymous_3)
FN:81,(anonymous_4)
FNF:5
FNH:0
FNDA:0,(anonymous_0)
FNDA:0,(anonymous_1)
FNDA:0,(anonymous_2)
FNDA:0,(anonymous_3)
FNDA:0,(anonymous_4)
DA:5,1
DA:12,0
DA:13,0
DA:15,0
DA:17,0
DA:18,0
DA:19,0
DA:24,0
DA:27,0
DA:62,0
DA:77,0
DA:82,0
LF:12
LH:1
BRDA:10,0,0,0
BRDA:15,1,0,0
BRDA:15,1,1,0
BRDA:15,2,0,0
BRDA:15,2,1,0
BRDA:62,3,0,0
BRDA:62,3,1,0
BRF:7
BRH:0
end_of_record
TN:
SF:src\components\waivers\DropPlayerModal.jsx
FN:12,DropPlayerModal
FN:31,(anonymous_1)
FN:34,(anonymous_2)
FNF:3
FNH:1
FNDA:5,DropPlayerModal
FNDA:0,(anonymous_1)
FNDA:0,(anonymous_2)
DA:19,5
DA:21,0
DA:32,0
DA:34,0
LF:4
LH:1
BRDA:19,0,0,5
BRDA:19,0,1,0
BRF:2
BRH:1
end_of_record
TN:
SF:src\components\waivers\WaiverPositionTabs.jsx
FN:8,WaiverPositionTabs
FN:13,(anonymous_1)
FN:16,(anonymous_2)
FNF:3
FNH:2
FNDA:5,WaiverPositionTabs
FNDA:35,(anonymous_1)
FNDA:0,(anonymous_2)
DA:9,5
DA:11,5
DA:14,35
DA:16,0
LF:4
LH:3
BRDA:18,0,0,5
BRDA:18,0,1,30
BRF:2
BRH:2
end_of_record
TN:
SF:src\components\waivers\WaiverTable.jsx
FN:7,WaiverTable
FN:16,(anonymous_1)
FN:18,(anonymous_2)
FN:26,(anonymous_3)
FN:30,(anonymous_4)
FN:45,(anonymous_5)
FN:50,(anonymous_6)
FN:54,(anonymous_7)
FN:92,(anonymous_8)
FN:105,(anonymous_9)
FNF:10
FNH:2
FNDA:5,WaiverTable
FNDA:0,(anonymous_1)
FNDA:0,(anonymous_2)
FNDA:5,(anonymous_3)
FNDA:0,(anonymous_4)
FNDA:0,(anonymous_5)
FNDA:0,(anonymous_6)
FNDA:0,(anonymous_7)
FNDA:0,(anonymous_8)
FNDA:0,(anonymous_9)
DA:13,5
DA:14,5
DA:16,5
DA:17,0
DA:18,0
DA:19,0
DA:22,0
DA:23,0
DA:26,5
DA:27,5
DA:28,5
DA:30,5
DA:31,0
DA:32,0
DA:33,0
DA:34,0
DA:37,0
DA:38,0
DA:39,0
DA:42,5
DA:45,5
DA:46,0
DA:47,0
DA:50,5
DA:51,0
DA:54,0
DA:63,5
DA:64,5
DA:71,0
DA:72,0
DA:79,0
DA:93,0
DA:105,0
LF:33
LH:12
BRDA:8,0,0,5
BRDA:11,1,0,5
BRDA:17,2,0,0
BRDA:17,2,1,0
BRDA:18,3,0,0
BRDA:18,3,1,0
BRDA:28,4,0,5
BRDA:28,4,1,0
BRDA:31,5,0,0
BRDA:31,5,1,0
BRDA:32,6,0,0
BRDA:32,6,1,0
BRDA:33,7,0,0
BRDA:33,7,1,0
BRDA:37,8,0,0
BRDA:37,8,1,0
BRDA:38,9,0,0
BRDA:38,9,1,0
BRDA:46,10,0,0
BRDA:46,10,1,0
BRDA:47,11,0,0
BRDA:47,11,1,0
BRDA:50,12,0,0
BRDA:51,13,0,0
BRDA:51,13,1,0
BRDA:63,14,0,5
BRDA:63,14,1,0
BRDA:71,15,0,0
BRDA:71,15,1,0
BRDA:101,16,0,0
BRDA:101,16,1,0
BRDA:102,17,0,0
BRDA:102,17,1,0
BRDA:108,18,0,0
BRDA:108,18,1,0
BRDA:111,19,0,0
BRDA:111,19,1,0
BRF:37
BRH:4
end_of_record
TN:
SF:src\components\waivers\index.js
FNF:0
FNH:0
LF:0
LH:0
BRF:0
BRH:0
end_of_record
TN:
SF:src\context\LeagueContext.jsx
FN:7,useActiveLeague
FNF:1
FNH:1
FNDA:18,useActiveLeague
DA:3,1
DA:8,18
DA:9,18
DA:10,0
DA:15,18
DA:16,18
LF:6
LH:5
BRDA:9,0,0,0
BRDA:9,0,1,18
BRDA:9,1,0,18
BRDA:9,1,1,0
BRDA:16,2,0,18
BRDA:16,2,1,0
BRF:6
BRH:3
end_of_record
TN:
SF:src\hooks\useDraftTimer.js
FN:4,useDraftTimer
FN:13,(anonymous_1)
FN:18,(anonymous_2)
FN:27,(anonymous_3)
FN:32,(anonymous_4)
FN:35,(anonymous_5)
FN:36,(anonymous_6)
FN:47,(anonymous_7)
FN:61,(anonymous_8)
FNF:9
FNH:4
FNDA:10,useDraftTimer
FNDA:10,(anonymous_1)
FNDA:0,(anonymous_2)
FNDA:0,(anonymous_3)
FNDA:5,(anonymous_4)
FNDA:0,(anonymous_5)
FNDA:0,(anonymous_6)
FNDA:0,(anonymous_7)
FNDA:5,(anonymous_8)
DA:5,10
DA:6,10
DA:7,10
DA:8,10
DA:12,10
DA:13,10
DA:14,10
DA:18,10
DA:19,0
DA:20,0
DA:21,0
DA:22,0
DA:23,0
DA:27,10
DA:28,0
DA:32,10
DA:34,5
DA:35,0
DA:36,0
DA:37,0
DA:39,0
DA:40,0
DA:41,0
DA:44,0
DA:45,0
DA:47,0
DA:48,0
DA:49,0
DA:53,0
DA:55,0
DA:61,5
DA:62,5
DA:63,0
DA:64,0
DA:69,10
LF:35
LH:14
BRDA:4,0,0,10
BRDA:21,1,0,0
BRDA:21,1,1,0
BRDA:34,2,0,0
BRDA:34,2,1,5
BRDA:37,3,0,0
BRDA:37,3,1,0
BRDA:44,4,0,0
BRDA:44,4,1,0
BRDA:48,5,0,0
BRDA:48,5,1,0
BRDA:62,6,0,0
BRDA:62,6,1,5
BRF:13
BRH:3
end_of_record
TN:
SF:src\pages\DraftBoard.jsx
FN:31,DraftBoard
FN:37,(anonymous_1)
FN:58,(anonymous_2)
FN:65,(anonymous_3)
FN:67,(anonymous_4)
FN:72,(anonymous_5)
FN:74,(anonymous_6)
FN:81,(anonymous_7)
FN:83,(anonymous_8)
FN:91,(anonymous_9)
FN:94,(anonymous_10)
FN:95,(anonymous_11)
FN:102,(anonymous_12)
FN:117,(anonymous_13)
FN:119,(anonymous_14)
FN:132,(anonymous_15)
FN:168,(anonymous_16)
FN:172,(anonymous_17)
FN:180,(anonymous_18)
FN:182,(anonymous_19)
FN:183,(anonymous_20)
FN:199,(anonymous_21)
FN:208,(anonymous_22)
FN:209,(anonymous_23)
FN:210,(anonymous_24)
FN:215,(anonymous_25)
FN:216,(anonymous_26)
FN:219,(anonymous_27)
FN:223,(anonymous_28)
FN:229,(anonymous_29)
FN:237,(anonymous_30)
FN:239,(anonymous_31)
FN:244,(anonymous_32)
FN:245,(anonymous_33)
FN:249,(anonymous_34)
FN:253,(anonymous_35)
FN:256,(anonymous_36)
FN:263,(anonymous_37)
FN:268,(anonymous_38)
FN:285,(anonymous_39)
FN:288,(anonymous_40)
FN:294,(anonymous_41)
FN:296,(anonymous_42)
FN:301,(anonymous_43)
FN:312,(anonymous_44)
FN:314,(anonymous_45)
FN:326,(anonymous_46)
FN:327,(anonymous_47)
FN:333,(anonymous_48)
FN:343,(anonymous_49)
FN:354,(anonymous_50)
FN:374,(anonymous_51)
FN:379,(anonymous_52)
FN:383,(anonymous_53)
FN:392,(anonymous_54)
FN:392,(anonymous_55)
FN:396,(anonymous_56)
FN:398,(anonymous_57)
FN:399,(anonymous_58)
FN:411,(anonymous_59)
FN:415,(anonymous_60)
FN:417,(anonymous_61)
FN:418,(anonymous_62)
FN:423,(anonymous_63)
FN:429,(anonymous_64)
FN:433,(anonymous_65)
FN:514,(anonymous_66)
FN:545,(anonymous_67)
FN:580,(anonymous_68)
FN:673,(anonymous_69)
FNF:70
FNH:30
FNDA:10,DraftBoard
FNDA:5,(anonymous_1)
FNDA:5,(anonymous_2)
FNDA:9,(anonymous_3)
FNDA:0,(anonymous_4)
FNDA:10,(anonymous_5)
FNDA:1,(anonymous_6)
FNDA:9,(anonymous_7)
FNDA:0,(anonymous_8)
FNDA:4,(anonymous_9)
FNDA:4,(anonymous_10)
FNDA:0,(anonymous_11)
FNDA:0,(anonymous_12)
FNDA:0,(anonymous_13)
FNDA:0,(anonymous_14)
FNDA:0,(anonymous_15)
FNDA:0,(anonymous_16)
FNDA:0,(anonymous_17)
FNDA:0,(anonymous_18)
FNDA:0,(anonymous_19)
FNDA:0,(anonymous_20)
FNDA:5,(anonymous_21)
FNDA:4,(anonymous_22)
FNDA:0,(anonymous_23)
FNDA:4,(anonymous_24)
FNDA:4,(anonymous_25)
FNDA:0,(anonymous_26)
FNDA:4,(anonymous_27)
FNDA:0,(anonymous_28)
FNDA:4,(anonymous_29)
FNDA:0,(anonymous_30)
FNDA:4,(anonymous_31)
FNDA:0,(anonymous_32)
FNDA:0,(anonymous_33)
FNDA:5,(anonymous_34)
FNDA:4,(anonymous_35)
FNDA:0,(anonymous_36)
FNDA:0,(anonymous_37)
FNDA:5,(anonymous_38)
FNDA:5,(anonymous_39)
FNDA:0,(anonymous_40)
FNDA:9,(anonymous_41)
FNDA:0,(anonymous_42)
FNDA:9,(anonymous_43)
FNDA:9,(anonymous_44)
FNDA:0,(anonymous_45)
FNDA:9,(anonymous_46)
FNDA:0,(anonymous_47)
FNDA:9,(anonymous_48)
FNDA:0,(anonymous_49)
FNDA:9,(anonymous_50)
FNDA:9,(anonymous_51)
FNDA:0,(anonymous_52)
FNDA:0,(anonymous_53)
FNDA:9,(anonymous_54)
FNDA:0,(anonymous_55)
FNDA:10,(anonymous_56)
FNDA:0,(anonymous_57)
FNDA:0,(anonymous_58)
FNDA:0,(anonymous_59)
FNDA:5,(anonymous_60)
FNDA:0,(anonymous_61)
FNDA:0,(anonymous_62)
FNDA:0,(anonymous_63)
FNDA:0,(anonymous_64)
FNDA:0,(anonymous_65)
FNDA:0,(anonymous_66)
FNDA:0,(anonymous_67)
FNDA:0,(anonymous_68)
FNDA:0,(anonymous_69)
DA:33,10
DA:34,10
DA:35,10
DA:36,10
DA:37,10
DA:38,10
DA:39,10
DA:40,10
DA:41,10
DA:42,10
DA:43,10
DA:44,10
DA:45,10
DA:46,10
DA:47,10
DA:48,10
DA:49,10
DA:50,10
DA:51,10
DA:52,10
DA:53,10
DA:55,10
DA:56,10
DA:58,10
DA:59,5
DA:60,4
DA:62,1
DA:65,10
DA:66,9
DA:67,0
DA:72,10
DA:73,10
DA:74,10
DA:75,1
DA:77,10
DA:81,10
DA:82,9
DA:83,0
DA:84,0
DA:86,9
DA:91,10
DA:92,4
DA:94,4
DA:95,0
DA:101,10
DA:103,0
DA:104,0
DA:105,0
DA:107,0
DA:108,0
DA:115,0
DA:116,0
DA:117,0
DA:119,0
DA:120,0
DA:122,0
DA:130,0
DA:131,0
DA:132,0
DA:133,0
DA:138,0
DA:139,0
DA:140,0
DA:144,0
DA:168,10
DA:172,10
DA:173,0
DA:174,0
DA:175,0
DA:176,0
DA:177,0
DA:180,0
DA:181,0
DA:182,0
DA:184,0
DA:185,0
DA:186,0
DA:187,0
DA:189,0
DA:190,0
DA:192,0
DA:195,0
DA:199,10
DA:200,5
DA:201,4
DA:202,4
DA:203,0
DA:204,0
DA:206,4
DA:208,4
DA:209,0
DA:210,4
DA:211,4
DA:213,4
DA:215,4
DA:216,0
DA:217,4
DA:220,4
DA:221,4
DA:224,0
DA:225,0
DA:227,4
DA:230,4
DA:231,4
DA:233,4
DA:234,0
DA:238,4
DA:239,4
DA:241,1
DA:244,10
DA:245,0
DA:249,10
DA:250,5
DA:251,4
DA:254,4
DA:255,4
DA:256,4
DA:257,0
DA:258,0
DA:261,4
DA:264,0
DA:268,10
DA:269,5
DA:270,5
DA:271,5
DA:273,5
DA:274,5
DA:275,5
DA:276,5
DA:277,4
DA:279,5
DA:280,4
DA:283,5
DA:286,5
DA:289,0
DA:294,10
DA:295,9
DA:296,0
DA:301,10
DA:302,9
DA:303,8
DA:312,10
DA:313,9
DA:314,9
DA:315,0
DA:323,9
DA:326,10
DA:327,9
DA:333,10
DA:334,9
DA:335,0
DA:337,0
DA:341,9
DA:343,0
DA:344,0
DA:345,0
DA:348,0
DA:349,0
DA:354,10
DA:355,9
DA:356,8
DA:357,8
DA:358,0
DA:363,10
DA:365,10
DA:369,10
DA:370,10
DA:371,10
DA:372,10
DA:374,10
DA:375,9
DA:376,9
DA:378,0
DA:380,0
DA:383,0
DA:385,0
DA:386,9
DA:387,9
DA:388,9
DA:391,10
DA:392,9
DA:396,10
DA:397,10
DA:398,0
DA:399,0
DA:411,0
DA:415,10
DA:416,5
DA:417,0
DA:418,0
DA:423,10
DA:424,0
DA:425,0
DA:428,10
DA:430,0
DA:431,0
DA:433,0
DA:434,0
DA:449,0
DA:450,0
DA:451,0
DA:453,0
DA:454,0
DA:457,0
DA:459,0
DA:460,0
DA:462,0
DA:468,10
DA:514,0
DA:545,0
DA:580,0
DA:674,0
LF:212
LH:123
BRDA:59,0,0,4
BRDA:59,0,1,1
BRDA:59,1,0,5
BRDA:59,1,1,4
BRDA:66,2,0,9
BRDA:66,2,1,0
BRDA:67,3,0,0
BRDA:67,3,1,0
BRDA:82,4,0,0
BRDA:82,4,1,9
BRDA:82,5,0,9
BRDA:82,5,1,0
BRDA:84,6,0,0
BRDA:84,6,1,0
BRDA:102,7,0,0
BRDA:104,8,0,0
BRDA:104,8,1,0
BRDA:107,9,0,0
BRDA:107,9,1,0
BRDA:107,10,0,0
BRDA:107,10,1,0
BRDA:115,11,0,0
BRDA:115,11,1,0
BRDA:119,12,0,0
BRDA:119,12,1,0
BRDA:119,13,0,0
BRDA:119,13,1,0
BRDA:135,14,0,0
BRDA:135,14,1,0
BRDA:135,14,2,0
BRDA:144,15,0,0
BRDA:144,15,1,0
BRDA:175,16,0,0
BRDA:175,16,1,0
BRDA:184,17,0,0
BRDA:184,17,1,0
BRDA:185,18,0,0
BRDA:185,18,1,0
BRDA:186,19,0,0
BRDA:186,19,1,0
BRDA:187,20,0,0
BRDA:187,20,1,0
BRDA:187,21,0,0
BRDA:187,21,1,0
BRDA:200,22,0,4
BRDA:200,22,1,1
BRDA:200,23,0,5
BRDA:200,23,1,4
BRDA:202,24,0,0
BRDA:202,24,1,4
BRDA:230,25,0,4
BRDA:230,25,1,0
BRDA:233,26,0,0
BRDA:233,26,1,4
BRDA:234,27,0,0
BRDA:234,27,1,0
BRDA:250,28,0,1
BRDA:250,28,1,4
BRDA:250,29,0,5
BRDA:250,29,1,4
BRDA:254,30,0,4
BRDA:254,30,1,0
BRDA:257,31,0,0
BRDA:257,31,1,0
BRDA:269,32,0,0
BRDA:269,32,1,5
BRDA:270,33,0,5
BRDA:270,33,1,1
BRDA:270,34,0,5
BRDA:270,34,1,1
BRDA:270,34,2,1
BRDA:271,35,0,5
BRDA:271,35,1,1
BRDA:271,36,0,5
BRDA:271,36,1,1
BRDA:276,37,0,4
BRDA:276,37,1,1
BRDA:279,38,0,4
BRDA:279,38,1,1
BRDA:286,39,0,5
BRDA:286,39,1,0
BRDA:295,40,0,9
BRDA:295,40,1,0
BRDA:302,41,0,1
BRDA:302,41,1,8
BRDA:329,42,0,0
BRDA:329,42,1,0
BRDA:334,43,0,9
BRDA:334,43,1,0
BRDA:337,44,0,0
BRDA:337,44,1,0
BRDA:337,44,2,0
BRDA:341,45,0,0
BRDA:341,45,1,9
BRDA:345,46,0,0
BRDA:345,46,1,0
BRDA:345,46,2,0
BRDA:348,47,0,0
BRDA:348,47,1,0
BRDA:355,48,0,1
BRDA:355,48,1,8
BRDA:356,49,0,0
BRDA:356,49,1,8
BRDA:357,50,0,0
BRDA:357,50,1,8
BRDA:363,51,0,10
BRDA:363,51,1,8
BRDA:363,51,2,8
BRDA:366,52,0,10
BRDA:366,52,1,0
BRDA:366,52,2,0
BRDA:369,53,0,10
BRDA:369,53,1,2
BRDA:370,54,0,10
BRDA:370,54,1,2
BRDA:371,55,0,10
BRDA:371,55,1,2
BRDA:375,56,0,9
BRDA:375,56,1,0
BRDA:380,57,0,0
BRDA:380,57,1,0
BRDA:381,58,0,0
BRDA:381,58,1,0
BRDA:385,59,0,0
BRDA:385,59,1,0
BRDA:385,59,2,0
BRDA:386,60,0,9
BRDA:386,60,1,0
BRDA:387,61,0,9
BRDA:387,61,1,0
BRDA:402,62,0,0
BRDA:402,62,1,0
BRDA:402,62,2,0
BRDA:404,63,0,0
BRDA:404,63,1,0
BRDA:404,63,2,0
BRDA:404,63,3,0
BRDA:404,63,4,0
BRDA:404,63,5,0
BRDA:411,64,0,0
BRDA:411,64,1,0
BRDA:411,65,0,0
BRDA:411,65,1,0
BRDA:416,66,0,5
BRDA:416,66,1,0
BRDA:430,67,0,0
BRDA:430,67,1,0
BRDA:431,68,0,0
BRDA:431,68,1,0
BRDA:436,69,0,0
BRDA:436,69,1,0
BRDA:440,70,0,0
BRDA:440,70,1,0
BRDA:440,70,2,0
BRDA:440,70,3,0
BRDA:445,71,0,0
BRDA:445,71,1,0
BRDA:445,71,2,0
BRDA:446,72,0,0
BRDA:446,72,1,0
BRDA:471,73,0,4
BRDA:471,73,1,6
BRDA:541,74,0,10
BRDA:541,74,1,0
BRDA:552,75,0,10
BRDA:552,75,1,0
BRDA:570,76,0,10
BRDA:570,76,1,0
BRDA:587,77,0,0
BRDA:587,77,1,0
BRDA:591,78,0,0
BRDA:591,78,1,0
BRDA:595,79,0,0
BRDA:595,79,1,0
BRDA:595,79,2,0
BRDA:598,80,0,0
BRDA:598,80,1,0
BRDA:598,80,2,0
BRDA:601,81,0,0
BRDA:601,81,1,0
BRDA:601,81,2,0
BRDA:603,82,0,0
BRDA:603,82,1,0
BRDA:604,83,0,0
BRDA:604,83,1,0
BRDA:622,84,0,0
BRDA:622,84,1,0
BRDA:632,85,0,0
BRDA:632,85,1,0
BRDA:641,86,0,0
BRDA:641,86,1,0
BRDA:653,87,0,0
BRDA:653,87,1,0
BRDA:653,88,0,0
BRDA:653,88,1,0
BRDA:677,89,0,0
BRDA:677,89,1,0
BRF:197
BRH:62
end_of_record
TN:
SF:src\pages\DraftDayAnalyzer.jsx
FN:56,(anonymous_0)
FN:61,(anonymous_1)
FN:87,Drawer
FN:116,DraftDayAnalyzer
FN:129,(anonymous_4)
FN:168,(anonymous_5)
FN:185,(anonymous_6)
FN:189,(anonymous_7)
FN:193,(anonymous_8)
FN:204,(anonymous_9)
FN:208,(anonymous_10)
FN:212,(anonymous_11)
FN:218,(anonymous_12)
FN:219,(anonymous_13)
FN:222,(anonymous_14)
FN:223,(anonymous_15)
FN:226,(anonymous_16)
FN:241,(anonymous_17)
FN:244,(anonymous_18)
FN:247,(anonymous_19)
FN:250,(anonymous_20)
FN:257,(anonymous_21)
FN:260,(anonymous_22)
FN:275,(anonymous_23)
FN:279,(anonymous_24)
FN:283,(anonymous_25)
FN:293,(anonymous_26)
FN:297,(anonymous_27)
FN:311,(anonymous_28)
FN:313,(anonymous_29)
FN:320,(anonymous_30)
FN:320,(anonymous_31)
FN:324,(anonymous_32)
FN:326,(anonymous_33)
FN:327,(anonymous_34)
FN:328,(anonymous_35)
FN:337,(anonymous_36)
FN:339,(anonymous_37)
FN:340,(anonymous_38)
FN:343,(anonymous_39)
FN:345,(anonymous_40)
FN:376,(anonymous_41)
FN:378,(anonymous_42)
FN:391,(anonymous_43)
FN:393,(anonymous_44)
FN:394,(anonymous_45)
FN:412,(anonymous_46)
FN:415,(anonymous_47)
FN:420,(anonymous_48)
FN:426,(anonymous_49)
FN:427,(anonymous_50)
FN:430,(anonymous_51)
FN:437,(anonymous_52)
FN:438,(anonymous_53)
FN:444,(anonymous_54)
FN:446,(anonymous_55)
FN:451,(anonymous_56)
FN:455,(anonymous_57)
FN:478,(anonymous_58)
FN:496,(anonymous_59)
FN:503,(anonymous_60)
FN:505,(anonymous_61)
FN:508,(anonymous_62)
FN:517,(anonymous_63)
FN:522,(anonymous_64)
FN:524,(anonymous_65)
FN:530,(anonymous_66)
FN:539,(anonymous_67)
FN:547,(anonymous_68)
FN:551,(anonymous_69)
FN:560,(anonymous_70)
FN:562,(anonymous_71)
FN:599,(anonymous_72)
FN:601,(anonymous_73)
FN:608,(anonymous_74)
FN:611,(anonymous_75)
FN:618,(anonymous_76)
FN:628,(anonymous_77)
FN:635,(anonymous_78)
FN:639,(anonymous_79)
FN:651,(anonymous_80)
FN:676,(anonymous_81)
FN:690,(anonymous_82)
FN:731,(anonymous_83)
FN:735,(anonymous_84)
FN:773,(anonymous_85)
FN:796,(anonymous_86)
FN:859,(anonymous_87)
FN:861,(anonymous_88)
FN:868,(anonymous_89)
FN:885,(anonymous_90)
FN:892,(anonymous_91)
FN:907,(anonymous_92)
FN:907,(anonymous_93)
FN:921,(anonymous_94)
FN:928,(anonymous_95)
FN:935,(anonymous_96)
FN:942,(anonymous_97)
FN:949,(anonymous_98)
FN:956,(anonymous_99)
FN:965,(anonymous_100)
FN:971,(anonymous_101)
FN:983,(anonymous_102)
FN:989,(anonymous_103)
FN:1076,(anonymous_104)
FN:1089,(anonymous_105)
FN:1097,(anonymous_106)
FN:1106,(anonymous_107)
FN:1124,(anonymous_108)
FN:1126,(anonymous_109)
FN:1141,(anonymous_110)
FN:1168,(anonymous_111)
FN:1191,(anonymous_112)
FN:1199,(anonymous_113)
FN:1213,(anonymous_114)
FN:1228,(anonymous_115)
FN:1261,(anonymous_116)
FN:1289,(anonymous_117)
FN:1318,(anonymous_118)
FN:1338,(anonymous_119)
FNF:120
FNH:43
FNDA:6,(anonymous_0)
FNDA:1,(anonymous_1)
FNDA:2,Drawer
FNDA:3,DraftDayAnalyzer
FNDA:1,(anonymous_4)
FNDA:1,(anonymous_5)
FNDA:1,(anonymous_6)
FNDA:1,(anonymous_7)
FNDA:1,(anonymous_8)
FNDA:1,(anonymous_9)
FNDA:0,(anonymous_10)
FNDA:1,(anonymous_11)
FNDA:0,(anonymous_12)
FNDA:1,(anonymous_13)
FNDA:0,(anonymous_14)
FNDA:1,(anonymous_15)
FNDA:0,(anonymous_16)
FNDA:1,(anonymous_17)
FNDA:1,(anonymous_18)
FNDA:1,(anonymous_19)
FNDA:1,(anonymous_20)
FNDA:0,(anonymous_21)
FNDA:1,(anonymous_22)
FNDA:0,(anonymous_23)
FNDA:1,(anonymous_24)
FNDA:1,(anonymous_25)
FNDA:1,(anonymous_26)
FNDA:0,(anonymous_27)
FNDA:1,(anonymous_28)
FNDA:0,(anonymous_29)
FNDA:1,(anonymous_30)
FNDA:0,(anonymous_31)
FNDA:1,(anonymous_32)
FNDA:0,(anonymous_33)
FNDA:0,(anonymous_34)
FNDA:0,(anonymous_35)
FNDA:1,(anonymous_36)
FNDA:0,(anonymous_37)
FNDA:0,(anonymous_38)
FNDA:0,(anonymous_39)
FNDA:0,(anonymous_40)
FNDA:1,(anonymous_41)
FNDA:0,(anonymous_42)
FNDA:1,(anonymous_43)
FNDA:0,(anonymous_44)
FNDA:0,(anonymous_45)
FNDA:0,(anonymous_46)
FNDA:1,(anonymous_47)
FNDA:0,(anonymous_48)
FNDA:1,(anonymous_49)
FNDA:0,(anonymous_50)
FNDA:1,(anonymous_51)
FNDA:0,(anonymous_52)
FNDA:0,(anonymous_53)
FNDA:0,(anonymous_54)
FNDA:0,(anonymous_55)
FNDA:0,(anonymous_56)
FNDA:0,(anonymous_57)
FNDA:1,(anonymous_58)
FNDA:1,(anonymous_59)
FNDA:1,(anonymous_60)
FNDA:0,(anonymous_61)
FNDA:1,(anonymous_62)
FNDA:1,(anonymous_63)
FNDA:1,(anonymous_64)
FNDA:0,(anonymous_65)
FNDA:0,(anonymous_66)
FNDA:0,(anonymous_67)
FNDA:0,(anonymous_68)
FNDA:0,(anonymous_69)
FNDA:0,(anonymous_70)
FNDA:6,(anonymous_71)
FNDA:1,(anonymous_72)
FNDA:0,(anonymous_73)
FNDA:0,(anonymous_74)
FNDA:0,(anonymous_75)
FNDA:0,(anonymous_76)
FNDA:0,(anonymous_77)
FNDA:0,(anonymous_78)
FNDA:0,(anonymous_79)
FNDA:0,(anonymous_80)
FNDA:1,(anonymous_81)
FNDA:1,(anonymous_82)
FNDA:1,(anonymous_83)
FNDA:0,(anonymous_84)
FNDA:0,(anonymous_85)
FNDA:0,(anonymous_86)
FNDA:0,(anonymous_87)
FNDA:0,(anonymous_88)
FNDA:0,(anonymous_89)
FNDA:21,(anonymous_90)
FNDA:0,(anonymous_91)
FNDA:0,(anonymous_92)
FNDA:0,(anonymous_93)
FNDA:0,(anonymous_94)
FNDA:0,(anonymous_95)
FNDA:0,(anonymous_96)
FNDA:0,(anonymous_97)
FNDA:0,(anonymous_98)
FNDA:0,(anonymous_99)
FNDA:0,(anonymous_100)
FNDA:16,(anonymous_101)
FNDA:0,(anonymous_102)
FNDA:0,(anonymous_103)
FNDA:0,(anonymous_104)
FNDA:0,(anonymous_105)
FNDA:0,(anonymous_106)
FNDA:0,(anonymous_107)
FNDA:0,(anonymous_108)
FNDA:0,(anonymous_109)
FNDA:0,(anonymous_110)
FNDA:0,(anonymous_111)
FNDA:0,(anonymous_112)
FNDA:0,(anonymous_113)
FNDA:0,(anonymous_114)
FNDA:0,(anonymous_115)
FNDA:0,(anonymous_116)
FNDA:0,(anonymous_117)
FNDA:0,(anonymous_118)
FNDA:0,(anonymous_119)
DA:39,1
DA:40,1
DA:41,1
DA:43,1
DA:51,1
DA:52,1
DA:54,1
DA:56,1
DA:57,6
DA:58,6
DA:61,1
DA:62,1
DA:63,1
DA:64,1
DA:65,1
DA:83,0
DA:88,2
DA:117,3
DA:118,3
DA:119,3
DA:120,3
DA:121,3
DA:122,3
DA:124,3
DA:125,3
DA:126,3
DA:127,3
DA:129,3
DA:130,3
DA:133,3
DA:134,3
DA:135,3
DA:136,3
DA:138,3
DA:139,3
DA:140,3
DA:141,3
DA:143,3
DA:145,3
DA:146,3
DA:147,3
DA:148,3
DA:150,3
DA:151,3
DA:152,3
DA:153,3
DA:155,3
DA:156,3
DA:157,3
DA:159,3
DA:160,3
DA:161,3
DA:162,3
DA:163,3
DA:164,3
DA:166,3
DA:168,3
DA:169,1
DA:176,1
DA:185,3
DA:188,3
DA:189,1
DA:193,3
DA:194,1
DA:195,1
DA:196,1
DA:197,1
DA:198,0
DA:200,1
DA:204,3
DA:205,1
DA:207,1
DA:209,0
DA:210,0
DA:213,1
DA:214,1
DA:217,1
DA:218,0
DA:219,1
DA:221,1
DA:222,0
DA:223,1
DA:225,1
DA:227,0
DA:228,0
DA:230,0
DA:231,0
DA:239,0
DA:244,3
DA:245,1
DA:246,1
DA:247,1
DA:250,3
DA:251,1
DA:252,0
DA:254,1
DA:255,1
DA:257,0
DA:260,3
DA:261,1
DA:262,1
DA:263,1
DA:265,1
DA:269,1
DA:276,0
DA:277,0
DA:280,1
DA:281,1
DA:283,1
DA:293,3
DA:294,1
DA:295,0
DA:296,1
DA:297,0
DA:299,1
DA:300,0
DA:303,1
DA:311,3
DA:312,1
DA:313,1
DA:314,0
DA:316,1
DA:319,3
DA:320,1
DA:324,3
DA:325,1
DA:326,1
DA:327,0
DA:328,0
DA:329,0
DA:334,1
DA:337,3
DA:338,1
DA:339,0
DA:341,0
DA:342,0
DA:343,0
DA:346,0
DA:347,0
DA:376,3
DA:377,1
DA:378,1
DA:379,0
DA:380,0
DA:382,0
DA:383,0
DA:391,3
DA:392,1
DA:393,1
DA:394,1
DA:395,0
DA:396,0
DA:397,0
DA:398,0
DA:399,0
DA:400,0
DA:401,0
DA:402,0
DA:403,0
DA:405,0
DA:406,0
DA:408,0
DA:409,0
DA:410,0
DA:412,1
DA:415,3
DA:416,1
DA:417,1
DA:418,1
DA:420,0
DA:421,0
DA:422,0
DA:426,3
DA:427,1
DA:430,3
DA:431,1
DA:432,0
DA:433,0
DA:435,1
DA:437,0
DA:438,0
DA:442,1
DA:444,0
DA:446,0
DA:451,0
DA:455,1
DA:458,1
DA:478,3
DA:479,1
DA:481,0
DA:482,0
DA:484,0
DA:496,3
DA:497,1
DA:498,0
DA:500,1
DA:503,3
DA:504,1
DA:505,1
DA:508,3
DA:509,1
DA:510,0
DA:517,3
DA:518,1
DA:519,0
DA:522,3
DA:523,1
DA:524,1
DA:525,0
DA:526,0
DA:527,0
DA:530,1
DA:531,0
DA:534,0
DA:535,0
DA:536,0
DA:539,1
DA:540,0
DA:541,0
DA:542,0
DA:546,1
DA:547,0
DA:550,1
DA:552,0
DA:553,0
DA:554,0
DA:560,0
DA:562,1
DA:563,6
DA:564,6
DA:565,6
DA:566,6
DA:568,6
DA:572,6
DA:581,1
DA:599,3
DA:600,1
DA:601,1
DA:602,1
DA:604,0
DA:605,1
DA:606,1
DA:608,1
DA:612,0
DA:618,0
DA:628,1
DA:629,0
DA:632,1
DA:633,1
DA:636,0
DA:639,0
DA:641,1
DA:643,1
DA:651,0
DA:676,3
DA:677,1
DA:678,1
DA:679,1
DA:680,1
DA:681,1
DA:690,3
DA:691,1
DA:694,1
DA:695,1
DA:697,0
DA:698,0
DA:700,0
DA:712,0
DA:713,0
DA:714,0
DA:716,0
DA:717,0
DA:719,0
DA:731,3
DA:732,1
DA:735,3
DA:736,0
DA:739,0
DA:740,0
DA:741,0
DA:744,0
DA:745,0
DA:746,0
DA:748,0
DA:749,0
DA:755,0
DA:756,0
DA:758,0
DA:759,0
DA:761,0
DA:772,3
DA:774,0
DA:775,0
DA:776,0
DA:777,0
DA:778,0
DA:780,0
DA:781,0
DA:782,0
DA:784,0
DA:785,0
DA:789,0
DA:795,3
DA:797,0
DA:798,0
DA:801,0
DA:803,0
DA:804,0
DA:805,0
DA:808,0
DA:809,0
DA:810,0
DA:813,0
DA:814,0
DA:815,0
DA:816,0
DA:817,0
DA:818,0
DA:819,0
DA:821,0
DA:823,0
DA:827,0
DA:836,0
DA:837,0
DA:839,0
DA:840,0
DA:841,0
DA:843,0
DA:844,0
DA:859,3
DA:860,0
DA:861,0
DA:862,0
DA:864,0
DA:865,0
DA:868,3
DA:869,0
DA:870,0
DA:872,0
DA:873,0
DA:874,0
DA:877,3
DA:886,21
DA:892,0
DA:907,0
DA:921,0
DA:928,0
DA:935,0
DA:942,0
DA:949,0
DA:956,0
DA:965,0
DA:972,16
DA:984,0
DA:985,0
DA:989,0
DA:1076,0
DA:1089,0
DA:1097,0
DA:1107,0
DA:1124,0
DA:1127,0
DA:1141,0
DA:1169,0
DA:1170,0
DA:1177,0
DA:1185,0
DA:1192,0
DA:1200,0
DA:1214,0
DA:1215,0
DA:1222,0
DA:1229,0
DA:1262,0
DA:1263,0
DA:1264,0
DA:1265,0
DA:1290,0
DA:1318,0
DA:1338,0
LF:380
LH:190
BRDA:56,0,0,6
BRDA:58,1,0,6
BRDA:58,1,1,0
BRDA:62,2,0,0
BRDA:62,2,1,1
BRDA:64,3,0,1
BRDA:64,3,1,1
BRDA:66,4,0,1
BRDA:66,4,1,1
BRDA:67,5,0,0
BRDA:67,5,1,1
BRDA:70,6,0,0
BRDA:70,6,1,1
BRDA:74,7,0,0
BRDA:74,7,1,1
BRDA:74,8,0,1
BRDA:74,8,1,1
BRDA:78,9,0,0
BRDA:78,9,1,1
BRDA:91,10,0,0
BRDA:91,10,1,2
BRDA:97,11,0,2
BRDA:97,11,1,2
BRDA:108,12,0,0
BRDA:108,12,1,2
BRDA:109,13,0,0
BRDA:109,13,1,2
BRDA:110,14,0,2
BRDA:110,14,1,0
BRDA:110,15,0,2
BRDA:110,15,1,2
BRDA:194,16,0,0
BRDA:194,16,1,1
BRDA:194,17,0,1
BRDA:194,17,1,1
BRDA:198,18,0,0
BRDA:198,18,1,0
BRDA:205,19,0,0
BRDA:205,19,1,1
BRDA:209,20,0,0
BRDA:209,20,1,0
BRDA:209,21,0,0
BRDA:209,21,1,0
BRDA:218,22,0,0
BRDA:218,22,1,0
BRDA:222,23,0,0
BRDA:222,23,1,0
BRDA:227,24,0,0
BRDA:227,24,1,0
BRDA:230,25,0,0
BRDA:230,25,1,0
BRDA:251,26,0,0
BRDA:251,26,1,1
BRDA:254,27,0,1
BRDA:254,27,1,0
BRDA:261,28,0,0
BRDA:261,28,1,1
BRDA:261,29,0,1
BRDA:261,29,1,1
BRDA:266,30,0,1
BRDA:266,30,1,1
BRDA:266,30,2,1
BRDA:266,30,3,0
BRDA:277,31,0,0
BRDA:277,31,1,0
BRDA:294,32,0,1
BRDA:294,32,1,0
BRDA:295,33,0,0
BRDA:295,33,1,0
BRDA:299,34,0,0
BRDA:299,34,1,1
BRDA:301,35,0,0
BRDA:301,35,1,0
BRDA:301,35,2,0
BRDA:341,36,0,0
BRDA:341,36,1,0
BRDA:342,37,0,0
BRDA:342,37,1,0
BRDA:349,38,0,0
BRDA:349,38,1,0
BRDA:350,39,0,0
BRDA:350,39,1,0
BRDA:354,40,0,0
BRDA:354,40,1,0
BRDA:356,41,0,0
BRDA:356,41,1,0
BRDA:360,42,0,0
BRDA:360,42,1,0
BRDA:362,43,0,0
BRDA:362,43,1,0
BRDA:364,44,0,0
BRDA:364,44,1,0
BRDA:365,45,0,0
BRDA:365,45,1,0
BRDA:366,46,0,0
BRDA:366,46,1,0
BRDA:368,47,0,0
BRDA:368,47,1,0
BRDA:371,48,0,0
BRDA:371,48,1,0
BRDA:379,49,0,0
BRDA:379,49,1,0
BRDA:379,50,0,0
BRDA:379,50,1,0
BRDA:382,51,0,0
BRDA:382,51,1,0
BRDA:384,52,0,0
BRDA:384,52,1,0
BRDA:384,52,2,0
BRDA:392,53,0,0
BRDA:392,53,1,1
BRDA:397,54,0,0
BRDA:397,54,1,0
BRDA:397,55,0,0
BRDA:397,55,1,0
BRDA:399,56,0,0
BRDA:399,56,1,0
BRDA:400,57,0,0
BRDA:400,57,1,0
BRDA:400,58,0,0
BRDA:400,58,1,0
BRDA:402,59,0,0
BRDA:402,59,1,0
BRDA:402,60,0,0
BRDA:402,60,1,0
BRDA:405,61,0,0
BRDA:405,61,1,0
BRDA:405,62,0,0
BRDA:405,62,1,0
BRDA:406,63,0,0
BRDA:406,63,1,0
BRDA:408,64,0,0
BRDA:408,64,1,0
BRDA:408,65,0,0
BRDA:408,65,1,0
BRDA:409,66,0,0
BRDA:409,66,1,0
BRDA:416,67,0,1
BRDA:416,67,1,0
BRDA:421,68,0,0
BRDA:421,68,1,0
BRDA:427,69,0,1
BRDA:427,69,1,1
BRDA:431,70,0,1
BRDA:431,70,1,0
BRDA:433,71,0,0
BRDA:433,71,1,0
BRDA:433,71,2,0
BRDA:448,72,0,0
BRDA:448,72,1,0
BRDA:459,73,0,1
BRDA:459,73,1,0
BRDA:459,73,2,0
BRDA:479,74,0,1
BRDA:479,74,1,0
BRDA:479,75,0,1
BRDA:479,75,1,0
BRDA:491,76,0,0
BRDA:491,76,1,0
BRDA:491,77,0,0
BRDA:491,77,1,0
BRDA:491,78,0,0
BRDA:491,78,1,0
BRDA:497,79,0,0
BRDA:497,79,1,1
BRDA:500,80,0,1
BRDA:500,80,1,1
BRDA:504,81,0,1
BRDA:504,81,1,1
BRDA:504,81,2,0
BRDA:505,82,0,1
BRDA:505,82,1,1
BRDA:509,83,0,1
BRDA:509,83,1,0
BRDA:511,84,0,0
BRDA:511,84,1,0
BRDA:511,84,2,0
BRDA:518,85,0,1
BRDA:518,85,1,0
BRDA:518,86,0,1
BRDA:518,86,1,0
BRDA:526,87,0,0
BRDA:526,87,1,0
BRDA:532,88,0,0
BRDA:532,88,1,0
BRDA:534,89,0,0
BRDA:534,89,1,0
BRDA:535,90,0,0
BRDA:535,90,1,0
BRDA:540,91,0,0
BRDA:540,91,1,0
BRDA:541,92,0,0
BRDA:541,92,1,0
BRDA:546,93,0,0
BRDA:546,93,1,1
BRDA:552,94,0,0
BRDA:552,94,1,0
BRDA:553,95,0,0
BRDA:553,95,1,0
BRDA:556,96,0,0
BRDA:556,96,1,0
BRDA:556,96,2,0
BRDA:564,97,0,6
BRDA:564,97,1,6
BRDA:566,98,0,6
BRDA:566,98,1,6
BRDA:568,99,0,0
BRDA:568,99,1,6
BRDA:600,100,0,1
BRDA:600,100,1,1
BRDA:602,101,0,1
BRDA:602,101,1,0
BRDA:604,102,0,0
BRDA:604,102,1,0
BRDA:605,103,0,1
BRDA:605,103,1,0
BRDA:612,104,0,0
BRDA:612,104,1,0
BRDA:613,105,0,0
BRDA:613,105,1,0
BRDA:616,106,0,0
BRDA:616,106,1,0
BRDA:620,107,0,0
BRDA:620,107,1,0
BRDA:632,108,0,1
BRDA:632,108,1,0
BRDA:636,109,0,0
BRDA:636,109,1,0
BRDA:637,110,0,0
BRDA:637,110,1,0
BRDA:653,111,0,0
BRDA:653,111,1,0
BRDA:661,112,0,1
BRDA:661,112,1,0
BRDA:692,113,0,1
BRDA:692,113,1,1
BRDA:692,113,2,1
BRDA:692,113,3,0
BRDA:694,114,0,1
BRDA:694,114,1,1
BRDA:695,115,0,1
BRDA:695,115,1,0
BRDA:695,116,0,1
BRDA:695,116,1,1
BRDA:695,116,2,0
BRDA:714,117,0,0
BRDA:714,117,1,0
BRDA:737,118,0,0
BRDA:737,118,1,0
BRDA:737,118,2,0
BRDA:737,118,3,0
BRDA:739,119,0,0
BRDA:739,119,1,0
BRDA:751,120,0,0
BRDA:751,120,1,0
BRDA:753,121,0,0
BRDA:753,121,1,0
BRDA:756,122,0,0
BRDA:756,122,1,0
BRDA:782,123,0,0
BRDA:782,123,1,0
BRDA:797,124,0,0
BRDA:797,124,1,0
BRDA:797,125,0,0
BRDA:797,125,1,0
BRDA:799,126,0,0
BRDA:799,126,1,0
BRDA:799,126,2,0
BRDA:799,126,3,0
BRDA:801,127,0,0
BRDA:801,127,1,0
BRDA:801,128,0,0
BRDA:801,128,1,0
BRDA:801,128,2,0
BRDA:803,129,0,0
BRDA:803,129,1,0
BRDA:808,130,0,0
BRDA:808,130,1,0
BRDA:808,131,0,0
BRDA:808,131,1,0
BRDA:823,132,0,0
BRDA:823,132,1,0
BRDA:824,133,0,0
BRDA:824,133,1,0
BRDA:824,134,0,0
BRDA:824,134,1,0
BRDA:825,135,0,0
BRDA:825,135,1,0
BRDA:833,136,0,0
BRDA:833,136,1,0
BRDA:833,137,0,0
BRDA:833,137,1,0
BRDA:833,138,0,0
BRDA:833,138,1,0
BRDA:836,139,0,0
BRDA:836,139,1,0
BRDA:837,140,0,0
BRDA:837,140,1,0
BRDA:860,141,0,0
BRDA:860,141,1,0
BRDA:861,142,0,0
BRDA:861,142,1,0
BRDA:865,143,0,0
BRDA:865,143,1,0
BRDA:890,144,0,3
BRDA:890,144,1,18
BRDA:915,145,0,0
BRDA:915,145,1,3
BRDA:969,146,0,2
BRDA:969,146,1,1
BRDA:969,147,0,3
BRDA:969,147,1,2
BRDA:979,148,0,0
BRDA:979,148,1,3
BRDA:979,149,0,3
BRDA:979,149,1,2
BRDA:991,150,0,0
BRDA:991,150,1,0
BRDA:1001,151,0,0
BRDA:1001,151,1,0
BRDA:1004,152,0,0
BRDA:1004,152,1,0
BRDA:1005,153,0,0
BRDA:1005,153,1,0
BRDA:1011,154,0,0
BRDA:1011,154,1,0
BRDA:1017,155,0,1
BRDA:1017,155,1,2
BRDA:1017,156,0,3
BRDA:1017,156,1,1
BRDA:1038,157,0,3
BRDA:1038,157,1,3
BRDA:1041,158,0,0
BRDA:1041,158,1,3
BRDA:1042,159,0,0
BRDA:1042,159,1,3
BRDA:1049,160,0,3
BRDA:1049,160,1,3
BRDA:1067,161,0,0
BRDA:1067,161,1,3
BRDA:1068,162,0,0
BRDA:1068,162,1,3
BRDA:1077,163,0,3
BRDA:1077,163,1,0
BRDA:1079,164,0,0
BRDA:1079,164,1,3
BRDA:1104,165,0,0
BRDA:1104,165,1,3
BRDA:1128,166,0,0
BRDA:1128,166,1,0
BRDA:1128,166,2,0
BRDA:1153,167,0,0
BRDA:1153,167,1,3
BRDA:1159,168,0,0
BRDA:1159,168,1,3
BRDA:1161,169,0,0
BRDA:1161,169,1,3
BRDA:1168,170,0,0
BRDA:1168,170,1,0
BRDA:1172,171,0,0
BRDA:1172,171,1,0
BRDA:1173,172,0,0
BRDA:1173,172,1,0
BRDA:1174,173,0,0
BRDA:1174,173,1,0
BRDA:1175,174,0,0
BRDA:1175,174,1,0
BRDA:1202,175,0,0
BRDA:1202,175,1,0
BRDA:1213,176,0,0
BRDA:1213,176,1,0
BRDA:1232,177,0,0
BRDA:1232,177,1,0
BRDA:1243,178,0,0
BRDA:1243,178,1,0
BRDA:1243,178,2,0
BRDA:1263,179,0,0
BRDA:1263,179,1,0
BRDA:1263,180,0,0
BRDA:1263,180,1,0
BRDA:1264,181,0,0
BRDA:1264,181,1,0
BRDA:1272,182,0,0
BRDA:1272,182,1,0
BRDA:1276,183,0,0
BRDA:1276,183,1,0
BRDA:1279,184,0,0
BRDA:1279,184,1,0
BRDA:1285,185,0,0
BRDA:1285,185,1,0
BRDA:1320,186,0,0
BRDA:1320,186,1,3
BRDA:1329,187,0,0
BRDA:1329,187,1,3
BRDA:1345,188,0,0
BRDA:1345,188,1,0
BRDA:1352,189,0,0
BRDA:1352,189,1,0
BRDA:1354,190,0,0
BRDA:1354,190,1,0
BRDA:1357,191,0,0
BRDA:1357,191,1,0
BRDA:1358,192,0,0
BRDA:1358,192,1,0
BRDA:1359,193,0,0
BRDA:1359,193,1,0
BRDA:1360,194,0,0
BRDA:1360,194,1,0
BRDA:1361,195,0,0
BRDA:1361,195,1,0
BRDA:1372,196,0,0
BRDA:1372,196,1,0
BRDA:1373,197,0,0
BRDA:1373,197,1,0
BRDA:1382,198,0,0
BRDA:1382,198,1,0
BRDA:1390,199,0,0
BRDA:1390,199,1,0
BRDA:1397,200,0,0
BRDA:1397,200,1,0
BRDA:1399,201,0,0
BRDA:1399,201,1,0
BRDA:1402,202,0,0
BRDA:1402,202,1,0
BRF:424
BRH:103
end_of_record
TN:
SF:src\pages\WaiverRules.jsx
FN:13,WaiverRules
FN:18,(anonymous_1)
FN:19,fetchData
FN:76,(anonymous_3)
FNF:4
FNH:4
FNDA:4,WaiverRules
FNDA:2,(anonymous_1)
FNDA:2,fetchData
FNDA:1,(anonymous_3)
DA:14,4
DA:15,4
DA:16,4
DA:18,4
DA:20,2
DA:21,2
DA:22,2
DA:25,2
DA:26,2
DA:27,2
DA:28,2
DA:30,0
DA:34,2
DA:37,4
DA:38,2
DA:45,2
DA:76,1
LF:17
LH:16
BRDA:25,0,0,2
BRDA:25,0,1,0
BRDA:37,1,0,2
BRDA:37,1,1,2
BRDA:55,2,0,2
BRDA:55,2,1,0
BRDA:59,3,0,4
BRDA:59,3,1,2
BRDA:62,4,0,4
BRDA:62,4,1,2
BRDA:65,5,0,4
BRDA:65,5,1,2
BRDA:68,6,0,4
BRDA:68,6,1,0
BRDA:72,7,0,4
BRDA:72,7,1,1
BRF:16
BRH:13
end_of_record
TN:
SF:src\pages\WaiverWire.jsx
FN:19,WaiverWire
FN:40,(anonymous_1)
FN:45,(anonymous_2)
FN:62,(anonymous_3)
FN:68,(anonymous_4)
FN:88,(anonymous_5)
FN:91,(anonymous_6)
FN:97,(anonymous_7)
FN:119,(anonymous_8)
FN:119,(anonymous_9)
FN:120,(anonymous_10)
FN:136,(anonymous_11)
FN:145,(anonymous_12)
FN:168,(anonymous_13)
FN:169,(anonymous_14)
FN:184,(anonymous_15)
FN:185,(anonymous_16)
FN:193,(anonymous_17)
FN:210,(anonymous_18)
FN:251,(anonymous_19)
FN:261,(anonymous_20)
FN:302,(anonymous_21)
FN:318,(anonymous_22)
FN:335,(anonymous_23)
FNF:24
FNH:4
FNDA:5,WaiverWire
FNDA:0,(anonymous_1)
FNDA:0,(anonymous_2)
FNDA:3,(anonymous_3)
FNDA:3,(anonymous_4)
FNDA:0,(anonymous_5)
FNDA:3,(anonymous_6)
FNDA:0,(anonymous_7)
FNDA:0,(anonymous_8)
FNDA:0,(anonymous_9)
FNDA:0,(anonymous_10)
FNDA:0,(anonymous_11)
FNDA:0,(anonymous_12)
FNDA:0,(anonymous_13)
FNDA:0,(anonymous_14)
FNDA:0,(anonymous_15)
FNDA:0,(anonymous_16)
FNDA:0,(anonymous_17)
FNDA:0,(anonymous_18)
FNDA:0,(anonymous_19)
FNDA:0,(anonymous_20)
FNDA:0,(anonymous_21)
FNDA:0,(anonymous_22)
FNDA:0,(anonymous_23)
DA:20,5
DA:22,5
DA:23,5
DA:24,5
DA:25,5
DA:26,5
DA:27,5
DA:28,5
DA:29,5
DA:30,5
DA:31,5
DA:33,5
DA:34,5
DA:37,5
DA:38,5
DA:40,5
DA:41,0
DA:45,5
DA:46,0
DA:47,0
DA:49,0
DA:50,0
DA:53,0
DA:54,0
DA:56,0
DA:58,0
DA:62,5
DA:64,3
DA:66,3
DA:68,3
DA:69,3
DA:72,3
DA:73,3
DA:74,2
DA:76,3
DA:77,2
DA:78,2
DA:81,1
DA:82,1
DA:83,1
DA:86,3
DA:88,3
DA:89,0
DA:91,3
DA:97,5
DA:98,0
DA:99,0
DA:100,0
DA:103,0
DA:104,0
DA:105,0
DA:106,0
DA:107,0
DA:110,0
DA:111,0
DA:113,0
DA:119,0
DA:120,0
DA:121,0
DA:124,0
DA:125,0
DA:126,0
DA:127,0
DA:129,0
DA:132,0
DA:136,5
DA:137,0
DA:145,5
DA:146,0
DA:147,0
DA:148,0
DA:149,0
DA:152,0
DA:153,0
DA:154,0
DA:158,0
DA:164,0
DA:168,0
DA:169,0
DA:173,0
DA:174,0
DA:175,0
DA:177,0
DA:184,5
DA:185,0
DA:186,0
DA:193,5
DA:194,0
DA:196,0
DA:197,0
DA:199,0
DA:200,0
DA:201,0
DA:204,0
DA:205,0
DA:210,5
DA:211,0
DA:212,0
DA:215,0
DA:218,5
DA:251,0
DA:262,0
DA:263,0
DA:302,0
DA:318,0
DA:335,0
LF:106
LH:41
BRDA:40,0,0,0
BRDA:64,1,0,0
BRDA:64,1,1,3
BRDA:66,2,0,0
BRDA:66,2,1,3
BRDA:72,3,0,3
BRDA:72,3,1,0
BRDA:74,4,0,2
BRDA:74,4,1,0
BRDA:78,5,0,2
BRDA:78,5,1,2
BRDA:98,6,0,0
BRDA:98,6,1,0
BRDA:103,7,0,0
BRDA:103,7,1,0
BRDA:124,8,0,0
BRDA:124,8,1,0
BRDA:129,9,0,0
BRDA:129,9,1,0
BRDA:147,10,0,0
BRDA:147,10,1,0
BRDA:152,11,0,0
BRDA:152,11,1,0
BRDA:178,12,0,0
BRDA:178,12,1,0
BRDA:188,13,0,0
BRDA:188,13,1,0
BRDA:188,14,0,0
BRDA:188,14,1,0
BRDA:194,15,0,0
BRDA:194,15,1,0
BRDA:199,16,0,0
BRDA:199,16,1,0
BRDA:204,17,0,0
BRDA:204,17,1,0
BRDA:211,18,0,0
BRDA:211,18,1,0
BRDA:215,19,0,0
BRDA:215,19,1,0
BRDA:226,20,0,5
BRDA:226,20,1,0
BRDA:230,21,0,5
BRDA:230,21,1,0
BRDA:232,22,0,5
BRDA:232,22,1,2
BRDA:248,23,0,0
BRDA:248,23,1,5
BRDA:269,24,0,0
BRDA:269,24,1,5
BRDA:307,25,0,5
BRDA:307,25,1,0
BRDA:331,26,0,5
BRDA:331,26,1,0
BRF:53
BRH:14
end_of_record
TN:
SF:src\pages\admin\SiteAdmin.jsx
FN:17,SiteAdmin
FN:22,(anonymous_1)
FN:27,(anonymous_2)
FN:51,(anonymous_3)
FN:95,(anonymous_4)
FN:112,(anonymous_5)
FN:130,(anonymous_6)
FN:155,(anonymous_7)
FN:186,(anonymous_8)
FN:295,(anonymous_9)
FNF:10
FNH:4
FNDA:6,SiteAdmin
FNDA:1,(anonymous_1)
FNDA:0,(anonymous_2)
FNDA:1,(anonymous_3)
FNDA:0,(anonymous_4)
FNDA:0,(anonymous_5)
FNDA:0,(anonymous_6)
FNDA:0,(anonymous_7)
FNDA:1,(anonymous_8)
FNDA:0,(anonymous_9)
DA:18,6
DA:19,6
DA:20,6
DA:22,6
DA:23,1
DA:27,6
DA:28,0
DA:29,0
DA:31,0
DA:36,0
DA:37,0
DA:39,0
DA:41,0
DA:45,0
DA:47,0
DA:51,6
DA:53,1
DA:54,1
DA:55,1
DA:56,1
DA:57,0
DA:58,0
DA:60,1
DA:63,1
DA:64,0
DA:65,1
DA:66,1
DA:67,1
DA:68,0
DA:69,0
DA:73,1
DA:74,1
DA:75,1
DA:80,1
DA:81,1
DA:83,0
DA:85,0
DA:89,0
DA:91,1
DA:95,6
DA:96,0
DA:97,0
DA:98,0
DA:99,0
DA:101,0
DA:108,0
DA:112,6
DA:113,0
DA:114,0
DA:115,0
DA:116,0
DA:117,0
DA:118,0
DA:119,0
DA:121,0
DA:126,0
DA:130,6
DA:131,0
DA:136,0
DA:138,0
DA:139,0
DA:140,0
DA:141,0
DA:142,0
DA:145,0
DA:149,0
DA:151,0
DA:155,6
DA:156,0
DA:161,0
DA:163,0
DA:164,0
DA:165,0
DA:170,0
DA:171,0
DA:174,0
DA:178,0
DA:180,0
DA:184,6
DA:186,6
DA:190,1
DA:193,6
DA:295,0
LF:83
LH:30
BRDA:36,0,0,0
BRDA:36,0,1,0
BRDA:41,1,0,0
BRDA:41,1,1,0
BRDA:41,1,2,0
BRDA:41,1,3,0
BRDA:54,2,0,0
BRDA:54,2,1,1
BRDA:56,3,0,0
BRDA:56,3,1,1
BRDA:63,4,0,0
BRDA:63,4,1,1
BRDA:63,5,0,1
BRDA:63,5,1,1
BRDA:65,6,0,1
BRDA:65,6,1,0
BRDA:67,7,0,0
BRDA:67,7,1,1
BRDA:80,8,0,1
BRDA:80,8,1,0
BRDA:85,9,0,0
BRDA:85,9,1,0
BRDA:85,9,2,0
BRDA:85,9,3,0
BRDA:99,10,0,0
BRDA:99,10,1,0
BRDA:102,11,0,0
BRDA:102,11,1,0
BRDA:102,11,2,0
BRDA:113,12,0,0
BRDA:113,12,1,0
BRDA:122,13,0,0
BRDA:122,13,1,0
BRDA:122,13,2,0
BRDA:131,14,0,0
BRDA:131,14,1,0
BRDA:141,15,0,0
BRDA:141,15,1,0
BRDA:145,16,0,0
BRDA:145,16,1,0
BRDA:145,16,2,0
BRDA:145,16,3,0
BRDA:156,17,0,0
BRDA:156,17,1,0
BRDA:170,18,0,0
BRDA:170,18,1,0
BRDA:174,19,0,0
BRDA:174,19,1,0
BRDA:174,19,2,0
BRDA:174,19,3,0
BRDA:198,20,0,1
BRDA:198,20,1,5
BRDA:291,21,0,6
BRDA:291,21,1,1
BRF:54
BRH:12
end_of_record
TN:
SF:src\pages\commissioner\CommishAdmin.jsx
FN:12,CommishAdmin
FN:38,(anonymous_1)
FN:43,(anonymous_2)
FNF:3
FNH:0
FNDA:0,CommishAdmin
FNDA:0,(anonymous_1)
FNDA:0,(anonymous_2)
DA:13,0
DA:15,0
DA:25,0
DA:39,0
DA:43,0
LF:5
LH:0
BRF:0
BRH:0
end_of_record
TN:
SF:src\pages\commissioner\CommissionerDashboard.jsx
FN:25,CommissionerDashboard
FN:36,(anonymous_1)
FN:59,(anonymous_2)
FN:86,(anonymous_3)
FN:95,(anonymous_4)
FN:105,(anonymous_5)
FN:115,(anonymous_6)
FN:125,(anonymous_7)
FN:135,(anonymous_8)
FN:145,(anonymous_9)
FN:155,(anonymous_10)
FN:165,(anonymous_11)
FN:175,(anonymous_12)
FNF:13
FNH:5
FNDA:2,CommissionerDashboard
FNDA:1,(anonymous_1)
FNDA:1,(anonymous_2)
FNDA:0,(anonymous_3)
FNDA:0,(anonymous_4)
FNDA:0,(anonymous_5)
FNDA:0,(anonymous_6)
FNDA:1,(anonymous_7)
FNDA:1,(anonymous_8)
FNDA:0,(anonymous_9)
FNDA:0,(anonymous_10)
FNDA:0,(anonymous_11)
FNDA:0,(anonymous_12)
DA:27,2
DA:28,2
DA:29,2
DA:30,2
DA:31,2
DA:33,2
DA:36,2
DA:37,1
DA:38,0
DA:39,0
DA:42,1
DA:44,1
DA:49,1
DA:50,1
DA:52,0
DA:54,1
DA:59,2
DA:60,1
DA:65,2
DA:66,1
DA:73,1
DA:86,0
DA:95,0
DA:105,0
DA:115,0
DA:125,1
DA:135,1
DA:145,0
DA:155,0
DA:165,0
DA:175,0
LF:31
LH:20
BRDA:37,0,0,0
BRDA:37,0,1,1
BRDA:65,1,0,1
BRDA:65,1,1,1
BRF:4
BRH:3
end_of_record
TN:
SF:src\pages\commissioner\ManageKeeperRules.jsx
FN:23,ManageKeeperRules
FN:53,(anonymous_1)
FN:58,(anonymous_2)
FN:81,(anonymous_3)
FN:94,(anonymous_4)
FN:117,(anonymous_5)
FN:128,(anonymous_6)
FN:140,(anonymous_7)
FN:174,(anonymous_8)
FN:194,(anonymous_9)
FN:227,(anonymous_10)
FN:247,(anonymous_11)
FN:310,(anonymous_12)
FN:326,(anonymous_13)
FN:341,(anonymous_14)
FN:357,(anonymous_15)
FN:372,(anonymous_16)
FN:391,(anonymous_17)
FN:399,(anonymous_18)
FN:410,(anonymous_19)
FN:447,(anonymous_20)
FN:454,(anonymous_21)
FN:485,(anonymous_22)
FN:488,(anonymous_23)
FN:503,(anonymous_24)
FN:514,(anonymous_25)
FN:524,(anonymous_26)
FN:535,(anonymous_27)
FN:546,(anonymous_28)
FN:558,(anonymous_29)
FN:589,(anonymous_30)
FN:597,(anonymous_31)
FN:616,(anonymous_32)
FN:648,(anonymous_33)
FN:656,(anonymous_34)
FN:675,(anonymous_35)
FNF:36
FNH:4
FNDA:2,ManageKeeperRules
FNDA:1,(anonymous_1)
FNDA:1,(anonymous_2)
FNDA:1,(anonymous_3)
FNDA:0,(anonymous_4)
FNDA:0,(anonymous_5)
FNDA:0,(anonymous_6)
FNDA:0,(anonymous_7)
FNDA:0,(anonymous_8)
FNDA:0,(anonymous_9)
FNDA:0,(anonymous_10)
FNDA:0,(anonymous_11)
FNDA:0,(anonymous_12)
FNDA:0,(anonymous_13)
FNDA:0,(anonymous_14)
FNDA:0,(anonymous_15)
FNDA:0,(anonymous_16)
FNDA:0,(anonymous_17)
FNDA:0,(anonymous_18)
FNDA:0,(anonymous_19)
FNDA:0,(anonymous_20)
FNDA:0,(anonymous_21)
FNDA:0,(anonymous_22)
FNDA:0,(anonymous_23)
FNDA:0,(anonymous_24)
FNDA:0,(anonymous_25)
FNDA:0,(anonymous_26)
FNDA:0,(anonymous_27)
FNDA:0,(anonymous_28)
FNDA:0,(anonymous_29)
FNDA:0,(anonymous_30)
FNDA:0,(anonymous_31)
FNDA:0,(anonymous_32)
FNDA:0,(anonymous_33)
FNDA:0,(anonymous_34)
FNDA:0,(anonymous_35)
DA:24,2
DA:25,2
DA:26,2
DA:27,2
DA:28,2
DA:29,2
DA:30,2
DA:31,2
DA:33,2
DA:34,2
DA:35,2
DA:36,2
DA:38,2
DA:39,2
DA:40,2
DA:41,2
DA:42,2
DA:43,2
DA:44,2
DA:46,2
DA:47,2
DA:48,2
DA:49,2
DA:50,2
DA:51,2
DA:53,2
DA:54,1
DA:55,1
DA:58,2
DA:59,1
DA:60,1
DA:61,1
DA:62,1
DA:63,1
DA:64,1
DA:65,1
DA:66,1
DA:67,1
DA:68,1
DA:69,1
DA:70,1
DA:74,1
DA:75,1
DA:77,1
DA:81,2
DA:82,1
DA:83,1
DA:84,1
DA:85,1
DA:87,1
DA:88,1
DA:90,1
DA:94,2
DA:95,0
DA:96,0
DA:97,0
DA:98,0
DA:108,0
DA:109,0
DA:110,0
DA:112,0
DA:113,0
DA:117,2
DA:118,0
DA:119,0
DA:120,0
DA:121,0
DA:123,0
DA:124,0
DA:128,2
DA:129,0
DA:130,0
DA:131,0
DA:132,0
DA:133,0
DA:135,0
DA:136,0
DA:140,2
DA:141,0
DA:142,0
DA:143,0
DA:145,0
DA:146,0
DA:147,0
DA:150,0
DA:151,0
DA:160,0
DA:161,0
DA:162,0
DA:163,0
DA:164,0
DA:165,0
DA:166,0
DA:167,0
DA:169,0
DA:170,0
DA:174,2
DA:175,0
DA:176,0
DA:179,0
DA:180,0
DA:181,0
DA:182,0
DA:183,0
DA:184,0
DA:185,0
DA:186,0
DA:187,0
DA:189,0
DA:190,0
DA:194,2
DA:195,0
DA:196,0
DA:197,0
DA:199,0
DA:200,0
DA:201,0
DA:204,0
DA:205,0
DA:206,0
DA:207,0
DA:214,0
DA:215,0
DA:220,0
DA:222,0
DA:223,0
DA:227,2
DA:228,0
DA:229,0
DA:232,0
DA:233,0
DA:234,0
DA:235,0
DA:236,0
DA:237,0
DA:238,0
DA:239,0
DA:240,0
DA:242,0
DA:243,0
DA:247,2
DA:248,0
DA:249,0
DA:250,0
DA:252,0
DA:253,0
DA:254,0
DA:257,0
DA:258,0
DA:259,0
DA:260,0
DA:267,0
DA:268,0
DA:273,0
DA:275,0
DA:276,0
DA:280,2
DA:310,0
DA:326,0
DA:341,0
DA:357,0
DA:372,0
DA:391,0
DA:399,0
DA:410,0
DA:448,0
DA:454,0
DA:485,0
DA:489,0
DA:503,0
DA:514,0
DA:524,0
DA:535,0
DA:546,0
DA:558,0
DA:589,0
DA:597,0
DA:617,0
DA:648,0
DA:656,0
DA:676,0
LF:181
LH:61
BRDA:62,0,0,1
BRDA:62,0,1,0
BRDA:63,1,0,1
BRDA:63,1,1,0
BRDA:64,2,0,1
BRDA:64,2,1,0
BRDA:65,3,0,1
BRDA:65,3,1,0
BRDA:67,4,0,1
BRDA:67,4,1,0
BRDA:69,5,0,1
BRDA:69,5,1,0
BRDA:71,6,0,0
BRDA:71,6,1,0
BRDA:85,7,0,0
BRDA:85,7,1,0
BRDA:99,8,0,0
BRDA:99,8,1,0
BRDA:100,9,0,0
BRDA:100,9,1,0
BRDA:101,10,0,0
BRDA:101,10,1,0
BRDA:103,11,0,0
BRDA:103,11,1,0
BRDA:106,12,0,0
BRDA:106,12,1,0
BRDA:129,13,0,0
BRDA:129,13,1,0
BRDA:145,14,0,0
BRDA:145,14,1,0
BRDA:145,15,0,0
BRDA:145,15,1,0
BRDA:145,15,2,0
BRDA:155,16,0,0
BRDA:155,16,1,0
BRDA:156,17,0,0
BRDA:156,17,1,0
BRDA:157,18,0,0
BRDA:157,18,1,0
BRDA:158,19,0,0
BRDA:158,19,1,0
BRDA:170,20,0,0
BRDA:170,20,1,0
BRDA:199,21,0,0
BRDA:199,21,1,0
BRDA:208,22,0,0
BRDA:208,22,1,0
BRDA:216,23,0,0
BRDA:216,23,1,0
BRDA:223,24,0,0
BRDA:223,24,1,0
BRDA:252,25,0,0
BRDA:252,25,1,0
BRDA:261,26,0,0
BRDA:261,26,1,0
BRDA:269,27,0,0
BRDA:269,27,1,0
BRDA:276,28,0,0
BRDA:276,28,1,0
BRDA:419,29,0,1
BRDA:419,29,1,1
BRDA:421,30,0,2
BRDA:421,30,1,1
BRDA:434,31,0,1
BRDA:434,31,1,1
BRDA:436,32,0,0
BRDA:436,32,1,1
BRDA:449,33,0,0
BRDA:449,33,1,0
BRDA:490,34,0,0
BRDA:490,34,1,0
BRDA:597,35,0,0
BRDA:597,35,1,0
BRDA:602,36,0,2
BRDA:602,36,1,0
BRDA:606,37,0,2
BRDA:606,37,1,0
BRDA:612,38,0,0
BRDA:612,38,1,0
BRDA:612,38,2,0
BRDA:656,39,0,0
BRDA:656,39,1,0
BRDA:661,40,0,2
BRDA:661,40,1,0
BRDA:665,41,0,2
BRDA:665,41,1,0
BRDA:671,42,0,0
BRDA:671,42,1,0
BRDA:671,42,2,0
BRF:89
BRH:17
end_of_record
TN:
SF:src\pages\commissioner\ManageTrades.jsx
FN:23,(anonymous_0)
FN:30,ManageTrades
FN:35,(anonymous_2)
FN:36,fetchTrades
FN:53,(anonymous_4)
FN:58,(anonymous_5)
FN:58,(anonymous_6)
FN:105,(anonymous_7)
FN:111,(anonymous_8)
FN:118,(anonymous_9)
FN:125,(anonymous_10)
FNF:11
FNH:4
FNDA:1,(anonymous_0)
FNDA:2,ManageTrades
FNDA:1,(anonymous_2)
FNDA:1,fetchTrades
FNDA:0,(anonymous_4)
FNDA:0,(anonymous_5)
FNDA:0,(anonymous_6)
FNDA:0,(anonymous_7)
FNDA:0,(anonymous_8)
FNDA:0,(anonymous_9)
FNDA:0,(anonymous_10)
DA:23,1
DA:24,1
DA:25,0
DA:26,0
DA:27,0
DA:31,2
DA:32,2
DA:33,2
DA:35,2
DA:37,1
DA:38,1
DA:39,1
DA:41,1
DA:42,1
DA:44,0
DA:45,0
DA:47,1
DA:50,1
DA:53,2
DA:54,0
DA:55,0
DA:57,0
DA:58,0
DA:59,0
DA:61,0
DA:65,2
DA:106,0
DA:111,0
DA:118,0
DA:125,0
LF:30
LH:15
BRDA:24,0,0,1
BRDA:24,0,1,0
BRDA:25,1,0,0
BRDA:25,1,1,0
BRDA:26,2,0,0
BRDA:26,2,1,0
BRDA:79,3,0,2
BRDA:79,3,1,0
BRDA:89,4,0,1
BRDA:89,4,1,1
BRDA:91,5,0,1
BRDA:91,5,1,0
BRDA:91,6,0,1
BRDA:91,6,1,1
BRDA:107,7,0,0
BRDA:107,7,1,0
BRDA:108,8,0,0
BRDA:108,8,1,0
BRDA:110,9,0,0
BRDA:110,9,1,0
BRDA:110,10,0,0
BRDA:110,10,1,0
BRF:22
BRH:7
end_of_record
TN:
SF:src\pages\commissioner\ManageWaiverRules.jsx
FN:25,ManageWaiverRules
FN:40,(anonymous_1)
FN:48,fetchWaiverSettings
FN:72,(anonymous_3)
FN:90,(anonymous_4)
FN:107,(anonymous_5)
FN:166,(anonymous_6)
FN:181,(anonymous_7)
FN:193,(anonymous_8)
FN:209,(anonymous_9)
FN:229,(anonymous_10)
FN:276,(anonymous_11)
FN:310,(anonymous_12)
FNF:13
FNH:12
FNDA:16,ManageWaiverRules
FNDA:3,(anonymous_1)
FNDA:3,fetchWaiverSettings
FNDA:3,(anonymous_3)
FNDA:4,(anonymous_4)
FNDA:1,(anonymous_5)
FNDA:1,(anonymous_6)
FNDA:1,(anonymous_7)
FNDA:1,(anonymous_8)
FNDA:1,(anonymous_9)
FNDA:1,(anonymous_10)
FNDA:0,(anonymous_11)
FNDA:1,(anonymous_12)
DA:26,16
DA:27,16
DA:28,16
DA:29,16
DA:30,16
DA:31,16
DA:32,16
DA:33,16
DA:34,16
DA:35,16
DA:36,16
DA:37,16
DA:40,16
DA:41,3
DA:42,0
DA:43,0
DA:44,0
DA:45,0
DA:49,3
DA:50,3
DA:51,3
DA:52,3
DA:53,3
DA:58,3
DA:59,3
DA:61,0
DA:65,3
DA:66,3
DA:67,3
DA:72,16
DA:73,3
DA:74,0
DA:75,0
DA:78,3
DA:79,3
DA:80,3
DA:81,3
DA:85,3
DA:90,16
DA:91,4
DA:92,0
DA:93,0
DA:95,4
DA:96,4
DA:97,4
DA:98,4
DA:100,0
DA:102,4
DA:107,16
DA:108,1
DA:109,1
DA:110,0
DA:111,0
DA:113,1
DA:114,1
DA:115,1
DA:117,1
DA:118,1
DA:119,1
DA:130,1
DA:131,1
DA:132,1
DA:134,0
DA:136,1
DA:140,16
DA:166,1
DA:181,1
DA:193,1
DA:209,1
DA:229,1
DA:277,0
DA:311,1
LF:72
LH:58
BRDA:41,0,0,0
BRDA:41,0,1,3
BRDA:51,1,0,3
BRDA:51,1,1,0
BRDA:52,2,0,2
BRDA:52,2,1,1
BRDA:54,3,0,2
BRDA:54,3,1,1
BRDA:58,4,0,3
BRDA:58,4,1,1
BRDA:59,5,0,3
BRDA:59,5,1,1
BRDA:73,6,0,0
BRDA:73,6,1,3
BRDA:81,7,0,3
BRDA:81,7,1,0
BRDA:91,8,0,0
BRDA:91,8,1,4
BRDA:98,9,0,4
BRDA:98,9,1,0
BRDA:109,10,0,0
BRDA:109,10,1,1
BRDA:118,11,0,1
BRDA:118,11,1,0
BRDA:122,12,0,1
BRDA:122,12,1,0
BRDA:123,13,0,1
BRDA:123,13,1,0
BRDA:233,14,0,1
BRDA:233,14,1,15
BRDA:235,15,0,16
BRDA:235,15,1,1
BRDA:242,16,0,16
BRDA:242,16,1,6
BRDA:245,17,0,16
BRDA:245,17,1,7
BRDA:254,18,0,16
BRDA:254,18,1,7
BRDA:262,19,0,3
BRDA:262,19,1,13
BRDA:264,20,0,0
BRDA:264,20,1,13
BRDA:294,21,0,3
BRDA:294,21,1,13
BRDA:296,22,0,1
BRDA:296,22,1,12
BRDA:315,23,0,1
BRDA:315,23,1,0
BRDA:317,24,0,1
BRDA:317,24,1,0
BRDA:319,25,0,1
BRDA:319,25,1,1
BRF:52
BRH:39
end_of_record
TN:
SF:src\pages\commissioner\components\DraftBudgetsModal.jsx
FN:16,DraftBudgetsModal
FN:27,(anonymous_1)
FN:34,(anonymous_2)
FN:40,(anonymous_3)
FN:40,(anonymous_4)
FN:45,(anonymous_5)
FN:60,(anonymous_6)
FN:66,(anonymous_7)
FN:69,(anonymous_8)
FN:72,(anonymous_9)
FN:78,(anonymous_10)
FN:86,(anonymous_11)
FN:94,(anonymous_12)
FN:99,(anonymous_13)
FN:102,(anonymous_14)
FN:105,(anonymous_15)
FN:131,(anonymous_16)
FN:144,(anonymous_17)
FN:161,(anonymous_18)
FN:162,(anonymous_19)
FN:191,(anonymous_20)
FN:207,(anonymous_21)
FN:213,(anonymous_22)
FNF:23
FNH:7
FNDA:1,DraftBudgetsModal
FNDA:3,(anonymous_1)
FNDA:1,(anonymous_2)
FNDA:1,(anonymous_3)
FNDA:1,(anonymous_4)
FNDA:1,(anonymous_5)
FNDA:0,(anonymous_6)
FNDA:0,(anonymous_7)
FNDA:0,(anonymous_8)
FNDA:0,(anonymous_9)
FNDA:1,(anonymous_10)
FNDA:0,(anonymous_11)
FNDA:0,(anonymous_12)
FNDA:0,(anonymous_13)
FNDA:0,(anonymous_14)
FNDA:0,(anonymous_15)
FNDA:0,(anonymous_16)
FNDA:0,(anonymous_17)
FNDA:0,(anonymous_18)
FNDA:0,(anonymous_19)
FNDA:0,(anonymous_20)
FNDA:0,(anonymous_21)
FNDA:0,(anonymous_22)
DA:17,1
DA:18,1
DA:19,1
DA:20,1
DA:21,1
DA:22,1
DA:23,1
DA:24,1
DA:25,1
DA:27,1
DA:28,3
DA:29,0
DA:30,0
DA:34,1
DA:35,1
DA:36,1
DA:40,1
DA:41,1
DA:45,1
DA:46,1
DA:47,1
DA:48,1
DA:49,1
DA:50,1
DA:52,0
DA:53,0
DA:54,0
DA:55,0
DA:56,0
DA:61,0
DA:62,0
DA:63,0
DA:64,0
DA:67,0
DA:70,0
DA:72,0
DA:73,0
DA:78,1
DA:79,1
DA:80,1
DA:81,1
DA:83,0
DA:84,0
DA:85,0
DA:86,0
DA:92,0
DA:95,0
DA:96,0
DA:97,0
DA:100,0
DA:103,0
DA:105,0
DA:106,0
DA:110,1
DA:112,0
DA:132,0
DA:145,0
DA:162,0
DA:163,0
DA:170,0
DA:192,0
DA:193,0
DA:194,0
DA:195,0
DA:197,0
DA:198,0
DA:199,0
DA:200,0
DA:201,0
DA:202,0
DA:205,0
DA:207,0
DA:212,0
DA:213,0
DA:214,0
DA:215,0
DA:218,0
DA:220,0
LF:78
LH:27
BRDA:28,0,0,0
BRDA:28,0,1,3
BRDA:35,1,0,1
BRDA:35,1,1,0
BRDA:46,2,0,1
BRDA:46,2,1,0
BRDA:46,3,0,1
BRDA:46,3,1,0
BRDA:61,4,0,0
BRDA:61,4,1,0
BRDA:62,5,0,0
BRDA:62,5,1,0
BRDA:64,6,0,0
BRDA:64,6,1,0
BRDA:67,7,0,0
BRDA:67,7,1,0
BRDA:70,8,0,0
BRDA:70,8,1,0
BRDA:79,9,0,1
BRDA:79,9,1,0
BRDA:79,10,0,1
BRDA:79,10,1,0
BRDA:79,10,2,0
BRDA:95,11,0,0
BRDA:95,11,1,0
BRDA:96,12,0,0
BRDA:96,12,1,0
BRDA:97,13,0,0
BRDA:97,13,1,0
BRDA:100,14,0,0
BRDA:100,14,1,0
BRDA:103,15,0,0
BRDA:103,15,1,0
BRDA:110,16,0,1
BRDA:110,16,1,0
BRDA:132,17,0,0
BRDA:132,17,1,0
BRDA:137,18,0,0
BRDA:137,18,1,0
BRDA:137,18,2,0
BRDA:140,19,0,0
BRDA:140,19,1,0
BRDA:140,20,0,1
BRDA:140,20,1,0
BRDA:140,20,2,0
BRDA:143,21,0,1
BRDA:143,21,1,0
BRDA:143,21,2,0
BRDA:151,22,0,0
BRDA:151,22,1,0
BRDA:160,23,0,0
BRDA:160,23,1,0
BRDA:163,24,0,0
BRDA:163,24,1,0
BRDA:166,25,0,0
BRDA:166,25,1,0
BRDA:176,26,0,1
BRDA:176,26,1,0
BRDA:181,27,0,1
BRDA:181,27,1,0
BRDA:190,28,0,1
BRDA:190,28,1,0
BRDA:190,28,2,0
BRDA:190,28,3,0
BRDA:192,29,0,0
BRDA:192,29,1,0
BRDA:209,30,0,0
BRDA:209,30,1,0
BRDA:224,31,0,0
BRDA:224,31,1,0
BRF:70
BRH:12
end_of_record
TN:
SF:src\pages\commissioner\components\OwnerManagementModal.jsx
FN:13,OwnerManagementModal
FNF:1
FNH:1
FNDA:6,OwnerManagementModal
DA:14,6
DA:15,0
LF:2
LH:1
BRDA:14,0,0,6
BRDA:14,0,1,0
BRF:2
BRH:1
end_of_record
TN:
SF:src\pages\commissioner\components\ScoringRulesModal.jsx
FN:24,ScoringRulesModal
FN:29,(anonymous_1)
FN:36,loadRules
FN:57,(anonymous_3)
FN:98,(anonymous_4)
FNF:5
FNH:2
FNDA:6,ScoringRulesModal
FNDA:2,(anonymous_1)
FNDA:0,loadRules
FNDA:0,(anonymous_3)
FNDA:0,(anonymous_4)
DA:25,6
DA:26,6
DA:27,6
DA:29,6
DA:30,2
DA:31,2
DA:34,0
DA:37,0
DA:38,0
DA:39,0
DA:40,0
DA:41,0
DA:42,0
DA:45,0
DA:46,0
DA:49,0
DA:50,0
DA:55,0
DA:57,0
DA:58,0
DA:62,6
DA:64,0
DA:99,0
LF:23
LH:7
BRDA:30,0,0,2
BRDA:30,0,1,0
BRDA:41,1,0,0
BRDA:41,1,1,0
BRDA:42,2,0,0
BRDA:42,2,1,0
BRDA:45,3,0,0
BRDA:45,3,1,0
BRDA:49,4,0,0
BRDA:49,4,1,0
BRDA:62,5,0,6
BRDA:62,5,1,0
BRDA:77,6,0,0
BRDA:77,6,1,0
BRDA:77,6,2,0
BRDA:77,6,3,0
BRDA:91,7,0,0
BRDA:91,7,1,0
BRDA:92,8,0,0
BRDA:92,8,1,0
BRDA:93,9,0,0
BRDA:93,9,1,0
BRDA:93,9,2,0
BRDA:93,9,3,0
BRDA:105,10,0,0
BRDA:105,10,1,0
BRDA:107,11,0,0
BRDA:107,11,1,0
BRDA:107,12,0,0
BRDA:107,12,1,0
BRDA:108,13,0,0
BRDA:108,13,1,0
BRDA:115,14,0,6
BRDA:115,14,1,0
BRDA:116,15,0,6
BRDA:116,15,1,0
BRDA:117,16,0,6
BRDA:117,16,1,0
BRDA:117,16,2,0
BRDA:117,16,3,0
BRF:40
BRH:5
end_of_record
TN:
SF:src\pages\commissioner\components\TradeRulesModal.jsx
FN:13,TradeRulesModal
FNF:1
FNH:1
FNDA:6,TradeRulesModal
DA:14,6
DA:15,0
LF:2
LH:1
BRDA:14,0,0,6
BRDA:14,0,1,0
BRF:2
BRH:1
end_of_record
TN:
SF:src\pages\commissioner\components\WaiverWireRulesModal.jsx
FN:13,WaiverWireRulesModal
FNF:1
FNH:1
FNDA:6,WaiverWireRulesModal
DA:14,6
DA:15,0
LF:2
LH:1
BRDA:14,0,0,6
BRDA:14,0,1,0
BRF:2
BRH:1
end_of_record
TN:
SF:src\pages\team-owner\YourLockerRoom.jsx
FN:91,(anonymous_0)
FN:97,(anonymous_1)
FN:102,(anonymous_2)
FN:109,(anonymous_3)
FN:134,(anonymous_4)
FN:146,(anonymous_5)
FN:163,(anonymous_6)
FN:187,(anonymous_7)
FN:190,(anonymous_8)
FN:193,(anonymous_9)
FN:195,(anonymous_10)
FN:215,(anonymous_11)
FN:216,(anonymous_12)
FN:218,(anonymous_13)
FN:219,(anonymous_14)
FN:221,(anonymous_15)
FN:222,(anonymous_16)
FN:224,(anonymous_17)
FN:225,(anonymous_18)
FN:227,(anonymous_19)
FN:228,(anonymous_20)
FN:230,(anonymous_21)
FN:231,(anonymous_22)
FN:254,(anonymous_23)
FN:255,(anonymous_24)
FN:272,(anonymous_25)
FN:275,(anonymous_26)
FN:312,(anonymous_27)
FN:313,(anonymous_28)
FN:324,YourLockerRoom
FN:385,(anonymous_30)
FN:388,(anonymous_31)
FN:395,(anonymous_32)
FN:396,(anonymous_33)
FN:404,(anonymous_34)
FN:417,(anonymous_35)
FN:443,(anonymous_36)
FN:444,fetchUserLeague
FN:528,(anonymous_38)
FN:531,(anonymous_39)
FN:536,(anonymous_40)
FN:546,(anonymous_41)
FN:553,(anonymous_42)
FN:554,loadTargetRoster
FN:583,(anonymous_44)
FN:592,(anonymous_45)
FN:594,(anonymous_46)
FN:598,(anonymous_47)
FN:599,(anonymous_48)
FN:609,(anonymous_49)
FN:614,(anonymous_50)
FN:622,(anonymous_51)
FN:631,(anonymous_52)
FN:636,(anonymous_53)
FN:640,(anonymous_54)
FN:644,(anonymous_55)
FN:650,(anonymous_56)
FN:650,(anonymous_57)
FN:655,(anonymous_58)
FN:658,(anonymous_59)
FN:668,(anonymous_60)
FN:676,(anonymous_61)
FN:678,(anonymous_62)
FN:683,(anonymous_63)
FN:685,(anonymous_64)
FN:693,(anonymous_65)
FN:697,(anonymous_66)
FN:732,(anonymous_67)
FN:739,(anonymous_68)
FN:797,(anonymous_69)
FN:803,(anonymous_70)
FN:805,(anonymous_71)
FN:810,(anonymous_72)
FN:815,(anonymous_73)
FN:822,(anonymous_74)
FN:824,(anonymous_75)
FN:832,(anonymous_76)
FN:834,(anonymous_77)
FN:840,(anonymous_78)
FN:842,(anonymous_79)
FN:848,(anonymous_80)
FN:848,(anonymous_81)
FN:852,(anonymous_82)
FN:852,(anonymous_83)
FN:857,(anonymous_84)
FN:860,(anonymous_85)
FN:862,(anonymous_86)
FN:872,(anonymous_87)
FN:880,(anonymous_88)
[...]
FNDA:0,(anonymous_22)
FNDA:4,(anonymous_23)
FNDA:0,(anonymous_24)
FNDA:4,(anonymous_25)
FNDA:42,(anonymous_26)
FNDA:12,(anonymous_27)
FNDA:0,(anonymous_28)
FNDA:10,YourLockerRoom
FNDA:4,(anonymous_30)
FNDA:0,(anonymous_31)
FNDA:0,(anonymous_32)
FNDA:0,(anonymous_33)
FNDA:20,(anonymous_34)
FNDA:2,(anonymous_35)
FNDA:2,(anonymous_36)
FNDA:2,fetchUserLeague
FNDA:4,(anonymous_38)
FNDA:0,(anonymous_39)
FNDA:0,(anonymous_40)
FNDA:2,(anonymous_41)
FNDA:2,(anonymous_42)
FNDA:2,loadTargetRoster
FNDA:6,(anonymous_44)
FNDA:6,(anonymous_45)
FNDA:0,(anonymous_46)
FNDA:0,(anonymous_47)
FNDA:0,(anonymous_48)
FNDA:4,(anonymous_49)
FNDA:4,(anonymous_50)
FNDA:4,(anonymous_51)
FNDA:4,(anonymous_52)
FNDA:0,(anonymous_53)
FNDA:4,(anonymous_54)
FNDA:2,(anonymous_55)
FNDA:2,(anonymous_56)
FNDA:36,(anonymous_57)
FNDA:12,(anonymous_58)
FNDA:0,(anonymous_59)
FNDA:0,(anonymous_60)
FNDA:6,(anonymous_61)
FNDA:0,(anonymous_62)
FNDA:6,(anonymous_63)
FNDA:0,(anonymous_64)
FNDA:6,(anonymous_65)
FNDA:4,(anonymous_66)
FNDA:36,(anonymous_67)
FNDA:36,(anonymous_68)
FNDA:0,(anonymous_69)
FNDA:6,(anonymous_70)
FNDA:36,(anonymous_71)
FNDA:6,(anonymous_72)
FNDA:6,(anonymous_73)
FNDA:6,(anonymous_74)
FNDA:4,(anonymous_75)
FNDA:6,(anonymous_76)
FNDA:4,(anonymous_77)
FNDA:6,(anonymous_78)
FNDA:4,(anonymous_79)
FNDA:6,(anonymous_80)
FNDA:4,(anonymous_81)
FNDA:6,(anonymous_82)
FNDA:4,(anonymous_83)
FNDA:0,(anonymous_84)
FNDA:0,(anonymous_85)
FNDA:0,(anonymous_86)
FNDA:0,(anonymous_87)
FNDA:0,(anonymous_88)
FNDA:0,(anonymous_89)
FNDA:0,(anonymous_90)
FNDA:0,(anonymous_91)
FNDA:0,(anonymous_92)
FNDA:0,(anonymous_93)
FNDA:0,(anonymous_94)
FNDA:0,(anonymous_95)
FNDA:0,(anonymous_96)
FNDA:0,(anonymous_97)
FNDA:0,(anonymous_98)
FNDA:0,(anonymous_99)
FNDA:0,(anonymous_100)
FNDA:0,(anonymous_101)
FNDA:0,(anonymous_102)
FNDA:0,(anonymous_103)
FNDA:0,(anonymous_104)
FNDA:1,(anonymous_105)
FNDA:1,(anonymous_106)
FNDA:0,(anonymous_107)
FNDA:0,(anonymous_108)
FNDA:0,(anonymous_109)
FNDA:0,(anonymous_110)
FNDA:0,(anonymous_111)
FNDA:0,(anonymous_112)
FNDA:0,(anonymous_113)
FNDA:0,(anonymous_114)
FNDA:0,(anonymous_115)
FNDA:0,(anonymous_116)
FNDA:0,(anonymous_117)
FNDA:0,(anonymous_118)
FNDA:0,(anonymous_119)
FNDA:0,(anonymous_120)
FNDA:0,(anonymous_121)
FNDA:0,(anonymous_122)
FNDA:0,(anonymous_123)
FNDA:0,(anonymous_124)
FNDA:0,(anonymous_125)
FNDA:0,(anonymous_126)
FNDA:0,(anonymous_127)
FNDA:0,(anonymous_128)
FNDA:0,(anonymous_129)
FNDA:0,(anonymous_130)
FNDA:0,(anonymous_131)
FNDA:0,(anonymous_132)
FNDA:0,(anonymous_133)
FNDA:0,(anonymous_134)
FNDA:0,(anonymous_135)
FNDA:0,(anonymous_136)
FNDA:108,(anonymous_137)
FNDA:0,(anonymous_138)
FNDA:0,(anonymous_139)
FNDA:0,(anonymous_140)
FNDA:0,(anonymous_141)
FNDA:0,(anonymous_142)
FNDA:0,(anonymous_143)
FNDA:0,(anonymous_144)
FNDA:36,(anonymous_145)
FNDA:0,(anonymous_146)
FNDA:0,(anonymous_147)
FNDA:0,(anonymous_148)
FNDA:0,(anonymous_149)
FNDA:0,(anonymous_150)
FNDA:0,(anonymous_151)
FNDA:0,(anonymous_152)
FNDA:0,(anonymous_153)
FNDA:0,(anonymous_154)
FNDA:3,(anonymous_155)
FNDA:0,(anonymous_156)
FNDA:0,(anonymous_157)
FNDA:0,(anonymous_158)
FNDA:1,(anonymous_159)
FNDA:3,(anonymous_160)
FNDA:0,(anonymous_161)
FNDA:0,(anonymous_162)
FNDA:0,(anonymous_163)
FNDA:1,(anonymous_164)
DA:49,1
DA:50,1
DA:51,1
DA:52,1
DA:53,1
DA:63,1
DA:72,1
DA:81,1
DA:91,1
DA:92,16
DA:93,16
DA:94,16
DA:97,1
DA:98,15
DA:99,15
DA:102,1
DA:103,10
DA:106,10
DA:109,1
DA:110,6
DA:111,6
DA:113,6
DA:114,42
DA:115,42
DA:116,42
DA:117,42
DA:122,6
DA:123,42
DA:125,42
DA:128,42
DA:131,6
DA:134,1
DA:135,2
DA:145,2
DA:146,14
DA:149,2
DA:150,0
DA:151,0
DA:152,0
DA:153,0
DA:154,0
DA:156,0
DA:160,2
DA:163,1
DA:164,2
DA:165,2
DA:167,2
DA:177,2
DA:179,2
DA:187,1
DA:188,0
DA:190,1
DA:191,0
DA:193,1
DA:194,6
DA:195,6
DA:202,6
DA:203,6
DA:205,6
DA:206,4
DA:207,0
DA:209,4
DA:213,6
DA:215,4
DA:216,0
DA:218,4
DA:219,0
DA:221,4
DA:222,0
DA:224,4
DA:225,0
DA:227,4
DA:228,0
DA:230,4
DA:231,0
DA:234,6
DA:235,6
DA:236,6
DA:238,6
DA:239,42
DA:241,36
DA:242,42
DA:243,4
DA:244,4
DA:245,4
DA:249,6
DA:254,4
DA:255,0
DA:257,6
DA:258,6
DA:259,6
DA:263,0
DA:268,0
DA:269,0
DA:272,6
DA:274,6
DA:275,42
DA:279,6
DA:280,6
DA:281,6
DA:282,6
DA:283,0
DA:285,6
DA:286,42
DA:287,42
DA:288,42
DA:289,42
DA:290,42
DA:294,42
DA:295,0
DA:301,6
DA:312,1
DA:313,12
DA:314,0
DA:315,0
DA:316,0
DA:317,0
DA:318,0
DA:319,0
DA:320,0
DA:325,10
DA:327,10
DA:328,10
DA:329,10
DA:330,10
DA:331,10
DA:332,10
DA:333,10
DA:334,10
DA:335,10
DA:336,10
DA:337,10
DA:338,10
DA:339,10
DA:340,10
DA:341,10
DA:342,10
DA:343,10
DA:344,10
DA:345,10
DA:346,10
DA:348,10
DA:349,10
DA:350,10
DA:351,10
DA:352,10
DA:353,10
DA:354,10
DA:357,10
DA:364,10
DA:365,10
DA:368,10
DA:369,10
DA:372,10
DA:373,10
DA:374,10
DA:375,10
DA:377,10
DA:378,10
DA:381,10
DA:383,10
DA:384,10
DA:386,4
DA:387,4
DA:388,0
DA:395,10
DA:396,0
DA:397,0
DA:398,0
DA:399,0
DA:400,0
DA:404,10
DA:405,20
DA:406,0
DA:407,0
DA:408,0
DA:409,0
DA:410,0
DA:411,0
DA:412,0
DA:415,10
DA:416,10
DA:417,10
DA:418,2
DA:420,2
DA:421,2
DA:422,2
DA:423,2
DA:424,2
DA:425,2
DA:426,2
DA:427,2
DA:428,2
DA:429,2
DA:430,2
DA:431,2
DA:433,0
DA:434,0
DA:435,0
DA:436,0
DA:437,0
DA:438,0
DA:440,0
DA:443,10
DA:445,2
DA:446,2
DA:447,2
DA:448,2
DA:449,2
DA:450,2
DA:451,2
DA:452,2
DA:453,2
DA:454,2
DA:455,2
DA:456,2
DA:458,2
DA:459,2
DA:462,2
DA:464,0
DA:465,0
DA:467,0
DA:468,0
DA:469,0
DA:476,2
DA:478,2
DA:486,2
DA:487,2
DA:488,2
DA:489,2
DA:492,2
DA:493,0
DA:495,2
DA:496,2
DA:499,2
DA:503,0
DA:507,0
DA:508,0
DA:515,0
DA:516,0
DA:517,0
DA:518,0
DA:519,0
DA:520,0
DA:521,0
DA:522,0
DA:525,2
DA:528,10
DA:529,4
DA:531,2
DA:532,0
DA:533,0
DA:536,2
DA:537,0
DA:538,0
DA:542,2
DA:543,2
DA:544,2
DA:546,2
DA:547,2
DA:548,2
DA:549,2
DA:553,10
DA:555,2
DA:556,2
DA:557,2
DA:558,2
DA:561,0
DA:562,0
DA:563,0
DA:564,0
DA:566,0
DA:567,0
DA:571,2
DA:574,10
DA:575,10
DA:576,10
DA:582,10
DA:584,6
DA:592,10
DA:593,6
DA:594,0
DA:598,6
DA:599,6
DA:600,6
DA:602,10
DA:604,10
DA:606,10
DA:609,10
DA:610,4
DA:612,4
DA:615,4
DA:616,4
DA:617,4
DA:622,4
DA:629,4
DA:630,4
DA:631,4
DA:632,4
DA:634,4
DA:637,0
DA:638,0
DA:640,4
DA:644,10
DA:645,2
DA:649,10
DA:650,36
DA:654,10
DA:656,12
DA:657,12
DA:658,12
DA:659,0
DA:660,0
DA:661,0
DA:663,0
DA:664,0
DA:667,0
DA:668,0
DA:676,10
DA:677,6
DA:678,0
DA:680,6
DA:683,10
DA:684,6
DA:685,0
DA:687,6
DA:691,10
DA:693,10
DA:696,6
DA:697,4
DA:699,6
DA:701,6
DA:702,0
DA:703,0
DA:704,0
DA:708,6
DA:710,6
DA:712,6
DA:715,6
DA:720,6
DA:721,6
DA:722,6
DA:723,6
DA:724,6
DA:726,6
DA:727,0
DA:728,0
DA:731,6
DA:733,36
DA:734,36
DA:737,36
DA:740,36
DA:741,36
DA:744,36
DA:746,36
DA:747,36
DA:748,36
DA:750,36
DA:751,36
DA:752,36
DA:753,36
DA:756,36
DA:757,0
DA:758,0
DA:761,36
DA:770,6
DA:771,6
DA:772,6
DA:773,6
DA:774,6
DA:778,6
DA:797,10
DA:798,0
DA:799,0
DA:803,10
DA:804,6
DA:805,36
DA:809,10
DA:810,6
DA:814,10
DA:815,6
DA:820,10
DA:822,10
DA:823,6
DA:824,4
DA:826,4
DA:827,4
DA:831,10
DA:833,6
DA:834,4
DA:839,10
DA:841,6
DA:842,4
DA:847,10
DA:848,6
DA:851,10
DA:852,6
DA:856,10
DA:858,0
DA:859,0
DA:860,0
DA:861,0
DA:862,0
DA:864,0
DA:865,0
DA:866,0
DA:870,0
DA:872,0
DA:873,0
DA:880,0
DA:881,0
DA:883,0
DA:885,0
DA:886,0
DA:887,0
DA:897,10
DA:898,0
DA:900,0
DA:902,0
DA:903,0
DA:905,0
DA:906,0
DA:907,0
DA:908,0
DA:911,0
DA:919,0
DA:920,0
DA:926,10
DA:928,0
DA:929,0
DA:934,10
DA:936,0
DA:937,0
DA:938,0
DA:943,10
DA:944,0
DA:945,0
DA:946,0
DA:947,0
DA:951,0
DA:954,0
DA:955,0
DA:958,0
DA:959,0
DA:961,0
DA:962,0
DA:963,0
DA:969,0
DA:970,0
DA:971,0
DA:973,0
DA:978,0
DA:983,0
DA:987,0
DA:991,0
DA:993,0
DA:994,0
DA:995,0
DA:996,0
DA:998,0
DA:1004,0
DA:1008,10
DA:1009,0
DA:1017,0
DA:1018,0
DA:1022,0
DA:1025,0
DA:1026,0
DA:1027,0
DA:1030,0
DA:1031,0
DA:1040,0
DA:1041,0
DA:1042,0
DA:1043,0
DA:1044,0
DA:1045,0
DA:1046,0
DA:1047,0
DA:1048,0
DA:1050,0
DA:1058,10
DA:1059,0
DA:1060,0
DA:1061,0
DA:1063,0
DA:1064,0
DA:1065,0
DA:1068,0
DA:1070,0
DA:1071,0
DA:1076,0
DA:1081,10
DA:1082,1
DA:1083,1
DA:1084,1
DA:1085,1
DA:1088,0
DA:1092,10
DA:1093,1
DA:1094,1
DA:1095,1
DA:1096,1
DA:1099,0
DA:1108,10
DA:1109,4
DA:1114,6
DA:1115,6
DA:1122,6
DA:1124,6
DA:1127,6
DA:1128,6
DA:1137,6
DA:1146,0
DA:1150,0
DA:1154,0
DA:1156,0
DA:1169,0
DA:1189,0
DA:1243,0
DA:1253,0
DA:1261,0
DA:1271,0
DA:1288,0
DA:1309,0
DA:1376,0
DA:1394,0
DA:1399,0
DA:1401,0
DA:1419,0
DA:1424,0
DA:1441,0
DA:1447,0
DA:1468,0
DA:1486,0
DA:1501,0
DA:1510,0
DA:1536,0
DA:1627,0
DA:1658,0
DA:1671,0
DA:1686,0
DA:1726,0
DA:1731,108
DA:1737,0
DA:1745,0
DA:1806,0
DA:1837,0
DA:1856,0
DA:1892,0
DA:1893,0
DA:1905,36
DA:1906,36
DA:1907,36
DA:1908,0
DA:1911,36
DA:1914,36
DA:1917,36
DA:1920,36
DA:1927,0
DA:1948,0
DA:1949,0
DA:1952,0
DA:1956,0
DA:1957,0
DA:1994,0
DA:1995,0
DA:2007,3
DA:2012,0
DA:2013,0
DA:2015,0
DA:2016,0
DA:2041,1
DA:2042,1
DA:2063,3
DA:2068,0
DA:2069,0
DA:2071,0
DA:2072,0
DA:2098,1
DA:2099,1
LF:581
LH:341
BRDA:93,0,0,0
BRDA:93,0,1,16
BRDA:98,1,0,0
BRDA:98,1,1,15
BRDA:98,2,0,15
BRDA:98,2,1,15
BRDA:104,3,0,10
BRDA:104,3,1,0
BRDA:104,3,2,0
BRDA:104,3,3,0
BRDA:106,4,0,10
BRDA:106,4,1,0
BRDA:111,5,0,0
BRDA:111,5,1,6
BRDA:111,6,0,6
BRDA:111,6,1,6
BRDA:115,7,0,42
BRDA:115,7,1,0
BRDA:118,8,0,42
BRDA:118,8,1,0
BRDA:118,9,0,42
BRDA:118,9,1,42
BRDA:125,10,0,0
BRDA:125,10,1,42
BRDA:125,11,0,42
BRDA:125,11,1,0
BRDA:136,12,0,2
BRDA:136,12,1,0
BRDA:137,13,0,2
BRDA:137,13,1,0
BRDA:138,14,0,2
BRDA:138,14,1,0
BRDA:139,15,0,2
BRDA:139,15,1,0
BRDA:140,16,0,2
BRDA:140,16,1,0
BRDA:141,17,0,2
BRDA:141,17,1,0
BRDA:142,18,0,2
BRDA:142,18,1,0
BRDA:146,19,0,14
BRDA:146,19,1,0
BRDA:149,20,0,0
BRDA:149,20,1,2
BRDA:152,21,0,0
BRDA:152,21,1,0
BRDA:156,22,0,0
BRDA:156,22,1,0
BRDA:164,23,0,2
BRDA:164,23,1,0
BRDA:164,24,0,2
BRDA:164,24,1,2
BRDA:165,25,0,2
BRDA:165,25,1,2
BRDA:168,26,0,2
BRDA:168,26,1,2
BRDA:168,26,2,2
BRDA:169,27,0,2
BRDA:169,27,1,2
BRDA:169,27,2,2
BRDA:170,28,0,2
BRDA:170,28,1,2
BRDA:170,28,2,2
BRDA:171,29,0,2
BRDA:171,29,1,2
BRDA:171,29,2,2
BRDA:172,30,0,2
BRDA:172,30,1,2
BRDA:172,30,2,2
BRDA:173,31,0,2
BRDA:173,31,1,2
BRDA:173,31,2,2
BRDA:174,32,0,2
BRDA:174,32,1,2
BRDA:174,32,2,2
BRDA:183,33,0,2
BRDA:183,33,1,2
BRDA:188,34,0,0
BRDA:188,34,1,0
BRDA:191,35,0,0
BRDA:191,35,1,0
BRDA:195,36,0,6
BRDA:195,36,1,0
BRDA:199,37,0,4
BRDA:199,37,1,4
BRDA:206,38,0,0
BRDA:206,38,1,4
BRDA:206,39,0,4
BRDA:206,39,1,0
BRDA:239,40,0,6
BRDA:239,40,1,36
BRDA:239,41,0,42
BRDA:239,41,1,36
BRDA:241,42,0,36
BRDA:241,42,1,0
BRDA:242,43,0,42
BRDA:242,43,1,40
BRDA:245,44,0,4
BRDA:245,44,1,4
BRDA:250,45,0,6
BRDA:250,45,1,0
BRDA:251,46,0,6
BRDA:251,46,1,0
BRDA:252,47,0,6
BRDA:252,47,1,0
BRDA:257,48,0,6
BRDA:257,48,1,0
BRDA:260,49,0,6
BRDA:260,49,1,6
BRDA:269,50,0,0
BRDA:269,50,1,0
BRDA:275,51,0,42
BRDA:275,51,1,0
BRDA:280,52,0,6
BRDA:280,52,1,0
BRDA:282,53,0,0
BRDA:282,53,1,6
BRDA:286,54,0,42
BRDA:286,54,1,0
BRDA:287,55,0,0
BRDA:287,55,1,42
BRDA:288,56,0,42
BRDA:288,56,1,38
BRDA:289,57,0,42
BRDA:289,57,1,0
BRDA:291,58,0,6
BRDA:291,58,1,36
BRDA:294,59,0,0
BRDA:294,59,1,42
BRDA:296,60,0,0
BRDA:296,60,1,0
BRDA:313,61,0,12
BRDA:313,61,1,0
BRDA:316,62,0,0
BRDA:316,62,1,0
BRDA:316,63,0,0
BRDA:316,63,1,0
BRDA:317,64,0,0
BRDA:317,64,1,0
BRDA:319,65,0,0
BRDA:319,65,1,0
BRDA:320,66,0,0
BRDA:320,66,1,0
BRDA:320,67,0,0
BRDA:320,67,1,0
BRDA:325,68,0,10
BRDA:325,68,1,0
BRDA:383,69,0,10
BRDA:383,69,1,0
BRDA:386,70,0,4
BRDA:386,70,1,0
BRDA:388,71,0,4
BRDA:388,71,1,4
BRDA:398,72,0,0
BRDA:398,72,1,0
BRDA:405,73,0,20
BRDA:405,73,1,0
BRDA:407,74,0,0
BRDA:407,74,1,0
BRDA:409,75,0,0
BRDA:409,75,1,0
BRDA:417,76,0,2
BRDA:418,77,0,2
BRDA:422,78,0,2
BRDA:422,78,1,2
BRDA:424,79,0,2
BRDA:424,79,1,2
BRDA:425,80,0,2
BRDA:425,80,1,2
BRDA:426,81,0,2
BRDA:426,81,1,2
BRDA:433,82,0,0
BRDA:433,82,1,0
BRDA:453,83,0,2
BRDA:453,83,1,0
BRDA:456,84,0,2
BRDA:456,84,1,2
BRDA:462,85,0,0
BRDA:462,85,1,2
BRDA:467,86,0,0
BRDA:467,86,1,0
BRDA:468,87,0,0
BRDA:468,87,1,0
BRDA:486,88,0,2
BRDA:486,88,1,0
BRDA:487,89,0,2
BRDA:487,89,1,0
BRDA:492,90,0,0
BRDA:492,90,1,2
BRDA:500,91,0,0
BRDA:500,91,1,2
BRDA:529,92,0,2
BRDA:529,92,1,2
BRDA:532,93,0,0
BRDA:532,93,1,0
BRDA:537,94,0,0
BRDA:537,94,1,0
BRDA:555,95,0,2
BRDA:555,95,1,0
BRDA:564,96,0,0
BRDA:564,96,1,0
BRDA:593,97,0,6
BRDA:593,97,1,0
BRDA:594,98,0,0
BRDA:594,98,1,0
BRDA:598,99,0,6
BRDA:598,99,1,0
BRDA:599,100,0,6
BRDA:599,100,1,0
BRDA:606,101,0,10
BRDA:606,101,1,6
BRDA:606,101,2,6
BRDA:610,102,0,4
BRDA:610,102,1,0
BRDA:617,103,0,0
BRDA:617,103,1,4
BRDA:619,104,0,4
BRDA:619,104,1,0
BRDA:624,105,0,4
BRDA:624,105,1,0
BRDA:625,106,0,4
BRDA:625,106,1,0
BRDA:627,107,0,4
BRDA:627,107,1,0
BRDA:632,108,0,4
BRDA:632,108,1,0
BRDA:657,109,0,12
BRDA:657,109,1,0
BRDA:662,110,0,0
BRDA:662,110,1,0
BRDA:662,111,0,0
BRDA:662,111,1,0
BRDA:663,112,0,0
BRDA:663,112,1,0
BRDA:677,113,0,0
BRDA:677,113,1,6
BRDA:684,114,0,0
BRDA:684,114,1,6
BRDA:697,115,0,4
BRDA:697,115,1,0
BRDA:703,116,0,0
BRDA:703,116,1,0
BRDA:712,117,0,6
BRDA:712,117,1,0
BRDA:713,118,0,6
BRDA:713,118,1,0
BRDA:714,119,0,6
BRDA:714,119,1,0
BRDA:717,120,0,6
BRDA:717,120,1,0
BRDA:722,121,0,6
BRDA:722,121,1,0
BRDA:722,122,0,6
BRDA:722,122,1,6
BRDA:726,123,0,0
BRDA:726,123,1,6
BRDA:733,124,0,36
BRDA:733,124,1,0
BRDA:735,125,0,36
BRDA:735,125,1,0
BRDA:737,126,0,36
BRDA:737,126,1,0
BRDA:740,127,0,36
BRDA:740,127,1,0
BRDA:742,128,0,36
BRDA:742,128,1,0
BRDA:746,129,0,0
BRDA:746,129,1,36
BRDA:746,130,0,36
BRDA:746,130,1,36
BRDA:750,131,0,36
BRDA:750,131,1,0
BRDA:750,132,0,36
BRDA:750,132,1,36
BRDA:752,133,0,36
BRDA:752,133,1,0
BRDA:756,134,0,0
BRDA:756,134,1,36
BRDA:756,135,0,36
BRDA:756,135,1,36
BRDA:766,136,0,36
BRDA:766,136,1,36
BRDA:766,136,2,0
BRDA:770,137,0,6
BRDA:770,137,1,0
BRDA:771,138,0,6
BRDA:771,138,1,0
BRDA:771,139,0,6
BRDA:771,139,1,6
BRDA:773,140,0,6
BRDA:773,140,1,0
BRDA:786,141,0,6
BRDA:786,141,1,6
BRDA:786,141,2,6
BRDA:820,142,0,10
BRDA:820,142,1,6
BRDA:820,142,2,6
BRDA:823,143,0,2
BRDA:823,143,1,4
BRDA:826,144,0,4
BRDA:826,144,1,0
BRDA:827,145,0,4
BRDA:827,145,1,0
BRDA:858,146,0,0
BRDA:858,146,1,0
BRDA:859,147,0,0
BRDA:859,147,1,0
BRDA:864,148,0,0
BRDA:864,148,1,0
BRDA:865,149,0,0
BRDA:865,149,1,0
BRDA:873,150,0,0
BRDA:873,150,1,0
BRDA:883,151,0,0
BRDA:883,151,1,0
BRDA:885,152,0,0
BRDA:885,152,1,0
BRDA:887,153,0,0
BRDA:887,153,1,0
BRDA:887,154,0,0
BRDA:887,154,1,0
BRDA:898,155,0,0
BRDA:898,155,1,0
BRDA:903,156,0,0
BRDA:903,156,1,0
BRDA:907,157,0,0
BRDA:907,157,1,0
BRDA:913,158,0,0
BRDA:913,158,1,0
BRDA:913,159,0,0
BRDA:913,159,1,0
BRDA:928,160,0,0
BRDA:928,160,1,0
BRDA:928,161,0,0
BRDA:928,161,1,0
BRDA:929,162,0,0
BRDA:929,162,1,0
BRDA:936,163,0,0
BRDA:936,163,1,0
BRDA:944,164,0,0
BRDA:944,164,1,0
BRDA:945,165,0,0
BRDA:945,165,1,0
BRDA:962,166,0,0
BRDA:962,166,1,0
BRDA:995,167,0,0
BRDA:995,167,1,0
BRDA:995,168,0,0
BRDA:995,168,1,0
BRDA:999,169,0,0
BRDA:999,169,1,0
BRDA:1017,170,0,0
BRDA:1017,170,1,0
BRDA:1025,171,0,0
BRDA:1025,171,1,0
BRDA:1025,172,0,0
BRDA:1025,172,1,0
BRDA:1025,172,2,0
BRDA:1035,173,0,0
BRDA:1035,173,1,0
BRDA:1036,174,0,0
BRDA:1036,174,1,0
BRDA:1052,175,0,0
BRDA:1052,175,1,0
BRDA:1108,176,0,4
BRDA:1108,176,1,6
BRDA:1114,177,0,0
BRDA:1114,177,1,6
BRDA:1127,178,0,0
BRDA:1127,178,1,6
BRDA:1158,179,0,6
BRDA:1158,179,1,0
BRDA:1163,180,0,0
BRDA:1163,180,1,0
BRDA:1164,181,0,0
BRDA:1164,181,1,0
BRDA:1165,182,0,0
BRDA:1165,182,1,0
BRDA:1166,183,0,0
BRDA:1166,183,1,0
BRDA:1181,184,0,0
BRDA:1181,184,1,0
BRDA:1183,185,0,0
BRDA:1183,185,1,0
BRDA:1205,186,0,0
BRDA:1205,186,1,0
BRDA:1209,187,0,0
BRDA:1209,187,1,0
BRDA:1216,188,0,0
BRDA:1216,188,1,0
BRDA:1220,189,0,0
BRDA:1220,189,1,0
BRDA:1227,190,0,0
BRDA:1227,190,1,0
BRDA:1243,191,0,0
BRDA:1243,191,1,0
BRDA:1251,192,0,10
BRDA:1251,192,1,0
BRDA:1261,193,0,0
BRDA:1261,193,1,0
BRDA:1271,194,0,0
BRDA:1271,194,1,0
BRDA:1279,195,0,0
BRDA:1279,195,1,6
BRDA:1307,196,0,10
BRDA:1307,196,1,6
BRDA:1331,197,0,0
BRDA:1331,197,1,6
BRDA:1331,198,0,10
BRDA:1331,198,1,6
BRDA:1331,198,2,0
BRDA:1341,199,0,10
BRDA:1341,199,1,0
BRDA:1346,200,0,10
BRDA:1346,200,1,0
BRDA:1352,201,0,10
BRDA:1352,201,1,0
BRDA:1352,201,2,0
BRDA:1357,202,0,10
BRDA:1357,202,1,0
BRDA:1357,202,2,0
BRDA:1362,203,0,10
BRDA:1362,203,1,0
BRDA:1370,204,0,10
BRDA:1370,204,1,0
BRDA:1370,204,2,0
BRDA:1402,205,0,0
BRDA:1402,205,1,0
BRDA:1403,206,0,0
BRDA:1403,206,1,0
BRDA:1526,207,0,10
BRDA:1526,207,1,0
BRDA:1543,208,0,0
BRDA:1543,208,1,0
BRDA:1547,209,0,0
BRDA:1547,209,1,0
BRDA:1551,210,0,0
BRDA:1551,210,1,0
BRDA:1551,210,2,0
BRDA:1554,211,0,0
BRDA:1554,211,1,0
BRDA:1554,211,2,0
BRDA:1557,212,0,0
BRDA:1557,212,1,0
BRDA:1557,212,2,0
BRDA:1559,213,0,0
BRDA:1559,213,1,0
BRDA:1560,214,0,0
BRDA:1560,214,1,0
BRDA:1578,215,0,0
BRDA:1578,215,1,0
BRDA:1588,216,0,0
BRDA:1588,216,1,0
BRDA:1597,217,0,0
BRDA:1597,217,1,0
BRDA:1609,218,0,0
BRDA:1609,218,1,0
BRDA:1609,219,0,0
BRDA:1609,219,1,0
BRDA:1630,220,0,0
BRDA:1630,220,1,0
BRDA:1650,221,0,10
BRDA:1650,221,1,0
BRDA:1650,221,2,0
BRDA:1682,222,0,10
BRDA:1682,222,1,4
BRDA:1692,223,0,0
BRDA:1692,223,1,6
BRDA:1700,224,0,0
BRDA:1700,224,1,6
BRDA:1739,225,0,0
BRDA:1739,225,1,6
BRDA:1747,226,0,6
BRDA:1747,226,1,0
BRDA:1753,227,0,10
BRDA:1753,227,1,6
BRDA:1758,228,0,6
BRDA:1758,228,1,6
BRDA:1758,228,2,6
BRDA:1763,229,0,6
BRDA:1763,229,1,0
BRDA:1763,230,0,6
BRDA:1763,230,1,6
BRDA:1763,230,2,6
BRDA:1770,231,0,0
BRDA:1770,231,1,6
BRDA:1773,232,0,10
BRDA:1773,232,1,6
BRDA:1773,232,2,0
BRDA:1777,233,0,0
BRDA:1777,233,1,0
BRDA:1782,234,0,0
BRDA:1782,234,1,0
BRDA:1792,235,0,10
BRDA:1792,235,1,0
BRDA:1819,236,0,0
BRDA:1819,236,1,0
BRDA:1869,237,0,0
BRDA:1869,237,1,0
BRDA:1878,238,0,10
BRDA:1878,238,1,0
BRDA:1888,239,0,10
BRDA:1888,239,1,6
BRDA:1911,240,0,36
BRDA:1911,240,1,0
BRDA:1911,240,2,0
BRDA:1911,241,0,36
BRDA:1911,241,1,36
BRDA:1911,242,0,36
BRDA:1911,242,1,0
BRDA:1914,243,0,36
BRDA:1914,243,1,0
BRDA:1917,244,0,36
BRDA:1917,244,1,0
BRDA:1931,245,0,36
BRDA:1931,245,1,0
BRDA:1936,246,0,36
BRDA:1936,246,1,0
BRDA:1945,247,0,36
BRDA:1945,247,1,36
BRDA:1955,248,0,0
BRDA:1955,248,1,0
BRDA:1959,249,0,0
BRDA:1959,249,1,0
BRDA:1977,250,0,0
BRDA:1977,250,1,0
BRDA:2011,251,0,3
BRDA:2011,251,1,3
BRDA:2015,252,0,0
BRDA:2015,252,1,0
BRDA:2015,253,0,0
BRDA:2015,253,1,0
BRDA:2019,254,0,0
BRDA:2019,254,1,3
BRDA:2037,255,0,3
BRDA:2037,255,1,3
BRDA:2037,255,2,3
BRDA:2050,256,0,3
BRDA:2050,256,1,0
BRDA:2057,257,0,6
BRDA:2057,257,1,3
BRDA:2067,258,0,3
BRDA:2067,258,1,3
BRDA:2071,259,0,0
BRDA:2071,259,1,0
BRDA:2071,260,0,0
BRDA:2071,260,1,0
BRDA:2075,261,0,0
BRDA:2075,261,1,3
BRDA:2094,262,0,3
BRDA:2094,262,1,3
BRDA:2094,262,2,3
BRDA:2107,263,0,3
BRDA:2107,263,1,0
BRF:554
BRH:236
end_of_record
TN:
SF:src\utils\constants.js
FNF:0
FNH:0
DA:4,1
DA:5,1
DA:8,1
DA:9,1
DA:12,1
DA:24,1
DA:25,1
LF:7
LH:7
BRF:0
BRH:0
end_of_record
TN:
SF:src\utils\draftHelpers.js
FN:5,(anonymous_0)
FN:8,(anonymous_1)
FN:15,(anonymous_2)
FN:17,(anonymous_3)
FNF:4
FNH:1
FNDA:0,(anonymous_0)
FNDA:8,(anonymous_1)
FNDA:0,(anonymous_2)
FNDA:0,(anonymous_3)
DA:5,1
DA:8,1
DA:15,8
DA:16,8
DA:17,0
DA:20,8
DA:21,8
DA:22,8
DA:25,8
DA:27,8
LF:10
LH:9
BRDA:5,0,0,0
BRDA:5,0,1,0
BRDA:11,1,0,8
BRDA:12,2,0,8
BRDA:13,3,0,8
BRDA:17,4,0,0
BRDA:17,4,1,0
BRDA:20,5,0,8
BRDA:20,5,1,8
BRDA:25,6,0,8
BRDA:25,6,1,0
BRF:11
BRH:6
end_of_record
TN:
SF:src\utils\index.js
FNF:0
FNH:0
LF:0
LH:0
BRF:0
BRH:0
end_of_record
TN:
SF:src\utils\scoringRules.js
FNF:0
FNH:0
DA:1,1
LF:1
LH:1
BRF:0
BRH:0
end_of_record
TN:
SF:src\utils\uiHelpers.js
FN:4,(anonymous_0)
FN:55,(anonymous_1)
FN:59,(anonymous_2)
FN:69,(anonymous_3)
FN:75,(anonymous_4)
FNF:5
FNH:0
FNDA:0,(anonymous_0)
FNDA:0,(anonymous_1)
FNDA:0,(anonymous_2)
FNDA:0,(anonymous_3)
FNDA:0,(anonymous_4)
DA:4,1
DA:5,0
DA:6,0
DA:14,0
DA:18,1
DA:28,1
DA:36,1
DA:43,1
DA:55,1
DA:56,0
DA:59,1
DA:60,0
DA:61,0
DA:62,0
DA:63,0
DA:65,0
DA:69,1
DA:70,0
DA:71,0
DA:72,0
DA:75,1
LF:21
LH:9
BRDA:5,0,0,0
BRDA:5,0,1,0
BRDA:14,1,0,0
BRDA:14,1,1,0
BRDA:56,2,0,0
BRDA:56,2,1,0
BRDA:60,3,0,0
BRDA:60,3,1,0
BRDA:62,4,0,0
BRDA:62,4,1,0
BRDA:70,5,0,0
BRDA:70,5,1,0
BRF:12
BRH:0
end_of_record
TN:
SF:src\utils\uiStandards.js
FNF:0
FNH:0
DA:2,1
DA:5,1
DA:8,1
DA:11,1
DA:13,1
DA:16,1
DA:18,1
DA:21,1
DA:23,1
DA:27,1
DA:30,1
DA:33,1
DA:35,1
DA:37,1
DA:40,1
DA:42,1
DA:45,1
DA:47,1
DA:49,1
DA:51,1
DA:53,1
DA:55,1
DA:58,1
DA:60,1
DA:62,1
DA:64,1
DA:66,1
DA:70,1
DA:73,1
DA:75,1
DA:77,1
DA:79,1
DA:83,1
DA:86,1
DA:89,1
DA:92,1
DA:95,1
DA:98,1
DA:101,1
LF:39
LH:39
BRF:0
BRH:0
end_of_record
